./merged/EQ_AddEQ_Add/back          CC2-Hybrid: equiv    ,0.1154   (Solve) ,,0.022  	CC2-Concurrent: equiv    ,0.1154   (Solve) ,,0.023  	KleeCLEVER: equiv    ,0.1130  
./merged/EQ_AddEQ_Add/forward       CC2-Hybrid: equiv    ,0.1153   (Solve) ,,0.023  	CC2-Concurrent: equiv    ,0.1138   (Solve) ,,0.022  	KleeCLEVER: equiv    ,0.0790  
./merged/EQ_AddEQ_Const/back        CC2-Hybrid: equiv    ,0.1165   (Solve) ,,0.023  	CC2-Concurrent: equiv    ,0.1198   (Solve) ,,0.024  	KleeCLEVER: equiv    ,0.0924  
./merged/EQ_AddEQ_Const/forward     CC2-Hybrid: equiv    ,0.1150   (Solve) ,,0.023  	CC2-Concurrent: equiv    ,0.1186   (Solve) ,,0.021  	KleeCLEVER: equiv    ,0.0844  
./merged/EQ_AddEQ_LoopMult10/back   CC2-Hybrid: equiv    ,0.3268   (Solve) ,,0.197  	CC2-Concurrent: equiv    ,0.3341   (Solve) ,,0.197  	KleeCLEVER: equiv    ,0.2449  
./merged/EQ_AddEQ_LoopMult10/forward CC2-Hybrid: equiv    ,0.1689   (Solve) ,,0.047  	CC2-Concurrent: equiv    ,0.1696   (Solve) ,,0.047  	KleeCLEVER: equiv    ,0.1385  
./merged/EQ_AddEQ_LoopMult15/back   CC2-Hybrid: equiv    ,0.3264   (Solve) ,,0.193  	CC2-Concurrent: equiv    ,0.3359   (Solve) ,,0.193  	KleeCLEVER: equiv    ,0.2644  
./merged/EQ_AddEQ_LoopMult15/forward CC2-Hybrid: equiv    ,0.1695   (Solve) ,,0.043  	CC2-Concurrent: equiv    ,0.1706   (Solve) ,,0.047  	KleeCLEVER: equiv    ,0.1334  
./merged/EQ_AddEQ_LoopMult2/back    CC2-Hybrid: equiv    ,0.3137   (Solve) ,,0.211  	CC2-Concurrent: equiv    ,0.3032   (Solve) ,,0.198  	KleeCLEVER: equiv    ,0.1399  
./merged/EQ_AddEQ_LoopMult2/forward CC2-Hybrid: equiv    ,0.1165   (Solve) ,,0.023  	CC2-Concurrent: equiv    ,0.1190   (Solve) ,,0.023  	KleeCLEVER: equiv    ,0.0947  
./merged/EQ_AddEQ_LoopMult20/back   CC2-Hybrid: equiv    ,0.3372   (Solve) ,,0.204  	CC2-Concurrent: equiv    ,0.3153   (Solve) ,,0.182  	KleeCLEVER: equiv    ,0.3199  
./merged/EQ_AddEQ_LoopMult20/forward CC2-Hybrid: equiv    ,0.1692   (Solve) ,,0.046  	CC2-Concurrent: equiv    ,0.1653   (Solve) ,,0.043  	KleeCLEVER: equiv    ,0.1377  
./merged/EQ_AddEQ_LoopMult5/back    CC2-Hybrid: equiv    ,0.3280   (Solve) ,,0.197  	CC2-Concurrent: equiv    ,0.3223   (Solve) ,,0.190  	KleeCLEVER: equiv    ,0.2210  
./merged/EQ_AddEQ_LoopMult5/forward CC2-Hybrid: equiv    ,0.1673   (Solve) ,,0.046  	CC2-Concurrent: equiv    ,0.1711   (Solve) ,,0.050  	KleeCLEVER: equiv    ,0.1325  
./merged/EQ_AddEQ_LoopUnreach10/back CC2-Hybrid: equiv    ,0.2039   (Solve) ,,0.066  	CC2-Concurrent: equiv    ,0.1943   (Solve) ,,0.061  	KleeCLEVER: equiv    ,0.1259  
./merged/EQ_AddEQ_LoopUnreach10/forward CC2-Hybrid: equiv    ,0.1723   (Solve) ,,0.044  	CC2-Concurrent: equiv    ,0.1760   (Solve) ,,0.048  	KleeCLEVER: equiv    ,0.1198  
./merged/EQ_AddEQ_LoopUnreach15/back CC2-Hybrid: equiv    ,0.2022   (Solve) ,,0.068  	CC2-Concurrent: equiv    ,0.2026   (Solve) ,,0.067  	KleeCLEVER: equiv    ,0.1461  
./merged/EQ_AddEQ_LoopUnreach15/forward CC2-Hybrid: equiv    ,0.1720   (Solve) ,,0.045  	CC2-Concurrent: equiv    ,0.1667   (Solve) ,,0.044  	KleeCLEVER: equiv    ,0.1131  
./merged/EQ_AddEQ_LoopUnreach2/back CC2-Hybrid: equiv    ,0.1252   (Solve) ,,0.022  	CC2-Concurrent: equiv    ,0.1293   (Solve) ,,0.025  	KleeCLEVER: equiv    ,0.0962  
./merged/EQ_AddEQ_LoopUnreach2/forward CC2-Hybrid: equiv    ,0.1176   (Solve) ,,0.023  	CC2-Concurrent: equiv    ,0.1177   (Solve) ,,0.025  	KleeCLEVER: equiv    ,0.0964  
./merged/EQ_AddEQ_LoopUnreach20/back CC2-Hybrid: equiv    ,0.2004   (Solve) ,,0.065  	CC2-Concurrent: equiv    ,0.2044   (Solve) ,,0.069  	KleeCLEVER: equiv    ,0.1223  
./merged/EQ_AddEQ_LoopUnreach20/forward CC2-Hybrid: equiv    ,0.1669   (Solve) ,,0.042  	CC2-Concurrent: equiv    ,0.1717   (Solve) ,,0.045  	KleeCLEVER: equiv    ,0.1138  
./merged/EQ_AddEQ_LoopUnreach5/back CC2-Hybrid: equiv    ,0.1982   (Solve) ,,0.065  	CC2-Concurrent: equiv    ,0.1969   (Solve) ,,0.060  	KleeCLEVER: equiv    ,0.1208  
./merged/EQ_AddEQ_LoopUnreach5/forward CC2-Hybrid: equiv    ,0.1701   (Solve) ,,0.047  	CC2-Concurrent: equiv    ,0.1709   (Solve) ,,0.048  	KleeCLEVER: equiv    ,0.1205  
./merged/EQ_AddEQ_UnchLoop/back     CC2-Hybrid: equiv    ,0.1299   (Solve) ,,0.028  	CC2-Concurrent: equiv    ,0.1311   (Solve) ,,0.028  	KleeCLEVER: equiv    ,0.0929  
./merged/EQ_AddEQ_UnchLoop/forward  CC2-Hybrid: equiv    ,0.1160   (Solve) ,,0.024  	CC2-Concurrent: equiv    ,0.1162   (Solve) ,,0.024  	KleeCLEVER: equiv    ,0.0923  
./merged/EQ_AddEQ_divide/back       CC2-Hybrid: unknown  ,0.0000   (Solve) ,,0.000  	CC2-Concurrent: unknown  ,0.0000   (Solve) ,,0.024  	KleeCLEVER: unknown  ,0.0000  
./merged/EQ_AddEQ_divide/forward    CC2-Hybrid: equiv    ,0.1764   (Solve) ,,0.046  	CC2-Concurrent: equiv    ,0.1790   (Solve) ,,0.044  	KleeCLEVER: equiv    ,0.1316  
./merged/EQ_AddEQ_getSign2/back     CC2-Hybrid: unknown  ,0.0000   (Solve) ,,0.000  	CC2-Concurrent: unknown  ,0.0000   (Solve) ,,0.044  	KleeCLEVER: unknown  ,0.0000  
./merged/EQ_AddEQ_getSign2/forward  CC2-Hybrid: equiv    ,0.1686   (Solve) ,,0.047  	CC2-Concurrent: equiv    ,0.1673   (Solve) ,,0.047  	KleeCLEVER: equiv    ,0.1283  
./merged/EQ_AddEQ_is_prime1/back    CC2-Hybrid: unknown  ,0.0000   (Solve) ,,0.000  	CC2-Concurrent: unknown  ,0.0000   (Solve) ,,0.047  	KleeCLEVER: unknown  ,0.0000  
./merged/EQ_AddEQ_is_prime1/forward CC2-Hybrid: equiv    ,0.1378   (Solve) ,,0.043  	CC2-Concurrent: equiv    ,0.1391   (Solve) ,,0.042  	KleeCLEVER: equiv    ,0.1125  
./merged/EQ_AddEQ_is_prime3/back    CC2-Hybrid: unknown  ,0.0000   (Solve) ,,0.000  	CC2-Concurrent: unknown  ,0.0000   (Solve) ,,0.042  	KleeCLEVER: unknown  ,0.0000  
./merged/EQ_AddEQ_is_prime3/forward CC2-Hybrid: equiv    ,0.2672   (Solve) ,,0.128  	CC2-Concurrent: equiv    ,0.2611   (Solve) ,,0.120  	KleeCLEVER: equiv    ,0.1044  
./merged/EQ_AddEQ_ltfive/back       CC2-Hybrid: unknown  ,0.0000   (Solve) ,,0.000  	CC2-Concurrent: unknown  ,0.0000   (Solve) ,,0.120  	KleeCLEVER: unknown  ,0.0000  
./merged/EQ_AddEQ_ltfive/forward    CC2-Hybrid: equiv    ,0.2335   (Solve) ,,0.048  	CC2-Concurrent: equiv    ,0.2355   (Solve) ,,0.046  	KleeCLEVER: equiv    ,0.1298  
./merged/EQ_AddEQ_ltfiveBound/back  CC2-Hybrid: unknown  ,0.0000   (Solve) ,,0.000  	CC2-Concurrent: unknown  ,0.0000   (Solve) ,,0.046  	KleeCLEVER: unknown  ,0.0000  
./merged/EQ_AddEQ_ltfiveBound/forward CC2-Hybrid: equiv    ,0.2775   (Solve) ,,0.050  	CC2-Concurrent: equiv    ,0.2750   (Solve) ,,0.047  	KleeCLEVER: equiv    ,0.1473  
./merged/EQ_AddEQ_multiple/back     CC2-Hybrid: unknown  ,0.0000   (Solve) ,,0.000  	CC2-Concurrent: unknown  ,0.0000   (Solve) ,,0.047  	KleeCLEVER: unknown  ,0.0000  
./merged/EQ_AddEQ_multiple/forward  CC2-Hybrid: equiv    ,0.1831   (Solve) ,,0.047  	CC2-Concurrent: equiv    ,0.1896   (Solve) ,,0.049  	KleeCLEVER: equiv    ,0.1378  
./merged/EQ_AddEQ_multipleBound/back CC2-Hybrid: unknown  ,0.0000   (Solve) ,,0.000  	CC2-Concurrent: unknown  ,0.0000   (Solve) ,,0.049  	KleeCLEVER: unknown  ,0.0000  
./merged/EQ_AddEQ_multipleBound/forward CC2-Hybrid: equiv    ,0.2099   (Solve) ,,0.046  	CC2-Concurrent: equiv    ,0.2161   (Solve) ,,0.049  	KleeCLEVER: equiv    ,0.1461  
./merged/EQ_AddEQ_odd/back          CC2-Hybrid: unknown  ,0.0000   (Solve) ,,0.000  	CC2-Concurrent: unknown  ,0.0000   (Solve) ,,0.049  	KleeCLEVER: unknown  ,0.0000  
./merged/EQ_AddEQ_odd/forward       CC2-Hybrid: equiv    ,0.1771   (Solve) ,,0.047  	CC2-Concurrent: equiv    ,0.1740   (Solve) ,,0.047  	KleeCLEVER: equiv    ,0.1314  
./merged/EQ_AddEQ_one/back          CC2-Hybrid: unknown  ,0.0000   (Solve) ,,0.000  	CC2-Concurrent: unknown  ,0.0000   (Solve) ,,0.047  	KleeCLEVER: unknown  ,0.0000  
./merged/EQ_AddEQ_one/forward       CC2-Hybrid: equiv    ,0.1928   (Solve) ,,0.048  	CC2-Concurrent: equiv    ,0.1794   (Solve) ,,0.035  	KleeCLEVER: equiv    ,0.1342  
./merged/EQ_AddEQ_oneBound/back     CC2-Hybrid: unknown  ,0.0000   (Solve) ,,0.000  	CC2-Concurrent: unknown  ,0.0000   (Solve) ,,0.035  	KleeCLEVER: unknown  ,0.0000  
./merged/EQ_AddEQ_oneBound/forward  CC2-Hybrid: equiv    ,0.2029   (Solve) ,,0.034  	CC2-Concurrent: equiv    ,0.2242   (Solve) ,,0.051  	KleeCLEVER: equiv    ,0.1504  
./merged/EQ_AddEQ_oneN2/back        CC2-Hybrid: unknown  ,0.0000   (Solve) ,,0.000  	CC2-Concurrent: unknown  ,0.0000   (Solve) ,,0.051  	KleeCLEVER: unknown  ,0.0000  
./merged/EQ_AddEQ_oneN2/forward     CC2-Hybrid: equiv    ,0.1893   (Solve) ,,0.048  	CC2-Concurrent: equiv    ,0.1884   (Solve) ,,0.046  	KleeCLEVER: equiv    ,0.1287  
./merged/EQ_AddEQ_pos/back          CC2-Hybrid: unknown  ,0.0000   (Solve) ,,0.000  	CC2-Concurrent: unknown  ,0.0000   (Solve) ,,0.046  	KleeCLEVER: unknown  ,0.0000  
./merged/EQ_AddEQ_pos/forward       CC2-Hybrid: equiv    ,0.1956   (Solve) ,,0.045  	CC2-Concurrent: equiv    ,0.1951   (Solve) ,,0.046  	KleeCLEVER: equiv    ,0.1393  
./merged/EQ_AddEQ_pos2/back         CC2-Hybrid: unknown  ,0.0000   (Solve) ,,0.000  	CC2-Concurrent: unknown  ,0.0000   (Solve) ,,0.046  	KleeCLEVER: unknown  ,0.0000  
./merged/EQ_AddEQ_pos2/forward      CC2-Hybrid: equiv    ,0.2002   (Solve) ,,0.049  	CC2-Concurrent: equiv    ,0.2034   (Solve) ,,0.050  	KleeCLEVER: equiv    ,0.1326  
./merged/EQ_AddEQ_pos3/back         CC2-Hybrid: unknown  ,0.0000   (Solve) ,,0.000  	CC2-Concurrent: unknown  ,0.0000   (Solve) ,,0.050  	KleeCLEVER: unknown  ,0.0000  
./merged/EQ_AddEQ_pos3/forward      CC2-Hybrid: equiv    ,0.1662   (Solve) ,,0.045  	CC2-Concurrent: equiv    ,0.1694   (Solve) ,,0.048  	KleeCLEVER: equiv    ,0.1314  
./merged/EQ_AddNEQ_LoopMult10/back  CC2-Hybrid: equiv    ,0.3312   (Solve) ,,0.198  	CC2-Concurrent: equiv    ,0.3552   (Solve) ,,0.222  	KleeCLEVER: not equiv ,0.1743  
Disagreement error: ./merged/EQ_AddNEQ_LoopMult10/back
./merged/EQ_AddNEQ_LoopMult10/forward CC2-Hybrid: equiv    ,0.1648   (Solve) ,,0.043  	CC2-Concurrent: equiv    ,0.1629   (Solve) ,,0.042  	KleeCLEVER: equiv    ,0.1137  
./merged/EQ_AddNEQ_LoopMult15/back  CC2-Hybrid: equiv    ,0.3384   (Solve) ,,0.205  	CC2-Concurrent: equiv    ,0.3246   (Solve) ,,0.194  	KleeCLEVER: not equiv ,0.1613  
Disagreement error: ./merged/EQ_AddNEQ_LoopMult15/back
./merged/EQ_AddNEQ_LoopMult15/forward CC2-Hybrid: equiv    ,0.1691   (Solve) ,,0.047  	CC2-Concurrent: equiv    ,0.1723   (Solve) ,,0.047  	KleeCLEVER: equiv    ,0.1199  
./merged/EQ_AddNEQ_LoopMult2/back   CC2-Hybrid: equiv    ,0.2860   (Solve) ,,0.185  	CC2-Concurrent: equiv    ,0.3092   (Solve) ,,0.206  	KleeCLEVER: not equiv ,0.1399  
Disagreement error: ./merged/EQ_AddNEQ_LoopMult2/back
./merged/EQ_AddNEQ_LoopMult2/forward CC2-Hybrid: equiv    ,0.1167   (Solve) ,,0.023  	CC2-Concurrent: equiv    ,0.1151   (Solve) ,,0.021  	KleeCLEVER: equiv    ,0.0978  
./merged/EQ_AddNEQ_LoopMult20/back  CC2-Hybrid: equiv    ,0.3401   (Solve) ,,0.201  	CC2-Concurrent: equiv    ,0.3563   (Solve) ,,0.219  	KleeCLEVER: not equiv ,0.1710  
Disagreement error: ./merged/EQ_AddNEQ_LoopMult20/back
./merged/EQ_AddNEQ_LoopMult20/forward CC2-Hybrid: equiv    ,0.1645   (Solve) ,,0.044  	CC2-Concurrent: equiv    ,0.1743   (Solve) ,,0.048  	KleeCLEVER: equiv    ,0.1134  
./merged/EQ_AddNEQ_LoopMult5/back   CC2-Hybrid: equiv    ,0.3296   (Solve) ,,0.199  	CC2-Concurrent: equiv    ,0.3485   (Solve) ,,0.218  	KleeCLEVER: not equiv ,0.1689  
Disagreement error: ./merged/EQ_AddNEQ_LoopMult5/back
./merged/EQ_AddNEQ_LoopMult5/forward CC2-Hybrid: equiv    ,0.1704   (Solve) ,,0.046  	CC2-Concurrent: equiv    ,0.1703   (Solve) ,,0.047  	KleeCLEVER: equiv    ,0.1153  
./merged/EQ_AddNEQ_LoopUnreach10/back CC2-Hybrid: not equiv ,0.4829   (Solve) ,,0.187  	CC2-Concurrent: not equiv ,0.4681   (Solve) ,,0.177  	KleeCLEVER: not equiv ,0.1244  
./merged/EQ_AddNEQ_LoopUnreach10/forward CC2-Hybrid: equiv    ,0.1682   (Solve) ,,0.045  	CC2-Concurrent: equiv    ,0.1687   (Solve) ,,0.046  	KleeCLEVER: equiv    ,0.1223  
./merged/EQ_AddNEQ_LoopUnreach15/back CC2-Hybrid: not equiv ,0.4835   (Solve) ,,0.190  	CC2-Concurrent: not equiv ,0.4912   (Solve) ,,0.194  	KleeCLEVER: not equiv ,0.1228  
./merged/EQ_AddNEQ_LoopUnreach15/forward CC2-Hybrid: equiv    ,0.1650   (Solve) ,,0.043  	CC2-Concurrent: equiv    ,0.1676   (Solve) ,,0.045  	KleeCLEVER: equiv    ,0.1115  
./merged/EQ_AddNEQ_LoopUnreach2/back CC2-Hybrid: not equiv ,0.3607   (Solve) ,,0.104  	CC2-Concurrent: not equiv ,0.3544   (Solve) ,,0.101  	KleeCLEVER: not equiv ,0.1075  
./merged/EQ_AddNEQ_LoopUnreach2/forward CC2-Hybrid: equiv    ,0.1184   (Solve) ,,0.023  	CC2-Concurrent: equiv    ,0.1149   (Solve) ,,0.023  	KleeCLEVER: equiv    ,0.0921  
./merged/EQ_AddNEQ_LoopUnreach20/back CC2-Hybrid: not equiv ,0.4758   (Solve) ,,0.188  	CC2-Concurrent: not equiv ,0.4760   (Solve) ,,0.186  	KleeCLEVER: not equiv ,0.1292  
./merged/EQ_AddNEQ_LoopUnreach20/forward CC2-Hybrid: equiv    ,0.1757   (Solve) ,,0.048  	CC2-Concurrent: equiv    ,0.1654   (Solve) ,,0.042  	KleeCLEVER: equiv    ,0.1151  
./merged/EQ_AddNEQ_LoopUnreach5/back CC2-Hybrid: not equiv ,0.4709   (Solve) ,,0.183  	CC2-Concurrent: not equiv ,0.4622   (Solve) ,,0.176  	KleeCLEVER: not equiv ,0.1293  
./merged/EQ_AddNEQ_LoopUnreach5/forward CC2-Hybrid: equiv    ,0.1707   (Solve) ,,0.047  	CC2-Concurrent: equiv    ,0.1695   (Solve) ,,0.046  	KleeCLEVER: equiv    ,0.1174  
./merged/EQ_AddNEQ_getSign/back     CC2-Hybrid: unknown  ,0.0000   (Solve) ,,0.000  	CC2-Concurrent: unknown  ,0.0000   (Solve) ,,0.046  	KleeCLEVER: unknown  ,0.0000  
./merged/EQ_AddNEQ_getSign/forward  CC2-Hybrid: equiv    ,0.1434   (Solve) ,,0.047  	CC2-Concurrent: equiv    ,0.1412   (Solve) ,,0.044  	KleeCLEVER: equiv    ,0.1190  
./merged/EQ_ConstEQ_Add/back        CC2-Hybrid: equiv    ,0.1146   (Solve) ,,0.023  	CC2-Concurrent: equiv    ,0.1133   (Solve) ,,0.022  	KleeCLEVER: equiv    ,0.0933  
./merged/EQ_ConstEQ_Add/forward     CC2-Hybrid: equiv    ,0.1174   (Solve) ,,0.023  	CC2-Concurrent: equiv    ,0.1196   (Solve) ,,0.024  	KleeCLEVER: equiv    ,0.0866  
./merged/EQ_ConstEQ_Const/back      CC2-Hybrid: equiv    ,0.1166   (Solve) ,,0.023  	CC2-Concurrent: equiv    ,0.1195   (Solve) ,,0.024  	KleeCLEVER: equiv    ,0.0839  
./merged/EQ_ConstEQ_Const/forward   CC2-Hybrid: equiv    ,0.1202   (Solve) ,,0.024  	CC2-Concurrent: equiv    ,0.1198   (Solve) ,,0.024  	KleeCLEVER: equiv    ,0.0874  
./merged/EQ_ConstEQ_LoopMult10/back CC2-Hybrid: equiv    ,0.3439   (Solve) ,,0.209  	CC2-Concurrent: equiv    ,0.3389   (Solve) ,,0.206  	KleeCLEVER: equiv    ,0.2533  
./merged/EQ_ConstEQ_LoopMult10/forward CC2-Hybrid: equiv    ,0.1714   (Solve) ,,0.045  	CC2-Concurrent: equiv    ,0.1752   (Solve) ,,0.048  	KleeCLEVER: equiv    ,0.1410  
./merged/EQ_ConstEQ_LoopMult15/back CC2-Hybrid: equiv    ,0.3353   (Solve) ,,0.202  	CC2-Concurrent: equiv    ,0.3453   (Solve) ,,0.209  	KleeCLEVER: equiv    ,0.2820  
./merged/EQ_ConstEQ_LoopMult15/forward CC2-Hybrid: equiv    ,0.1694   (Solve) ,,0.044  	CC2-Concurrent: equiv    ,0.1738   (Solve) ,,0.046  	KleeCLEVER: equiv    ,0.1406  
./merged/EQ_ConstEQ_LoopMult2/back  CC2-Hybrid: equiv    ,0.2983   (Solve) ,,0.196  	CC2-Concurrent: equiv    ,0.3020   (Solve) ,,0.200  	KleeCLEVER: equiv    ,0.1263  
./merged/EQ_ConstEQ_LoopMult2/forward CC2-Hybrid: equiv    ,0.1206   (Solve) ,,0.024  	CC2-Concurrent: equiv    ,0.1192   (Solve) ,,0.023  	KleeCLEVER: equiv    ,0.0956  
./merged/EQ_ConstEQ_LoopMult20/back CC2-Hybrid: equiv    ,0.3409   (Solve) ,,0.208  	CC2-Concurrent: equiv    ,0.3394   (Solve) ,,0.206  	KleeCLEVER: equiv    ,0.3199  
./merged/EQ_ConstEQ_LoopMult20/forward CC2-Hybrid: equiv    ,0.1717   (Solve) ,,0.046  	CC2-Concurrent: equiv    ,0.1721   (Solve) ,,0.048  	KleeCLEVER: equiv    ,0.1408  
./merged/EQ_ConstEQ_LoopMult5/back  CC2-Hybrid: equiv    ,0.3434   (Solve) ,,0.209  	CC2-Concurrent: equiv    ,0.3380   (Solve) ,,0.202  	KleeCLEVER: equiv    ,0.2157  
./merged/EQ_ConstEQ_LoopMult5/forward CC2-Hybrid: equiv    ,0.1706   (Solve) ,,0.046  	CC2-Concurrent: equiv    ,0.1696   (Solve) ,,0.043  	KleeCLEVER: equiv    ,0.1430  
./merged/EQ_ConstEQ_LoopUnreach10/back CC2-Hybrid: equiv    ,0.1990   (Solve) ,,0.062  	CC2-Concurrent: equiv    ,0.2012   (Solve) ,,0.067  	KleeCLEVER: equiv    ,0.1218  
./merged/EQ_ConstEQ_LoopUnreach10/forward CC2-Hybrid: equiv    ,0.1749   (Solve) ,,0.047  	CC2-Concurrent: equiv    ,0.1745   (Solve) ,,0.046  	KleeCLEVER: equiv    ,0.1140  
./merged/EQ_ConstEQ_LoopUnreach15/back CC2-Hybrid: equiv    ,0.2025   (Solve) ,,0.064  	CC2-Concurrent: equiv    ,0.2044   (Solve) ,,0.065  	KleeCLEVER: equiv    ,0.1440  
./merged/EQ_ConstEQ_LoopUnreach15/forward CC2-Hybrid: equiv    ,0.1734   (Solve) ,,0.048  	CC2-Concurrent: equiv    ,0.1695   (Solve) ,,0.045  	KleeCLEVER: equiv    ,0.1161  
./merged/EQ_ConstEQ_LoopUnreach2/back CC2-Hybrid: equiv    ,0.1289   (Solve) ,,0.023  	CC2-Concurrent: equiv    ,0.1275   (Solve) ,,0.024  	KleeCLEVER: equiv    ,0.0973  
./merged/EQ_ConstEQ_LoopUnreach2/forward CC2-Hybrid: equiv    ,0.1234   (Solve) ,,0.023  	CC2-Concurrent: equiv    ,0.1178   (Solve) ,,0.024  	KleeCLEVER: equiv    ,0.0941  
./merged/EQ_ConstEQ_LoopUnreach20/back CC2-Hybrid: equiv    ,0.2029   (Solve) ,,0.066  	CC2-Concurrent: equiv    ,0.2046   (Solve) ,,0.070  	KleeCLEVER: equiv    ,0.1284  
./merged/EQ_ConstEQ_LoopUnreach20/forward CC2-Hybrid: equiv    ,0.1696   (Solve) ,,0.043  	CC2-Concurrent: equiv    ,0.1715   (Solve) ,,0.047  	KleeCLEVER: equiv    ,0.1091  
./merged/EQ_ConstEQ_LoopUnreach5/back CC2-Hybrid: equiv    ,0.1953   (Solve) ,,0.063  	CC2-Concurrent: equiv    ,0.2012   (Solve) ,,0.064  	KleeCLEVER: equiv    ,0.1470  
./merged/EQ_ConstEQ_LoopUnreach5/forward CC2-Hybrid: equiv    ,0.1700   (Solve) ,,0.046  	CC2-Concurrent: equiv    ,0.1735   (Solve) ,,0.046  	KleeCLEVER: equiv    ,0.1136  
./merged/EQ_ConstEQ_UnchLoop/back   CC2-Hybrid: equiv    ,0.1294   (Solve) ,,0.027  	CC2-Concurrent: equiv    ,0.1353   (Solve) ,,0.028  	KleeCLEVER: equiv    ,0.0857  
./merged/EQ_ConstEQ_UnchLoop/forward CC2-Hybrid: equiv    ,0.1213   (Solve) ,,0.024  	CC2-Concurrent: equiv    ,0.1173   (Solve) ,,0.023  	KleeCLEVER: equiv    ,0.0838  
./merged/EQ_ConstEQ_divide/back     CC2-Hybrid: unknown  ,0.0000   (Solve) ,,0.000  	CC2-Concurrent: unknown  ,0.0000   (Solve) ,,0.023  	KleeCLEVER: unknown  ,0.0000  
./merged/EQ_ConstEQ_divide/forward  CC2-Hybrid: equiv    ,0.1836   (Solve) ,,0.048  	CC2-Concurrent: equiv    ,0.1801   (Solve) ,,0.049  	KleeCLEVER: equiv    ,0.1446  
./merged/EQ_ConstEQ_getSign2/back   CC2-Hybrid: unknown  ,0.0000   (Solve) ,,0.000  	CC2-Concurrent: unknown  ,0.0000   (Solve) ,,0.049  	KleeCLEVER: unknown  ,0.0000  
./merged/EQ_ConstEQ_getSign2/forward CC2-Hybrid: equiv    ,0.1694   (Solve) ,,0.047  	CC2-Concurrent: equiv    ,0.1664   (Solve) ,,0.047  	KleeCLEVER: equiv    ,0.1311  
./merged/EQ_ConstEQ_is_prime1/back  CC2-Hybrid: unknown  ,0.0000   (Solve) ,,0.000  	CC2-Concurrent: unknown  ,0.0000   (Solve) ,,0.047  	KleeCLEVER: unknown  ,0.0000  
./merged/EQ_ConstEQ_is_prime1/forward CC2-Hybrid: equiv    ,0.1398   (Solve) ,,0.043  	CC2-Concurrent: equiv    ,0.1368   (Solve) ,,0.040  	KleeCLEVER: equiv    ,0.1152  
./merged/EQ_ConstEQ_is_prime3/back  CC2-Hybrid: unknown  ,0.0000   (Solve) ,,0.000  	CC2-Concurrent: unknown  ,0.0000   (Solve) ,,0.040  	KleeCLEVER: unknown  ,0.0000  
./merged/EQ_ConstEQ_is_prime3/forward CC2-Hybrid: equiv    ,0.2525   (Solve) ,,0.111  	CC2-Concurrent: equiv    ,0.2695   (Solve) ,,0.128  	KleeCLEVER: equiv    ,0.1078  
./merged/EQ_ConstEQ_ltfive/back     CC2-Hybrid: unknown  ,0.0000   (Solve) ,,0.000  	CC2-Concurrent: unknown  ,0.0000   (Solve) ,,0.128  	KleeCLEVER: unknown  ,0.0000  
./merged/EQ_ConstEQ_ltfive/forward  CC2-Hybrid: equiv    ,0.2422   (Solve) ,,0.053  	CC2-Concurrent: equiv    ,0.2351   (Solve) ,,0.046  	KleeCLEVER: equiv    ,0.1338  
./merged/EQ_ConstEQ_ltfiveBound/back CC2-Hybrid: unknown  ,0.0000   (Solve) ,,0.000  	CC2-Concurrent: unknown  ,0.0000   (Solve) ,,0.046  	KleeCLEVER: unknown  ,0.0000  
./merged/EQ_ConstEQ_ltfiveBound/forward CC2-Hybrid: equiv    ,0.2784   (Solve) ,,0.052  	CC2-Concurrent: equiv    ,0.2833   (Solve) ,,0.051  	KleeCLEVER: equiv    ,0.1472  
./merged/EQ_ConstEQ_multiple/back   CC2-Hybrid: unknown  ,0.0000   (Solve) ,,0.000  	CC2-Concurrent: unknown  ,0.0000   (Solve) ,,0.051  	KleeCLEVER: unknown  ,0.0000  
./merged/EQ_ConstEQ_multiple/forward CC2-Hybrid: equiv    ,0.1872   (Solve) ,,0.047  	CC2-Concurrent: equiv    ,0.1829   (Solve) ,,0.045  	KleeCLEVER: equiv    ,0.1343  
./merged/EQ_ConstEQ_multipleBound/back CC2-Hybrid: unknown  ,0.0000   (Solve) ,,0.000  	CC2-Concurrent: unknown  ,0.0000   (Solve) ,,0.045  	KleeCLEVER: unknown  ,0.0000  
./merged/EQ_ConstEQ_multipleBound/forward CC2-Hybrid: equiv    ,0.2129   (Solve) ,,0.049  	CC2-Concurrent: equiv    ,0.2108   (Solve) ,,0.047  	KleeCLEVER: equiv    ,0.1470  
./merged/EQ_ConstEQ_odd/back        CC2-Hybrid: unknown  ,0.0000   (Solve) ,,0.000  	CC2-Concurrent: unknown  ,0.0000   (Solve) ,,0.047  	KleeCLEVER: unknown  ,0.0000  
./merged/EQ_ConstEQ_odd/forward     CC2-Hybrid: equiv    ,0.1758   (Solve) ,,0.047  	CC2-Concurrent: equiv    ,0.1766   (Solve) ,,0.048  	KleeCLEVER: equiv    ,0.1286  
./merged/EQ_ConstEQ_one/back        CC2-Hybrid: unknown  ,0.0000   (Solve) ,,0.000  	CC2-Concurrent: unknown  ,0.0000   (Solve) ,,0.048  	KleeCLEVER: unknown  ,0.0000  
./merged/EQ_ConstEQ_one/forward     CC2-Hybrid: equiv    ,0.1920   (Solve) ,,0.050  	CC2-Concurrent: equiv    ,0.1876   (Solve) ,,0.046  	KleeCLEVER: equiv    ,0.1365  
./merged/EQ_ConstEQ_oneBound/back   CC2-Hybrid: unknown  ,0.0000   (Solve) ,,0.000  	CC2-Concurrent: unknown  ,0.0000   (Solve) ,,0.046  	KleeCLEVER: unknown  ,0.0000  
./merged/EQ_ConstEQ_oneBound/forward CC2-Hybrid: equiv    ,0.2235   (Solve) ,,0.050  	CC2-Concurrent: equiv    ,0.2203   (Solve) ,,0.050  	KleeCLEVER: equiv    ,0.1457  
./merged/EQ_ConstEQ_oneN2/back      CC2-Hybrid: unknown  ,0.0000   (Solve) ,,0.000  	CC2-Concurrent: unknown  ,0.0000   (Solve) ,,0.050  	KleeCLEVER: unknown  ,0.0000  
./merged/EQ_ConstEQ_oneN2/forward   CC2-Hybrid: equiv    ,0.1879   (Solve) ,,0.047  	CC2-Concurrent: equiv    ,0.1938   (Solve) ,,0.048  	KleeCLEVER: equiv    ,0.1353  
./merged/EQ_ConstEQ_pos/back        CC2-Hybrid: unknown  ,0.0000   (Solve) ,,0.000  	CC2-Concurrent: unknown  ,0.0000   (Solve) ,,0.048  	KleeCLEVER: unknown  ,0.0000  
./merged/EQ_ConstEQ_pos/forward     CC2-Hybrid: equiv    ,0.1986   (Solve) ,,0.046  	CC2-Concurrent: equiv    ,0.2019   (Solve) ,,0.049  	KleeCLEVER: equiv    ,0.1350  
./merged/EQ_ConstEQ_pos2/back       CC2-Hybrid: unknown  ,0.0000   (Solve) ,,0.000  	CC2-Concurrent: unknown  ,0.0000   (Solve) ,,0.049  	KleeCLEVER: unknown  ,0.0000  
./merged/EQ_ConstEQ_pos2/forward    CC2-Hybrid: equiv    ,0.2033   (Solve) ,,0.050  	CC2-Concurrent: equiv    ,0.2003   (Solve) ,,0.047  	KleeCLEVER: equiv    ,0.1265  
./merged/EQ_ConstEQ_pos3/back       CC2-Hybrid: unknown  ,0.0000   (Solve) ,,0.000  	CC2-Concurrent: unknown  ,0.0000   (Solve) ,,0.047  	KleeCLEVER: unknown  ,0.0000  
./merged/EQ_ConstEQ_pos3/forward    CC2-Hybrid: equiv    ,0.1688   (Solve) ,,0.047  	CC2-Concurrent: equiv    ,0.1728   (Solve) ,,0.048  	KleeCLEVER: equiv    ,0.1300  
./merged/EQ_ConstNEQ_LoopMult10/back CC2-Hybrid: equiv    ,0.3502   (Solve) ,,0.218  	CC2-Concurrent: equiv    ,0.3333   (Solve) ,,0.198  	KleeCLEVER: not equiv ,0.1738  
Disagreement error: ./merged/EQ_ConstNEQ_LoopMult10/back
./merged/EQ_ConstNEQ_LoopMult10/forward CC2-Hybrid: equiv    ,0.1700   (Solve) ,,0.046  	CC2-Concurrent: equiv    ,0.1684   (Solve) ,,0.045  	KleeCLEVER: equiv    ,0.1118  
./merged/EQ_ConstNEQ_LoopMult15/back CC2-Hybrid: equiv    ,0.3559   (Solve) ,,0.222  	CC2-Concurrent: equiv    ,0.3394   (Solve) ,,0.208  	KleeCLEVER: not equiv ,0.1767  
Disagreement error: ./merged/EQ_ConstNEQ_LoopMult15/back
./merged/EQ_ConstNEQ_LoopMult15/forward CC2-Hybrid: equiv    ,0.1749   (Solve) ,,0.047  	CC2-Concurrent: equiv    ,0.1732   (Solve) ,,0.046  	KleeCLEVER: equiv    ,0.1194  
./merged/EQ_ConstNEQ_LoopMult2/back CC2-Hybrid: equiv    ,0.3073   (Solve) ,,0.205  	CC2-Concurrent: equiv    ,0.2972   (Solve) ,,0.195  	KleeCLEVER: not equiv ,0.1383  
Disagreement error: ./merged/EQ_ConstNEQ_LoopMult2/back
./merged/EQ_ConstNEQ_LoopMult2/forward CC2-Hybrid: equiv    ,0.1200   (Solve) ,,0.025  	CC2-Concurrent: equiv    ,0.1174   (Solve) ,,0.022  	KleeCLEVER: equiv    ,0.0942  
./merged/EQ_ConstNEQ_LoopMult20/back CC2-Hybrid: equiv    ,0.3269   (Solve) ,,0.195  	CC2-Concurrent: equiv    ,0.3336   (Solve) ,,0.199  	KleeCLEVER: not equiv ,0.1687  
Disagreement error: ./merged/EQ_ConstNEQ_LoopMult20/back
./merged/EQ_ConstNEQ_LoopMult20/forward CC2-Hybrid: equiv    ,0.1705   (Solve) ,,0.045  	CC2-Concurrent: equiv    ,0.1722   (Solve) ,,0.046  	KleeCLEVER: equiv    ,0.1122  
./merged/EQ_ConstNEQ_LoopMult5/back CC2-Hybrid: equiv    ,0.3315   (Solve) ,,0.197  	CC2-Concurrent: equiv    ,0.3370   (Solve) ,,0.202  	KleeCLEVER: not equiv ,0.1690  
Disagreement error: ./merged/EQ_ConstNEQ_LoopMult5/back
./merged/EQ_ConstNEQ_LoopMult5/forward CC2-Hybrid: equiv    ,0.1747   (Solve) ,,0.050  	CC2-Concurrent: equiv    ,0.1733   (Solve) ,,0.047  	KleeCLEVER: equiv    ,0.1161  
./merged/EQ_ConstNEQ_LoopUnreach10/back CC2-Hybrid: not equiv ,0.4700   (Solve) ,,0.189  	CC2-Concurrent: not equiv ,0.4963   (Solve) ,,0.197  	KleeCLEVER: not equiv ,0.1252  
./merged/EQ_ConstNEQ_LoopUnreach10/forward CC2-Hybrid: equiv    ,0.1733   (Solve) ,,0.047  	CC2-Concurrent: equiv    ,0.1703   (Solve) ,,0.044  	KleeCLEVER: equiv    ,0.1175  
./merged/EQ_ConstNEQ_LoopUnreach15/back CC2-Hybrid: not equiv ,0.4957   (Solve) ,,0.200  	CC2-Concurrent: not equiv ,0.4757   (Solve) ,,0.184  	KleeCLEVER: not equiv ,0.1266  
./merged/EQ_ConstNEQ_LoopUnreach15/forward CC2-Hybrid: equiv    ,0.1721   (Solve) ,,0.044  	CC2-Concurrent: equiv    ,0.1679   (Solve) ,,0.044  	KleeCLEVER: equiv    ,0.1159  
./merged/EQ_ConstNEQ_LoopUnreach2/back CC2-Hybrid: not equiv ,0.3600   (Solve) ,,0.109  	CC2-Concurrent: not equiv ,0.3725   (Solve) ,,0.112  	KleeCLEVER: not equiv ,0.1071  
./merged/EQ_ConstNEQ_LoopUnreach2/forward CC2-Hybrid: equiv    ,0.1188   (Solve) ,,0.023  	CC2-Concurrent: equiv    ,0.1188   (Solve) ,,0.023  	KleeCLEVER: equiv    ,0.0946  
./merged/EQ_ConstNEQ_LoopUnreach20/back CC2-Hybrid: not equiv ,0.4845   (Solve) ,,0.192  	CC2-Concurrent: not equiv ,0.4791   (Solve) ,,0.183  	KleeCLEVER: not equiv ,0.1349  
./merged/EQ_ConstNEQ_LoopUnreach20/forward CC2-Hybrid: equiv    ,0.1733   (Solve) ,,0.046  	CC2-Concurrent: equiv    ,0.1733   (Solve) ,,0.048  	KleeCLEVER: equiv    ,0.1151  
./merged/EQ_ConstNEQ_LoopUnreach5/back CC2-Hybrid: not equiv ,0.4702   (Solve) ,,0.176  	CC2-Concurrent: not equiv ,0.4844   (Solve) ,,0.192  	KleeCLEVER: not equiv ,0.1253  
./merged/EQ_ConstNEQ_LoopUnreach5/forward CC2-Hybrid: equiv    ,0.1693   (Solve) ,,0.044  	CC2-Concurrent: equiv    ,0.1748   (Solve) ,,0.048  	KleeCLEVER: equiv    ,0.1208  
./merged/EQ_ConstNEQ_getSign/back   CC2-Hybrid: unknown  ,0.0000   (Solve) ,,0.000  	CC2-Concurrent: unknown  ,0.0000   (Solve) ,,0.048  	KleeCLEVER: unknown  ,0.0000  
./merged/EQ_ConstNEQ_getSign/forward CC2-Hybrid: equiv    ,0.1393   (Solve) ,,0.045  	CC2-Concurrent: equiv    ,0.1414   (Solve) ,,0.044  	KleeCLEVER: equiv    ,0.1190  
./merged/EQ_LoopMult10EQ_Add/back   CC2-Hybrid: equiv    ,0.1501   (Solve) ,,0.043  	CC2-Concurrent: equiv    ,0.1490   (Solve) ,,0.046  	KleeCLEVER: equiv    ,0.1178  
./merged/EQ_LoopMult10EQ_Add/forward CC2-Hybrid: equiv    ,0.5753   (Solve) ,,0.466  	CC2-Concurrent: equiv    ,0.5909   (Solve) ,,0.483  	KleeCLEVER: equiv    ,0.2521  
./merged/EQ_LoopMult10EQ_Const/back CC2-Hybrid: equiv    ,0.1500   (Solve) ,,0.044  	CC2-Concurrent: equiv    ,0.1513   (Solve) ,,0.048  	KleeCLEVER: equiv    ,0.1468  
./merged/EQ_LoopMult10EQ_Const/forward CC2-Hybrid: equiv    ,0.5717   (Solve) ,,0.461  	CC2-Concurrent: equiv    ,0.5892   (Solve) ,,0.478  	KleeCLEVER: equiv    ,0.2580  
./merged/EQ_LoopMult10EQ_LoopMult10/back CC2-Hybrid: equiv    ,0.2217   (Solve) ,,0.093  	CC2-Concurrent: equiv    ,0.2239   (Solve) ,,0.094  	KleeCLEVER: equiv    ,0.4073  
./merged/EQ_LoopMult10EQ_LoopMult10/forward CC2-Hybrid: equiv    ,0.2309   (Solve) ,,0.096  	CC2-Concurrent: equiv    ,0.2290   (Solve) ,,0.095  	KleeCLEVER: equiv    ,0.4015  
./merged/EQ_LoopMult10EQ_LoopMult15/back CC2-Hybrid: equiv    ,0.2320   (Solve) ,,0.100  	CC2-Concurrent: equiv    ,0.2278   (Solve) ,,0.097  	KleeCLEVER: equiv    ,0.4269  
./merged/EQ_LoopMult10EQ_LoopMult15/forward CC2-Hybrid: equiv    ,0.2310   (Solve) ,,0.097  	CC2-Concurrent: equiv    ,0.2340   (Solve) ,,0.098  	KleeCLEVER: equiv    ,0.4196  
./merged/EQ_LoopMult10EQ_LoopMult2/back CC2-Hybrid: equiv    ,0.1793   (Solve) ,,0.066  	CC2-Concurrent: equiv    ,0.1757   (Solve) ,,0.064  	KleeCLEVER: equiv    ,0.2243  
./merged/EQ_LoopMult10EQ_LoopMult2/forward CC2-Hybrid: equiv    ,0.1823   (Solve) ,,0.068  	CC2-Concurrent: equiv    ,0.1797   (Solve) ,,0.067  	KleeCLEVER: equiv    ,0.2384  
./merged/EQ_LoopMult10EQ_LoopMult20/back CC2-Hybrid: equiv    ,0.2327   (Solve) ,,0.100  	CC2-Concurrent: equiv    ,0.2308   (Solve) ,,0.099  	KleeCLEVER: equiv    ,0.4969  
./merged/EQ_LoopMult10EQ_LoopMult20/forward CC2-Hybrid: equiv    ,0.2327   (Solve) ,,0.100  	CC2-Concurrent: equiv    ,0.2358   (Solve) ,,0.100  	KleeCLEVER: equiv    ,0.4950  
./merged/EQ_LoopMult10EQ_LoopMult5/back CC2-Hybrid: equiv    ,0.2277   (Solve) ,,0.096  	CC2-Concurrent: equiv    ,0.2258   (Solve) ,,0.094  	KleeCLEVER: equiv    ,0.3328  
./merged/EQ_LoopMult10EQ_LoopMult5/forward CC2-Hybrid: equiv    ,0.2237   (Solve) ,,0.093  	CC2-Concurrent: equiv    ,0.2256   (Solve) ,,0.093  	KleeCLEVER: equiv    ,0.3284  
./merged/EQ_LoopMult10EQ_LoopUnreach10/back CC2-Hybrid: equiv    ,0.2297   (Solve) ,,0.095  	CC2-Concurrent: equiv    ,0.2320   (Solve) ,,0.097  	KleeCLEVER: equiv    ,0.1677  
./merged/EQ_LoopMult10EQ_LoopUnreach10/forward CC2-Hybrid: equiv    ,0.2282   (Solve) ,,0.095  	CC2-Concurrent: equiv    ,0.2284   (Solve) ,,0.096  	KleeCLEVER: equiv    ,0.3988  
./merged/EQ_LoopMult10EQ_LoopUnreach15/back CC2-Hybrid: equiv    ,0.2319   (Solve) ,,0.097  	CC2-Concurrent: equiv    ,0.2329   (Solve) ,,0.098  	KleeCLEVER: equiv    ,0.1696  
./merged/EQ_LoopMult10EQ_LoopUnreach15/forward CC2-Hybrid: equiv    ,0.2313   (Solve) ,,0.100  	CC2-Concurrent: equiv    ,0.2294   (Solve) ,,0.098  	KleeCLEVER: equiv    ,0.4260  
./merged/EQ_LoopMult10EQ_LoopUnreach2/back CC2-Hybrid: equiv    ,0.1787   (Solve) ,,0.066  	CC2-Concurrent: equiv    ,0.1782   (Solve) ,,0.065  	KleeCLEVER: equiv    ,0.1475  
./merged/EQ_LoopMult10EQ_LoopUnreach2/forward CC2-Hybrid: equiv    ,0.1746   (Solve) ,,0.064  	CC2-Concurrent: equiv    ,0.1776   (Solve) ,,0.066  	KleeCLEVER: equiv    ,0.2123  
./merged/EQ_LoopMult10EQ_LoopUnreach20/back CC2-Hybrid: equiv    ,0.2320   (Solve) ,,0.099  	CC2-Concurrent: equiv    ,0.2408   (Solve) ,,0.102  	KleeCLEVER: equiv    ,0.1607  
./merged/EQ_LoopMult10EQ_LoopUnreach20/forward CC2-Hybrid: equiv    ,0.2285   (Solve) ,,0.098  	CC2-Concurrent: equiv    ,0.2337   (Solve) ,,0.101  	KleeCLEVER: equiv    ,0.5108  
./merged/EQ_LoopMult10EQ_LoopUnreach5/back CC2-Hybrid: equiv    ,0.2287   (Solve) ,,0.094  	CC2-Concurrent: equiv    ,0.2328   (Solve) ,,0.095  	KleeCLEVER: equiv    ,0.1663  
./merged/EQ_LoopMult10EQ_LoopUnreach5/forward CC2-Hybrid: equiv    ,0.2241   (Solve) ,,0.091  	CC2-Concurrent: equiv    ,0.2269   (Solve) ,,0.093  	KleeCLEVER: equiv    ,0.3398  
./merged/EQ_LoopMult10EQ_UnchLoop/back CC2-Hybrid: equiv    ,0.1980   (Solve) ,,0.089  	CC2-Concurrent: equiv    ,0.2001   (Solve) ,,0.088  	KleeCLEVER: equiv    ,0.2107  
./merged/EQ_LoopMult10EQ_UnchLoop/forward CC2-Hybrid: equiv    ,0.5882   (Solve) ,,0.477  	CC2-Concurrent: equiv    ,0.5734   (Solve) ,,0.455  	KleeCLEVER: equiv    ,0.2444  
./merged/EQ_LoopMult10EQ_divide/back CC2-Hybrid: unknown  ,0.0000   (Solve) ,,0.000  	CC2-Concurrent: unknown  ,0.0000   (Solve) ,,0.455  	KleeCLEVER: unknown  ,0.0000  
./merged/EQ_LoopMult10EQ_divide/forward CC2-Hybrid: not equiv ,0.8068   (Solve) ,,0.486  	CC2-Concurrent: not equiv ,0.7547   (Solve) ,,0.462  	KleeCLEVER: not equiv ,0.1833  
./merged/EQ_LoopMult10EQ_getSign2/back CC2-Hybrid: unknown  ,0.0000   (Solve) ,,0.000  	CC2-Concurrent: unknown  ,0.0000   (Solve) ,,0.462  	KleeCLEVER: unknown  ,0.0000  
./merged/EQ_LoopMult10EQ_getSign2/forward CC2-Hybrid: equiv    ,2.4106   (Solve) ,,2.280  	CC2-Concurrent: equiv    ,2.2868   (Solve) ,,2.157  	KleeCLEVER: timeout  ,180.0000
Disagreement error: ./merged/EQ_LoopMult10EQ_getSign2/forward
./merged/EQ_LoopMult10EQ_is_prime1/back CC2-Hybrid: unknown  ,0.0000   (Solve) ,,0.000  	CC2-Concurrent: unknown  ,0.0000   (Solve) ,,2.157  	KleeCLEVER: unknown  ,0.0000  
./merged/EQ_LoopMult10EQ_is_prime1/forward CC2-Hybrid: equiv    ,1.1662   (Solve) ,,1.045  	CC2-Concurrent: equiv    ,1.0990   (Solve) ,,0.979  	KleeCLEVER: timeout  ,180.0000
Disagreement error: ./merged/EQ_LoopMult10EQ_is_prime1/forward
./merged/EQ_LoopMult10EQ_is_prime3/back CC2-Hybrid: unknown  ,0.0000   (Solve) ,,0.000  	CC2-Concurrent: unknown  ,0.0000   (Solve) ,,0.979  	KleeCLEVER: unknown  ,0.0000  
./merged/EQ_LoopMult10EQ_is_prime3/forward CC2-Hybrid: equiv    ,1.8308   (Solve) ,,0.962  	CC2-Concurrent: equiv    ,1.7789   (Solve) ,,0.951  	KleeCLEVER: equiv    ,0.0896  
./merged/EQ_LoopMult10EQ_ltfive/back CC2-Hybrid: unknown  ,0.0000   (Solve) ,,0.000  	CC2-Concurrent: unknown  ,0.0000   (Solve) ,,0.951  	KleeCLEVER: unknown  ,0.0000  
./merged/EQ_LoopMult10EQ_ltfive/forward CC2-Hybrid: equiv    ,5.3225   (Solve) ,,5.123  	CC2-Concurrent: equiv    ,5.2600   (Solve) ,,5.065  	KleeCLEVER: timeout  ,180.0000
Disagreement error: ./merged/EQ_LoopMult10EQ_ltfive/forward
./merged/EQ_LoopMult10EQ_ltfiveBound/back CC2-Hybrid: unknown  ,0.0000   (Solve) ,,0.000  	CC2-Concurrent: unknown  ,0.0000   (Solve) ,,5.065  	KleeCLEVER: unknown  ,0.0000  
./merged/EQ_LoopMult10EQ_ltfiveBound/forward CC2-Hybrid: equiv    ,5.1998   (Solve) ,,4.975  	CC2-Concurrent: equiv    ,5.2009   (Solve) ,,4.976  	KleeCLEVER: timeout  ,180.0000
Disagreement error: ./merged/EQ_LoopMult10EQ_ltfiveBound/forward
./merged/EQ_LoopMult10EQ_multiple/back CC2-Hybrid: unknown  ,0.0000   (Solve) ,,0.000  	CC2-Concurrent: unknown  ,0.0000   (Solve) ,,4.976  	KleeCLEVER: unknown  ,0.0000  
./merged/EQ_LoopMult10EQ_multiple/forward CC2-Hybrid: equiv    ,2.4172   (Solve) ,,2.275  	CC2-Concurrent: equiv    ,2.4416   (Solve) ,,2.298  	KleeCLEVER: timeout  ,180.0000
Disagreement error: ./merged/EQ_LoopMult10EQ_multiple/forward
./merged/EQ_LoopMult10EQ_multipleBound/back CC2-Hybrid: unknown  ,0.0000   (Solve) ,,0.000  	CC2-Concurrent: unknown  ,0.0000   (Solve) ,,2.298  	KleeCLEVER: unknown  ,0.0000  
./merged/EQ_LoopMult10EQ_multipleBound/forward CC2-Hybrid: equiv    ,2.4713   (Solve) ,,2.307  	CC2-Concurrent: equiv    ,2.4690   (Solve) ,,2.306  	KleeCLEVER: timeout  ,180.0000
Disagreement error: ./merged/EQ_LoopMult10EQ_multipleBound/forward
./merged/EQ_LoopMult10EQ_odd/back   CC2-Hybrid: unknown  ,0.0000   (Solve) ,,0.000  	CC2-Concurrent: unknown  ,0.0000   (Solve) ,,2.306  	KleeCLEVER: unknown  ,0.0000  
./merged/EQ_LoopMult10EQ_odd/forward CC2-Hybrid: equiv    ,2.3133   (Solve) ,,2.180  	CC2-Concurrent: equiv    ,2.3076   (Solve) ,,2.175  	KleeCLEVER: timeout  ,180.0000
Disagreement error: ./merged/EQ_LoopMult10EQ_odd/forward
./merged/EQ_LoopMult10EQ_one/back   CC2-Hybrid: unknown  ,0.0000   (Solve) ,,0.000  	CC2-Concurrent: unknown  ,0.0000   (Solve) ,,2.175  	KleeCLEVER: unknown  ,0.0000  
./merged/EQ_LoopMult10EQ_one/forward CC2-Hybrid: equiv    ,5.9627   (Solve) ,,5.807  	CC2-Concurrent: equiv    ,6.0551   (Solve) ,,5.901  	KleeCLEVER: timeout  ,180.0000
Disagreement error: ./merged/EQ_LoopMult10EQ_one/forward
./merged/EQ_LoopMult10EQ_oneBound/back CC2-Hybrid: unknown  ,0.0000   (Solve) ,,0.000  	CC2-Concurrent: unknown  ,0.0000   (Solve) ,,5.901  	KleeCLEVER: unknown  ,0.0000  
./merged/EQ_LoopMult10EQ_oneBound/forward CC2-Hybrid: equiv    ,6.1274   (Solve) ,,5.952  	CC2-Concurrent: equiv    ,6.0002   (Solve) ,,5.821  	KleeCLEVER: equiv    ,21.0676 
./merged/EQ_LoopMult10EQ_oneN2/back CC2-Hybrid: unknown  ,0.0000   (Solve) ,,0.000  	CC2-Concurrent: unknown  ,0.0000   (Solve) ,,5.821  	KleeCLEVER: unknown  ,0.0000  
./merged/EQ_LoopMult10EQ_oneN2/forward CC2-Hybrid: equiv    ,6.0000   (Solve) ,,5.847  	CC2-Concurrent: equiv    ,5.9913   (Solve) ,,5.835  	KleeCLEVER: timeout  ,180.0000
Disagreement error: ./merged/EQ_LoopMult10EQ_oneN2/forward
./merged/EQ_LoopMult10EQ_pos/back   CC2-Hybrid: unknown  ,0.0000   (Solve) ,,0.000  	CC2-Concurrent: unknown  ,0.0000   (Solve) ,,5.835  	KleeCLEVER: unknown  ,0.0000  
./merged/EQ_LoopMult10EQ_pos/forward CC2-Hybrid: equiv    ,0.3791   (Solve) ,,0.213  	CC2-Concurrent: equiv    ,0.3702   (Solve) ,,0.211  	KleeCLEVER: equiv    ,0.2471  
./merged/EQ_LoopMult10EQ_pos2/back  CC2-Hybrid: unknown  ,0.0000   (Solve) ,,0.000  	CC2-Concurrent: unknown  ,0.0000   (Solve) ,,0.211  	KleeCLEVER: unknown  ,0.0000  
./merged/EQ_LoopMult10EQ_pos2/forward CC2-Hybrid: equiv    ,0.3745   (Solve) ,,0.216  	CC2-Concurrent: equiv    ,0.3784   (Solve) ,,0.215  	KleeCLEVER: equiv    ,0.2431  
./merged/EQ_LoopMult10EQ_pos3/back  CC2-Hybrid: unknown  ,0.0000   (Solve) ,,0.000  	CC2-Concurrent: unknown  ,0.0000   (Solve) ,,0.215  	KleeCLEVER: unknown  ,0.0000  
./merged/EQ_LoopMult10EQ_pos3/forward CC2-Hybrid: equiv    ,0.2635   (Solve) ,,0.130  	CC2-Concurrent: equiv    ,0.2601   (Solve) ,,0.128  	KleeCLEVER: equiv    ,0.2633  
./merged/EQ_LoopMult10NEQ_LoopMult10/back CC2-Hybrid: not equiv ,0.6301   (Solve) ,,0.345  	CC2-Concurrent: not equiv ,0.6406   (Solve) ,,0.352  	KleeCLEVER: not equiv ,0.2217  
./merged/EQ_LoopMult10NEQ_LoopMult10/forward CC2-Hybrid: equiv    ,0.2280   (Solve) ,,0.097  	CC2-Concurrent: equiv    ,0.2264   (Solve) ,,0.095  	KleeCLEVER: equiv    ,0.4024  
./merged/EQ_LoopMult10NEQ_LoopMult15/back CC2-Hybrid: not equiv ,0.7435   (Solve) ,,0.447  	CC2-Concurrent: not equiv ,0.7311   (Solve) ,,0.442  	KleeCLEVER: not equiv ,0.2608  
./merged/EQ_LoopMult10NEQ_LoopMult15/forward CC2-Hybrid: equiv    ,0.2327   (Solve) ,,0.099  	CC2-Concurrent: equiv    ,0.2282   (Solve) ,,0.098  	KleeCLEVER: equiv    ,0.4210  
./merged/EQ_LoopMult10NEQ_LoopMult2/back CC2-Hybrid: not equiv ,0.4690   (Solve) ,,0.199  	CC2-Concurrent: not equiv ,0.4692   (Solve) ,,0.202  	KleeCLEVER: not equiv ,0.1227  
./merged/EQ_LoopMult10NEQ_LoopMult2/forward CC2-Hybrid: equiv    ,0.1780   (Solve) ,,0.066  	CC2-Concurrent: equiv    ,0.1768   (Solve) ,,0.066  	KleeCLEVER: equiv    ,0.2021  
./merged/EQ_LoopMult10NEQ_LoopMult20/back CC2-Hybrid: not equiv ,0.6330   (Solve) ,,0.344  	CC2-Concurrent: not equiv ,0.6380   (Solve) ,,0.347  	KleeCLEVER: not equiv ,0.3125  
./merged/EQ_LoopMult10NEQ_LoopMult20/forward CC2-Hybrid: equiv    ,0.2338   (Solve) ,,0.098  	CC2-Concurrent: equiv    ,0.2303   (Solve) ,,0.099  	KleeCLEVER: equiv    ,0.4961  
./merged/EQ_LoopMult10NEQ_LoopMult5/back CC2-Hybrid: not equiv ,0.6998   (Solve) ,,0.379  	CC2-Concurrent: not equiv ,0.6673   (Solve) ,,0.377  	KleeCLEVER: not equiv ,0.1719  
./merged/EQ_LoopMult10NEQ_LoopMult5/forward CC2-Hybrid: equiv    ,0.2255   (Solve) ,,0.092  	CC2-Concurrent: equiv    ,0.2232   (Solve) ,,0.092  	KleeCLEVER: equiv    ,0.3300  
./merged/EQ_LoopMult10NEQ_LoopUnreach10/back CC2-Hybrid: not equiv ,0.5509   (Solve) ,,0.238  	CC2-Concurrent: not equiv ,0.5373   (Solve) ,,0.241  	KleeCLEVER: not equiv ,0.1445  
./merged/EQ_LoopMult10NEQ_LoopUnreach10/forward CC2-Hybrid: equiv    ,0.2270   (Solve) ,,0.095  	CC2-Concurrent: equiv    ,0.2300   (Solve) ,,0.095  	KleeCLEVER: equiv    ,0.3974  
./merged/EQ_LoopMult10NEQ_LoopUnreach15/back CC2-Hybrid: not equiv ,0.5721   (Solve) ,,0.278  	CC2-Concurrent: not equiv ,0.5597   (Solve) ,,0.273  	KleeCLEVER: not equiv ,0.1550  
./merged/EQ_LoopMult10NEQ_LoopUnreach15/forward CC2-Hybrid: equiv    ,0.2287   (Solve) ,,0.095  	CC2-Concurrent: equiv    ,0.2231   (Solve) ,,0.091  	KleeCLEVER: equiv    ,0.4184  
./merged/EQ_LoopMult10NEQ_LoopUnreach2/back CC2-Hybrid: not equiv ,0.4610   (Solve) ,,0.197  	CC2-Concurrent: not equiv ,0.4675   (Solve) ,,0.196  	KleeCLEVER: not equiv ,0.1294  
./merged/EQ_LoopMult10NEQ_LoopUnreach2/forward CC2-Hybrid: equiv    ,0.1790   (Solve) ,,0.069  	CC2-Concurrent: equiv    ,0.1767   (Solve) ,,0.066  	KleeCLEVER: equiv    ,0.2025  
./merged/EQ_LoopMult10NEQ_LoopUnreach20/back CC2-Hybrid: not equiv ,0.5437   (Solve) ,,0.252  	CC2-Concurrent: not equiv ,0.5484   (Solve) ,,0.256  	KleeCLEVER: not equiv ,0.1524  
./merged/EQ_LoopMult10NEQ_LoopUnreach20/forward CC2-Hybrid: equiv    ,0.2285   (Solve) ,,0.099  	CC2-Concurrent: equiv    ,0.2271   (Solve) ,,0.096  	KleeCLEVER: equiv    ,0.5017  
./merged/EQ_LoopMult10NEQ_LoopUnreach5/back CC2-Hybrid: not equiv ,0.5259   (Solve) ,,0.236  	CC2-Concurrent: not equiv ,0.5331   (Solve) ,,0.242  	KleeCLEVER: not equiv ,0.1463  
./merged/EQ_LoopMult10NEQ_LoopUnreach5/forward CC2-Hybrid: equiv    ,0.2274   (Solve) ,,0.094  	CC2-Concurrent: equiv    ,0.2249   (Solve) ,,0.091  	KleeCLEVER: equiv    ,0.3336  
./merged/EQ_LoopMult10NEQ_getSign/back CC2-Hybrid: unknown  ,0.0000   (Solve) ,,0.000  	CC2-Concurrent: unknown  ,0.0000   (Solve) ,,0.091  	KleeCLEVER: unknown  ,0.0000  
./merged/EQ_LoopMult10NEQ_getSign/forward CC2-Hybrid: equiv    ,2.4449   (Solve) ,,2.334  	CC2-Concurrent: equiv    ,2.4457   (Solve) ,,2.330  	KleeCLEVER: timeout  ,180.0000
Disagreement error: ./merged/EQ_LoopMult10NEQ_getSign/forward
./merged/EQ_LoopMult15EQ_Add/back   CC2-Hybrid: equiv    ,0.1442   (Solve) ,,0.045  	CC2-Concurrent: equiv    ,0.1423   (Solve) ,,0.041  	KleeCLEVER: equiv    ,0.1441  
./merged/EQ_LoopMult15EQ_Add/forward CC2-Hybrid: equiv    ,0.5780   (Solve) ,,0.467  	CC2-Concurrent: equiv    ,0.5721   (Solve) ,,0.463  	KleeCLEVER: equiv    ,0.2657  
./merged/EQ_LoopMult15EQ_Const/back CC2-Hybrid: equiv    ,0.1477   (Solve) ,,0.042  	CC2-Concurrent: equiv    ,0.1467   (Solve) ,,0.044  	KleeCLEVER: equiv    ,0.1347  
./merged/EQ_LoopMult15EQ_Const/forward CC2-Hybrid: equiv    ,0.5672   (Solve) ,,0.457  	CC2-Concurrent: equiv    ,0.5694   (Solve) ,,0.458  	KleeCLEVER: equiv    ,0.2704  
./merged/EQ_LoopMult15EQ_LoopMult10/back CC2-Hybrid: equiv    ,0.2319   (Solve) ,,0.098  	CC2-Concurrent: equiv    ,0.2340   (Solve) ,,0.098  	KleeCLEVER: equiv    ,0.4200  
./merged/EQ_LoopMult15EQ_LoopMult10/forward CC2-Hybrid: equiv    ,0.2320   (Solve) ,,0.095  	CC2-Concurrent: equiv    ,0.2309   (Solve) ,,0.096  	KleeCLEVER: equiv    ,0.4209  
./merged/EQ_LoopMult15EQ_LoopMult15/back CC2-Hybrid: equiv    ,0.2341   (Solve) ,,0.100  	CC2-Concurrent: equiv    ,0.2323   (Solve) ,,0.101  	KleeCLEVER: equiv    ,0.4405  
./merged/EQ_LoopMult15EQ_LoopMult15/forward CC2-Hybrid: equiv    ,0.2311   (Solve) ,,0.100  	CC2-Concurrent: equiv    ,0.2306   (Solve) ,,0.099  	KleeCLEVER: equiv    ,0.4391  
./merged/EQ_LoopMult15EQ_LoopMult2/back CC2-Hybrid: equiv    ,0.1840   (Solve) ,,0.071  	CC2-Concurrent: equiv    ,0.1791   (Solve) ,,0.067  	KleeCLEVER: equiv    ,0.2535  
./merged/EQ_LoopMult15EQ_LoopMult2/forward CC2-Hybrid: equiv    ,0.1803   (Solve) ,,0.068  	CC2-Concurrent: equiv    ,0.1762   (Solve) ,,0.067  	KleeCLEVER: equiv    ,0.2523  
./merged/EQ_LoopMult15EQ_LoopMult20/back CC2-Hybrid: equiv    ,0.2300   (Solve) ,,0.100  	CC2-Concurrent: equiv    ,0.2294   (Solve) ,,0.099  	KleeCLEVER: equiv    ,0.5080  
./merged/EQ_LoopMult15EQ_LoopMult20/forward CC2-Hybrid: equiv    ,0.2322   (Solve) ,,0.102  	CC2-Concurrent: equiv    ,0.2315   (Solve) ,,0.101  	KleeCLEVER: equiv    ,0.5152  
./merged/EQ_LoopMult15EQ_LoopMult5/back CC2-Hybrid: equiv    ,0.2212   (Solve) ,,0.092  	CC2-Concurrent: equiv    ,0.2243   (Solve) ,,0.094  	KleeCLEVER: equiv    ,0.3552  
./merged/EQ_LoopMult15EQ_LoopMult5/forward CC2-Hybrid: equiv    ,0.2264   (Solve) ,,0.093  	CC2-Concurrent: equiv    ,0.2256   (Solve) ,,0.096  	KleeCLEVER: equiv    ,0.3563  
./merged/EQ_LoopMult15EQ_LoopUnreach10/back CC2-Hybrid: equiv    ,0.2315   (Solve) ,,0.098  	CC2-Concurrent: equiv    ,0.2343   (Solve) ,,0.099  	KleeCLEVER: equiv    ,0.1696  
./merged/EQ_LoopMult15EQ_LoopUnreach10/forward CC2-Hybrid: equiv    ,0.2319   (Solve) ,,0.097  	CC2-Concurrent: equiv    ,0.2290   (Solve) ,,0.097  	KleeCLEVER: equiv    ,0.4165  
./merged/EQ_LoopMult15EQ_LoopUnreach15/back CC2-Hybrid: equiv    ,0.2337   (Solve) ,,0.103  	CC2-Concurrent: equiv    ,0.2395   (Solve) ,,0.103  	KleeCLEVER: equiv    ,0.1628  
./merged/EQ_LoopMult15EQ_LoopUnreach15/forward CC2-Hybrid: equiv    ,0.2276   (Solve) ,,0.098  	CC2-Concurrent: equiv    ,0.2341   (Solve) ,,0.102  	KleeCLEVER: equiv    ,0.4345  
./merged/EQ_LoopMult15EQ_LoopUnreach2/back CC2-Hybrid: equiv    ,0.1758   (Solve) ,,0.062  	CC2-Concurrent: equiv    ,0.1806   (Solve) ,,0.068  	KleeCLEVER: equiv    ,0.1432  
./merged/EQ_LoopMult15EQ_LoopUnreach2/forward CC2-Hybrid: equiv    ,0.1784   (Solve) ,,0.067  	CC2-Concurrent: equiv    ,0.1758   (Solve) ,,0.066  	KleeCLEVER: equiv    ,0.2262  
./merged/EQ_LoopMult15EQ_LoopUnreach20/back CC2-Hybrid: equiv    ,0.2240   (Solve) ,,0.089  	CC2-Concurrent: equiv    ,0.2349   (Solve) ,,0.092  	KleeCLEVER: equiv    ,0.1645  
./merged/EQ_LoopMult15EQ_LoopUnreach20/forward CC2-Hybrid: equiv    ,0.2320   (Solve) ,,0.101  	CC2-Concurrent: equiv    ,0.2283   (Solve) ,,0.098  	KleeCLEVER: equiv    ,0.5107  
./merged/EQ_LoopMult15EQ_LoopUnreach5/back CC2-Hybrid: equiv    ,0.2293   (Solve) ,,0.095  	CC2-Concurrent: equiv    ,0.2309   (Solve) ,,0.092  	KleeCLEVER: equiv    ,0.1644  
./merged/EQ_LoopMult15EQ_LoopUnreach5/forward CC2-Hybrid: equiv    ,0.2237   (Solve) ,,0.094  	CC2-Concurrent: equiv    ,0.2294   (Solve) ,,0.094  	KleeCLEVER: equiv    ,0.3558  
./merged/EQ_LoopMult15EQ_UnchLoop/back CC2-Hybrid: equiv    ,0.1976   (Solve) ,,0.087  	CC2-Concurrent: equiv    ,0.1976   (Solve) ,,0.087  	KleeCLEVER: equiv    ,0.2345  
./merged/EQ_LoopMult15EQ_UnchLoop/forward CC2-Hybrid: equiv    ,0.5877   (Solve) ,,0.472  	CC2-Concurrent: equiv    ,0.5683   (Solve) ,,0.457  	KleeCLEVER: equiv    ,0.2761  
./merged/EQ_LoopMult15EQ_divide/back CC2-Hybrid: unknown  ,0.0000   (Solve) ,,0.000  	CC2-Concurrent: unknown  ,0.0000   (Solve) ,,0.457  	KleeCLEVER: unknown  ,0.0000  
./merged/EQ_LoopMult15EQ_divide/forward CC2-Hybrid: not equiv ,0.8910   (Solve) ,,0.577  	CC2-Concurrent: not equiv ,0.8878   (Solve) ,,0.573  	KleeCLEVER: not equiv ,0.1775  
./merged/EQ_LoopMult15EQ_getSign2/back CC2-Hybrid: unknown  ,0.0000   (Solve) ,,0.000  	CC2-Concurrent: unknown  ,0.0000   (Solve) ,,0.573  	KleeCLEVER: unknown  ,0.0000  
./merged/EQ_LoopMult15EQ_getSign2/forward CC2-Hybrid: equiv    ,2.3057   (Solve) ,,2.175  	CC2-Concurrent: equiv    ,2.2866   (Solve) ,,2.155  	KleeCLEVER: timeout  ,180.0000
Disagreement error: ./merged/EQ_LoopMult15EQ_getSign2/forward
./merged/EQ_LoopMult15EQ_is_prime1/back CC2-Hybrid: unknown  ,0.0000   (Solve) ,,0.000  	CC2-Concurrent: unknown  ,0.0000   (Solve) ,,2.155  	KleeCLEVER: unknown  ,0.0000  
./merged/EQ_LoopMult15EQ_is_prime1/forward CC2-Hybrid: equiv    ,1.0837   (Solve) ,,0.971  	CC2-Concurrent: equiv    ,1.0920   (Solve) ,,0.980  	KleeCLEVER: timeout  ,180.0000
Disagreement error: ./merged/EQ_LoopMult15EQ_is_prime1/forward
./merged/EQ_LoopMult15EQ_is_prime3/back CC2-Hybrid: unknown  ,0.0000   (Solve) ,,0.000  	CC2-Concurrent: unknown  ,0.0000   (Solve) ,,0.980  	KleeCLEVER: unknown  ,0.0000  
./merged/EQ_LoopMult15EQ_is_prime3/forward CC2-Hybrid: equiv    ,1.8239   (Solve) ,,0.968  	CC2-Concurrent: equiv    ,1.7788   (Solve) ,,0.976  	KleeCLEVER: equiv    ,0.0870  
./merged/EQ_LoopMult15EQ_ltfive/back CC2-Hybrid: unknown  ,0.0000   (Solve) ,,0.000  	CC2-Concurrent: unknown  ,0.0000   (Solve) ,,0.976  	KleeCLEVER: unknown  ,0.0000  
./merged/EQ_LoopMult15EQ_ltfive/forward CC2-Hybrid: equiv    ,5.5708   (Solve) ,,5.375  	CC2-Concurrent: equiv    ,5.5267   (Solve) ,,5.330  	KleeCLEVER: timeout  ,180.0000
Disagreement error: ./merged/EQ_LoopMult15EQ_ltfive/forward
./merged/EQ_LoopMult15EQ_ltfiveBound/back CC2-Hybrid: unknown  ,0.0000   (Solve) ,,0.000  	CC2-Concurrent: unknown  ,0.0000   (Solve) ,,5.330  	KleeCLEVER: unknown  ,0.0000  
./merged/EQ_LoopMult15EQ_ltfiveBound/forward CC2-Hybrid: equiv    ,5.5256   (Solve) ,,5.302  	CC2-Concurrent: equiv    ,5.5318   (Solve) ,,5.304  	KleeCLEVER: timeout  ,180.0000
Disagreement error: ./merged/EQ_LoopMult15EQ_ltfiveBound/forward
./merged/EQ_LoopMult15EQ_multiple/back CC2-Hybrid: unknown  ,0.0000   (Solve) ,,0.000  	CC2-Concurrent: unknown  ,0.0000   (Solve) ,,5.304  	KleeCLEVER: unknown  ,0.0000  
./merged/EQ_LoopMult15EQ_multiple/forward CC2-Hybrid: equiv    ,2.4979   (Solve) ,,2.347  	CC2-Concurrent: equiv    ,2.4586   (Solve) ,,2.315  	KleeCLEVER: timeout  ,180.0000
Disagreement error: ./merged/EQ_LoopMult15EQ_multiple/forward
./merged/EQ_LoopMult15EQ_multipleBound/back CC2-Hybrid: unknown  ,0.0000   (Solve) ,,0.000  	CC2-Concurrent: unknown  ,0.0000   (Solve) ,,2.315  	KleeCLEVER: unknown  ,0.0000  
./merged/EQ_LoopMult15EQ_multipleBound/forward CC2-Hybrid: equiv    ,2.5047   (Solve) ,,2.334  	CC2-Concurrent: equiv    ,2.5068   (Solve) ,,2.339  	KleeCLEVER: timeout  ,180.0000
Disagreement error: ./merged/EQ_LoopMult15EQ_multipleBound/forward
./merged/EQ_LoopMult15EQ_odd/back   CC2-Hybrid: unknown  ,0.0000   (Solve) ,,0.000  	CC2-Concurrent: unknown  ,0.0000   (Solve) ,,2.339  	KleeCLEVER: unknown  ,0.0000  
./merged/EQ_LoopMult15EQ_odd/forward CC2-Hybrid: equiv    ,2.3177   (Solve) ,,2.181  	CC2-Concurrent: equiv    ,2.3167   (Solve) ,,2.181  	KleeCLEVER: timeout  ,180.0000
Disagreement error: ./merged/EQ_LoopMult15EQ_odd/forward
./merged/EQ_LoopMult15EQ_one/back   CC2-Hybrid: unknown  ,0.0000   (Solve) ,,0.000  	CC2-Concurrent: unknown  ,0.0000   (Solve) ,,2.181  	KleeCLEVER: unknown  ,0.0000  
./merged/EQ_LoopMult15EQ_one/forward CC2-Hybrid: equiv    ,5.9945   (Solve) ,,5.841  	CC2-Concurrent: equiv    ,5.9854   (Solve) ,,5.833  	KleeCLEVER: timeout  ,180.0000
Disagreement error: ./merged/EQ_LoopMult15EQ_one/forward
./merged/EQ_LoopMult15EQ_oneBound/back CC2-Hybrid: unknown  ,0.0000   (Solve) ,,0.000  	CC2-Concurrent: unknown  ,0.0000   (Solve) ,,5.833  	KleeCLEVER: unknown  ,0.0000  
./merged/EQ_LoopMult15EQ_oneBound/forward CC2-Hybrid: equiv    ,6.0119   (Solve) ,,5.829  	CC2-Concurrent: equiv    ,6.0758   (Solve) ,,5.896  	KleeCLEVER: equiv    ,21.0265 
./merged/EQ_LoopMult15EQ_oneN2/back CC2-Hybrid: unknown  ,0.0000   (Solve) ,,0.000  	CC2-Concurrent: unknown  ,0.0000   (Solve) ,,5.896  	KleeCLEVER: unknown  ,0.0000  
./merged/EQ_LoopMult15EQ_oneN2/forward CC2-Hybrid: equiv    ,6.0671   (Solve) ,,5.912  	CC2-Concurrent: equiv    ,6.0469   (Solve) ,,5.892  	KleeCLEVER: timeout  ,180.0000
Disagreement error: ./merged/EQ_LoopMult15EQ_oneN2/forward
./merged/EQ_LoopMult15EQ_pos/back   CC2-Hybrid: unknown  ,0.0000   (Solve) ,,0.000  	CC2-Concurrent: unknown  ,0.0000   (Solve) ,,5.892  	KleeCLEVER: unknown  ,0.0000  
./merged/EQ_LoopMult15EQ_pos/forward CC2-Hybrid: equiv    ,0.3759   (Solve) ,,0.211  	CC2-Concurrent: equiv    ,0.3751   (Solve) ,,0.214  	KleeCLEVER: equiv    ,0.2646  
./merged/EQ_LoopMult15EQ_pos2/back  CC2-Hybrid: unknown  ,0.0000   (Solve) ,,0.000  	CC2-Concurrent: unknown  ,0.0000   (Solve) ,,0.214  	KleeCLEVER: unknown  ,0.0000  
./merged/EQ_LoopMult15EQ_pos2/forward CC2-Hybrid: equiv    ,0.3776   (Solve) ,,0.215  	CC2-Concurrent: equiv    ,0.3721   (Solve) ,,0.210  	KleeCLEVER: equiv    ,0.2713  
./merged/EQ_LoopMult15EQ_pos3/back  CC2-Hybrid: unknown  ,0.0000   (Solve) ,,0.000  	CC2-Concurrent: unknown  ,0.0000   (Solve) ,,0.210  	KleeCLEVER: unknown  ,0.0000  
./merged/EQ_LoopMult15EQ_pos3/forward CC2-Hybrid: equiv    ,0.2635   (Solve) ,,0.131  	CC2-Concurrent: equiv    ,0.2572   (Solve) ,,0.129  	KleeCLEVER: equiv    ,0.2796  
./merged/EQ_LoopMult15NEQ_LoopMult10/back CC2-Hybrid: not equiv ,0.7150   (Solve) ,,0.425  	CC2-Concurrent: not equiv ,0.7132   (Solve) ,,0.429  	KleeCLEVER: not equiv ,0.1969  
./merged/EQ_LoopMult15NEQ_LoopMult10/forward CC2-Hybrid: equiv    ,0.2287   (Solve) ,,0.096  	CC2-Concurrent: equiv    ,0.2264   (Solve) ,,0.095  	KleeCLEVER: equiv    ,0.4219  
./merged/EQ_LoopMult15NEQ_LoopMult15/back CC2-Hybrid: not equiv ,0.7630   (Solve) ,,0.463  	CC2-Concurrent: not equiv ,0.7499   (Solve) ,,0.465  	KleeCLEVER: not equiv ,0.2437  
./merged/EQ_LoopMult15NEQ_LoopMult15/forward CC2-Hybrid: equiv    ,0.2287   (Solve) ,,0.096  	CC2-Concurrent: equiv    ,0.2327   (Solve) ,,0.098  	KleeCLEVER: equiv    ,0.4387  
./merged/EQ_LoopMult15NEQ_LoopMult2/back CC2-Hybrid: not equiv ,0.4885   (Solve) ,,0.220  	CC2-Concurrent: not equiv ,0.4883   (Solve) ,,0.219  	KleeCLEVER: not equiv ,0.1245  
./merged/EQ_LoopMult15NEQ_LoopMult2/forward CC2-Hybrid: equiv    ,0.1846   (Solve) ,,0.070  	CC2-Concurrent: equiv    ,0.1788   (Solve) ,,0.069  	KleeCLEVER: equiv    ,0.2279  
./merged/EQ_LoopMult15NEQ_LoopMult20/back CC2-Hybrid: not equiv ,0.6546   (Solve) ,,0.364  	CC2-Concurrent: not equiv ,0.6621   (Solve) ,,0.367  	KleeCLEVER: not equiv ,0.3041  
./merged/EQ_LoopMult15NEQ_LoopMult20/forward CC2-Hybrid: equiv    ,0.2303   (Solve) ,,0.100  	CC2-Concurrent: equiv    ,0.2298   (Solve) ,,0.097  	KleeCLEVER: equiv    ,0.5231  
./merged/EQ_LoopMult15NEQ_LoopMult5/back CC2-Hybrid: not equiv ,0.7012   (Solve) ,,0.396  	CC2-Concurrent: not equiv ,0.6834   (Solve) ,,0.393  	KleeCLEVER: not equiv ,0.1702  
./merged/EQ_LoopMult15NEQ_LoopMult5/forward CC2-Hybrid: equiv    ,0.2300   (Solve) ,,0.095  	CC2-Concurrent: equiv    ,0.2276   (Solve) ,,0.095  	KleeCLEVER: equiv    ,0.3652  
./merged/EQ_LoopMult15NEQ_LoopUnreach10/back CC2-Hybrid: not equiv ,0.5652   (Solve) ,,0.268  	CC2-Concurrent: not equiv ,0.5752   (Solve) ,,0.276  	KleeCLEVER: not equiv ,0.1498  
./merged/EQ_LoopMult15NEQ_LoopUnreach10/forward CC2-Hybrid: equiv    ,0.2240   (Solve) ,,0.096  	CC2-Concurrent: equiv    ,0.2268   (Solve) ,,0.094  	KleeCLEVER: equiv    ,0.4216  
./merged/EQ_LoopMult15NEQ_LoopUnreach15/back CC2-Hybrid: not equiv ,0.5714   (Solve) ,,0.282  	CC2-Concurrent: not equiv ,0.5789   (Solve) ,,0.283  	KleeCLEVER: not equiv ,0.1516  
./merged/EQ_LoopMult15NEQ_LoopUnreach15/forward CC2-Hybrid: equiv    ,0.2338   (Solve) ,,0.101  	CC2-Concurrent: equiv    ,0.2280   (Solve) ,,0.097  	KleeCLEVER: equiv    ,0.4338  
./merged/EQ_LoopMult15NEQ_LoopUnreach2/back CC2-Hybrid: not equiv ,0.4715   (Solve) ,,0.198  	CC2-Concurrent: not equiv ,0.4701   (Solve) ,,0.200  	KleeCLEVER: not equiv ,0.1215  
./merged/EQ_LoopMult15NEQ_LoopUnreach2/forward CC2-Hybrid: equiv    ,0.1765   (Solve) ,,0.066  	CC2-Concurrent: equiv    ,0.1768   (Solve) ,,0.065  	KleeCLEVER: equiv    ,0.2255  
./merged/EQ_LoopMult15NEQ_LoopUnreach20/back CC2-Hybrid: not equiv ,0.5882   (Solve) ,,0.287  	CC2-Concurrent: not equiv ,0.5616   (Solve) ,,0.275  	KleeCLEVER: not equiv ,0.1435  
./merged/EQ_LoopMult15NEQ_LoopUnreach20/forward CC2-Hybrid: equiv    ,0.2313   (Solve) ,,0.100  	CC2-Concurrent: equiv    ,0.2352   (Solve) ,,0.100  	KleeCLEVER: equiv    ,0.5183  
./merged/EQ_LoopMult15NEQ_LoopUnreach5/back CC2-Hybrid: not equiv ,0.5723   (Solve) ,,0.263  	CC2-Concurrent: not equiv ,0.5427   (Solve) ,,0.259  	KleeCLEVER: not equiv ,0.1450  
./merged/EQ_LoopMult15NEQ_LoopUnreach5/forward CC2-Hybrid: equiv    ,0.2232   (Solve) ,,0.092  	CC2-Concurrent: equiv    ,0.2233   (Solve) ,,0.091  	KleeCLEVER: equiv    ,0.3565  
./merged/EQ_LoopMult15NEQ_getSign/back CC2-Hybrid: unknown  ,0.0000   (Solve) ,,0.000  	CC2-Concurrent: unknown  ,0.0000   (Solve) ,,0.091  	KleeCLEVER: unknown  ,0.0000  
./merged/EQ_LoopMult15NEQ_getSign/forward CC2-Hybrid: equiv    ,2.4103   (Solve) ,,2.298  	CC2-Concurrent: equiv    ,2.4264   (Solve) ,,2.314  	KleeCLEVER: timeout  ,180.0000
Disagreement error: ./merged/EQ_LoopMult15NEQ_getSign/forward
./merged/EQ_LoopMult20EQ_Add/back   CC2-Hybrid: equiv    ,0.1491   (Solve) ,,0.048  	CC2-Concurrent: equiv    ,0.1470   (Solve) ,,0.045  	KleeCLEVER: equiv    ,0.1411  
./merged/EQ_LoopMult20EQ_Add/forward CC2-Hybrid: equiv    ,0.5728   (Solve) ,,0.463  	CC2-Concurrent: equiv    ,0.5743   (Solve) ,,0.461  	KleeCLEVER: equiv    ,0.3152  
./merged/EQ_LoopMult20EQ_Const/back CC2-Hybrid: equiv    ,0.1451   (Solve) ,,0.042  	CC2-Concurrent: equiv    ,0.1465   (Solve) ,,0.044  	KleeCLEVER: equiv    ,0.1334  
./merged/EQ_LoopMult20EQ_Const/forward CC2-Hybrid: equiv    ,0.5941   (Solve) ,,0.481  	CC2-Concurrent: equiv    ,0.5738   (Solve) ,,0.462  	KleeCLEVER: equiv    ,0.3152  
./merged/EQ_LoopMult20EQ_LoopMult10/back CC2-Hybrid: equiv    ,0.2283   (Solve) ,,0.095  	CC2-Concurrent: equiv    ,0.2317   (Solve) ,,0.099  	KleeCLEVER: equiv    ,0.4965  
./merged/EQ_LoopMult20EQ_LoopMult10/forward CC2-Hybrid: equiv    ,0.2320   (Solve) ,,0.098  	CC2-Concurrent: equiv    ,0.2356   (Solve) ,,0.097  	KleeCLEVER: equiv    ,0.4945  
./merged/EQ_LoopMult20EQ_LoopMult15/back CC2-Hybrid: equiv    ,0.2289   (Solve) ,,0.098  	CC2-Concurrent: equiv    ,0.2335   (Solve) ,,0.101  	KleeCLEVER: equiv    ,0.5154  
./merged/EQ_LoopMult20EQ_LoopMult15/forward CC2-Hybrid: equiv    ,0.2315   (Solve) ,,0.099  	CC2-Concurrent: equiv    ,0.2290   (Solve) ,,0.098  	KleeCLEVER: equiv    ,0.5105  
./merged/EQ_LoopMult20EQ_LoopMult2/back CC2-Hybrid: equiv    ,0.1796   (Solve) ,,0.068  	CC2-Concurrent: equiv    ,0.1814   (Solve) ,,0.069  	KleeCLEVER: equiv    ,0.2870  
./merged/EQ_LoopMult20EQ_LoopMult2/forward CC2-Hybrid: equiv    ,0.1795   (Solve) ,,0.066  	CC2-Concurrent: equiv    ,0.1770   (Solve) ,,0.064  	KleeCLEVER: equiv    ,0.2970  
./merged/EQ_LoopMult20EQ_LoopMult20/back CC2-Hybrid: equiv    ,0.2336   (Solve) ,,0.103  	CC2-Concurrent: equiv    ,0.2308   (Solve) ,,0.098  	KleeCLEVER: equiv    ,0.5996  
./merged/EQ_LoopMult20EQ_LoopMult20/forward CC2-Hybrid: equiv    ,0.2378   (Solve) ,,0.101  	CC2-Concurrent: equiv    ,0.2322   (Solve) ,,0.100  	KleeCLEVER: equiv    ,0.6086  
./merged/EQ_LoopMult20EQ_LoopMult5/back CC2-Hybrid: equiv    ,0.2281   (Solve) ,,0.097  	CC2-Concurrent: equiv    ,0.2231   (Solve) ,,0.094  	KleeCLEVER: equiv    ,0.4140  
./merged/EQ_LoopMult20EQ_LoopMult5/forward CC2-Hybrid: equiv    ,0.2289   (Solve) ,,0.095  	CC2-Concurrent: equiv    ,0.2235   (Solve) ,,0.095  	KleeCLEVER: equiv    ,0.4180  
./merged/EQ_LoopMult20EQ_LoopUnreach10/back CC2-Hybrid: equiv    ,0.2307   (Solve) ,,0.096  	CC2-Concurrent: equiv    ,0.2299   (Solve) ,,0.095  	KleeCLEVER: equiv    ,0.1660  
./merged/EQ_LoopMult20EQ_LoopUnreach10/forward CC2-Hybrid: equiv    ,0.2296   (Solve) ,,0.096  	CC2-Concurrent: equiv    ,0.2335   (Solve) ,,0.096  	KleeCLEVER: equiv    ,0.4955  
./merged/EQ_LoopMult20EQ_LoopUnreach15/back CC2-Hybrid: equiv    ,0.2379   (Solve) ,,0.101  	CC2-Concurrent: equiv    ,0.2373   (Solve) ,,0.102  	KleeCLEVER: equiv    ,0.1685  
./merged/EQ_LoopMult20EQ_LoopUnreach15/forward CC2-Hybrid: equiv    ,0.2307   (Solve) ,,0.101  	CC2-Concurrent: equiv    ,0.2330   (Solve) ,,0.099  	KleeCLEVER: equiv    ,0.5172  
./merged/EQ_LoopMult20EQ_LoopUnreach2/back CC2-Hybrid: equiv    ,0.1826   (Solve) ,,0.069  	CC2-Concurrent: equiv    ,0.1815   (Solve) ,,0.067  	KleeCLEVER: equiv    ,0.1372  
./merged/EQ_LoopMult20EQ_LoopUnreach2/forward CC2-Hybrid: equiv    ,0.1764   (Solve) ,,0.064  	CC2-Concurrent: equiv    ,0.1748   (Solve) ,,0.065  	KleeCLEVER: equiv    ,0.2686  
./merged/EQ_LoopMult20EQ_LoopUnreach20/back CC2-Hybrid: equiv    ,0.2358   (Solve) ,,0.099  	CC2-Concurrent: equiv    ,0.2342   (Solve) ,,0.101  	KleeCLEVER: equiv    ,0.1600  
./merged/EQ_LoopMult20EQ_LoopUnreach20/forward CC2-Hybrid: equiv    ,0.2343   (Solve) ,,0.101  	CC2-Concurrent: equiv    ,0.2285   (Solve) ,,0.098  	KleeCLEVER: equiv    ,0.6005  
./merged/EQ_LoopMult20EQ_LoopUnreach5/back CC2-Hybrid: equiv    ,0.2294   (Solve) ,,0.095  	CC2-Concurrent: equiv    ,0.2330   (Solve) ,,0.099  	KleeCLEVER: equiv    ,0.1747  
./merged/EQ_LoopMult20EQ_LoopUnreach5/forward CC2-Hybrid: equiv    ,0.2275   (Solve) ,,0.095  	CC2-Concurrent: equiv    ,0.2252   (Solve) ,,0.097  	KleeCLEVER: equiv    ,0.4105  
./merged/EQ_LoopMult20EQ_UnchLoop/back CC2-Hybrid: equiv    ,0.1974   (Solve) ,,0.088  	CC2-Concurrent: equiv    ,0.1984   (Solve) ,,0.088  	KleeCLEVER: equiv    ,0.2710  
./merged/EQ_LoopMult20EQ_UnchLoop/forward CC2-Hybrid: equiv    ,0.5837   (Solve) ,,0.475  	CC2-Concurrent: equiv    ,0.5706   (Solve) ,,0.461  	KleeCLEVER: equiv    ,0.3229  
./merged/EQ_LoopMult20EQ_divide/back CC2-Hybrid: unknown  ,0.0000   (Solve) ,,0.000  	CC2-Concurrent: unknown  ,0.0000   (Solve) ,,0.461  	KleeCLEVER: unknown  ,0.0000  
./merged/EQ_LoopMult20EQ_divide/forward CC2-Hybrid: not equiv ,0.9687   (Solve) ,,0.652  	CC2-Concurrent: not equiv ,0.9664   (Solve) ,,0.653  	KleeCLEVER: not equiv ,0.1788  
./merged/EQ_LoopMult20EQ_getSign2/back CC2-Hybrid: unknown  ,0.0000   (Solve) ,,0.000  	CC2-Concurrent: unknown  ,0.0000   (Solve) ,,0.653  	KleeCLEVER: unknown  ,0.0000  
./merged/EQ_LoopMult20EQ_getSign2/forward CC2-Hybrid: equiv    ,2.2868   (Solve) ,,2.158  	CC2-Concurrent: equiv    ,2.2810   (Solve) ,,2.151  	KleeCLEVER: timeout  ,180.0000
Disagreement error: ./merged/EQ_LoopMult20EQ_getSign2/forward
./merged/EQ_LoopMult20EQ_is_prime1/back CC2-Hybrid: unknown  ,0.0000   (Solve) ,,0.000  	CC2-Concurrent: unknown  ,0.0000   (Solve) ,,2.151  	KleeCLEVER: unknown  ,0.0000  
./merged/EQ_LoopMult20EQ_is_prime1/forward CC2-Hybrid: equiv    ,1.0819   (Solve) ,,0.970  	CC2-Concurrent: equiv    ,1.0774   (Solve) ,,0.964  	KleeCLEVER: timeout  ,180.0000
Disagreement error: ./merged/EQ_LoopMult20EQ_is_prime1/forward
./merged/EQ_LoopMult20EQ_is_prime3/back CC2-Hybrid: unknown  ,0.0000   (Solve) ,,0.000  	CC2-Concurrent: unknown  ,0.0000   (Solve) ,,0.964  	KleeCLEVER: unknown  ,0.0000  
./merged/EQ_LoopMult20EQ_is_prime3/forward CC2-Hybrid: equiv    ,1.8147   (Solve) ,,0.977  	CC2-Concurrent: equiv    ,1.8297   (Solve) ,,0.986  	KleeCLEVER: equiv    ,0.0868  
./merged/EQ_LoopMult20EQ_ltfive/back CC2-Hybrid: unknown  ,0.0000   (Solve) ,,0.000  	CC2-Concurrent: unknown  ,0.0000   (Solve) ,,0.986  	KleeCLEVER: unknown  ,0.0000  
./merged/EQ_LoopMult20EQ_ltfive/forward CC2-Hybrid: equiv    ,5.3251   (Solve) ,,5.125  	CC2-Concurrent: equiv    ,5.2728   (Solve) ,,5.080  	KleeCLEVER: timeout  ,180.0000
Disagreement error: ./merged/EQ_LoopMult20EQ_ltfive/forward
./merged/EQ_LoopMult20EQ_ltfiveBound/back CC2-Hybrid: unknown  ,0.0000   (Solve) ,,0.000  	CC2-Concurrent: unknown  ,0.0000   (Solve) ,,5.080  	KleeCLEVER: unknown  ,0.0000  
./merged/EQ_LoopMult20EQ_ltfiveBound/forward CC2-Hybrid: equiv    ,5.2080   (Solve) ,,4.981  	CC2-Concurrent: equiv    ,5.1730   (Solve) ,,4.948  	KleeCLEVER: timeout  ,180.0000
Disagreement error: ./merged/EQ_LoopMult20EQ_ltfiveBound/forward
./merged/EQ_LoopMult20EQ_multiple/back CC2-Hybrid: unknown  ,0.0000   (Solve) ,,0.000  	CC2-Concurrent: unknown  ,0.0000   (Solve) ,,4.948  	KleeCLEVER: unknown  ,0.0000  
./merged/EQ_LoopMult20EQ_multiple/forward CC2-Hybrid: equiv    ,2.4413   (Solve) ,,2.296  	CC2-Concurrent: equiv    ,2.4424   (Solve) ,,2.298  	KleeCLEVER: timeout  ,180.0000
Disagreement error: ./merged/EQ_LoopMult20EQ_multiple/forward
./merged/EQ_LoopMult20EQ_multipleBound/back CC2-Hybrid: unknown  ,0.0000   (Solve) ,,0.000  	CC2-Concurrent: unknown  ,0.0000   (Solve) ,,2.298  	KleeCLEVER: unknown  ,0.0000  
./merged/EQ_LoopMult20EQ_multipleBound/forward CC2-Hybrid: equiv    ,2.4770   (Solve) ,,2.312  	CC2-Concurrent: equiv    ,2.4721   (Solve) ,,2.306  	KleeCLEVER: timeout  ,180.0000
Disagreement error: ./merged/EQ_LoopMult20EQ_multipleBound/forward
./merged/EQ_LoopMult20EQ_odd/back   CC2-Hybrid: unknown  ,0.0000   (Solve) ,,0.000  	CC2-Concurrent: unknown  ,0.0000   (Solve) ,,2.306  	KleeCLEVER: unknown  ,0.0000  
./merged/EQ_LoopMult20EQ_odd/forward CC2-Hybrid: equiv    ,2.3285   (Solve) ,,2.195  	CC2-Concurrent: equiv    ,2.3322   (Solve) ,,2.199  	KleeCLEVER: timeout  ,180.0000
Disagreement error: ./merged/EQ_LoopMult20EQ_odd/forward
./merged/EQ_LoopMult20EQ_one/back   CC2-Hybrid: unknown  ,0.0000   (Solve) ,,0.000  	CC2-Concurrent: unknown  ,0.0000   (Solve) ,,2.199  	KleeCLEVER: unknown  ,0.0000  
./merged/EQ_LoopMult20EQ_one/forward CC2-Hybrid: equiv    ,5.9675   (Solve) ,,5.805  	CC2-Concurrent: equiv    ,6.0115   (Solve) ,,5.857  	KleeCLEVER: timeout  ,180.0000
Disagreement error: ./merged/EQ_LoopMult20EQ_one/forward
./merged/EQ_LoopMult20EQ_oneBound/back CC2-Hybrid: unknown  ,0.0000   (Solve) ,,0.000  	CC2-Concurrent: unknown  ,0.0000   (Solve) ,,5.857  	KleeCLEVER: unknown  ,0.0000  
./merged/EQ_LoopMult20EQ_oneBound/forward CC2-Hybrid: equiv    ,6.0861   (Solve) ,,5.908  	CC2-Concurrent: equiv    ,6.1086   (Solve) ,,5.923  	KleeCLEVER: equiv    ,25.9191 
./merged/EQ_LoopMult20EQ_oneN2/back CC2-Hybrid: unknown  ,0.0000   (Solve) ,,0.000  	CC2-Concurrent: unknown  ,0.0000   (Solve) ,,5.923  	KleeCLEVER: unknown  ,0.0000  
./merged/EQ_LoopMult20EQ_oneN2/forward CC2-Hybrid: equiv    ,6.0189   (Solve) ,,5.867  	CC2-Concurrent: equiv    ,6.0221   (Solve) ,,5.864  	KleeCLEVER: timeout  ,180.0000
Disagreement error: ./merged/EQ_LoopMult20EQ_oneN2/forward
./merged/EQ_LoopMult20EQ_pos/back   CC2-Hybrid: unknown  ,0.0000   (Solve) ,,0.000  	CC2-Concurrent: unknown  ,0.0000   (Solve) ,,5.864  	KleeCLEVER: unknown  ,0.0000  
./merged/EQ_LoopMult20EQ_pos/forward CC2-Hybrid: equiv    ,0.3741   (Solve) ,,0.211  	CC2-Concurrent: equiv    ,0.3780   (Solve) ,,0.216  	KleeCLEVER: equiv    ,0.3178  
./merged/EQ_LoopMult20EQ_pos2/back  CC2-Hybrid: unknown  ,0.0000   (Solve) ,,0.000  	CC2-Concurrent: unknown  ,0.0000   (Solve) ,,0.216  	KleeCLEVER: unknown  ,0.0000  
./merged/EQ_LoopMult20EQ_pos2/forward CC2-Hybrid: equiv    ,0.3739   (Solve) ,,0.214  	CC2-Concurrent: equiv    ,0.3783   (Solve) ,,0.217  	KleeCLEVER: equiv    ,0.3093  
./merged/EQ_LoopMult20EQ_pos3/back  CC2-Hybrid: unknown  ,0.0000   (Solve) ,,0.000  	CC2-Concurrent: unknown  ,0.0000   (Solve) ,,0.217  	KleeCLEVER: unknown  ,0.0000  
./merged/EQ_LoopMult20EQ_pos3/forward CC2-Hybrid: equiv    ,0.2641   (Solve) ,,0.131  	CC2-Concurrent: equiv    ,0.2645   (Solve) ,,0.135  	KleeCLEVER: equiv    ,0.3346  
./merged/EQ_LoopMult20NEQ_LoopMult10/back CC2-Hybrid: not equiv ,0.7681   (Solve) ,,0.480  	CC2-Concurrent: not equiv ,0.7700   (Solve) ,,0.475  	KleeCLEVER: not equiv ,0.2070  
./merged/EQ_LoopMult20NEQ_LoopMult10/forward CC2-Hybrid: equiv    ,0.2215   (Solve) ,,0.092  	CC2-Concurrent: equiv    ,0.2264   (Solve) ,,0.098  	KleeCLEVER: equiv    ,0.5012  
./merged/EQ_LoopMult20NEQ_LoopMult15/back CC2-Hybrid: not equiv ,0.8039   (Solve) ,,0.493  	CC2-Concurrent: not equiv ,0.7749   (Solve) ,,0.485  	KleeCLEVER: not equiv ,0.2405  
./merged/EQ_LoopMult20NEQ_LoopMult15/forward CC2-Hybrid: equiv    ,0.2265   (Solve) ,,0.096  	CC2-Concurrent: equiv    ,0.2345   (Solve) ,,0.102  	KleeCLEVER: equiv    ,0.5095  
./merged/EQ_LoopMult20NEQ_LoopMult2/back CC2-Hybrid: not equiv ,0.5554   (Solve) ,,0.295  	CC2-Concurrent: not equiv ,0.5651   (Solve) ,,0.303  	KleeCLEVER: not equiv ,0.1220  
./merged/EQ_LoopMult20NEQ_LoopMult2/forward CC2-Hybrid: equiv    ,0.1795   (Solve) ,,0.067  	CC2-Concurrent: equiv    ,0.1797   (Solve) ,,0.067  	KleeCLEVER: equiv    ,0.2684  
./merged/EQ_LoopMult20NEQ_LoopMult20/back CC2-Hybrid: not equiv ,0.7965   (Solve) ,,0.517  	CC2-Concurrent: not equiv ,0.8304   (Solve) ,,0.520  	KleeCLEVER: not equiv ,0.2816  
./merged/EQ_LoopMult20NEQ_LoopMult20/forward CC2-Hybrid: equiv    ,0.2296   (Solve) ,,0.099  	CC2-Concurrent: equiv    ,0.2291   (Solve) ,,0.099  	KleeCLEVER: equiv    ,0.6081  
./merged/EQ_LoopMult20NEQ_LoopMult5/back CC2-Hybrid: not equiv ,0.7344   (Solve) ,,0.421  	CC2-Concurrent: not equiv ,0.7148   (Solve) ,,0.416  	KleeCLEVER: not equiv ,0.1713  
./merged/EQ_LoopMult20NEQ_LoopMult5/forward CC2-Hybrid: equiv    ,0.2256   (Solve) ,,0.097  	CC2-Concurrent: equiv    ,0.2278   (Solve) ,,0.096  	KleeCLEVER: equiv    ,0.4165  
./merged/EQ_LoopMult20NEQ_LoopUnreach10/back CC2-Hybrid: not equiv ,0.5361   (Solve) ,,0.248  	CC2-Concurrent: not equiv ,0.5485   (Solve) ,,0.252  	KleeCLEVER: not equiv ,0.1491  
./merged/EQ_LoopMult20NEQ_LoopUnreach10/forward CC2-Hybrid: equiv    ,0.2324   (Solve) ,,0.101  	CC2-Concurrent: equiv    ,0.2287   (Solve) ,,0.092  	KleeCLEVER: equiv    ,0.4967  
./merged/EQ_LoopMult20NEQ_LoopUnreach15/back CC2-Hybrid: not equiv ,0.6032   (Solve) ,,0.292  	CC2-Concurrent: not equiv ,0.5746   (Solve) ,,0.283  	KleeCLEVER: not equiv ,0.1476  
./merged/EQ_LoopMult20NEQ_LoopUnreach15/forward CC2-Hybrid: equiv    ,0.2306   (Solve) ,,0.100  	CC2-Concurrent: equiv    ,0.2329   (Solve) ,,0.101  	KleeCLEVER: equiv    ,0.5144  
./merged/EQ_LoopMult20NEQ_LoopUnreach2/back CC2-Hybrid: not equiv ,0.4651   (Solve) ,,0.198  	CC2-Concurrent: not equiv ,0.4696   (Solve) ,,0.197  	KleeCLEVER: not equiv ,0.1285  
./merged/EQ_LoopMult20NEQ_LoopUnreach2/forward CC2-Hybrid: equiv    ,0.1781   (Solve) ,,0.066  	CC2-Concurrent: equiv    ,0.1865   (Solve) ,,0.069  	KleeCLEVER: equiv    ,0.2673  
./merged/EQ_LoopMult20NEQ_LoopUnreach20/back CC2-Hybrid: not equiv ,0.5462   (Solve) ,,0.249  	CC2-Concurrent: not equiv ,0.5352   (Solve) ,,0.246  	KleeCLEVER: not equiv ,0.1483  
./merged/EQ_LoopMult20NEQ_LoopUnreach20/forward CC2-Hybrid: equiv    ,0.2338   (Solve) ,,0.101  	CC2-Concurrent: equiv    ,0.2323   (Solve) ,,0.099  	KleeCLEVER: equiv    ,0.6045  
./merged/EQ_LoopMult20NEQ_LoopUnreach5/back CC2-Hybrid: not equiv ,0.5687   (Solve) ,,0.250  	CC2-Concurrent: not equiv ,0.5392   (Solve) ,,0.244  	KleeCLEVER: not equiv ,0.1432  
./merged/EQ_LoopMult20NEQ_LoopUnreach5/forward CC2-Hybrid: equiv    ,0.2283   (Solve) ,,0.095  	CC2-Concurrent: equiv    ,0.2239   (Solve) ,,0.095  	KleeCLEVER: equiv    ,0.4199  
./merged/EQ_LoopMult20NEQ_getSign/back CC2-Hybrid: unknown  ,0.0000   (Solve) ,,0.000  	CC2-Concurrent: unknown  ,0.0000   (Solve) ,,0.095  	KleeCLEVER: unknown  ,0.0000  
./merged/EQ_LoopMult20NEQ_getSign/forward CC2-Hybrid: equiv    ,2.5015   (Solve) ,,2.387  	CC2-Concurrent: equiv    ,2.4907   (Solve) ,,2.377  	KleeCLEVER: timeout  ,180.0000
Disagreement error: ./merged/EQ_LoopMult20NEQ_getSign/forward
./merged/EQ_LoopMult2EQ_Add/back    CC2-Hybrid: equiv    ,0.1141   (Solve) ,,0.023  	CC2-Concurrent: equiv    ,0.1175   (Solve) ,,0.023  	KleeCLEVER: equiv    ,0.1126  
./merged/EQ_LoopMult2EQ_Add/forward CC2-Hybrid: equiv    ,0.2983   (Solve) ,,0.197  	CC2-Concurrent: equiv    ,0.3081   (Solve) ,,0.207  	KleeCLEVER: equiv    ,0.1248  
./merged/EQ_LoopMult2EQ_Const/back  CC2-Hybrid: equiv    ,0.1185   (Solve) ,,0.023  	CC2-Concurrent: equiv    ,0.1181   (Solve) ,,0.024  	KleeCLEVER: equiv    ,0.0909  
./merged/EQ_LoopMult2EQ_Const/forward CC2-Hybrid: equiv    ,0.2985   (Solve) ,,0.197  	CC2-Concurrent: equiv    ,0.3063   (Solve) ,,0.204  	KleeCLEVER: equiv    ,0.1231  
./merged/EQ_LoopMult2EQ_LoopMult10/back CC2-Hybrid: equiv    ,0.2044   (Solve) ,,0.069  	CC2-Concurrent: equiv    ,0.2025   (Solve) ,,0.068  	KleeCLEVER: equiv    ,0.2275  
./merged/EQ_LoopMult2EQ_LoopMult10/forward CC2-Hybrid: equiv    ,0.2017   (Solve) ,,0.067  	CC2-Concurrent: equiv    ,0.1991   (Solve) ,,0.066  	KleeCLEVER: equiv    ,0.2251  
./merged/EQ_LoopMult2EQ_LoopMult15/back CC2-Hybrid: equiv    ,0.2095   (Solve) ,,0.069  	CC2-Concurrent: equiv    ,0.1988   (Solve) ,,0.066  	KleeCLEVER: equiv    ,0.2533  
./merged/EQ_LoopMult2EQ_LoopMult15/forward CC2-Hybrid: equiv    ,0.2010   (Solve) ,,0.066  	CC2-Concurrent: equiv    ,0.2033   (Solve) ,,0.069  	KleeCLEVER: equiv    ,0.2547  
./merged/EQ_LoopMult2EQ_LoopMult2/back CC2-Hybrid: equiv    ,0.1300   (Solve) ,,0.026  	CC2-Concurrent: equiv    ,0.1291   (Solve) ,,0.025  	KleeCLEVER: equiv    ,0.0949  
./merged/EQ_LoopMult2EQ_LoopMult2/forward CC2-Hybrid: equiv    ,0.1300   (Solve) ,,0.026  	CC2-Concurrent: equiv    ,0.1276   (Solve) ,,0.025  	KleeCLEVER: equiv    ,0.0982  
./merged/EQ_LoopMult2EQ_LoopMult20/back CC2-Hybrid: equiv    ,0.2043   (Solve) ,,0.069  	CC2-Concurrent: equiv    ,0.2038   (Solve) ,,0.067  	KleeCLEVER: equiv    ,0.2758  
./merged/EQ_LoopMult2EQ_LoopMult20/forward CC2-Hybrid: equiv    ,0.2030   (Solve) ,,0.070  	CC2-Concurrent: equiv    ,0.2002   (Solve) ,,0.070  	KleeCLEVER: equiv    ,0.2945  
./merged/EQ_LoopMult2EQ_LoopMult5/back CC2-Hybrid: equiv    ,0.1999   (Solve) ,,0.067  	CC2-Concurrent: equiv    ,0.1973   (Solve) ,,0.064  	KleeCLEVER: equiv    ,0.1894  
./merged/EQ_LoopMult2EQ_LoopMult5/forward CC2-Hybrid: equiv    ,0.2010   (Solve) ,,0.064  	CC2-Concurrent: equiv    ,0.2039   (Solve) ,,0.066  	KleeCLEVER: equiv    ,0.1852  
./merged/EQ_LoopMult2EQ_LoopUnreach10/back CC2-Hybrid: equiv    ,0.2026   (Solve) ,,0.067  	CC2-Concurrent: equiv    ,0.2012   (Solve) ,,0.064  	KleeCLEVER: equiv    ,0.1428  
./merged/EQ_LoopMult2EQ_LoopUnreach10/forward CC2-Hybrid: equiv    ,0.2032   (Solve) ,,0.069  	CC2-Concurrent: equiv    ,0.2012   (Solve) ,,0.067  	KleeCLEVER: equiv    ,0.2447  
./merged/EQ_LoopMult2EQ_LoopUnreach15/back CC2-Hybrid: equiv    ,0.2098   (Solve) ,,0.067  	CC2-Concurrent: equiv    ,0.2034   (Solve) ,,0.065  	KleeCLEVER: equiv    ,0.1422  
./merged/EQ_LoopMult2EQ_LoopUnreach15/forward CC2-Hybrid: equiv    ,0.2046   (Solve) ,,0.071  	CC2-Concurrent: equiv    ,0.2028   (Solve) ,,0.067  	KleeCLEVER: equiv    ,0.2455  
./merged/EQ_LoopMult2EQ_LoopUnreach2/back CC2-Hybrid: equiv    ,0.1299   (Solve) ,,0.024  	CC2-Concurrent: equiv    ,0.1328   (Solve) ,,0.024  	KleeCLEVER: equiv    ,0.1009  
./merged/EQ_LoopMult2EQ_LoopUnreach2/forward CC2-Hybrid: equiv    ,0.1282   (Solve) ,,0.025  	CC2-Concurrent: equiv    ,0.1295   (Solve) ,,0.025  	KleeCLEVER: equiv    ,0.0930  
./merged/EQ_LoopMult2EQ_LoopUnreach20/back CC2-Hybrid: equiv    ,0.2068   (Solve) ,,0.069  	CC2-Concurrent: equiv    ,0.2065   (Solve) ,,0.070  	KleeCLEVER: equiv    ,0.1246  
./merged/EQ_LoopMult2EQ_LoopUnreach20/forward CC2-Hybrid: equiv    ,0.2003   (Solve) ,,0.067  	CC2-Concurrent: equiv    ,0.2042   (Solve) ,,0.069  	KleeCLEVER: equiv    ,0.2925  
./merged/EQ_LoopMult2EQ_LoopUnreach5/back CC2-Hybrid: equiv    ,0.1998   (Solve) ,,0.062  	CC2-Concurrent: equiv    ,0.2006   (Solve) ,,0.065  	KleeCLEVER: equiv    ,0.1437  
./merged/EQ_LoopMult2EQ_LoopUnreach5/forward CC2-Hybrid: equiv    ,0.2001   (Solve) ,,0.066  	CC2-Concurrent: equiv    ,0.2012   (Solve) ,,0.066  	KleeCLEVER: equiv    ,0.1888  
./merged/EQ_LoopMult2EQ_UnchLoop/back CC2-Hybrid: equiv    ,0.1260   (Solve) ,,0.025  	CC2-Concurrent: equiv    ,0.1304   (Solve) ,,0.026  	KleeCLEVER: equiv    ,0.0951  
./merged/EQ_LoopMult2EQ_UnchLoop/forward CC2-Hybrid: equiv    ,0.2977   (Solve) ,,0.193  	CC2-Concurrent: equiv    ,0.2919   (Solve) ,,0.190  	KleeCLEVER: equiv    ,0.1106  
./merged/EQ_LoopMult2EQ_divide/back CC2-Hybrid: unknown  ,0.0000   (Solve) ,,0.000  	CC2-Concurrent: unknown  ,0.0000   (Solve) ,,0.190  	KleeCLEVER: unknown  ,0.0000  
./merged/EQ_LoopMult2EQ_divide/forward CC2-Hybrid: not equiv ,0.7725   (Solve) ,,0.458  	CC2-Concurrent: not equiv ,0.7655   (Solve) ,,0.459  	KleeCLEVER: not equiv ,0.2058  
./merged/EQ_LoopMult2EQ_getSign2/back CC2-Hybrid: unknown  ,0.0000   (Solve) ,,0.000  	CC2-Concurrent: unknown  ,0.0000   (Solve) ,,0.459  	KleeCLEVER: unknown  ,0.0000  
./merged/EQ_LoopMult2EQ_getSign2/forward CC2-Hybrid: equiv    ,1.2039   (Solve) ,,1.073  	CC2-Concurrent: equiv    ,1.1948   (Solve) ,,1.065  	KleeCLEVER: timeout  ,180.0000
Disagreement error: ./merged/EQ_LoopMult2EQ_getSign2/forward
./merged/EQ_LoopMult2EQ_is_prime1/back CC2-Hybrid: unknown  ,0.0000   (Solve) ,,0.000  	CC2-Concurrent: unknown  ,0.0000   (Solve) ,,1.065  	KleeCLEVER: unknown  ,0.0000  
./merged/EQ_LoopMult2EQ_is_prime1/forward CC2-Hybrid: equiv    ,0.4267   (Solve) ,,0.320  	CC2-Concurrent: equiv    ,0.4087   (Solve) ,,0.302  	KleeCLEVER: timeout  ,180.0000
Disagreement error: ./merged/EQ_LoopMult2EQ_is_prime1/forward
./merged/EQ_LoopMult2EQ_is_prime3/back CC2-Hybrid: unknown  ,0.0000   (Solve) ,,0.000  	CC2-Concurrent: unknown  ,0.0000   (Solve) ,,0.302  	KleeCLEVER: unknown  ,0.0000  
./merged/EQ_LoopMult2EQ_is_prime3/forward CC2-Hybrid: timeout  ,180.0000 (Solve) ,,0.000  	CC2-Concurrent: timeout  ,180.0000 (Solve) ,,0.302  	KleeCLEVER: equiv    ,0.0919  
Disagreement error: ./merged/EQ_LoopMult2EQ_is_prime3/forward
./merged/EQ_LoopMult2EQ_ltfive/back CC2-Hybrid: unknown  ,0.0000   (Solve) ,,0.000  	CC2-Concurrent: unknown  ,0.0000   (Solve) ,,0.302  	KleeCLEVER: unknown  ,0.0000  
./merged/EQ_LoopMult2EQ_ltfive/forward CC2-Hybrid: equiv    ,3.1119   (Solve) ,,2.898  	CC2-Concurrent: equiv    ,3.1006   (Solve) ,,2.900  	KleeCLEVER: timeout  ,180.0000
Disagreement error: ./merged/EQ_LoopMult2EQ_ltfive/forward
./merged/EQ_LoopMult2EQ_ltfiveBound/back CC2-Hybrid: unknown  ,0.0000   (Solve) ,,0.000  	CC2-Concurrent: unknown  ,0.0000   (Solve) ,,2.900  	KleeCLEVER: unknown  ,0.0000  
./merged/EQ_LoopMult2EQ_ltfiveBound/forward CC2-Hybrid: equiv    ,3.1593   (Solve) ,,2.926  	CC2-Concurrent: equiv    ,3.1426   (Solve) ,,2.906  	KleeCLEVER: equiv    ,25.2828 
./merged/EQ_LoopMult2EQ_multiple/back CC2-Hybrid: unknown  ,0.0000   (Solve) ,,0.000  	CC2-Concurrent: unknown  ,0.0000   (Solve) ,,2.906  	KleeCLEVER: unknown  ,0.0000  
./merged/EQ_LoopMult2EQ_multiple/forward CC2-Hybrid: equiv    ,1.3009   (Solve) ,,1.150  	CC2-Concurrent: equiv    ,1.2994   (Solve) ,,1.149  	KleeCLEVER: timeout  ,180.0000
Disagreement error: ./merged/EQ_LoopMult2EQ_multiple/forward
./merged/EQ_LoopMult2EQ_multipleBound/back CC2-Hybrid: unknown  ,0.0000   (Solve) ,,0.000  	CC2-Concurrent: unknown  ,0.0000   (Solve) ,,1.149  	KleeCLEVER: unknown  ,0.0000  
./merged/EQ_LoopMult2EQ_multipleBound/forward CC2-Hybrid: equiv    ,1.3323   (Solve) ,,1.156  	CC2-Concurrent: equiv    ,1.3483   (Solve) ,,1.171  	KleeCLEVER: timeout  ,180.0000
Disagreement error: ./merged/EQ_LoopMult2EQ_multipleBound/forward
./merged/EQ_LoopMult2EQ_odd/back    CC2-Hybrid: unknown  ,0.0000   (Solve) ,,0.000  	CC2-Concurrent: unknown  ,0.0000   (Solve) ,,1.171  	KleeCLEVER: unknown  ,0.0000  
./merged/EQ_LoopMult2EQ_odd/forward CC2-Hybrid: equiv    ,1.2113   (Solve) ,,1.073  	CC2-Concurrent: equiv    ,1.2214   (Solve) ,,1.087  	KleeCLEVER: timeout  ,180.0000
Disagreement error: ./merged/EQ_LoopMult2EQ_odd/forward
./merged/EQ_LoopMult2EQ_one/back    CC2-Hybrid: unknown  ,0.0000   (Solve) ,,0.000  	CC2-Concurrent: unknown  ,0.0000   (Solve) ,,1.087  	KleeCLEVER: unknown  ,0.0000  
./merged/EQ_LoopMult2EQ_one/forward CC2-Hybrid: equiv    ,3.9418   (Solve) ,,3.788  	CC2-Concurrent: equiv    ,3.9088   (Solve) ,,3.752  	KleeCLEVER: timeout  ,180.0000
Disagreement error: ./merged/EQ_LoopMult2EQ_one/forward
./merged/EQ_LoopMult2EQ_oneBound/back CC2-Hybrid: unknown  ,0.0000   (Solve) ,,0.000  	CC2-Concurrent: unknown  ,0.0000   (Solve) ,,3.752  	KleeCLEVER: unknown  ,0.0000  
./merged/EQ_LoopMult2EQ_oneBound/forward CC2-Hybrid: equiv    ,4.0294   (Solve) ,,3.843  	CC2-Concurrent: equiv    ,4.0301   (Solve) ,,3.846  	KleeCLEVER: equiv    ,5.9172  
./merged/EQ_LoopMult2EQ_oneN2/back  CC2-Hybrid: unknown  ,0.0000   (Solve) ,,0.000  	CC2-Concurrent: unknown  ,0.0000   (Solve) ,,3.846  	KleeCLEVER: unknown  ,0.0000  
./merged/EQ_LoopMult2EQ_oneN2/forward CC2-Hybrid: equiv    ,3.9189   (Solve) ,,3.764  	CC2-Concurrent: equiv    ,3.9612   (Solve) ,,3.805  	KleeCLEVER: timeout  ,180.0000
Disagreement error: ./merged/EQ_LoopMult2EQ_oneN2/forward
./merged/EQ_LoopMult2EQ_pos/back    CC2-Hybrid: unknown  ,0.0000   (Solve) ,,0.000  	CC2-Concurrent: unknown  ,0.0000   (Solve) ,,3.805  	KleeCLEVER: unknown  ,0.0000  
./merged/EQ_LoopMult2EQ_pos/forward CC2-Hybrid: equiv    ,0.3228   (Solve) ,,0.158  	CC2-Concurrent: equiv    ,0.3170   (Solve) ,,0.156  	KleeCLEVER: equiv    ,0.1475  
./merged/EQ_LoopMult2EQ_pos2/back   CC2-Hybrid: unknown  ,0.0000   (Solve) ,,0.000  	CC2-Concurrent: unknown  ,0.0000   (Solve) ,,0.156  	KleeCLEVER: unknown  ,0.0000  
./merged/EQ_LoopMult2EQ_pos2/forward CC2-Hybrid: equiv    ,0.3203   (Solve) ,,0.157  	CC2-Concurrent: equiv    ,0.3190   (Solve) ,,0.156  	KleeCLEVER: equiv    ,0.1522  
./merged/EQ_LoopMult2EQ_pos3/back   CC2-Hybrid: unknown  ,0.0000   (Solve) ,,0.000  	CC2-Concurrent: unknown  ,0.0000   (Solve) ,,0.156  	KleeCLEVER: unknown  ,0.0000  
./merged/EQ_LoopMult2EQ_pos3/forward CC2-Hybrid: equiv    ,0.2245   (Solve) ,,0.092  	CC2-Concurrent: equiv    ,0.2285   (Solve) ,,0.095  	KleeCLEVER: equiv    ,0.1376  
./merged/EQ_LoopMult2NEQ_LoopMult10/back CC2-Hybrid: not equiv ,0.4970   (Solve) ,,0.211  	CC2-Concurrent: not equiv ,0.4737   (Solve) ,,0.184  	KleeCLEVER: not equiv ,0.1300  
./merged/EQ_LoopMult2NEQ_LoopMult10/forward CC2-Hybrid: equiv    ,0.2021   (Solve) ,,0.067  	CC2-Concurrent: equiv    ,0.2001   (Solve) ,,0.066  	KleeCLEVER: equiv    ,0.2253  
./merged/EQ_LoopMult2NEQ_LoopMult15/back CC2-Hybrid: not equiv ,0.4543   (Solve) ,,0.169  	CC2-Concurrent: not equiv ,0.4548   (Solve) ,,0.163  	KleeCLEVER: not equiv ,0.1220  
./merged/EQ_LoopMult2NEQ_LoopMult15/forward CC2-Hybrid: equiv    ,0.2035   (Solve) ,,0.069  	CC2-Concurrent: equiv    ,0.2072   (Solve) ,,0.071  	KleeCLEVER: equiv    ,0.2545  
./merged/EQ_LoopMult2NEQ_LoopMult2/back CC2-Hybrid: not equiv ,0.3642   (Solve) ,,0.108  	CC2-Concurrent: not equiv ,0.3629   (Solve) ,,0.110  	KleeCLEVER: not equiv ,0.1371  
./merged/EQ_LoopMult2NEQ_LoopMult2/forward CC2-Hybrid: equiv    ,0.1264   (Solve) ,,0.024  	CC2-Concurrent: equiv    ,0.1274   (Solve) ,,0.024  	KleeCLEVER: equiv    ,0.0968  
./merged/EQ_LoopMult2NEQ_LoopMult20/back CC2-Hybrid: not equiv ,0.4535   (Solve) ,,0.167  	CC2-Concurrent: not equiv ,0.4604   (Solve) ,,0.171  	KleeCLEVER: not equiv ,0.1169  
./merged/EQ_LoopMult2NEQ_LoopMult20/forward CC2-Hybrid: equiv    ,0.2103   (Solve) ,,0.069  	CC2-Concurrent: equiv    ,0.2001   (Solve) ,,0.068  	KleeCLEVER: equiv    ,0.2936  
./merged/EQ_LoopMult2NEQ_LoopMult5/back CC2-Hybrid: not equiv ,0.4737   (Solve) ,,0.188  	CC2-Concurrent: not equiv ,0.4668   (Solve) ,,0.181  	KleeCLEVER: not equiv ,0.1175  
./merged/EQ_LoopMult2NEQ_LoopMult5/forward CC2-Hybrid: equiv    ,0.2017   (Solve) ,,0.067  	CC2-Concurrent: equiv    ,0.2013   (Solve) ,,0.065  	KleeCLEVER: equiv    ,0.1968  
./merged/EQ_LoopMult2NEQ_LoopUnreach10/back CC2-Hybrid: not equiv ,0.4925   (Solve) ,,0.192  	CC2-Concurrent: not equiv ,0.4737   (Solve) ,,0.174  	KleeCLEVER: not equiv ,0.1311  
./merged/EQ_LoopMult2NEQ_LoopUnreach10/forward CC2-Hybrid: equiv    ,0.2005   (Solve) ,,0.069  	CC2-Concurrent: equiv    ,0.2066   (Solve) ,,0.071  	KleeCLEVER: equiv    ,0.2328  
./merged/EQ_LoopMult2NEQ_LoopUnreach15/back CC2-Hybrid: not equiv ,0.4986   (Solve) ,,0.197  	CC2-Concurrent: not equiv ,0.4773   (Solve) ,,0.192  	KleeCLEVER: not equiv ,0.1261  
./merged/EQ_LoopMult2NEQ_LoopUnreach15/forward CC2-Hybrid: equiv    ,0.2055   (Solve) ,,0.068  	CC2-Concurrent: equiv    ,0.2040   (Solve) ,,0.070  	KleeCLEVER: equiv    ,0.2542  
./merged/EQ_LoopMult2NEQ_LoopUnreach2/back CC2-Hybrid: not equiv ,0.3654   (Solve) ,,0.106  	CC2-Concurrent: not equiv ,0.3666   (Solve) ,,0.112  	KleeCLEVER: not equiv ,0.1055  
./merged/EQ_LoopMult2NEQ_LoopUnreach2/forward CC2-Hybrid: equiv    ,0.1292   (Solve) ,,0.026  	CC2-Concurrent: equiv    ,0.1319   (Solve) ,,0.026  	KleeCLEVER: equiv    ,0.0961  
./merged/EQ_LoopMult2NEQ_LoopUnreach20/back CC2-Hybrid: not equiv ,0.4725   (Solve) ,,0.183  	CC2-Concurrent: not equiv ,0.4924   (Solve) ,,0.195  	KleeCLEVER: not equiv ,0.1255  
./merged/EQ_LoopMult2NEQ_LoopUnreach20/forward CC2-Hybrid: equiv    ,0.2064   (Solve) ,,0.070  	CC2-Concurrent: equiv    ,0.2048   (Solve) ,,0.071  	KleeCLEVER: equiv    ,0.2968  
./merged/EQ_LoopMult2NEQ_LoopUnreach5/back CC2-Hybrid: not equiv ,0.4724   (Solve) ,,0.176  	CC2-Concurrent: not equiv ,0.4699   (Solve) ,,0.176  	KleeCLEVER: not equiv ,0.1375  
./merged/EQ_LoopMult2NEQ_LoopUnreach5/forward CC2-Hybrid: equiv    ,0.2020   (Solve) ,,0.069  	CC2-Concurrent: equiv    ,0.1995   (Solve) ,,0.065  	KleeCLEVER: equiv    ,0.1883  
./merged/EQ_LoopMult2NEQ_getSign/back CC2-Hybrid: unknown  ,0.0000   (Solve) ,,0.000  	CC2-Concurrent: unknown  ,0.0000   (Solve) ,,0.065  	KleeCLEVER: unknown  ,0.0000  
./merged/EQ_LoopMult2NEQ_getSign/forward CC2-Hybrid: equiv    ,1.1253   (Solve) ,,1.018  	CC2-Concurrent: equiv    ,1.1253   (Solve) ,,1.020  	KleeCLEVER: timeout  ,180.0000
Disagreement error: ./merged/EQ_LoopMult2NEQ_getSign/forward
./merged/EQ_LoopMult5EQ_Add/back    CC2-Hybrid: equiv    ,0.1468   (Solve) ,,0.046  	CC2-Concurrent: equiv    ,0.1460   (Solve) ,,0.045  	KleeCLEVER: equiv    ,0.1460  
./merged/EQ_LoopMult5EQ_Add/forward CC2-Hybrid: equiv    ,0.5729   (Solve) ,,0.463  	CC2-Concurrent: equiv    ,0.5543   (Solve) ,,0.443  	KleeCLEVER: equiv    ,0.2093  
./merged/EQ_LoopMult5EQ_Const/back  CC2-Hybrid: equiv    ,0.1511   (Solve) ,,0.044  	CC2-Concurrent: equiv    ,0.1502   (Solve) ,,0.044  	KleeCLEVER: equiv    ,0.1130  
./merged/EQ_LoopMult5EQ_Const/forward CC2-Hybrid: equiv    ,0.5643   (Solve) ,,0.454  	CC2-Concurrent: equiv    ,0.5624   (Solve) ,,0.450  	KleeCLEVER: equiv    ,0.2106  
./merged/EQ_LoopMult5EQ_LoopMult10/back CC2-Hybrid: equiv    ,0.2260   (Solve) ,,0.093  	CC2-Concurrent: equiv    ,0.2243   (Solve) ,,0.092  	KleeCLEVER: equiv    ,0.3358  
./merged/EQ_LoopMult5EQ_LoopMult10/forward CC2-Hybrid: equiv    ,0.2269   (Solve) ,,0.095  	CC2-Concurrent: equiv    ,0.2234   (Solve) ,,0.090  	KleeCLEVER: equiv    ,0.3352  
./merged/EQ_LoopMult5EQ_LoopMult15/back CC2-Hybrid: equiv    ,0.2289   (Solve) ,,0.097  	CC2-Concurrent: equiv    ,0.2296   (Solve) ,,0.098  	KleeCLEVER: equiv    ,0.3642  
./merged/EQ_LoopMult5EQ_LoopMult15/forward CC2-Hybrid: equiv    ,0.2320   (Solve) ,,0.099  	CC2-Concurrent: equiv    ,0.2323   (Solve) ,,0.099  	KleeCLEVER: equiv    ,0.3579  
./merged/EQ_LoopMult5EQ_LoopMult2/back CC2-Hybrid: equiv    ,0.1764   (Solve) ,,0.065  	CC2-Concurrent: equiv    ,0.1764   (Solve) ,,0.064  	KleeCLEVER: equiv    ,0.1934  
./merged/EQ_LoopMult5EQ_LoopMult2/forward CC2-Hybrid: equiv    ,0.1782   (Solve) ,,0.067  	CC2-Concurrent: equiv    ,0.1754   (Solve) ,,0.064  	KleeCLEVER: equiv    ,0.1899  
./merged/EQ_LoopMult5EQ_LoopMult20/back CC2-Hybrid: equiv    ,0.2290   (Solve) ,,0.094  	CC2-Concurrent: equiv    ,0.2284   (Solve) ,,0.095  	KleeCLEVER: equiv    ,0.4213  
./merged/EQ_LoopMult5EQ_LoopMult20/forward CC2-Hybrid: equiv    ,0.2271   (Solve) ,,0.095  	CC2-Concurrent: equiv    ,0.2324   (Solve) ,,0.099  	KleeCLEVER: equiv    ,0.4230  
./merged/EQ_LoopMult5EQ_LoopMult5/back CC2-Hybrid: equiv    ,0.2270   (Solve) ,,0.094  	CC2-Concurrent: equiv    ,0.2257   (Solve) ,,0.093  	KleeCLEVER: equiv    ,0.2864  
./merged/EQ_LoopMult5EQ_LoopMult5/forward CC2-Hybrid: equiv    ,0.2210   (Solve) ,,0.090  	CC2-Concurrent: equiv    ,0.2240   (Solve) ,,0.091  	KleeCLEVER: equiv    ,0.2844  
./merged/EQ_LoopMult5EQ_LoopUnreach10/back CC2-Hybrid: equiv    ,0.2313   (Solve) ,,0.095  	CC2-Concurrent: equiv    ,0.2288   (Solve) ,,0.093  	KleeCLEVER: equiv    ,0.1707  
./merged/EQ_LoopMult5EQ_LoopUnreach10/forward CC2-Hybrid: equiv    ,0.2278   (Solve) ,,0.095  	CC2-Concurrent: equiv    ,0.2245   (Solve) ,,0.092  	KleeCLEVER: equiv    ,0.3361  
./merged/EQ_LoopMult5EQ_LoopUnreach15/back CC2-Hybrid: equiv    ,0.2348   (Solve) ,,0.099  	CC2-Concurrent: equiv    ,0.2316   (Solve) ,,0.097  	KleeCLEVER: equiv    ,0.1764  
./merged/EQ_LoopMult5EQ_LoopUnreach15/forward CC2-Hybrid: equiv    ,0.2316   (Solve) ,,0.099  	CC2-Concurrent: equiv    ,0.2279   (Solve) ,,0.098  	KleeCLEVER: equiv    ,0.3621  
./merged/EQ_LoopMult5EQ_LoopUnreach2/back CC2-Hybrid: equiv    ,0.1812   (Solve) ,,0.067  	CC2-Concurrent: equiv    ,0.1756   (Solve) ,,0.060  	KleeCLEVER: equiv    ,0.1461  
./merged/EQ_LoopMult5EQ_LoopUnreach2/forward CC2-Hybrid: equiv    ,0.1824   (Solve) ,,0.067  	CC2-Concurrent: equiv    ,0.1752   (Solve) ,,0.064  	KleeCLEVER: equiv    ,0.1636  
./merged/EQ_LoopMult5EQ_LoopUnreach20/back CC2-Hybrid: equiv    ,0.2335   (Solve) ,,0.100  	CC2-Concurrent: equiv    ,0.2358   (Solve) ,,0.101  	KleeCLEVER: equiv    ,0.1636  
./merged/EQ_LoopMult5EQ_LoopUnreach20/forward CC2-Hybrid: equiv    ,0.2297   (Solve) ,,0.098  	CC2-Concurrent: equiv    ,0.2310   (Solve) ,,0.098  	KleeCLEVER: equiv    ,0.4171  
./merged/EQ_LoopMult5EQ_LoopUnreach5/back CC2-Hybrid: equiv    ,0.2292   (Solve) ,,0.093  	CC2-Concurrent: equiv    ,0.2297   (Solve) ,,0.093  	KleeCLEVER: equiv    ,0.1739  
./merged/EQ_LoopMult5EQ_LoopUnreach5/forward CC2-Hybrid: equiv    ,0.2218   (Solve) ,,0.089  	CC2-Concurrent: equiv    ,0.2293   (Solve) ,,0.093  	KleeCLEVER: equiv    ,0.2804  
./merged/EQ_LoopMult5EQ_UnchLoop/back CC2-Hybrid: equiv    ,0.1976   (Solve) ,,0.088  	CC2-Concurrent: equiv    ,0.2007   (Solve) ,,0.088  	KleeCLEVER: equiv    ,0.1901  
./merged/EQ_LoopMult5EQ_UnchLoop/forward CC2-Hybrid: equiv    ,0.5669   (Solve) ,,0.455  	CC2-Concurrent: equiv    ,0.5569   (Solve) ,,0.448  	KleeCLEVER: equiv    ,0.2133  
./merged/EQ_LoopMult5EQ_divide/back CC2-Hybrid: unknown  ,0.0000   (Solve) ,,0.000  	CC2-Concurrent: unknown  ,0.0000   (Solve) ,,0.448  	KleeCLEVER: unknown  ,0.0000  
./merged/EQ_LoopMult5EQ_divide/forward CC2-Hybrid: not equiv ,0.8738   (Solve) ,,0.559  	CC2-Concurrent: not equiv ,0.8756   (Solve) ,,0.561  	KleeCLEVER: not equiv ,0.1770  
./merged/EQ_LoopMult5EQ_getSign2/back CC2-Hybrid: unknown  ,0.0000   (Solve) ,,0.000  	CC2-Concurrent: unknown  ,0.0000   (Solve) ,,0.561  	KleeCLEVER: unknown  ,0.0000  
./merged/EQ_LoopMult5EQ_getSign2/forward CC2-Hybrid: equiv    ,2.2840   (Solve) ,,2.158  	CC2-Concurrent: equiv    ,2.2907   (Solve) ,,2.162  	KleeCLEVER: timeout  ,180.0000
Disagreement error: ./merged/EQ_LoopMult5EQ_getSign2/forward
./merged/EQ_LoopMult5EQ_is_prime1/back CC2-Hybrid: unknown  ,0.0000   (Solve) ,,0.000  	CC2-Concurrent: unknown  ,0.0000   (Solve) ,,2.162  	KleeCLEVER: unknown  ,0.0000  
./merged/EQ_LoopMult5EQ_is_prime1/forward CC2-Hybrid: equiv    ,1.0672   (Solve) ,,0.956  	CC2-Concurrent: equiv    ,1.0731   (Solve) ,,0.959  	KleeCLEVER: timeout  ,180.0000
Disagreement error: ./merged/EQ_LoopMult5EQ_is_prime1/forward
./merged/EQ_LoopMult5EQ_is_prime3/back CC2-Hybrid: unknown  ,0.0000   (Solve) ,,0.000  	CC2-Concurrent: unknown  ,0.0000   (Solve) ,,0.959  	KleeCLEVER: unknown  ,0.0000  
./merged/EQ_LoopMult5EQ_is_prime3/forward CC2-Hybrid: equiv    ,1.8063   (Solve) ,,0.967  	CC2-Concurrent: equiv    ,1.7954   (Solve) ,,0.974  	KleeCLEVER: equiv    ,0.0962  
./merged/EQ_LoopMult5EQ_ltfive/back CC2-Hybrid: unknown  ,0.0000   (Solve) ,,0.000  	CC2-Concurrent: unknown  ,0.0000   (Solve) ,,0.974  	KleeCLEVER: unknown  ,0.0000  
./merged/EQ_LoopMult5EQ_ltfive/forward CC2-Hybrid: equiv    ,5.3911   (Solve) ,,5.194  	CC2-Concurrent: equiv    ,5.4183   (Solve) ,,5.222  	KleeCLEVER: timeout  ,180.0000
Disagreement error: ./merged/EQ_LoopMult5EQ_ltfive/forward
./merged/EQ_LoopMult5EQ_ltfiveBound/back CC2-Hybrid: unknown  ,0.0000   (Solve) ,,0.000  	CC2-Concurrent: unknown  ,0.0000   (Solve) ,,5.222  	KleeCLEVER: unknown  ,0.0000  
./merged/EQ_LoopMult5EQ_ltfiveBound/forward CC2-Hybrid: equiv    ,5.3077   (Solve) ,,5.082  	CC2-Concurrent: equiv    ,5.2525   (Solve) ,,5.020  	KleeCLEVER: timeout  ,180.0000
Disagreement error: ./merged/EQ_LoopMult5EQ_ltfiveBound/forward
./merged/EQ_LoopMult5EQ_multiple/back CC2-Hybrid: unknown  ,0.0000   (Solve) ,,0.000  	CC2-Concurrent: unknown  ,0.0000   (Solve) ,,5.020  	KleeCLEVER: unknown  ,0.0000  
./merged/EQ_LoopMult5EQ_multiple/forward CC2-Hybrid: equiv    ,2.4438   (Solve) ,,2.298  	CC2-Concurrent: equiv    ,2.4196   (Solve) ,,2.276  	KleeCLEVER: timeout  ,180.0000
Disagreement error: ./merged/EQ_LoopMult5EQ_multiple/forward
./merged/EQ_LoopMult5EQ_multipleBound/back CC2-Hybrid: unknown  ,0.0000   (Solve) ,,0.000  	CC2-Concurrent: unknown  ,0.0000   (Solve) ,,2.276  	KleeCLEVER: unknown  ,0.0000  
./merged/EQ_LoopMult5EQ_multipleBound/forward CC2-Hybrid: equiv    ,2.4696   (Solve) ,,2.304  	CC2-Concurrent: equiv    ,2.4814   (Solve) ,,2.313  	KleeCLEVER: timeout  ,180.0000
Disagreement error: ./merged/EQ_LoopMult5EQ_multipleBound/forward
./merged/EQ_LoopMult5EQ_odd/back    CC2-Hybrid: unknown  ,0.0000   (Solve) ,,0.000  	CC2-Concurrent: unknown  ,0.0000   (Solve) ,,2.313  	KleeCLEVER: unknown  ,0.0000  
./merged/EQ_LoopMult5EQ_odd/forward CC2-Hybrid: equiv    ,2.2999   (Solve) ,,2.165  	CC2-Concurrent: equiv    ,2.3277   (Solve) ,,2.194  	KleeCLEVER: timeout  ,180.0000
Disagreement error: ./merged/EQ_LoopMult5EQ_odd/forward
./merged/EQ_LoopMult5EQ_one/back    CC2-Hybrid: unknown  ,0.0000   (Solve) ,,0.000  	CC2-Concurrent: unknown  ,0.0000   (Solve) ,,2.194  	KleeCLEVER: unknown  ,0.0000  
