./nestedMerge/EQ_AddEQ_UnchLoop/libA CC2-Hybrid: unknown  ,0.0000   (Solve) ,,0.000  	CC2-Concurrent: unknown  ,0.0000   (Solve) ,,0.000  	KleeCLEVER: unknown  ,0.0000  	llReve: unknown  ,0.0100  
./nestedMerge/EQ_AddEQ_is_prime2/libA CC2-Hybrid: equiv    ,2.1722   (Solve) ,,1.299  	CC2-Concurrent: unknown  ,0.0000   (Solve) ,,0.000  	KleeCLEVER: equiv    ,0.1115  	llReve: unknown  ,0.0200  
./nestedMerge/EQ_AddEQ_odd/libA     CC2-Hybrid: equiv    ,1.0103   (Solve) ,,0.283  	CC2-Concurrent: unknown  ,0.0000   (Solve) ,,0.000  	KleeCLEVER: equiv    ,0.1034  	llReve: unknown  ,0.0200  
./nestedMerge/EQ_AddEQ_pos/libA     CC2-Hybrid: equiv    ,11.2714  (Solve) ,,11.058 	CC2-Concurrent: unknown  ,0.0000   (Solve) ,,0.000  	KleeCLEVER: equiv    ,0.1176  	llReve: unknown  ,0.0200  
./nestedMerge/EQ_AddEQ_pos2/libA    CC2-Hybrid: equiv    ,0.2780   (Solve) ,,0.145  	CC2-Concurrent: unknown  ,0.0000   (Solve) ,,0.000  	KleeCLEVER: equiv    ,0.0997  	llReve: not equiv ,0.0400  
./nestedMerge/EQ_AddEXTRA_ultra_prime_sum/libA CC2-Hybrid: equiv    ,84.0380  (Solve) ,,82.481 	CC2-Concurrent: unknown  ,0.0000   (Solve) ,,0.000  	KleeCLEVER: equiv    ,0.1490  	llReve: timeout  ,300.0000
./nestedMerge/EQ_ConstEQ_UnchLoop/libA CC2-Hybrid: unknown  ,0.0000   (Solve) ,,0.000  	CC2-Concurrent: unknown  ,0.0000   (Solve) ,,0.000  	KleeCLEVER: unknown  ,0.0000  	llReve: unknown  ,0.0100  
./nestedMerge/EQ_ConstEQ_is_prime2/libA CC2-Hybrid: equiv    ,2.1861   (Solve) ,,1.304  	CC2-Concurrent: unknown  ,0.0000   (Solve) ,,0.000  	KleeCLEVER: equiv    ,0.1143  	llReve: unknown  ,0.0400  
./nestedMerge/EQ_ConstEQ_odd/libA   CC2-Hybrid: equiv    ,1.0021   (Solve) ,,0.282  	CC2-Concurrent: unknown  ,0.0000   (Solve) ,,0.000  	KleeCLEVER: equiv    ,0.0976  	llReve: unknown  ,0.0300  
./nestedMerge/EQ_ConstEQ_pos/libA   CC2-Hybrid: equiv    ,11.2766  (Solve) ,,11.058 	CC2-Concurrent: unknown  ,0.0000   (Solve) ,,0.000  	KleeCLEVER: equiv    ,0.1171  	llReve: unknown  ,0.0300  
./nestedMerge/EQ_ConstEQ_pos2/libA  CC2-Hybrid: equiv    ,0.2853   (Solve) ,,0.149  	CC2-Concurrent: unknown  ,0.0000   (Solve) ,,0.000  	KleeCLEVER: equiv    ,0.1023  	llReve: not equiv ,0.0500  
./nestedMerge/EQ_ConstEXTRA_ultra_prime_sum/libA CC2-Hybrid: equiv    ,77.0987  (Solve) ,,75.521 	CC2-Concurrent: unknown  ,0.0000   (Solve) ,,0.000  	KleeCLEVER: equiv    ,0.1212  	llReve: timeout  ,300.0000
./nestedMerge/EQ_LoopMult20EQ_UnchLoop/libA CC2-Hybrid: unknown  ,0.0000   (Solve) ,,0.000  	CC2-Concurrent: unknown  ,0.0000   (Solve) ,,0.000  	KleeCLEVER: unknown  ,0.0000  	llReve: unknown  ,0.0100  
./nestedMerge/EQ_LoopMult20EQ_is_prime2/libA CC2-Hybrid: not equiv ,1.3129   (Solve) ,,0.829  	CC2-Concurrent: unknown  ,0.0000   (Solve) ,,0.000  	KleeCLEVER: not equiv ,0.4184  	llReve: unknown  ,0.0400  
./nestedMerge/EQ_LoopMult20EQ_odd/libA CC2-Hybrid: equiv    ,1.2912   (Solve) ,,0.546  	CC2-Concurrent: unknown  ,0.0000   (Solve) ,,0.000  	KleeCLEVER: equiv    ,0.2543  	llReve: unknown  ,0.0300  
./nestedMerge/EQ_LoopMult20EQ_pos/libA CC2-Hybrid: equiv    ,0.7057   (Solve) ,,0.469  	CC2-Concurrent: unknown  ,0.0000   (Solve) ,,0.000  	KleeCLEVER: equiv    ,0.4229  	llReve: unknown  ,0.0300  
./nestedMerge/EQ_LoopMult20EQ_pos2/libA CC2-Hybrid: equiv    ,0.3184   (Solve) ,,0.136  	CC2-Concurrent: unknown  ,0.0000   (Solve) ,,0.000  	KleeCLEVER: equiv    ,0.4428  	llReve: not equiv ,0.0700  
./nestedMerge/EQ_LoopMult20EXTRA_ultra_prime_sum/libA CC2-Hybrid: equiv    ,76.3194  (Solve) ,,74.686 	CC2-Concurrent: unknown  ,0.0000   (Solve) ,,0.000  	KleeCLEVER: equiv    ,0.4007  	llReve: timeout  ,300.0000
./nestedMerge/EQ_LoopUnreach20EQ_UnchLoop/libA CC2-Hybrid: unknown  ,0.0000   (Solve) ,,0.000  	CC2-Concurrent: unknown  ,0.0000   (Solve) ,,0.000  	KleeCLEVER: unknown  ,0.0000  	llReve: unknown  ,0.0100  
./nestedMerge/EQ_LoopUnreach20EQ_is_prime2/libA CC2-Hybrid: not equiv ,1.2998   (Solve) ,,0.827  	CC2-Concurrent: unknown  ,0.0000   (Solve) ,,0.000  	KleeCLEVER: not equiv ,0.4158  	llReve: unknown  ,0.0400  
./nestedMerge/EQ_LoopUnreach20EQ_odd/libA CC2-Hybrid: equiv    ,1.2878   (Solve) ,,0.533  	CC2-Concurrent: unknown  ,0.0000   (Solve) ,,0.000  	KleeCLEVER: equiv    ,0.2545  	llReve: unknown  ,0.0300  
./nestedMerge/EQ_LoopUnreach20EQ_pos/libA CC2-Hybrid: equiv    ,0.7218   (Solve) ,,0.485  	CC2-Concurrent: unknown  ,0.0000   (Solve) ,,0.000  	KleeCLEVER: equiv    ,0.4193  	llReve: unknown  ,0.0300  
./nestedMerge/EQ_LoopUnreach20EQ_pos2/libA CC2-Hybrid: equiv    ,0.3169   (Solve) ,,0.141  	CC2-Concurrent: unknown  ,0.0000   (Solve) ,,0.000  	KleeCLEVER: equiv    ,0.4405  	llReve: not equiv ,0.0300  
./nestedMerge/EQ_LoopUnreach20EXTRA_ultra_prime_sum/libA CC2-Hybrid: equiv    ,76.3814  (Solve) ,,74.762 	CC2-Concurrent: unknown  ,0.0000   (Solve) ,,0.000  	KleeCLEVER: equiv    ,0.3977  	llReve: timeout  ,300.0000
./nestedMerge/EQ_UnchLoopEQ_Add/libA CC2-Hybrid: unknown  ,0.0000   (Solve) ,,0.000  	CC2-Concurrent: unknown  ,0.0000   (Solve) ,,0.000  	KleeCLEVER: unknown  ,0.0000  	llReve: unknown  ,0.0100  
./nestedMerge/EQ_UnchLoopEQ_Const/libA CC2-Hybrid: unknown  ,0.0000   (Solve) ,,0.000  	CC2-Concurrent: unknown  ,0.0000   (Solve) ,,0.000  	KleeCLEVER: unknown  ,0.0000  	llReve: unknown  ,0.0100  
./nestedMerge/EQ_UnchLoopEQ_LoopMult20/libA CC2-Hybrid: equiv    ,1.0405   (Solve) ,,0.282  	CC2-Concurrent: unknown  ,0.0000   (Solve) ,,0.000  	KleeCLEVER: equiv    ,0.1024  	llReve: equiv    ,0.0300  
./nestedMerge/EQ_UnchLoopEQ_LoopUnreach20/libA CC2-Hybrid: equiv    ,1.0486   (Solve) ,,0.313  	CC2-Concurrent: unknown  ,0.0000   (Solve) ,,0.000  	KleeCLEVER: equiv    ,0.1053  	llReve: equiv    ,0.0200  
./nestedMerge/EQ_UnchLoopEQ_UnchLoop/libA CC2-Hybrid: unknown  ,0.0000   (Solve) ,,0.000  	CC2-Concurrent: unknown  ,0.0000   (Solve) ,,0.000  	KleeCLEVER: unknown  ,0.0000  	llReve: unknown  ,0.0100  
./nestedMerge/EQ_UnchLoopEQ_divide/libA CC2-Hybrid: equiv    ,0.1817   (Solve) ,,0.046  	CC2-Concurrent: unknown  ,0.0000   (Solve) ,,0.000  	KleeCLEVER: equiv    ,0.1205  	llReve: equiv    ,0.0200  
./nestedMerge/EQ_UnchLoopEQ_getSign2/libA CC2-Hybrid: equiv    ,0.9639   (Solve) ,,0.246  	CC2-Concurrent: unknown  ,0.0000   (Solve) ,,0.000  	KleeCLEVER: equiv    ,0.0988  	llReve: equiv    ,0.0300  
./nestedMerge/EQ_UnchLoopEQ_is_prime1/libA CC2-Hybrid: equiv    ,1.1299   (Solve) ,,0.379  	CC2-Concurrent: unknown  ,0.0000   (Solve) ,,0.000  	KleeCLEVER: equiv    ,0.1036  	llReve: unknown  ,0.0200  
./nestedMerge/EQ_UnchLoopEQ_is_prime2/libA CC2-Hybrid: equiv    ,2.1727   (Solve) ,,1.313  	CC2-Concurrent: unknown  ,0.0000   (Solve) ,,0.000  	KleeCLEVER: equiv    ,0.1077  	llReve: unknown  ,0.0300  
./nestedMerge/EQ_UnchLoopEQ_is_prime3/libA CC2-Hybrid: equiv    ,1.5350   (Solve) ,,0.474  	CC2-Concurrent: unknown  ,0.0000   (Solve) ,,0.000  	KleeCLEVER: equiv    ,0.1271  	llReve: unknown  ,0.0400  
./nestedMerge/EQ_UnchLoopEQ_ltfive/libA CC2-Hybrid: equiv    ,1.2692   (Solve) ,,0.482  	CC2-Concurrent: unknown  ,0.0000   (Solve) ,,0.000  	KleeCLEVER: equiv    ,0.0976  	llReve: equiv    ,0.0200  
./nestedMerge/EQ_UnchLoopEQ_ltfiveBound/libA CC2-Hybrid: equiv    ,0.4736   (Solve) ,,0.240  	CC2-Concurrent: unknown  ,0.0000   (Solve) ,,0.000  	KleeCLEVER: equiv    ,0.1026  	llReve: equiv    ,0.0300  
./nestedMerge/EQ_UnchLoopEQ_multiple/libA CC2-Hybrid: equiv    ,0.9587   (Solve) ,,0.257  	CC2-Concurrent: unknown  ,0.0000   (Solve) ,,0.000  	KleeCLEVER: equiv    ,0.1041  	llReve: equiv    ,0.0200  
./nestedMerge/EQ_UnchLoopEQ_multipleBound/libA CC2-Hybrid: equiv    ,1.0018   (Solve) ,,0.261  	CC2-Concurrent: unknown  ,0.0000   (Solve) ,,0.000  	KleeCLEVER: equiv    ,0.1039  	llReve: equiv    ,0.0200  
./nestedMerge/EQ_UnchLoopEQ_odd/libA CC2-Hybrid: equiv    ,1.0130   (Solve) ,,0.278  	CC2-Concurrent: unknown  ,0.0000   (Solve) ,,0.000  	KleeCLEVER: equiv    ,0.0994  	llReve: unknown  ,0.0100  
./nestedMerge/EQ_UnchLoopEQ_one/libA CC2-Hybrid: not equiv ,0.7134   (Solve) ,,0.366  	CC2-Concurrent: unknown  ,0.0000   (Solve) ,,0.000  	KleeCLEVER: not equiv ,0.0991  	llReve: not equiv ,0.0200  
./nestedMerge/EQ_UnchLoopEQ_oneBound/libA CC2-Hybrid: equiv    ,0.4744   (Solve) ,,0.260  	CC2-Concurrent: unknown  ,0.0000   (Solve) ,,0.000  	KleeCLEVER: equiv    ,0.1009  	llReve: equiv    ,0.0300  
./nestedMerge/EQ_UnchLoopEQ_oneN2/libA CC2-Hybrid: equiv    ,1.2687   (Solve) ,,0.501  	CC2-Concurrent: unknown  ,0.0000   (Solve) ,,0.000  	KleeCLEVER: equiv    ,0.0998  	llReve: equiv    ,0.0200  
./nestedMerge/EQ_UnchLoopEQ_pos/libA CC2-Hybrid: equiv    ,11.2765  (Solve) ,,11.066 	CC2-Concurrent: unknown  ,0.0000   (Solve) ,,0.000  	KleeCLEVER: equiv    ,0.1225  	llReve: unknown  ,0.0100  
./nestedMerge/EQ_UnchLoopEQ_pos2/libA CC2-Hybrid: equiv    ,0.2772   (Solve) ,,0.141  	CC2-Concurrent: unknown  ,0.0000   (Solve) ,,0.000  	KleeCLEVER: equiv    ,0.1022  	llReve: not equiv ,0.0300  
./nestedMerge/EQ_UnchLoopEQ_pos3/libA CC2-Hybrid: equiv    ,0.9401   (Solve) ,,0.224  	CC2-Concurrent: unknown  ,0.0000   (Solve) ,,0.000  	KleeCLEVER: equiv    ,0.1092  	llReve: equiv    ,0.0200  
./nestedMerge/EQ_UnchLoopEXTRA_ultra_prime_sum/libA CC2-Hybrid: equiv    ,82.1687  (Solve) ,,80.604 	CC2-Concurrent: unknown  ,0.0000   (Solve) ,,0.000  	KleeCLEVER: equiv    ,0.1255  	llReve: timeout  ,300.0000
./nestedMerge/EQ_UnchLoopNEQ_LoopMult20/libA CC2-Hybrid: equiv    ,1.0629   (Solve) ,,0.293  	CC2-Concurrent: unknown  ,0.0000   (Solve) ,,0.000  	KleeCLEVER: equiv    ,0.0963  	llReve: equiv    ,0.0400  
./nestedMerge/EQ_UnchLoopNEQ_LoopUnreach20/libA CC2-Hybrid: equiv    ,0.9191   (Solve) ,,0.188  	CC2-Concurrent: unknown  ,0.0000   (Solve) ,,0.000  	KleeCLEVER: equiv    ,0.0998  	llReve: equiv    ,0.0400  
./nestedMerge/EQ_UnchLoopNEQ_getSign/libA CC2-Hybrid: equiv    ,0.9379   (Solve) ,,0.233  	CC2-Concurrent: unknown  ,0.0000   (Solve) ,,0.000  	KleeCLEVER: equiv    ,0.0956  	llReve: equiv    ,0.0200  
./nestedMerge/EQ_divideEQ_UnchLoop/libA CC2-Hybrid: unknown  ,0.0000   (Solve) ,,0.000  	CC2-Concurrent: unknown  ,0.0000   (Solve) ,,0.000  	KleeCLEVER: unknown  ,0.0000  	llReve: unknown  ,0.0100  
./nestedMerge/EQ_divideEQ_is_prime2/libA CC2-Hybrid: not equiv ,1.6461   (Solve) ,,1.174  	CC2-Concurrent: unknown  ,0.0000   (Solve) ,,0.000  	KleeCLEVER: not equiv ,0.7501  	llReve: unknown  ,0.0200  
./nestedMerge/EQ_divideEQ_odd/libA  CC2-Hybrid: equiv    ,12.7006  (Solve) ,,11.928 	CC2-Concurrent: unknown  ,0.0000   (Solve) ,,0.000  	KleeCLEVER: timeout  ,300.0000	llReve: unknown  ,0.0200  
./nestedMerge/EQ_divideEQ_pos/libA  CC2-Hybrid: equiv    ,22.4055  (Solve) ,,21.489 	CC2-Concurrent: unknown  ,0.0000   (Solve) ,,0.000  	KleeCLEVER: timeout  ,300.0000	llReve: unknown  ,0.0400  
./nestedMerge/EQ_divideEQ_pos2/libA CC2-Hybrid: equiv    ,0.3406   (Solve) ,,0.148  	CC2-Concurrent: unknown  ,0.0000   (Solve) ,,0.000  	KleeCLEVER: timeout  ,300.0000	llReve: not equiv ,0.0400  
./nestedMerge/EQ_divideEXTRA_ultra_prime_sum/libA CC2-Hybrid: equiv    ,76.2706  (Solve) ,,74.630 	CC2-Concurrent: unknown  ,0.0000   (Solve) ,,0.000  	KleeCLEVER: timeout  ,300.0000	llReve: unknown  ,0.7000  
./nestedMerge/EQ_getSign2EQ_UnchLoop/libA CC2-Hybrid: unknown  ,0.0000   (Solve) ,,0.000  	CC2-Concurrent: unknown  ,0.0000   (Solve) ,,0.000  	KleeCLEVER: unknown  ,0.0000  	llReve: unknown  ,0.0200  
./nestedMerge/EQ_getSign2EQ_is_prime2/libA CC2-Hybrid: not equiv ,1.5743   (Solve) ,,1.096  	CC2-Concurrent: unknown  ,0.0000   (Solve) ,,0.000  	KleeCLEVER: not equiv ,0.6883  	llReve: unknown  ,0.0300  
./nestedMerge/EQ_getSign2EQ_odd/libA CC2-Hybrid: equiv    ,11.3445  (Solve) ,,10.598 	CC2-Concurrent: unknown  ,0.0000   (Solve) ,,0.000  	KleeCLEVER: equiv    ,14.1298 	llReve: unknown  ,0.0400  
./nestedMerge/EQ_getSign2EQ_pos/libA CC2-Hybrid: equiv    ,22.3173  (Solve) ,,21.419 	CC2-Concurrent: unknown  ,0.0000   (Solve) ,,0.000  	KleeCLEVER: timeout  ,300.0000	llReve: unknown  ,0.0100  
./nestedMerge/EQ_getSign2EQ_pos2/libA CC2-Hybrid: equiv    ,0.3187   (Solve) ,,0.146  	CC2-Concurrent: unknown  ,0.0000   (Solve) ,,0.000  	KleeCLEVER: timeout  ,300.0000	llReve: not equiv ,0.0300  
./nestedMerge/EQ_getSign2EXTRA_ultra_prime_sum/libA CC2-Hybrid: equiv    ,76.8805  (Solve) ,,75.246 	CC2-Concurrent: unknown  ,0.0000   (Solve) ,,0.000  	KleeCLEVER: timeout  ,300.0000	llReve: unknown  ,1.6400  
./nestedMerge/EQ_is_prime1EQ_UnchLoop/libA CC2-Hybrid: unknown  ,0.0000   (Solve) ,,0.000  	CC2-Concurrent: unknown  ,0.0000   (Solve) ,,0.000  	KleeCLEVER: unknown  ,0.0000  	llReve: unknown  ,0.0100  
./nestedMerge/EQ_is_prime1EQ_is_prime2/libA CC2-Hybrid: not equiv ,1.5717   (Solve) ,,1.143  	CC2-Concurrent: unknown  ,0.0000   (Solve) ,,0.000  	KleeCLEVER: not equiv ,0.7389  	llReve: unknown  ,0.0200  
./nestedMerge/EQ_is_prime1EQ_odd/libA CC2-Hybrid: equiv    ,12.6506  (Solve) ,,11.894 	CC2-Concurrent: unknown  ,0.0000   (Solve) ,,0.000  	KleeCLEVER: timeout  ,300.0000	llReve: unknown  ,0.0100  
./nestedMerge/EQ_is_prime1EQ_pos/libA CC2-Hybrid: equiv    ,11.2977  (Solve) ,,11.058 	CC2-Concurrent: unknown  ,0.0000   (Solve) ,,0.000  	KleeCLEVER: timeout  ,300.0000	llReve: unknown  ,0.0300  
./nestedMerge/EQ_is_prime1EQ_pos2/libA CC2-Hybrid: equiv    ,0.2812   (Solve) ,,0.143  	CC2-Concurrent: unknown  ,0.0000   (Solve) ,,0.000  	KleeCLEVER: timeout  ,300.0000	llReve: not equiv ,0.0300  
./nestedMerge/EQ_is_prime1EXTRA_ultra_prime_sum/libA CC2-Hybrid: equiv    ,76.2418  (Solve) ,,74.635 	CC2-Concurrent: unknown  ,0.0000   (Solve) ,,0.000  	KleeCLEVER: timeout  ,300.0000	llReve: unknown  ,0.1700  
./nestedMerge/EQ_is_prime2EQ_Add/libA CC2-Hybrid: unknown  ,0.0000   (Solve) ,,0.000  	CC2-Concurrent: unknown  ,0.0000   (Solve) ,,0.000  	KleeCLEVER: unknown  ,0.0000  	llReve: unknown  ,0.0100  
./nestedMerge/EQ_is_prime2EQ_Const/libA CC2-Hybrid: unknown  ,0.0000   (Solve) ,,0.000  	CC2-Concurrent: unknown  ,0.0000   (Solve) ,,0.000  	KleeCLEVER: unknown  ,0.0000  	llReve: unknown  ,0.0100  
./nestedMerge/EQ_is_prime2EQ_LoopMult20/libA CC2-Hybrid: equiv    ,0.7856   (Solve) ,,0.466  	CC2-Concurrent: unknown  ,0.0000   (Solve) ,,0.000  	KleeCLEVER: equiv    ,0.3971  	llReve: equiv    ,10.3000 
./nestedMerge/EQ_is_prime2EQ_LoopUnreach20/libA CC2-Hybrid: equiv    ,0.5586   (Solve) ,,0.227  	CC2-Concurrent: unknown  ,0.0000   (Solve) ,,0.000  	KleeCLEVER: equiv    ,0.1639  	llReve: equiv    ,0.0400  
./nestedMerge/EQ_is_prime2EQ_UnchLoop/libA CC2-Hybrid: unknown  ,0.0000   (Solve) ,,0.000  	CC2-Concurrent: unknown  ,0.0000   (Solve) ,,0.000  	KleeCLEVER: unknown  ,0.0000  	llReve: unknown  ,0.0100  
./nestedMerge/EQ_is_prime2EQ_divide/libA CC2-Hybrid: equiv    ,0.3529   (Solve) ,,0.111  	CC2-Concurrent: unknown  ,0.0000   (Solve) ,,0.000  	KleeCLEVER: equiv    ,0.1566  	llReve: equiv    ,0.0200  
./nestedMerge/EQ_is_prime2EQ_getSign2/libA CC2-Hybrid: equiv    ,0.5066   (Solve) ,,0.222  	CC2-Concurrent: unknown  ,0.0000   (Solve) ,,0.000  	KleeCLEVER: equiv    ,0.1728  	llReve: equiv    ,0.0300  
./nestedMerge/EQ_is_prime2EQ_is_prime1/libA CC2-Hybrid: equiv    ,0.5019   (Solve) ,,0.222  	CC2-Concurrent: unknown  ,0.0000   (Solve) ,,0.000  	KleeCLEVER: equiv    ,0.1311  	llReve: unknown  ,0.0200  
./nestedMerge/EQ_is_prime2EQ_is_prime2/libA CC2-Hybrid: not equiv ,2.1450   (Solve) ,,1.473  	CC2-Concurrent: unknown  ,0.0000   (Solve) ,,0.000  	KleeCLEVER: not equiv ,0.7431  	llReve: unknown  ,0.0200  
./nestedMerge/EQ_is_prime2EQ_is_prime3/libA CC2-Hybrid: equiv    ,2.0251   (Solve) ,,1.229  	CC2-Concurrent: unknown  ,0.0000   (Solve) ,,0.000  	KleeCLEVER: equiv    ,0.7380  	llReve: unknown  ,0.0200  
./nestedMerge/EQ_is_prime2EQ_ltfive/libA CC2-Hybrid: not equiv ,1.0410   (Solve) ,,0.359  	CC2-Concurrent: unknown  ,0.0000   (Solve) ,,0.000  	KleeCLEVER: not equiv ,0.1889  	llReve: equiv    ,0.0400  
./nestedMerge/EQ_is_prime2EQ_ltfiveBound/libA CC2-Hybrid: equiv    ,0.7868   (Solve) ,,0.225  	CC2-Concurrent: unknown  ,0.0000   (Solve) ,,0.000  	KleeCLEVER: equiv    ,0.1906  	llReve: equiv    ,0.0600  
./nestedMerge/EQ_is_prime2EQ_multiple/libA CC2-Hybrid: not equiv ,0.9727   (Solve) ,,0.505  	CC2-Concurrent: unknown  ,0.0000   (Solve) ,,0.000  	KleeCLEVER: not equiv ,0.2715  	llReve: equiv    ,0.0200  
./nestedMerge/EQ_is_prime2EQ_multipleBound/libA CC2-Hybrid: equiv    ,0.6315   (Solve) ,,0.274  	CC2-Concurrent: unknown  ,0.0000   (Solve) ,,0.000  	KleeCLEVER: equiv    ,0.2320  	llReve: equiv    ,0.0300  
./nestedMerge/EQ_is_prime2EQ_odd/libA CC2-Hybrid: equiv    ,21.8711  (Solve) ,,20.955 	CC2-Concurrent: unknown  ,0.0000   (Solve) ,,0.000  	KleeCLEVER: equiv    ,14.2372 	llReve: unknown  ,0.0200  
./nestedMerge/EQ_is_prime2EQ_one/libA CC2-Hybrid: equiv    ,0.6180   (Solve) ,,0.210  	CC2-Concurrent: unknown  ,0.0000   (Solve) ,,0.000  	KleeCLEVER: equiv    ,0.1687  	llReve: equiv    ,0.0300  
./nestedMerge/EQ_is_prime2EQ_oneBound/libA CC2-Hybrid: equiv    ,0.6782   (Solve) ,,0.218  	CC2-Concurrent: unknown  ,0.0000   (Solve) ,,0.000  	KleeCLEVER: equiv    ,0.1809  	llReve: equiv    ,0.0500  
./nestedMerge/EQ_is_prime2EQ_oneN2/libA CC2-Hybrid: equiv    ,0.5840   (Solve) ,,0.195  	CC2-Concurrent: unknown  ,0.0000   (Solve) ,,0.000  	KleeCLEVER: equiv    ,0.1516  	llReve: equiv    ,0.0300  
./nestedMerge/EQ_is_prime2EQ_pos/libA CC2-Hybrid: equiv    ,23.0263  (Solve) ,,21.925 	CC2-Concurrent: unknown  ,0.0000   (Solve) ,,0.000  	KleeCLEVER: timeout  ,300.0000	llReve: unknown  ,0.0200  
./nestedMerge/EQ_is_prime2EQ_pos2/libA CC2-Hybrid: equiv    ,0.4758   (Solve) ,,0.140  	CC2-Concurrent: unknown  ,0.0000   (Solve) ,,0.000  	KleeCLEVER: timeout  ,300.0000	llReve: not equiv ,0.0400  
./nestedMerge/EQ_is_prime2EQ_pos3/libA CC2-Hybrid: equiv    ,0.3494   (Solve) ,,0.129  	CC2-Concurrent: unknown  ,0.0000   (Solve) ,,0.000  	KleeCLEVER: equiv    ,0.1597  	llReve: equiv    ,0.0300  
./nestedMerge/EQ_is_prime2EXTRA_ultra_prime_sum/libA CC2-Hybrid: equiv    ,141.9084 (Solve) ,,138.545	CC2-Concurrent: unknown  ,0.0000   (Solve) ,,0.000  	KleeCLEVER: timeout  ,300.0000	llReve: timeout  ,300.0000
./nestedMerge/EQ_is_prime2NEQ_LoopMult20/libA CC2-Hybrid: not equiv ,1.0231   (Solve) ,,0.522  	CC2-Concurrent: unknown  ,0.0000   (Solve) ,,0.000  	KleeCLEVER: not equiv ,0.3287  	llReve: not equiv ,0.1600  
./nestedMerge/EQ_is_prime2NEQ_LoopUnreach20/libA CC2-Hybrid: not equiv ,0.8072   (Solve) ,,0.315  	CC2-Concurrent: unknown  ,0.0000   (Solve) ,,0.000  	KleeCLEVER: not equiv ,0.1654  	llReve: not equiv ,0.0400  
./nestedMerge/EQ_is_prime2NEQ_getSign/libA CC2-Hybrid: equiv    ,0.4293   (Solve) ,,0.201  	CC2-Concurrent: unknown  ,0.0000   (Solve) ,,0.000  	KleeCLEVER: equiv    ,0.1577  	llReve: equiv    ,0.0200  
./nestedMerge/EQ_is_prime3EQ_UnchLoop/libA CC2-Hybrid: unknown  ,0.0000   (Solve) ,,0.000  	CC2-Concurrent: unknown  ,0.0000   (Solve) ,,0.000  	KleeCLEVER: unknown  ,0.0000  	llReve: unknown  ,0.0100  
./nestedMerge/EQ_is_prime3EQ_is_prime2/libA CC2-Hybrid: equiv    ,6.7412   (Solve) ,,5.311  	CC2-Concurrent: unknown  ,0.0000   (Solve) ,,0.000  	KleeCLEVER: equiv    ,0.7397  	llReve: unknown  ,0.0200  
./nestedMerge/EQ_is_prime3EQ_odd/libA CC2-Hybrid: timeout  ,300.0000 (Solve) ,,0.000  	CC2-Concurrent: unknown  ,0.0000   (Solve) ,,0.000  	KleeCLEVER: timeout  ,300.0000	llReve: unknown  ,0.0200  
./nestedMerge/EQ_is_prime3EQ_pos/libA CC2-Hybrid: equiv    ,22.4303  (Solve) ,,21.824 	CC2-Concurrent: unknown  ,0.0000   (Solve) ,,0.000  	KleeCLEVER: timeout  ,300.0000	llReve: unknown  ,0.0200  
./nestedMerge/EQ_is_prime3EQ_pos2/libA CC2-Hybrid: equiv    ,0.6769   (Solve) ,,0.288  	CC2-Concurrent: unknown  ,0.0000   (Solve) ,,0.000  	KleeCLEVER: timeout  ,300.0000	llReve: unknown  ,0.0200  
./nestedMerge/EQ_is_prime3EXTRA_ultra_prime_sum/libA CC2-Hybrid: equiv    ,76.5888  (Solve) ,,74.703 	CC2-Concurrent: unknown  ,0.0000   (Solve) ,,0.000  	KleeCLEVER: timeout  ,300.0000	llReve: unknown  ,0.0200  
./nestedMerge/EQ_ltfiveBoundEQ_UnchLoop/libA CC2-Hybrid: unknown  ,0.0000   (Solve) ,,0.000  	CC2-Concurrent: unknown  ,0.0000   (Solve) ,,0.000  	KleeCLEVER: unknown  ,0.0000  	llReve: unknown  ,0.0100  
./nestedMerge/EQ_ltfiveBoundEQ_is_prime2/libA CC2-Hybrid: equiv    ,1.1585   (Solve) ,,0.599  	CC2-Concurrent: unknown  ,0.0000   (Solve) ,,0.000  	KleeCLEVER: equiv    ,0.4626  	llReve: unknown  ,0.0300  
./nestedMerge/EQ_ltfiveBoundEQ_odd/libA CC2-Hybrid: equiv    ,1.9528   (Solve) ,,1.588  	CC2-Concurrent: unknown  ,0.0000   (Solve) ,,0.000  	KleeCLEVER: equiv    ,1.5426  	llReve: unknown  ,0.0200  
./nestedMerge/EQ_ltfiveBoundEQ_pos/libA CC2-Hybrid: equiv    ,26.8100  (Solve) ,,25.620 	CC2-Concurrent: unknown  ,0.0000   (Solve) ,,0.000  	KleeCLEVER: equiv    ,31.4977 	llReve: unknown  ,0.0200  
./nestedMerge/EQ_ltfiveBoundEQ_pos2/libA CC2-Hybrid: equiv    ,0.5523   (Solve) ,,0.138  	CC2-Concurrent: unknown  ,0.0000   (Solve) ,,0.000  	KleeCLEVER: equiv    ,31.5578 	llReve: not equiv ,0.0800  
./nestedMerge/EQ_ltfiveBoundEXTRA_ultra_prime_sum/libA CC2-Hybrid: equiv    ,141.8260 (Solve) ,,138.426	CC2-Concurrent: unknown  ,0.0000   (Solve) ,,0.000  	KleeCLEVER: equiv    ,165.8168	llReve: timeout  ,300.0000
./nestedMerge/EQ_ltfiveEQ_UnchLoop/libA CC2-Hybrid: unknown  ,0.0000   (Solve) ,,0.000  	CC2-Concurrent: unknown  ,0.0000   (Solve) ,,0.000  	KleeCLEVER: unknown  ,0.0000  	llReve: unknown  ,0.0100  
./nestedMerge/EQ_ltfiveEQ_is_prime2/libA CC2-Hybrid: equiv    ,6.6877   (Solve) ,,5.461  	CC2-Concurrent: unknown  ,0.0000   (Solve) ,,0.000  	KleeCLEVER: equiv    ,1.5316  	llReve: unknown  ,0.0200  
./nestedMerge/EQ_ltfiveEQ_odd/libA  CC2-Hybrid: equiv    ,23.0034  (Solve) ,,21.979 	CC2-Concurrent: unknown  ,0.0000   (Solve) ,,0.000  	KleeCLEVER: equiv    ,42.2528 	llReve: unknown  ,0.0200  
./nestedMerge/EQ_ltfiveEQ_pos/libA  CC2-Hybrid: equiv    ,27.9902  (Solve) ,,26.846 	CC2-Concurrent: unknown  ,0.0000   (Solve) ,,0.000  	KleeCLEVER: timeout  ,300.0000	llReve: unknown  ,0.0200  
./nestedMerge/EQ_ltfiveEQ_pos2/libA CC2-Hybrid: equiv    ,0.5031   (Solve) ,,0.143  	CC2-Concurrent: unknown  ,0.0000   (Solve) ,,0.000  	KleeCLEVER: timeout  ,300.0000	llReve: not equiv ,0.0600  
./nestedMerge/EQ_ltfiveEXTRA_ultra_prime_sum/libA CC2-Hybrid: equiv    ,141.6695 (Solve) ,,138.311	CC2-Concurrent: unknown  ,0.0000   (Solve) ,,0.000  	KleeCLEVER: timeout  ,300.0000	llReve: timeout  ,300.0000
./nestedMerge/EQ_multipleBoundEQ_UnchLoop/libA CC2-Hybrid: unknown  ,0.0000   (Solve) ,,0.000  	CC2-Concurrent: unknown  ,0.0000   (Solve) ,,0.000  	KleeCLEVER: unknown  ,0.0000  	llReve: unknown  ,0.0100  
./nestedMerge/EQ_multipleBoundEQ_is_prime2/libA CC2-Hybrid: equiv    ,0.6200   (Solve) ,,0.276  	CC2-Concurrent: unknown  ,0.0000   (Solve) ,,0.000  	KleeCLEVER: equiv    ,0.1813  	llReve: unknown  ,0.0200  
./nestedMerge/EQ_multipleBoundEQ_odd/libA CC2-Hybrid: equiv    ,12.3522  (Solve) ,,11.557 	CC2-Concurrent: unknown  ,0.0000   (Solve) ,,0.000  	KleeCLEVER: timeout  ,300.0000	llReve: unknown  ,0.0100  
./nestedMerge/EQ_multipleBoundEQ_pos/libA CC2-Hybrid: equiv    ,22.5343  (Solve) ,,21.567 	CC2-Concurrent: unknown  ,0.0000   (Solve) ,,0.000  	KleeCLEVER: equiv    ,144.6545	llReve: unknown  ,0.0200  
./nestedMerge/EQ_multipleBoundEQ_pos2/libA CC2-Hybrid: equiv    ,0.3563   (Solve) ,,0.143  	CC2-Concurrent: unknown  ,0.0000   (Solve) ,,0.000  	KleeCLEVER: timeout  ,300.0000	llReve: not equiv ,0.0400  
./nestedMerge/EQ_multipleBoundEXTRA_ultra_prime_sum/libA CC2-Hybrid: equiv    ,75.0940  (Solve) ,,73.355 	CC2-Concurrent: unknown  ,0.0000   (Solve) ,,0.000  	KleeCLEVER: timeout  ,300.0000	llReve: unknown  ,0.2300  
./nestedMerge/EQ_multipleEQ_UnchLoop/libA CC2-Hybrid: unknown  ,0.0000   (Solve) ,,0.000  	CC2-Concurrent: unknown  ,0.0000   (Solve) ,,0.000  	KleeCLEVER: unknown  ,0.0000  	llReve: unknown  ,0.0100  
./nestedMerge/EQ_multipleEQ_is_prime2/libA CC2-Hybrid: equiv    ,2.4040   (Solve) ,,1.486  	CC2-Concurrent: unknown  ,0.0000   (Solve) ,,0.000  	KleeCLEVER: equiv    ,0.1632  	llReve: unknown  ,0.0200  
./nestedMerge/EQ_multipleEQ_odd/libA CC2-Hybrid: equiv    ,12.7154  (Solve) ,,11.928 	CC2-Concurrent: unknown  ,0.0000   (Solve) ,,0.000  	KleeCLEVER: timeout  ,300.0000	llReve: unknown  ,0.0100  
./nestedMerge/EQ_multipleEQ_pos/libA CC2-Hybrid: equiv    ,11.3234  (Solve) ,,11.067 	CC2-Concurrent: unknown  ,0.0000   (Solve) ,,0.000  	KleeCLEVER: timeout  ,300.0000	llReve: unknown  ,0.0200  
./nestedMerge/EQ_multipleEQ_pos2/libA CC2-Hybrid: equiv    ,0.3063   (Solve) ,,0.143  	CC2-Concurrent: unknown  ,0.0000   (Solve) ,,0.000  	KleeCLEVER: timeout  ,300.0000	llReve: not equiv ,0.0300  
./nestedMerge/EQ_multipleEXTRA_ultra_prime_sum/libA CC2-Hybrid: equiv    ,75.0513  (Solve) ,,73.363 	CC2-Concurrent: unknown  ,0.0000   (Solve) ,,0.000  	KleeCLEVER: timeout  ,300.0000	llReve: unknown  ,0.2900  
./nestedMerge/EQ_oddEQ_Add/libA     CC2-Hybrid: unknown  ,0.0000   (Solve) ,,0.000  	CC2-Concurrent: unknown  ,0.0000   (Solve) ,,0.000  	KleeCLEVER: unknown  ,0.0000  	llReve: unknown  ,0.0100  
./nestedMerge/EQ_oddEQ_Const/libA   CC2-Hybrid: unknown  ,0.0000   (Solve) ,,0.000  	CC2-Concurrent: unknown  ,0.0000   (Solve) ,,0.000  	KleeCLEVER: unknown  ,0.0000  	llReve: unknown  ,0.0100  
./nestedMerge/EQ_oddEQ_LoopMult20/libA CC2-Hybrid: equiv    ,1.8532   (Solve) ,,1.059  	CC2-Concurrent: unknown  ,0.0000   (Solve) ,,0.000  	KleeCLEVER: equiv    ,0.3665  	llReve: timeout  ,300.0000
./nestedMerge/EQ_oddEQ_LoopUnreach20/libA CC2-Hybrid: equiv    ,1.2133   (Solve) ,,0.444  	CC2-Concurrent: unknown  ,0.0000   (Solve) ,,0.000  	KleeCLEVER: equiv    ,0.1439  	llReve: equiv    ,0.0200  
./nestedMerge/EQ_oddEQ_UnchLoop/libA CC2-Hybrid: unknown  ,0.0000   (Solve) ,,0.000  	CC2-Concurrent: unknown  ,0.0000   (Solve) ,,0.000  	KleeCLEVER: unknown  ,0.0000  	llReve: unknown  ,0.0100  
./nestedMerge/EQ_oddEQ_divide/libA  CC2-Hybrid: equiv    ,0.1930   (Solve) ,,0.043  	CC2-Concurrent: unknown  ,0.0000   (Solve) ,,0.000  	KleeCLEVER: equiv    ,0.1553  	llReve: equiv    ,0.0200  
./nestedMerge/EQ_oddEQ_getSign2/libA CC2-Hybrid: equiv    ,1.1687   (Solve) ,,0.392  	CC2-Concurrent: unknown  ,0.0000   (Solve) ,,0.000  	KleeCLEVER: equiv    ,0.1663  	llReve: equiv    ,0.0200  
./nestedMerge/EQ_oddEQ_is_prime1/libA CC2-Hybrid: equiv    ,1.1874   (Solve) ,,0.404  	CC2-Concurrent: unknown  ,0.0000   (Solve) ,,0.000  	KleeCLEVER: equiv    ,0.1194  	llReve: unknown  ,0.0200  
./nestedMerge/EQ_oddEQ_is_prime2/libA CC2-Hybrid: not equiv ,1.5937   (Solve) ,,1.172  	CC2-Concurrent: unknown  ,0.0000   (Solve) ,,0.000  	KleeCLEVER: not equiv ,0.7340  	llReve: unknown  ,0.0200  
./nestedMerge/EQ_oddEQ_is_prime3/libA CC2-Hybrid: equiv    ,27.6042  (Solve) ,,23.103 	CC2-Concurrent: unknown  ,0.0000   (Solve) ,,0.000  	KleeCLEVER: equiv    ,0.7694  	llReve: unknown  ,0.0400  
./nestedMerge/EQ_oddEQ_ltfive/libA  CC2-Hybrid: not equiv ,0.7931   (Solve) ,,0.358  	CC2-Concurrent: unknown  ,0.0000   (Solve) ,,0.000  	KleeCLEVER: not equiv ,0.3396  	llReve: equiv    ,0.0300  
./nestedMerge/EQ_oddEQ_ltfiveBound/libA CC2-Hybrid: equiv    ,0.5190   (Solve) ,,0.251  	CC2-Concurrent: unknown  ,0.0000   (Solve) ,,0.000  	KleeCLEVER: equiv    ,0.2966  	llReve: equiv    ,0.0400  
./nestedMerge/EQ_oddEQ_multiple/libA CC2-Hybrid: not equiv ,0.5502   (Solve) ,,0.254  	CC2-Concurrent: unknown  ,0.0000   (Solve) ,,0.000  	KleeCLEVER: not equiv ,0.2342  	llReve: equiv    ,0.0200  
./nestedMerge/EQ_oddEQ_multipleBound/libA CC2-Hybrid: equiv    ,1.2521   (Solve) ,,0.496  	CC2-Concurrent: unknown  ,0.0000   (Solve) ,,0.000  	KleeCLEVER: equiv    ,0.3218  	llReve: equiv    ,0.0200  
./nestedMerge/EQ_oddEQ_odd/libA     CC2-Hybrid: equiv    ,12.6965  (Solve) ,,11.901 	CC2-Concurrent: unknown  ,0.0000   (Solve) ,,0.000  	KleeCLEVER: timeout  ,300.0000	llReve: unknown  ,0.0100  
./nestedMerge/EQ_oddEQ_one/libA     CC2-Hybrid: not equiv ,0.7675   (Solve) ,,0.372  	CC2-Concurrent: unknown  ,0.0000   (Solve) ,,0.000  	KleeCLEVER: not equiv ,0.2118  	llReve: not equiv ,0.0300  
./nestedMerge/EQ_oddEQ_oneBound/libA CC2-Hybrid: equiv    ,0.4988   (Solve) ,,0.265  	CC2-Concurrent: unknown  ,0.0000   (Solve) ,,0.000  	KleeCLEVER: equiv    ,0.2537  	llReve: equiv    ,0.0300  
./nestedMerge/EQ_oddEQ_oneN2/libA   CC2-Hybrid: equiv    ,1.4355   (Solve) ,,0.632  	CC2-Concurrent: unknown  ,0.0000   (Solve) ,,0.000  	KleeCLEVER: equiv    ,0.2214  	llReve: equiv    ,0.0300  
./nestedMerge/EQ_oddEQ_pos/libA     CC2-Hybrid: equiv    ,11.3039  (Solve) ,,11.076 	CC2-Concurrent: unknown  ,0.0000   (Solve) ,,0.000  	KleeCLEVER: timeout  ,300.0000	llReve: unknown  ,0.0100  
./nestedMerge/EQ_oddEQ_pos2/libA    CC2-Hybrid: equiv    ,0.2885   (Solve) ,,0.135  	CC2-Concurrent: unknown  ,0.0000   (Solve) ,,0.000  	KleeCLEVER: timeout  ,300.0000	llReve: not equiv ,0.0400  
./nestedMerge/EQ_oddEQ_pos3/libA    CC2-Hybrid: equiv    ,1.1593   (Solve) ,,0.390  	CC2-Concurrent: unknown  ,0.0000   (Solve) ,,0.000  	KleeCLEVER: equiv    ,0.1440  	llReve: equiv    ,0.0200  
./nestedMerge/EQ_oddEXTRA_ultra_prime_sum/libA CC2-Hybrid: equiv    ,76.0550  (Solve) ,,74.427 	CC2-Concurrent: unknown  ,0.0000   (Solve) ,,0.000  	KleeCLEVER: timeout  ,300.0000	llReve: unknown  ,0.1700  
./nestedMerge/EQ_oddNEQ_LoopMult20/libA CC2-Hybrid: equiv    ,1.8583   (Solve) ,,1.057  	CC2-Concurrent: unknown  ,0.0000   (Solve) ,,0.000  	KleeCLEVER: equiv    ,0.3600  	llReve: equiv    ,13.8100 
./nestedMerge/EQ_oddNEQ_LoopUnreach20/libA CC2-Hybrid: not equiv ,0.4852   (Solve) ,,0.151  	CC2-Concurrent: unknown  ,0.0000   (Solve) ,,0.000  	KleeCLEVER: not equiv ,0.1526  	llReve: not equiv ,0.0200  
./nestedMerge/EQ_oddNEQ_getSign/libA CC2-Hybrid: not equiv ,0.4493   (Solve) ,,0.158  	CC2-Concurrent: unknown  ,0.0000   (Solve) ,,0.000  	KleeCLEVER: not equiv ,0.1572  	llReve: not equiv ,0.0300  
./nestedMerge/EQ_oneBoundEQ_UnchLoop/libA CC2-Hybrid: unknown  ,0.0000   (Solve) ,,0.000  	CC2-Concurrent: unknown  ,0.0000   (Solve) ,,0.000  	KleeCLEVER: unknown  ,0.0000  	llReve: unknown  ,0.0100  
./nestedMerge/EQ_oneBoundEQ_is_prime2/libA CC2-Hybrid: equiv    ,4.6366   (Solve) ,,3.435  	CC2-Concurrent: unknown  ,0.0000   (Solve) ,,0.000  	KleeCLEVER: equiv    ,0.9379  	llReve: unknown  ,0.0300  
./nestedMerge/EQ_oneBoundEQ_odd/libA CC2-Hybrid: equiv    ,24.0659  (Solve) ,,23.035 	CC2-Concurrent: unknown  ,0.0000   (Solve) ,,0.000  	KleeCLEVER: timeout  ,300.0000	llReve: unknown  ,0.0200  
./nestedMerge/EQ_oneBoundEQ_pos/libA CC2-Hybrid: equiv    ,25.5401  (Solve) ,,24.410 	CC2-Concurrent: unknown  ,0.0000   (Solve) ,,0.000  	KleeCLEVER: equiv    ,15.4405 	llReve: unknown  ,0.0200  
./nestedMerge/EQ_oneBoundEQ_pos2/libA CC2-Hybrid: equiv    ,0.5203   (Solve) ,,0.148  	CC2-Concurrent: unknown  ,0.0000   (Solve) ,,0.000  	KleeCLEVER: timeout  ,300.0000	llReve: not equiv ,0.0900  
./nestedMerge/EQ_oneBoundEXTRA_ultra_prime_sum/libA CC2-Hybrid: equiv    ,142.0263 (Solve) ,,138.360	CC2-Concurrent: unknown  ,0.0000   (Solve) ,,0.000  	KleeCLEVER: equiv    ,6.9635  	llReve: unknown  ,0.6900  
./nestedMerge/EQ_oneEQ_UnchLoop/libA CC2-Hybrid: unknown  ,0.0000   (Solve) ,,0.000  	CC2-Concurrent: unknown  ,0.0000   (Solve) ,,0.000  	KleeCLEVER: unknown  ,0.0000  	llReve: unknown  ,0.0100  
./nestedMerge/EQ_oneEQ_is_prime2/libA CC2-Hybrid: equiv    ,8.3466   (Solve) ,,7.177  	CC2-Concurrent: unknown  ,0.0000   (Solve) ,,0.000  	KleeCLEVER: equiv    ,1.5767  	llReve: unknown  ,0.0300  
./nestedMerge/EQ_oneEQ_odd/libA     CC2-Hybrid: equiv    ,13.9071  (Solve) ,,13.578 	CC2-Concurrent: unknown  ,0.0000   (Solve) ,,0.000  	KleeCLEVER: timeout  ,300.0000	llReve: unknown  ,0.0200  
./nestedMerge/EQ_oneEQ_pos/libA     CC2-Hybrid: equiv    ,14.7717  (Solve) ,,14.342 	CC2-Concurrent: unknown  ,0.0000   (Solve) ,,0.000  	KleeCLEVER: timeout  ,300.0000	llReve: unknown  ,0.0200  
./nestedMerge/EQ_oneEQ_pos2/libA    CC2-Hybrid: equiv    ,0.4562   (Solve) ,,0.142  	CC2-Concurrent: unknown  ,0.0000   (Solve) ,,0.000  	KleeCLEVER: timeout  ,300.0000	llReve: not equiv ,0.0700  
./nestedMerge/EQ_oneEXTRA_ultra_prime_sum/libA CC2-Hybrid: equiv    ,154.1397 (Solve) ,,150.572	CC2-Concurrent: unknown  ,0.0000   (Solve) ,,0.000  	KleeCLEVER: timeout  ,300.0000	llReve: unknown  ,0.7000  
./nestedMerge/EQ_oneN2EQ_UnchLoop/libA CC2-Hybrid: unknown  ,0.0000   (Solve) ,,0.000  	CC2-Concurrent: unknown  ,0.0000   (Solve) ,,0.000  	KleeCLEVER: unknown  ,0.0000  	llReve: unknown  ,0.0100  
./nestedMerge/EQ_oneN2EQ_is_prime2/libA CC2-Hybrid: equiv    ,8.2306   (Solve) ,,7.070  	CC2-Concurrent: unknown  ,0.0000   (Solve) ,,0.000  	KleeCLEVER: equiv    ,1.5743  	llReve: unknown  ,0.0300  
./nestedMerge/EQ_oneN2EQ_odd/libA   CC2-Hybrid: equiv    ,13.8583  (Solve) ,,13.540 	CC2-Concurrent: unknown  ,0.0000   (Solve) ,,0.000  	KleeCLEVER: timeout  ,300.0000	llReve: unknown  ,0.0200  
./nestedMerge/EQ_oneN2EQ_pos/libA   CC2-Hybrid: equiv    ,14.8792  (Solve) ,,14.446 	CC2-Concurrent: unknown  ,0.0000   (Solve) ,,0.000  	KleeCLEVER: timeout  ,300.0000	llReve: unknown  ,0.0200  
./nestedMerge/EQ_oneN2EQ_pos2/libA  CC2-Hybrid: equiv    ,0.4680   (Solve) ,,0.145  	CC2-Concurrent: unknown  ,0.0000   (Solve) ,,0.000  	KleeCLEVER: timeout  ,300.0000	llReve: not equiv ,0.0700  
./nestedMerge/EQ_oneN2EXTRA_ultra_prime_sum/libA CC2-Hybrid: equiv    ,142.1333 (Solve) ,,138.489	CC2-Concurrent: unknown  ,0.0000   (Solve) ,,0.000  	KleeCLEVER: timeout  ,300.0000	llReve: unknown  ,0.7000  
./nestedMerge/EQ_pos2EQ_Add/libA    CC2-Hybrid: unknown  ,0.0000   (Solve) ,,0.000  	CC2-Concurrent: unknown  ,0.0000   (Solve) ,,0.000  	KleeCLEVER: unknown  ,0.0000  	llReve: unknown  ,0.0100  
./nestedMerge/EQ_pos2EQ_Const/libA  CC2-Hybrid: unknown  ,0.0000   (Solve) ,,0.000  	CC2-Concurrent: unknown  ,0.0000   (Solve) ,,0.000  	KleeCLEVER: unknown  ,0.0000  	llReve: unknown  ,0.0100  
./nestedMerge/EQ_pos2EQ_LoopMult20/libA CC2-Hybrid: equiv    ,0.5394   (Solve) ,,0.206  	CC2-Concurrent: unknown  ,0.0000   (Solve) ,,0.000  	KleeCLEVER: equiv    ,0.1582  	llReve: equiv    ,0.0400  
./nestedMerge/EQ_pos2EQ_LoopUnreach20/libA CC2-Hybrid: equiv    ,0.5287   (Solve) ,,0.213  	CC2-Concurrent: unknown  ,0.0000   (Solve) ,,0.000  	KleeCLEVER: equiv    ,0.1563  	llReve: equiv    ,0.0200  
./nestedMerge/EQ_pos2EQ_UnchLoop/libA CC2-Hybrid: unknown  ,0.0000   (Solve) ,,0.000  	CC2-Concurrent: unknown  ,0.0000   (Solve) ,,0.000  	KleeCLEVER: unknown  ,0.0000  	llReve: unknown  ,0.0100  
./nestedMerge/EQ_pos2EQ_divide/libA CC2-Hybrid: equiv    ,0.3610   (Solve) ,,0.108  	CC2-Concurrent: unknown  ,0.0000   (Solve) ,,0.000  	KleeCLEVER: equiv    ,0.1776  	llReve: equiv    ,0.0300  
./nestedMerge/EQ_pos2EQ_getSign2/libA CC2-Hybrid: equiv    ,0.4687   (Solve) ,,0.186  	CC2-Concurrent: unknown  ,0.0000   (Solve) ,,0.000  	KleeCLEVER: equiv    ,0.1409  	llReve: equiv    ,0.0300  
./nestedMerge/EQ_pos2EQ_is_prime1/libA CC2-Hybrid: equiv    ,0.4804   (Solve) ,,0.210  	CC2-Concurrent: unknown  ,0.0000   (Solve) ,,0.000  	KleeCLEVER: equiv    ,0.1357  	llReve: unknown  ,0.0200  
./nestedMerge/EQ_pos2EQ_is_prime2/libA CC2-Hybrid: equiv    ,0.7136   (Solve) ,,0.239  	CC2-Concurrent: unknown  ,0.0000   (Solve) ,,0.000  	KleeCLEVER: equiv    ,0.1583  	llReve: unknown  ,0.0200  
./nestedMerge/EQ_pos2EQ_is_prime3/libA CC2-Hybrid: equiv    ,3.2658   (Solve) ,,2.461  	CC2-Concurrent: unknown  ,0.0000   (Solve) ,,0.000  	KleeCLEVER: equiv    ,1.4840  	llReve: unknown  ,0.0200  
./nestedMerge/EQ_pos2EQ_ltfive/libA CC2-Hybrid: not equiv ,1.1062   (Solve) ,,0.419  	CC2-Concurrent: unknown  ,0.0000   (Solve) ,,0.000  	KleeCLEVER: not equiv ,0.2544  	llReve: equiv    ,0.0400  
./nestedMerge/EQ_pos2EQ_ltfiveBound/libA CC2-Hybrid: equiv    ,0.8920   (Solve) ,,0.312  	CC2-Concurrent: unknown  ,0.0000   (Solve) ,,0.000  	KleeCLEVER: equiv    ,0.2649  	llReve: equiv    ,0.0700  
./nestedMerge/EQ_pos2EQ_multiple/libA CC2-Hybrid: not equiv ,1.1864   (Solve) ,,0.706  	CC2-Concurrent: unknown  ,0.0000   (Solve) ,,0.000  	KleeCLEVER: not equiv ,0.3597  	llReve: equiv    ,0.0300  
./nestedMerge/EQ_pos2EQ_multipleBound/libA CC2-Hybrid: equiv    ,0.8383   (Solve) ,,0.478  	CC2-Concurrent: unknown  ,0.0000   (Solve) ,,0.000  	KleeCLEVER: equiv    ,0.4750  	llReve: equiv    ,0.0400  
./nestedMerge/EQ_pos2EQ_odd/libA    CC2-Hybrid: equiv    ,29.7300  (Solve) ,,28.604 	CC2-Concurrent: unknown  ,0.0000   (Solve) ,,0.000  	KleeCLEVER: timeout  ,300.0000	llReve: unknown  ,0.0200  
./nestedMerge/EQ_pos2EQ_one/libA    CC2-Hybrid: not equiv ,0.9676   (Solve) ,,0.372  	CC2-Concurrent: unknown  ,0.0000   (Solve) ,,0.000  	KleeCLEVER: not equiv ,0.2067  	llReve: not equiv ,0.0300  
./nestedMerge/EQ_pos2EQ_oneBound/libA CC2-Hybrid: equiv    ,0.7484   (Solve) ,,0.291  	CC2-Concurrent: unknown  ,0.0000   (Solve) ,,0.000  	KleeCLEVER: equiv    ,0.2538  	llReve: equiv    ,0.0500  
./nestedMerge/EQ_pos2EQ_oneN2/libA  CC2-Hybrid: not equiv ,0.9829   (Solve) ,,0.420  	CC2-Concurrent: unknown  ,0.0000   (Solve) ,,0.000  	KleeCLEVER: not equiv ,0.2202  	llReve: equiv    ,0.0300  
./nestedMerge/EQ_pos2EQ_pos/libA    CC2-Hybrid: equiv    ,23.3486  (Solve) ,,22.274 	CC2-Concurrent: unknown  ,0.0000   (Solve) ,,0.000  	KleeCLEVER: timeout  ,300.0000	llReve: unknown  ,0.0200  
./nestedMerge/EQ_pos2EQ_pos2/libA   CC2-Hybrid: equiv    ,0.4708   (Solve) ,,0.135  	CC2-Concurrent: unknown  ,0.0000   (Solve) ,,0.000  	KleeCLEVER: timeout  ,300.0000	llReve: not equiv ,0.0500  
./nestedMerge/EQ_pos2EQ_pos3/libA   CC2-Hybrid: equiv    ,0.3533   (Solve) ,,0.136  	CC2-Concurrent: unknown  ,0.0000   (Solve) ,,0.000  	KleeCLEVER: equiv    ,0.1672  	llReve: equiv    ,0.0300  
./nestedMerge/EQ_pos2EXTRA_ultra_prime_sum/libA CC2-Hybrid: equiv    ,147.6859 (Solve) ,,144.387	CC2-Concurrent: unknown  ,0.0000   (Solve) ,,0.000  	KleeCLEVER: equiv    ,0.1880  	llReve: unknown  ,0.2100  
./nestedMerge/EQ_pos2NEQ_LoopMult20/libA CC2-Hybrid: equiv    ,0.5178   (Solve) ,,0.211  	CC2-Concurrent: unknown  ,0.0000   (Solve) ,,0.000  	KleeCLEVER: equiv    ,0.1567  	llReve: equiv    ,0.0400  
./nestedMerge/EQ_pos2NEQ_LoopUnreach20/libA CC2-Hybrid: equiv    ,0.5250   (Solve) ,,0.215  	CC2-Concurrent: unknown  ,0.0000   (Solve) ,,0.000  	KleeCLEVER: equiv    ,0.1555  	llReve: equiv    ,0.0300  
./nestedMerge/EQ_pos2NEQ_getSign/libA CC2-Hybrid: not equiv ,0.7512   (Solve) ,,0.357  	CC2-Concurrent: unknown  ,0.0000   (Solve) ,,0.000  	KleeCLEVER: not equiv ,0.1881  	llReve: not equiv ,0.0300  
./nestedMerge/EQ_pos3EQ_UnchLoop/libA CC2-Hybrid: unknown  ,0.0000   (Solve) ,,0.000  	CC2-Concurrent: unknown  ,0.0000   (Solve) ,,0.000  	KleeCLEVER: unknown  ,0.0000  	llReve: unknown  ,0.0200  
./nestedMerge/EQ_pos3EQ_is_prime2/libA CC2-Hybrid: equiv    ,0.5222   (Solve) ,,0.226  	CC2-Concurrent: unknown  ,0.0000   (Solve) ,,0.000  	KleeCLEVER: equiv    ,0.1445  	llReve: unknown  ,0.0200  
./nestedMerge/EQ_pos3EQ_odd/libA    CC2-Hybrid: equiv    ,11.5577  (Solve) ,,10.824 	CC2-Concurrent: unknown  ,0.0000   (Solve) ,,0.000  	KleeCLEVER: equiv    ,24.8297 	llReve: unknown  ,0.0100  
./nestedMerge/EQ_pos3EQ_pos/libA    CC2-Hybrid: equiv    ,22.2995  (Solve) ,,21.399 	CC2-Concurrent: unknown  ,0.0000   (Solve) ,,0.000  	KleeCLEVER: timeout  ,300.0000	llReve: unknown  ,0.0100  
./nestedMerge/EQ_pos3EQ_pos2/libA   CC2-Hybrid: equiv    ,0.3137   (Solve) ,,0.142  	CC2-Concurrent: unknown  ,0.0000   (Solve) ,,0.000  	KleeCLEVER: timeout  ,300.0000	llReve: unknown  ,0.0100  
./nestedMerge/EQ_pos3EXTRA_ultra_prime_sum/libA CC2-Hybrid: equiv    ,76.3323  (Solve) ,,74.700 	CC2-Concurrent: unknown  ,0.0000   (Solve) ,,0.000  	KleeCLEVER: equiv    ,0.1612  	llReve: equiv    ,0.0800  
./nestedMerge/EQ_posEQ_Add/libA     CC2-Hybrid: unknown  ,0.0000   (Solve) ,,0.000  	CC2-Concurrent: unknown  ,0.0000   (Solve) ,,0.000  	KleeCLEVER: unknown  ,0.0000  	llReve: unknown  ,0.0200  
./nestedMerge/EQ_posEQ_Const/libA   CC2-Hybrid: unknown  ,0.0000   (Solve) ,,0.000  	CC2-Concurrent: unknown  ,0.0000   (Solve) ,,0.000  	KleeCLEVER: unknown  ,0.0000  	llReve: unknown  ,0.0100  
./nestedMerge/EQ_posEQ_LoopMult20/libA CC2-Hybrid: equiv    ,0.5420   (Solve) ,,0.216  	CC2-Concurrent: unknown  ,0.0000   (Solve) ,,0.000  	KleeCLEVER: equiv    ,0.1523  	llReve: equiv    ,0.0400  
./nestedMerge/EQ_posEQ_LoopUnreach20/libA CC2-Hybrid: equiv    ,0.5302   (Solve) ,,0.219  	CC2-Concurrent: unknown  ,0.0000   (Solve) ,,0.000  	KleeCLEVER: equiv    ,0.1548  	llReve: equiv    ,0.0200  
./nestedMerge/EQ_posEQ_UnchLoop/libA CC2-Hybrid: unknown  ,0.0000   (Solve) ,,0.000  	CC2-Concurrent: unknown  ,0.0000   (Solve) ,,0.000  	KleeCLEVER: unknown  ,0.0000  	llReve: unknown  ,0.0100  
./nestedMerge/EQ_posEQ_divide/libA  CC2-Hybrid: equiv    ,0.3588   (Solve) ,,0.111  	CC2-Concurrent: unknown  ,0.0000   (Solve) ,,0.000  	KleeCLEVER: equiv    ,0.1713  	llReve: equiv    ,0.0400  
./nestedMerge/EQ_posEQ_getSign2/libA CC2-Hybrid: equiv    ,0.4852   (Solve) ,,0.186  	CC2-Concurrent: unknown  ,0.0000   (Solve) ,,0.000  	KleeCLEVER: equiv    ,0.1445  	llReve: equiv    ,0.0300  
./nestedMerge/EQ_posEQ_is_prime1/libA CC2-Hybrid: equiv    ,0.4884   (Solve) ,,0.215  	CC2-Concurrent: unknown  ,0.0000   (Solve) ,,0.000  	KleeCLEVER: equiv    ,0.1403  	llReve: unknown  ,0.0200  
./nestedMerge/EQ_posEQ_is_prime2/libA CC2-Hybrid: equiv    ,0.6833   (Solve) ,,0.222  	CC2-Concurrent: unknown  ,0.0000   (Solve) ,,0.000  	KleeCLEVER: equiv    ,0.1592  	llReve: unknown  ,0.0200  
./nestedMerge/EQ_posEQ_is_prime3/libA CC2-Hybrid: equiv    ,3.2437   (Solve) ,,2.461  	CC2-Concurrent: unknown  ,0.0000   (Solve) ,,0.000  	KleeCLEVER: equiv    ,1.4774  	llReve: unknown  ,0.0300  
./nestedMerge/EQ_posEQ_ltfive/libA  CC2-Hybrid: not equiv ,1.1020   (Solve) ,,0.422  	CC2-Concurrent: unknown  ,0.0000   (Solve) ,,0.000  	KleeCLEVER: not equiv ,0.2532  	llReve: equiv    ,0.0400  
./nestedMerge/EQ_posEQ_ltfiveBound/libA CC2-Hybrid: equiv    ,0.8611   (Solve) ,,0.304  	CC2-Concurrent: unknown  ,0.0000   (Solve) ,,0.000  	KleeCLEVER: equiv    ,0.2712  	llReve: equiv    ,0.0700  
./nestedMerge/EQ_posEQ_multiple/libA CC2-Hybrid: not equiv ,1.1873   (Solve) ,,0.704  	CC2-Concurrent: unknown  ,0.0000   (Solve) ,,0.000  	KleeCLEVER: not equiv ,0.3549  	llReve: equiv    ,0.0300  
./nestedMerge/EQ_posEQ_multipleBound/libA CC2-Hybrid: equiv    ,0.8352   (Solve) ,,0.473  	CC2-Concurrent: unknown  ,0.0000   (Solve) ,,0.000  	KleeCLEVER: equiv    ,0.4673  	llReve: equiv    ,0.0400  
./nestedMerge/EQ_posEQ_odd/libA     CC2-Hybrid: equiv    ,24.8078  (Solve) ,,23.824 	CC2-Concurrent: unknown  ,0.0000   (Solve) ,,0.000  	KleeCLEVER: timeout  ,300.0000	llReve: unknown  ,0.0100  
./nestedMerge/EQ_posEQ_one/libA     CC2-Hybrid: not equiv ,0.9725   (Solve) ,,0.382  	CC2-Concurrent: unknown  ,0.0000   (Solve) ,,0.000  	KleeCLEVER: not equiv ,0.2004  	llReve: not equiv ,0.0300  
./nestedMerge/EQ_posEQ_oneBound/libA CC2-Hybrid: equiv    ,0.7723   (Solve) ,,0.301  	CC2-Concurrent: unknown  ,0.0000   (Solve) ,,0.000  	KleeCLEVER: equiv    ,0.2526  	llReve: equiv    ,0.0500  
./nestedMerge/EQ_posEQ_oneN2/libA   CC2-Hybrid: not equiv ,0.9746   (Solve) ,,0.403  	CC2-Concurrent: unknown  ,0.0000   (Solve) ,,0.000  	KleeCLEVER: not equiv ,0.2210  	llReve: equiv    ,0.0300  
./nestedMerge/EQ_posEQ_pos/libA     CC2-Hybrid: equiv    ,23.3455  (Solve) ,,22.255 	CC2-Concurrent: unknown  ,0.0000   (Solve) ,,0.000  	KleeCLEVER: timeout  ,300.0000	llReve: unknown  ,0.0200  
./nestedMerge/EQ_posEQ_pos2/libA    CC2-Hybrid: equiv    ,0.4891   (Solve) ,,0.147  	CC2-Concurrent: unknown  ,0.0000   (Solve) ,,0.000  	KleeCLEVER: timeout  ,300.0000	llReve: not equiv ,0.0400  
./nestedMerge/EQ_posEQ_pos3/libA    CC2-Hybrid: equiv    ,0.3589   (Solve) ,,0.140  	CC2-Concurrent: unknown  ,0.0000   (Solve) ,,0.000  	KleeCLEVER: equiv    ,0.1817  	llReve: equiv    ,0.0500  
./nestedMerge/EQ_posEXTRA_ultra_prime_sum/libA CC2-Hybrid: equiv    ,141.4985 (Solve) ,,138.194	CC2-Concurrent: unknown  ,0.0000   (Solve) ,,0.000  	KleeCLEVER: equiv    ,0.1922  	llReve: unknown  ,0.2100  
./nestedMerge/EQ_posNEQ_LoopMult20/libA CC2-Hybrid: equiv    ,0.5410   (Solve) ,,0.224  	CC2-Concurrent: unknown  ,0.0000   (Solve) ,,0.000  	KleeCLEVER: equiv    ,0.1528  	llReve: equiv    ,0.0400  
./nestedMerge/EQ_posNEQ_LoopUnreach20/libA CC2-Hybrid: equiv    ,0.5179   (Solve) ,,0.210  	CC2-Concurrent: unknown  ,0.0000   (Solve) ,,0.000  	KleeCLEVER: equiv    ,0.1531  	llReve: equiv    ,0.0300  
./nestedMerge/EQ_posNEQ_getSign/libA CC2-Hybrid: not equiv ,0.7385   (Solve) ,,0.347  	CC2-Concurrent: unknown  ,0.0000   (Solve) ,,0.000  	KleeCLEVER: not equiv ,0.1885  	llReve: not equiv ,0.0300  
./nestedMerge/EXTRA_ultra_prime_sumEQ_Add/libA CC2-Hybrid: unknown  ,0.0000   (Solve) ,,0.000  	CC2-Concurrent: unknown  ,0.0000   (Solve) ,,0.000  	KleeCLEVER: unknown  ,0.0000  	llReve: unknown  ,0.0200  
./nestedMerge/EXTRA_ultra_prime_sumEQ_Const/libA CC2-Hybrid: unknown  ,0.0000   (Solve) ,,0.000  	CC2-Concurrent: unknown  ,0.0000   (Solve) ,,0.000  	KleeCLEVER: unknown  ,0.0000  	llReve: unknown  ,0.0100  
./nestedMerge/EXTRA_ultra_prime_sumEQ_LoopMult20/libA CC2-Hybrid: equiv    ,3.8705   (Solve) ,,2.193  	CC2-Concurrent: unknown  ,0.0000   (Solve) ,,0.000  	KleeCLEVER: timeout  ,300.0000	llReve: timeout  ,300.0000
./nestedMerge/EXTRA_ultra_prime_sumEQ_LoopUnreach20/libA CC2-Hybrid: equiv    ,2.6467   (Solve) ,,0.943  	CC2-Concurrent: unknown  ,0.0000   (Solve) ,,0.000  	KleeCLEVER: timeout  ,300.0000	llReve: equiv    ,0.0300  
./nestedMerge/EXTRA_ultra_prime_sumEQ_UnchLoop/libA CC2-Hybrid: unknown  ,0.0000   (Solve) ,,0.000  	CC2-Concurrent: unknown  ,0.0000   (Solve) ,,0.000  	KleeCLEVER: unknown  ,0.0000  	llReve: unknown  ,0.0100  
./nestedMerge/EXTRA_ultra_prime_sumEQ_divide/libA CC2-Hybrid: equiv    ,0.5427   (Solve) ,,0.094  	CC2-Concurrent: unknown  ,0.0000   (Solve) ,,0.000  	KleeCLEVER: timeout  ,300.0000	llReve: equiv    ,0.0800  
./nestedMerge/EXTRA_ultra_prime_sumEQ_getSign2/libA CC2-Hybrid: equiv    ,2.4240   (Solve) ,,0.774  	CC2-Concurrent: unknown  ,0.0000   (Solve) ,,0.000  	KleeCLEVER: timeout  ,300.0000	llReve: equiv    ,0.0400  
./nestedMerge/EXTRA_ultra_prime_sumEQ_is_prime1/libA CC2-Hybrid: equiv    ,2.5112   (Solve) ,,0.833  	CC2-Concurrent: unknown  ,0.0000   (Solve) ,,0.000  	KleeCLEVER: timeout  ,300.0000	llReve: unknown  ,0.0200  
./nestedMerge/EXTRA_ultra_prime_sumEQ_is_prime2/libA CC2-Hybrid: timeout  ,300.0000 (Solve) ,,0.000  	CC2-Concurrent: unknown  ,0.0000   (Solve) ,,0.000  	KleeCLEVER: not equiv ,0.6917  	llReve: unknown  ,0.0500  
./nestedMerge/EXTRA_ultra_prime_sumEQ_is_prime3/libA CC2-Hybrid: equiv    ,4.4957   (Solve) ,,2.117  	CC2-Concurrent: unknown  ,0.0000   (Solve) ,,0.000  	KleeCLEVER: timeout  ,300.0000	llReve: unknown  ,0.0300  
./nestedMerge/EXTRA_ultra_prime_sumEQ_ltfive/libA CC2-Hybrid: equiv    ,52.5188  (Solve) ,,50.323 	CC2-Concurrent: unknown  ,0.0000   (Solve) ,,0.000  	KleeCLEVER: timeout  ,300.0000	llReve: equiv    ,0.0600  
./nestedMerge/EXTRA_ultra_prime_sumEQ_ltfiveBound/libA CC2-Hybrid: equiv    ,1.7576   (Solve) ,,0.726  	CC2-Concurrent: unknown  ,0.0000   (Solve) ,,0.000  	KleeCLEVER: timeout  ,300.0000	llReve: equiv    ,0.0900  
./nestedMerge/EXTRA_ultra_prime_sumEQ_multiple/libA CC2-Hybrid: equiv    ,59.7474  (Solve) ,,58.429 	CC2-Concurrent: unknown  ,0.0000   (Solve) ,,0.000  	KleeCLEVER: timeout  ,300.0000	llReve: equiv    ,0.0300  
./nestedMerge/EXTRA_ultra_prime_sumEQ_multipleBound/libA CC2-Hybrid: equiv    ,2.4783   (Solve) ,,0.794  	CC2-Concurrent: unknown  ,0.0000   (Solve) ,,0.000  	KleeCLEVER: timeout  ,300.0000	llReve: equiv    ,0.0500  
./nestedMerge/EXTRA_ultra_prime_sumEQ_odd/libA CC2-Hybrid: equiv    ,25.0212  (Solve) ,,23.296 	CC2-Concurrent: unknown  ,0.0000   (Solve) ,,0.000  	KleeCLEVER: timeout  ,300.0000	llReve: unknown  ,0.0200  
./nestedMerge/EXTRA_ultra_prime_sumEQ_one/libA CC2-Hybrid: not equiv ,2.8234   (Solve) ,,1.232  	CC2-Concurrent: unknown  ,0.0000   (Solve) ,,0.000  	KleeCLEVER: not equiv ,0.1513  	llReve: not equiv ,0.0400  
./nestedMerge/EXTRA_ultra_prime_sumEQ_oneBound/libA CC2-Hybrid: equiv    ,1.6453   (Solve) ,,0.768  	CC2-Concurrent: unknown  ,0.0000   (Solve) ,,0.000  	KleeCLEVER: timeout  ,300.0000	llReve: equiv    ,0.0600  
./nestedMerge/EXTRA_ultra_prime_sumEQ_oneN2/libA CC2-Hybrid: equiv    ,26.1684  (Solve) ,,24.103 	CC2-Concurrent: unknown  ,0.0000   (Solve) ,,0.000  	KleeCLEVER: timeout  ,300.0000	llReve: equiv    ,0.0700  
./nestedMerge/EXTRA_ultra_prime_sumEQ_pos/libA CC2-Hybrid: equiv    ,33.7096  (Solve) ,,32.860 	CC2-Concurrent: unknown  ,0.0000   (Solve) ,,0.000  	KleeCLEVER: timeout  ,300.0000	llReve: unknown  ,0.0400  
./nestedMerge/EXTRA_ultra_prime_sumEQ_pos2/libA CC2-Hybrid: equiv    ,1.0259   (Solve) ,,0.435  	CC2-Concurrent: unknown  ,0.0000   (Solve) ,,0.000  	KleeCLEVER: timeout  ,300.0000	llReve: equiv    ,0.1200  
./nestedMerge/EXTRA_ultra_prime_sumEQ_pos3/libA CC2-Hybrid: equiv    ,2.4530   (Solve) ,,0.796  	CC2-Concurrent: unknown  ,0.0000   (Solve) ,,0.000  	KleeCLEVER: timeout  ,300.0000	llReve: equiv    ,0.0400  
./nestedMerge/EXTRA_ultra_prime_sumEXTRA_ultra_prime_sum/libA CC2-Hybrid: equiv    ,136.2950 (Solve) ,,132.395	CC2-Concurrent: unknown  ,0.0000   (Solve) ,,0.000  	KleeCLEVER: timeout  ,300.0000	llReve: unknown  ,0.0200  
./nestedMerge/EXTRA_ultra_prime_sumNEQ_LoopMult20/libA CC2-Hybrid: equiv    ,58.7841  (Solve) ,,56.829 	CC2-Concurrent: unknown  ,0.0000   (Solve) ,,0.000  	KleeCLEVER: timeout  ,300.0000	llReve: timeout  ,300.0000
./nestedMerge/EXTRA_ultra_prime_sumNEQ_LoopUnreach20/libA CC2-Hybrid: not equiv ,4.9821   (Solve) ,,2.622  	CC2-Concurrent: unknown  ,0.0000   (Solve) ,,0.000  	KleeCLEVER: not equiv ,0.2777  	llReve: not equiv ,0.2200  
./nestedMerge/EXTRA_ultra_prime_sumNEQ_getSign/libA CC2-Hybrid: not equiv ,1.1420   (Solve) ,,0.478  	CC2-Concurrent: unknown  ,0.0000   (Solve) ,,0.000  	KleeCLEVER: not equiv ,0.1404  	llReve: not equiv ,0.0300  
./nestedMerge/NEQ_LoopMult20EQ_UnchLoop/libA CC2-Hybrid: unknown  ,0.0000   (Solve) ,,0.000  	CC2-Concurrent: unknown  ,0.0000   (Solve) ,,0.000  	KleeCLEVER: unknown  ,0.0000  	llReve: unknown  ,0.0100  
./nestedMerge/NEQ_LoopMult20EQ_is_prime2/libA CC2-Hybrid: not equiv ,1.3133   (Solve) ,,0.836  	CC2-Concurrent: unknown  ,0.0000   (Solve) ,,0.000  	KleeCLEVER: not equiv ,0.4176  	llReve: unknown  ,0.0200  
./nestedMerge/NEQ_LoopMult20EQ_odd/libA CC2-Hybrid: equiv    ,1.2958   (Solve) ,,0.549  	CC2-Concurrent: unknown  ,0.0000   (Solve) ,,0.000  	KleeCLEVER: equiv    ,0.2648  	llReve: unknown  ,0.0100  
./nestedMerge/NEQ_LoopMult20EQ_pos/libA CC2-Hybrid: equiv    ,0.7205   (Solve) ,,0.482  	CC2-Concurrent: unknown  ,0.0000   (Solve) ,,0.000  	KleeCLEVER: equiv    ,0.4200  	llReve: unknown  ,0.0100  
./nestedMerge/NEQ_LoopMult20EQ_pos2/libA CC2-Hybrid: equiv    ,0.3170   (Solve) ,,0.141  	CC2-Concurrent: unknown  ,0.0000   (Solve) ,,0.000  	KleeCLEVER: equiv    ,0.4212  	llReve: not equiv ,0.0300  
./nestedMerge/NEQ_LoopMult20EXTRA_ultra_prime_sum/libA CC2-Hybrid: equiv    ,76.2597  (Solve) ,,74.623 	CC2-Concurrent: unknown  ,0.0000   (Solve) ,,0.000  	KleeCLEVER: equiv    ,0.4058  	llReve: timeout  ,300.0000
./nestedMerge/NEQ_LoopUnreach20EQ_UnchLoop/libA CC2-Hybrid: unknown  ,0.0000   (Solve) ,,0.000  	CC2-Concurrent: unknown  ,0.0000   (Solve) ,,0.000  	KleeCLEVER: unknown  ,0.0000  	llReve: unknown  ,0.0100  
./nestedMerge/NEQ_LoopUnreach20EQ_is_prime2/libA CC2-Hybrid: not equiv ,1.3087   (Solve) ,,0.831  	CC2-Concurrent: unknown  ,0.0000   (Solve) ,,0.000  	KleeCLEVER: not equiv ,0.4131  	llReve: unknown  ,0.0200  
./nestedMerge/NEQ_LoopUnreach20EQ_odd/libA CC2-Hybrid: equiv    ,1.3048   (Solve) ,,0.551  	CC2-Concurrent: unknown  ,0.0000   (Solve) ,,0.000  	KleeCLEVER: equiv    ,0.2626  	llReve: unknown  ,0.0100  
./nestedMerge/NEQ_LoopUnreach20EQ_pos/libA CC2-Hybrid: equiv    ,0.7141   (Solve) ,,0.476  	CC2-Concurrent: unknown  ,0.0000   (Solve) ,,0.000  	KleeCLEVER: equiv    ,0.4159  	llReve: unknown  ,0.0100  
./nestedMerge/NEQ_LoopUnreach20EQ_pos2/libA CC2-Hybrid: equiv    ,0.3183   (Solve) ,,0.142  	CC2-Concurrent: unknown  ,0.0000   (Solve) ,,0.000  	KleeCLEVER: equiv    ,0.4280  	llReve: not equiv ,0.0400  
./nestedMerge/NEQ_LoopUnreach20EXTRA_ultra_prime_sum/libA CC2-Hybrid: equiv    ,82.2041  (Solve) ,,80.579 	CC2-Concurrent: unknown  ,0.0000   (Solve) ,,0.000  	KleeCLEVER: equiv    ,0.4061  	llReve: timeout  ,300.0000
./nestedMerge/NEQ_getSignEQ_UnchLoop/libA CC2-Hybrid: unknown  ,0.0000   (Solve) ,,0.000  	CC2-Concurrent: unknown  ,0.0000   (Solve) ,,0.000  	KleeCLEVER: unknown  ,0.0000  	llReve: unknown  ,0.0100  
./nestedMerge/NEQ_getSignEQ_is_prime2/libA CC2-Hybrid: not equiv ,1.5580   (Solve) ,,1.129  	CC2-Concurrent: unknown  ,0.0000   (Solve) ,,0.000  	KleeCLEVER: not equiv ,0.7275  	llReve: unknown  ,0.0200  
./nestedMerge/NEQ_getSignEQ_odd/libA CC2-Hybrid: equiv    ,12.6428  (Solve) ,,11.898 	CC2-Concurrent: unknown  ,0.0000   (Solve) ,,0.000  	KleeCLEVER: timeout  ,300.0000	llReve: unknown  ,0.0100  
./nestedMerge/NEQ_getSignEQ_pos/libA CC2-Hybrid: equiv    ,11.2791  (Solve) ,,11.041 	CC2-Concurrent: unknown  ,0.0000   (Solve) ,,0.000  	KleeCLEVER: timeout  ,300.0000	llReve: unknown  ,0.0100  
./nestedMerge/NEQ_getSignEQ_pos2/libA CC2-Hybrid: equiv    ,0.2802   (Solve) ,,0.145  	CC2-Concurrent: unknown  ,0.0000   (Solve) ,,0.000  	KleeCLEVER: timeout  ,300.0000	llReve: not equiv ,0.0300  
./nestedMerge/NEQ_getSignEXTRA_ultra_prime_sum/libA CC2-Hybrid: equiv    ,76.3057  (Solve) ,,74.717 	CC2-Concurrent: unknown  ,0.0000   (Solve) ,,0.000  	KleeCLEVER: timeout  ,300.0000	llReve: unknown  ,0.1700  
