./multLibs/EQ_Add/1                 CC2-Hybrid: equiv    ,0.1673   (Solve) ,,0.036  	CC2-Concurrent: unknown  ,0.0000   (Solve) ,,0.000  	KleeCLEVER: equiv    ,0.0957  	llReve: equiv    ,0.0300  
./multLibs/EQ_Add/10                CC2-Hybrid: equiv    ,0.5119   (Solve) ,,0.125  	CC2-Concurrent: unknown  ,0.0000   (Solve) ,,0.000  	KleeCLEVER: equiv    ,0.1060  	llReve: equiv    ,0.0300  
./multLibs/EQ_Add/11                CC2-Hybrid: equiv    ,0.5597   (Solve) ,,0.114  	CC2-Concurrent: unknown  ,0.0000   (Solve) ,,0.000  	KleeCLEVER: equiv    ,0.1085  	llReve: equiv    ,0.0300  
./multLibs/EQ_Add/12                CC2-Hybrid: equiv    ,0.6199   (Solve) ,,0.116  	CC2-Concurrent: unknown  ,0.0000   (Solve) ,,0.000  	KleeCLEVER: equiv    ,0.1293  	llReve: equiv    ,0.0200  
./multLibs/EQ_Add/13                CC2-Hybrid: equiv    ,0.7016   (Solve) ,,0.114  	CC2-Concurrent: unknown  ,0.0000   (Solve) ,,0.000  	KleeCLEVER: equiv    ,0.1271  	llReve: equiv    ,0.0300  
./multLibs/EQ_Add/14                CC2-Hybrid: equiv    ,0.7390   (Solve) ,,0.101  	CC2-Concurrent: unknown  ,0.0000   (Solve) ,,0.000  	KleeCLEVER: equiv    ,0.1319  	llReve: equiv    ,0.0300  
./multLibs/EQ_Add/15                CC2-Hybrid: equiv    ,0.8277   (Solve) ,,0.118  	CC2-Concurrent: unknown  ,0.0000   (Solve) ,,0.000  	KleeCLEVER: equiv    ,0.1342  	llReve: equiv    ,0.0300  
./multLibs/EQ_Add/2                 CC2-Hybrid: equiv    ,0.2112   (Solve) ,,0.114  	CC2-Concurrent: unknown  ,0.0000   (Solve) ,,0.000  	KleeCLEVER: equiv    ,0.0963  	llReve: equiv    ,0.0300  
./multLibs/EQ_Add/3                 CC2-Hybrid: equiv    ,0.2338   (Solve) ,,0.112  	CC2-Concurrent: unknown  ,0.0000   (Solve) ,,0.000  	KleeCLEVER: equiv    ,0.1004  	llReve: equiv    ,0.0200  
./multLibs/EQ_Add/4                 CC2-Hybrid: equiv    ,0.2581   (Solve) ,,0.114  	CC2-Concurrent: unknown  ,0.0000   (Solve) ,,0.000  	KleeCLEVER: equiv    ,0.1062  	llReve: equiv    ,0.0300  
./multLibs/EQ_Add/5                 CC2-Hybrid: equiv    ,0.2956   (Solve) ,,0.119  	CC2-Concurrent: unknown  ,0.0000   (Solve) ,,0.000  	KleeCLEVER: equiv    ,0.1097  	llReve: equiv    ,0.0300  
./multLibs/EQ_Add/6                 CC2-Hybrid: equiv    ,0.3182   (Solve) ,,0.110  	CC2-Concurrent: unknown  ,0.0000   (Solve) ,,0.000  	KleeCLEVER: equiv    ,0.1022  	llReve: equiv    ,0.0300  
./multLibs/EQ_Add/7                 CC2-Hybrid: equiv    ,0.3655   (Solve) ,,0.117  	CC2-Concurrent: unknown  ,0.0000   (Solve) ,,0.000  	KleeCLEVER: equiv    ,0.1060  	llReve: equiv    ,0.0200  
./multLibs/EQ_Add/8                 CC2-Hybrid: equiv    ,0.4077   (Solve) ,,0.114  	CC2-Concurrent: unknown  ,0.0000   (Solve) ,,0.000  	KleeCLEVER: equiv    ,0.1040  	llReve: equiv    ,0.0300  
./multLibs/EQ_Add/9                 CC2-Hybrid: equiv    ,0.4505   (Solve) ,,0.114  	CC2-Concurrent: unknown  ,0.0000   (Solve) ,,0.000  	KleeCLEVER: equiv    ,0.1006  	llReve: equiv    ,0.0200  
./multLibs/EQ_Const/1               CC2-Hybrid: equiv    ,0.1468   (Solve) ,,0.036  	CC2-Concurrent: unknown  ,0.0000   (Solve) ,,0.000  	KleeCLEVER: equiv    ,0.0966  	llReve: equiv    ,0.0300  
./multLibs/EQ_Const/10              CC2-Hybrid: equiv    ,0.5068   (Solve) ,,0.108  	CC2-Concurrent: unknown  ,0.0000   (Solve) ,,0.000  	KleeCLEVER: equiv    ,0.1085  	llReve: equiv    ,0.0300  
./multLibs/EQ_Const/11              CC2-Hybrid: equiv    ,0.5644   (Solve) ,,0.109  	CC2-Concurrent: unknown  ,0.0000   (Solve) ,,0.000  	KleeCLEVER: equiv    ,0.1111  	llReve: equiv    ,0.0300  
./multLibs/EQ_Const/12              CC2-Hybrid: equiv    ,0.6186   (Solve) ,,0.108  	CC2-Concurrent: unknown  ,0.0000   (Solve) ,,0.000  	KleeCLEVER: equiv    ,0.1231  	llReve: equiv    ,0.0200  
./multLibs/EQ_Const/13              CC2-Hybrid: equiv    ,0.6962   (Solve) ,,0.121  	CC2-Concurrent: unknown  ,0.0000   (Solve) ,,0.000  	KleeCLEVER: equiv    ,0.1261  	llReve: equiv    ,0.0300  
./multLibs/EQ_Const/14              CC2-Hybrid: equiv    ,0.7727   (Solve) ,,0.114  	CC2-Concurrent: unknown  ,0.0000   (Solve) ,,0.000  	KleeCLEVER: equiv    ,0.1320  	llReve: equiv    ,0.0300  
./multLibs/EQ_Const/15              CC2-Hybrid: equiv    ,0.8321   (Solve) ,,0.117  	CC2-Concurrent: unknown  ,0.0000   (Solve) ,,0.000  	KleeCLEVER: equiv    ,0.1228  	llReve: equiv    ,0.0300  
./multLibs/EQ_Const/2               CC2-Hybrid: equiv    ,0.2182   (Solve) ,,0.120  	CC2-Concurrent: unknown  ,0.0000   (Solve) ,,0.000  	KleeCLEVER: equiv    ,0.0973  	llReve: equiv    ,0.0300  
./multLibs/EQ_Const/3               CC2-Hybrid: equiv    ,0.2344   (Solve) ,,0.113  	CC2-Concurrent: unknown  ,0.0000   (Solve) ,,0.000  	KleeCLEVER: equiv    ,0.1045  	llReve: equiv    ,0.0300  
./multLibs/EQ_Const/4               CC2-Hybrid: equiv    ,0.2636   (Solve) ,,0.114  	CC2-Concurrent: unknown  ,0.0000   (Solve) ,,0.000  	KleeCLEVER: equiv    ,0.1041  	llReve: equiv    ,0.0300  
./multLibs/EQ_Const/5               CC2-Hybrid: equiv    ,0.2911   (Solve) ,,0.111  	CC2-Concurrent: unknown  ,0.0000   (Solve) ,,0.000  	KleeCLEVER: equiv    ,0.0966  	llReve: equiv    ,0.0300  
./multLibs/EQ_Const/6               CC2-Hybrid: equiv    ,0.3323   (Solve) ,,0.117  	CC2-Concurrent: unknown  ,0.0000   (Solve) ,,0.000  	KleeCLEVER: equiv    ,0.1017  	llReve: equiv    ,0.0300  
./multLibs/EQ_Const/7               CC2-Hybrid: equiv    ,0.3719   (Solve) ,,0.120  	CC2-Concurrent: unknown  ,0.0000   (Solve) ,,0.000  	KleeCLEVER: equiv    ,0.1104  	llReve: equiv    ,0.0300  
./multLibs/EQ_Const/8               CC2-Hybrid: equiv    ,0.4136   (Solve) ,,0.114  	CC2-Concurrent: unknown  ,0.0000   (Solve) ,,0.000  	KleeCLEVER: equiv    ,0.1060  	llReve: equiv    ,0.0300  
./multLibs/EQ_Const/9               CC2-Hybrid: equiv    ,0.4522   (Solve) ,,0.090  	CC2-Concurrent: unknown  ,0.0000   (Solve) ,,0.000  	KleeCLEVER: equiv    ,0.1093  	llReve: equiv    ,0.0300  
./multLibs/EQ_LoopMult20/1          CC2-Hybrid: equiv    ,1.7697   (Solve) ,,1.049  	CC2-Concurrent: unknown  ,0.0000   (Solve) ,,0.000  	KleeCLEVER: equiv    ,0.3971  	llReve: equiv    ,6.7200  
./multLibs/EQ_LoopMult20/10         CC2-Hybrid: equiv    ,13.4317  (Solve) ,,11.295 	CC2-Concurrent: unknown  ,0.0000   (Solve) ,,0.000  	KleeCLEVER: timeout  ,300.0000	llReve: timeout  ,300.0000
./multLibs/EQ_LoopMult20/11         CC2-Hybrid: equiv    ,14.1459  (Solve) ,,11.498 	CC2-Concurrent: unknown  ,0.0000   (Solve) ,,0.000  	KleeCLEVER: timeout  ,300.0000	llReve: timeout  ,300.0000
./multLibs/EQ_LoopMult20/12         CC2-Hybrid: equiv    ,14.9185  (Solve) ,,11.725 	CC2-Concurrent: unknown  ,0.0000   (Solve) ,,0.000  	KleeCLEVER: timeout  ,300.0000	llReve: timeout  ,300.0000
./multLibs/EQ_LoopMult20/13         CC2-Hybrid: equiv    ,15.8535  (Solve) ,,12.015 	CC2-Concurrent: unknown  ,0.0000   (Solve) ,,0.000  	KleeCLEVER: timeout  ,300.0000	llReve: timeout  ,300.0000
./multLibs/EQ_LoopMult20/14         CC2-Hybrid: equiv    ,16.8887  (Solve) ,,12.335 	CC2-Concurrent: unknown  ,0.0000   (Solve) ,,0.000  	KleeCLEVER: timeout  ,300.0000	llReve: timeout  ,300.0000
./multLibs/EQ_LoopMult20/15         CC2-Hybrid: equiv    ,17.9693  (Solve) ,,12.568 	CC2-Concurrent: unknown  ,0.0000   (Solve) ,,0.000  	KleeCLEVER: timeout  ,300.0000	llReve: timeout  ,300.0000
./multLibs/EQ_LoopMult20/2          CC2-Hybrid: equiv    ,1.2132   (Solve) ,,0.955  	CC2-Concurrent: unknown  ,0.0000   (Solve) ,,0.000  	KleeCLEVER: equiv    ,0.8924  	llReve: equiv    ,29.2200 
./multLibs/EQ_LoopMult20/3          CC2-Hybrid: equiv    ,2.9579   (Solve) ,,2.630  	CC2-Concurrent: unknown  ,0.0000   (Solve) ,,0.000  	KleeCLEVER: equiv    ,2.7149  	llReve: equiv    ,30.2800 
./multLibs/EQ_LoopMult20/4          CC2-Hybrid: equiv    ,10.8653  (Solve) ,,10.411 	CC2-Concurrent: unknown  ,0.0000   (Solve) ,,0.000  	KleeCLEVER: equiv    ,12.1151 	llReve: equiv    ,103.5700
./multLibs/EQ_LoopMult20/5          CC2-Hybrid: equiv    ,11.1079  (Solve) ,,10.496 	CC2-Concurrent: unknown  ,0.0000   (Solve) ,,0.000  	KleeCLEVER: equiv    ,67.9041 	llReve: equiv    ,191.7000
./multLibs/EQ_LoopMult20/6          CC2-Hybrid: equiv    ,11.4464  (Solve) ,,10.627 	CC2-Concurrent: unknown  ,0.0000   (Solve) ,,0.000  	KleeCLEVER: timeout  ,300.0000	llReve: equiv    ,138.3100
./multLibs/EQ_LoopMult20/7          CC2-Hybrid: equiv    ,11.8183  (Solve) ,,10.760 	CC2-Concurrent: unknown  ,0.0000   (Solve) ,,0.000  	KleeCLEVER: timeout  ,300.0000	llReve: timeout  ,300.0000
./multLibs/EQ_LoopMult20/8          CC2-Hybrid: equiv    ,12.2752  (Solve) ,,10.907 	CC2-Concurrent: unknown  ,0.0000   (Solve) ,,0.000  	KleeCLEVER: timeout  ,300.0000	llReve: timeout  ,300.0000
./multLibs/EQ_LoopMult20/9          CC2-Hybrid: equiv    ,12.7840  (Solve) ,,11.084 	CC2-Concurrent: unknown  ,0.0000   (Solve) ,,0.000  	KleeCLEVER: timeout  ,300.0000	llReve: timeout  ,300.0000
./multLibs/EQ_LoopUnreach20/1       CC2-Hybrid: equiv    ,1.4864   (Solve) ,,0.435  	CC2-Concurrent: unknown  ,0.0000   (Solve) ,,0.000  	KleeCLEVER: equiv    ,0.1483  	llReve: equiv    ,0.0300  
./multLibs/EQ_LoopUnreach20/10      CC2-Hybrid: equiv    ,13.5453  (Solve) ,,11.369 	CC2-Concurrent: unknown  ,0.0000   (Solve) ,,0.000  	KleeCLEVER: equiv    ,72.3413 	llReve: equiv    ,0.0300  
./multLibs/EQ_LoopUnreach20/11      CC2-Hybrid: equiv    ,14.2426  (Solve) ,,11.586 	CC2-Concurrent: unknown  ,0.0000   (Solve) ,,0.000  	KleeCLEVER: equiv    ,270.8894	llReve: equiv    ,0.0300  
./multLibs/EQ_LoopUnreach20/12      CC2-Hybrid: equiv    ,15.0906  (Solve) ,,11.864 	CC2-Concurrent: unknown  ,0.0000   (Solve) ,,0.000  	KleeCLEVER: timeout  ,300.0000	llReve: equiv    ,0.0300  
./multLibs/EQ_LoopUnreach20/13      CC2-Hybrid: equiv    ,15.9864  (Solve) ,,12.130 	CC2-Concurrent: unknown  ,0.0000   (Solve) ,,0.000  	KleeCLEVER: timeout  ,300.0000	llReve: equiv    ,0.0300  
./multLibs/EQ_LoopUnreach20/14      CC2-Hybrid: equiv    ,17.0461  (Solve) ,,12.413 	CC2-Concurrent: unknown  ,0.0000   (Solve) ,,0.000  	KleeCLEVER: timeout  ,300.0000	llReve: equiv    ,0.0300  
./multLibs/EQ_LoopUnreach20/15      CC2-Hybrid: equiv    ,18.2008  (Solve) ,,12.771 	CC2-Concurrent: unknown  ,0.0000   (Solve) ,,0.000  	KleeCLEVER: timeout  ,300.0000	llReve: equiv    ,0.0400  
./multLibs/EQ_LoopUnreach20/2       CC2-Hybrid: equiv    ,0.5068   (Solve) ,,0.256  	CC2-Concurrent: unknown  ,0.0000   (Solve) ,,0.000  	KleeCLEVER: equiv    ,0.1793  	llReve: equiv    ,0.0300  
./multLibs/EQ_LoopUnreach20/3       CC2-Hybrid: equiv    ,0.5950   (Solve) ,,0.278  	CC2-Concurrent: unknown  ,0.0000   (Solve) ,,0.000  	KleeCLEVER: equiv    ,0.2248  	llReve: equiv    ,0.0300  
./multLibs/EQ_LoopUnreach20/4       CC2-Hybrid: equiv    ,0.7485   (Solve) ,,0.323  	CC2-Concurrent: unknown  ,0.0000   (Solve) ,,0.000  	KleeCLEVER: equiv    ,0.2716  	llReve: equiv    ,0.0300  
./multLibs/EQ_LoopUnreach20/5       CC2-Hybrid: equiv    ,0.9954   (Solve) ,,0.385  	CC2-Concurrent: unknown  ,0.0000   (Solve) ,,0.000  	KleeCLEVER: equiv    ,0.3532  	llReve: equiv    ,0.0300  
./multLibs/EQ_LoopUnreach20/6       CC2-Hybrid: equiv    ,1.3372   (Solve) ,,0.515  	CC2-Concurrent: unknown  ,0.0000   (Solve) ,,0.000  	KleeCLEVER: equiv    ,0.6034  	llReve: equiv    ,0.0300  
./multLibs/EQ_LoopUnreach20/7       CC2-Hybrid: equiv    ,1.9967   (Solve) ,,0.932  	CC2-Concurrent: unknown  ,0.0000   (Solve) ,,0.000  	KleeCLEVER: equiv    ,1.5232  	llReve: equiv    ,0.0400  
./multLibs/EQ_LoopUnreach20/8       CC2-Hybrid: equiv    ,3.7703   (Solve) ,,2.401  	CC2-Concurrent: unknown  ,0.0000   (Solve) ,,0.000  	KleeCLEVER: equiv    ,5.0602  	llReve: equiv    ,0.0300  
./multLibs/EQ_LoopUnreach20/9       CC2-Hybrid: equiv    ,9.7433   (Solve) ,,8.000  	CC2-Concurrent: unknown  ,0.0000   (Solve) ,,0.000  	KleeCLEVER: equiv    ,18.4240 	llReve: equiv    ,0.0400  
./multLibs/EQ_UnchLoop/1            CC2-Hybrid: equiv    ,40.2919  (Solve) ,,40.141 	CC2-Concurrent: unknown  ,0.0000   (Solve) ,,0.000  	KleeCLEVER: equiv    ,0.1020  	llReve: equiv    ,0.1400  
./multLibs/EQ_UnchLoop/10           CC2-Hybrid: equiv    ,0.5160   (Solve) ,,0.107  	CC2-Concurrent: unknown  ,0.0000   (Solve) ,,0.000  	KleeCLEVER: equiv    ,0.0915  	llReve: equiv    ,14.9400 
./multLibs/EQ_UnchLoop/11           CC2-Hybrid: equiv    ,0.5703   (Solve) ,,0.105  	CC2-Concurrent: unknown  ,0.0000   (Solve) ,,0.000  	KleeCLEVER: equiv    ,0.1108  	llReve: equiv    ,18.7300 
./multLibs/EQ_UnchLoop/12           CC2-Hybrid: equiv    ,0.6355   (Solve) ,,0.106  	CC2-Concurrent: unknown  ,0.0000   (Solve) ,,0.000  	KleeCLEVER: equiv    ,0.1134  	llReve: equiv    ,23.1300 
./multLibs/EQ_UnchLoop/13           CC2-Hybrid: equiv    ,0.7029   (Solve) ,,0.112  	CC2-Concurrent: unknown  ,0.0000   (Solve) ,,0.000  	KleeCLEVER: equiv    ,0.1131  	llReve: equiv    ,29.6600 
./multLibs/EQ_UnchLoop/14           CC2-Hybrid: equiv    ,0.7836   (Solve) ,,0.110  	CC2-Concurrent: unknown  ,0.0000   (Solve) ,,0.000  	KleeCLEVER: equiv    ,0.1137  	llReve: equiv    ,35.9600 
./multLibs/EQ_UnchLoop/15           CC2-Hybrid: equiv    ,0.8459   (Solve) ,,0.110  	CC2-Concurrent: unknown  ,0.0000   (Solve) ,,0.000  	KleeCLEVER: equiv    ,0.1145  	llReve: equiv    ,43.4100 
./multLibs/EQ_UnchLoop/2            CC2-Hybrid: equiv    ,0.2132   (Solve) ,,0.112  	CC2-Concurrent: unknown  ,0.0000   (Solve) ,,0.000  	KleeCLEVER: equiv    ,0.1028  	llReve: equiv    ,0.4700  
./multLibs/EQ_UnchLoop/3            CC2-Hybrid: equiv    ,0.2349   (Solve) ,,0.110  	CC2-Concurrent: unknown  ,0.0000   (Solve) ,,0.000  	KleeCLEVER: equiv    ,0.1036  	llReve: equiv    ,1.0300  
./multLibs/EQ_UnchLoop/4            CC2-Hybrid: equiv    ,0.2633   (Solve) ,,0.109  	CC2-Concurrent: unknown  ,0.0000   (Solve) ,,0.000  	KleeCLEVER: equiv    ,0.1047  	llReve: equiv    ,1.8600  
./multLibs/EQ_UnchLoop/5            CC2-Hybrid: equiv    ,0.3120   (Solve) ,,0.120  	CC2-Concurrent: unknown  ,0.0000   (Solve) ,,0.000  	KleeCLEVER: equiv    ,0.1065  	llReve: equiv    ,2.9400  
./multLibs/EQ_UnchLoop/6            CC2-Hybrid: equiv    ,0.3297   (Solve) ,,0.108  	CC2-Concurrent: unknown  ,0.0000   (Solve) ,,0.000  	KleeCLEVER: equiv    ,0.1077  	llReve: equiv    ,4.6100  
./multLibs/EQ_UnchLoop/7            CC2-Hybrid: equiv    ,0.3747   (Solve) ,,0.110  	CC2-Concurrent: unknown  ,0.0000   (Solve) ,,0.000  	KleeCLEVER: equiv    ,0.1095  	llReve: equiv    ,6.3500  
./multLibs/EQ_UnchLoop/8            CC2-Hybrid: equiv    ,0.4166   (Solve) ,,0.108  	CC2-Concurrent: unknown  ,0.0000   (Solve) ,,0.000  	KleeCLEVER: equiv    ,0.1072  	llReve: equiv    ,8.6200  
./multLibs/EQ_UnchLoop/9            CC2-Hybrid: equiv    ,0.4595   (Solve) ,,0.108  	CC2-Concurrent: unknown  ,0.0000   (Solve) ,,0.000  	KleeCLEVER: equiv    ,0.1061  	llReve: equiv    ,11.7900 
./multLibs/EQ_divide/1              CC2-Hybrid: equiv    ,0.1727   (Solve) ,,0.044  	CC2-Concurrent: unknown  ,0.0000   (Solve) ,,0.000  	KleeCLEVER: equiv    ,0.1094  	llReve: equiv    ,0.0200  
./multLibs/EQ_divide/10             CC2-Hybrid: equiv    ,2.4795   (Solve) ,,0.109  	CC2-Concurrent: unknown  ,0.0000   (Solve) ,,0.000  	KleeCLEVER: equiv    ,1.1564  	llReve: timeout  ,300.0000
./multLibs/EQ_divide/11             CC2-Hybrid: equiv    ,32.1355  (Solve) ,,10.896 	CC2-Concurrent: unknown  ,0.0000   (Solve) ,,0.000  	KleeCLEVER: equiv    ,157.4673	llReve: timeout  ,300.0000
./multLibs/EQ_divide/12             CC2-Hybrid: equiv    ,33.7994  (Solve) ,,10.282 	CC2-Concurrent: unknown  ,0.0000   (Solve) ,,0.000  	KleeCLEVER: timeout  ,300.0000	llReve: timeout  ,300.0000
./multLibs/EQ_divide/13             CC2-Hybrid: equiv    ,178.5560 (Solve) ,,11.855 	CC2-Concurrent: unknown  ,0.0000   (Solve) ,,0.000  	KleeCLEVER: timeout  ,300.0000	llReve: timeout  ,300.0000
./multLibs/EQ_divide/14             CC2-Hybrid: equiv    ,134.7489 (Solve) ,,10.866 	CC2-Concurrent: unknown  ,0.0000   (Solve) ,,0.000  	KleeCLEVER: timeout  ,300.0000	llReve: timeout  ,300.0000
