./nestedMerge/EQ_AddEQ_UnchLoop/libA CC2-Hybrid: equiv    ,40.2866  (Solve) ,,40.130 	CC2-Concurrent: unknown  ,0.0000   (Solve) ,,0.000  	KleeCLEVER: equiv    ,0.1043  	llReve: equiv    ,0.1300  
./nestedMerge/EQ_AddEQ_is_prime2/libA CC2-Hybrid: equiv    ,2.1143   (Solve) ,,1.419  	CC2-Concurrent: unknown  ,0.0000   (Solve) ,,0.000  	KleeCLEVER: equiv    ,0.0956  	llReve: unknown  ,0.0200  
./nestedMerge/EQ_AddEQ_odd/libA     CC2-Hybrid: equiv    ,0.8426   (Solve) ,,0.273  	CC2-Concurrent: unknown  ,0.0000   (Solve) ,,0.000  	KleeCLEVER: equiv    ,0.0858  	llReve: unknown  ,0.0100  
./nestedMerge/EQ_AddEQ_pos/libA     CC2-Hybrid: equiv    ,11.1459  (Solve) ,,10.961 	CC2-Concurrent: unknown  ,0.0000   (Solve) ,,0.000  	KleeCLEVER: equiv    ,0.1034  	llReve: unknown  ,0.0100  
./nestedMerge/EQ_AddEQ_pos2/libA    CC2-Hybrid: equiv    ,0.2435   (Solve) ,,0.114  	CC2-Concurrent: unknown  ,0.0000   (Solve) ,,0.000  	KleeCLEVER: equiv    ,0.0876  	llReve: not equiv ,0.0300  
./nestedMerge/EQ_AddEXTRA_ultra_prime_sum/libA CC2-Hybrid: equiv    ,78.8790  (Solve) ,,77.642 	CC2-Concurrent: unknown  ,0.0000   (Solve) ,,0.000  	KleeCLEVER: equiv    ,0.1080  	llReve: timeout  ,300.0000
./nestedMerge/EQ_ConstEQ_UnchLoop/libA CC2-Hybrid: equiv    ,40.3071  (Solve) ,,40.156 	CC2-Concurrent: unknown  ,0.0000   (Solve) ,,0.000  	KleeCLEVER: equiv    ,0.1016  	llReve: equiv    ,0.1300  
./nestedMerge/EQ_ConstEQ_is_prime2/libA CC2-Hybrid: equiv    ,2.0090   (Solve) ,,1.322  	CC2-Concurrent: unknown  ,0.0000   (Solve) ,,0.000  	KleeCLEVER: equiv    ,0.0941  	llReve: unknown  ,0.0200  
./nestedMerge/EQ_ConstEQ_odd/libA   CC2-Hybrid: equiv    ,0.8266   (Solve) ,,0.268  	CC2-Concurrent: unknown  ,0.0000   (Solve) ,,0.000  	KleeCLEVER: equiv    ,0.0843  	llReve: unknown  ,0.0100  
./nestedMerge/EQ_ConstEQ_pos/libA   CC2-Hybrid: equiv    ,11.1390  (Solve) ,,10.955 	CC2-Concurrent: unknown  ,0.0000   (Solve) ,,0.000  	KleeCLEVER: equiv    ,0.1043  	llReve: unknown  ,0.0100  
./nestedMerge/EQ_ConstEQ_pos2/libA  CC2-Hybrid: equiv    ,0.2504   (Solve) ,,0.120  	CC2-Concurrent: unknown  ,0.0000   (Solve) ,,0.000  	KleeCLEVER: equiv    ,0.0866  	llReve: not equiv ,0.0300  
./nestedMerge/EQ_ConstEXTRA_ultra_prime_sum/libA CC2-Hybrid: equiv    ,77.9194  (Solve) ,,76.688 	CC2-Concurrent: unknown  ,0.0000   (Solve) ,,0.000  	KleeCLEVER: equiv    ,0.1100  	llReve: timeout  ,300.0000
./nestedMerge/EQ_LoopMult20EQ_UnchLoop/libA CC2-Hybrid: equiv    ,40.3070  (Solve) ,,40.133 	CC2-Concurrent: unknown  ,0.0000   (Solve) ,,0.000  	KleeCLEVER: equiv    ,0.1402  	llReve: equiv    ,0.1400  
./nestedMerge/EQ_LoopMult20EQ_is_prime2/libA CC2-Hybrid: not equiv ,1.2215   (Solve) ,,0.818  	CC2-Concurrent: unknown  ,0.0000   (Solve) ,,0.000  	KleeCLEVER: not equiv ,0.4175  	llReve: unknown  ,0.0200  
./nestedMerge/EQ_LoopMult20EQ_odd/libA CC2-Hybrid: equiv    ,1.1408   (Solve) ,,0.543  	CC2-Concurrent: unknown  ,0.0000   (Solve) ,,0.000  	KleeCLEVER: equiv    ,0.2521  	llReve: unknown  ,0.0100  
./nestedMerge/EQ_LoopMult20EQ_pos/libA CC2-Hybrid: equiv    ,0.6866   (Solve) ,,0.468  	CC2-Concurrent: unknown  ,0.0000   (Solve) ,,0.000  	KleeCLEVER: equiv    ,0.4245  	llReve: unknown  ,0.0100  
./nestedMerge/EQ_LoopMult20EQ_pos2/libA CC2-Hybrid: equiv    ,0.2907   (Solve) ,,0.112  	CC2-Concurrent: unknown  ,0.0000   (Solve) ,,0.000  	KleeCLEVER: equiv    ,0.4270  	llReve: not equiv ,0.0300  
./nestedMerge/EQ_LoopMult20EXTRA_ultra_prime_sum/libA CC2-Hybrid: equiv    ,78.0586  (Solve) ,,76.775 	CC2-Concurrent: unknown  ,0.0000   (Solve) ,,0.000  	KleeCLEVER: equiv    ,0.4089  	llReve: timeout  ,300.0000
./nestedMerge/EQ_LoopUnreach20EQ_UnchLoop/libA CC2-Hybrid: equiv    ,40.2979  (Solve) ,,40.125 	CC2-Concurrent: unknown  ,0.0000   (Solve) ,,0.000  	KleeCLEVER: equiv    ,0.1398  	llReve: equiv    ,0.1400  
./nestedMerge/EQ_LoopUnreach20EQ_is_prime2/libA CC2-Hybrid: not equiv ,1.2100   (Solve) ,,0.810  	CC2-Concurrent: unknown  ,0.0000   (Solve) ,,0.000  	KleeCLEVER: not equiv ,0.4139  	llReve: unknown  ,0.0200  
./nestedMerge/EQ_LoopUnreach20EQ_odd/libA CC2-Hybrid: equiv    ,1.1301   (Solve) ,,0.533  	CC2-Concurrent: unknown  ,0.0000   (Solve) ,,0.000  	KleeCLEVER: equiv    ,0.2510  	llReve: unknown  ,0.0100  
./nestedMerge/EQ_LoopUnreach20EQ_pos/libA CC2-Hybrid: equiv    ,0.6917   (Solve) ,,0.469  	CC2-Concurrent: unknown  ,0.0000   (Solve) ,,0.000  	KleeCLEVER: equiv    ,0.4251  	llReve: unknown  ,0.0100  
./nestedMerge/EQ_LoopUnreach20EQ_pos2/libA CC2-Hybrid: equiv    ,0.2883   (Solve) ,,0.116  	CC2-Concurrent: unknown  ,0.0000   (Solve) ,,0.000  	KleeCLEVER: equiv    ,0.4288  	llReve: not equiv ,0.0300  
./nestedMerge/EQ_LoopUnreach20EXTRA_ultra_prime_sum/libA CC2-Hybrid: equiv    ,83.8505  (Solve) ,,82.562 	CC2-Concurrent: unknown  ,0.0000   (Solve) ,,0.000  	KleeCLEVER: equiv    ,0.4192  	llReve: timeout  ,300.0000
./nestedMerge/EQ_UnchLoopEQ_Add/libA CC2-Hybrid: equiv    ,0.1666   (Solve) ,,0.033  	CC2-Concurrent: unknown  ,0.0000   (Solve) ,,0.000  	KleeCLEVER: equiv    ,0.0977  	llReve: equiv    ,0.0300  
./nestedMerge/EQ_UnchLoopEQ_Const/libA CC2-Hybrid: equiv    ,0.1461   (Solve) ,,0.032  	CC2-Concurrent: unknown  ,0.0000   (Solve) ,,0.000  	KleeCLEVER: equiv    ,0.0987  	llReve: equiv    ,0.0300  
./nestedMerge/EQ_UnchLoopEQ_LoopMult20/libA CC2-Hybrid: equiv    ,1.0226   (Solve) ,,0.295  	CC2-Concurrent: unknown  ,0.0000   (Solve) ,,0.000  	KleeCLEVER: equiv    ,0.0996  	llReve: equiv    ,0.0300  
./nestedMerge/EQ_UnchLoopEQ_LoopUnreach20/libA CC2-Hybrid: equiv    ,1.0431   (Solve) ,,0.294  	CC2-Concurrent: unknown  ,0.0000   (Solve) ,,0.000  	KleeCLEVER: equiv    ,0.1030  	llReve: equiv    ,0.0300  
./nestedMerge/EQ_UnchLoopEQ_UnchLoop/libA CC2-Hybrid: equiv    ,40.2578  (Solve) ,,40.123 	CC2-Concurrent: unknown  ,0.0000   (Solve) ,,0.000  	KleeCLEVER: equiv    ,0.1044  	llReve: equiv    ,0.1300  
./nestedMerge/EQ_UnchLoopEQ_divide/libA CC2-Hybrid: equiv    ,0.1665   (Solve) ,,0.045  	CC2-Concurrent: unknown  ,0.0000   (Solve) ,,0.000  	KleeCLEVER: equiv    ,0.0867  	llReve: equiv    ,0.0200  
./nestedMerge/EQ_UnchLoopEQ_getSign2/libA CC2-Hybrid: equiv    ,0.7793   (Solve) ,,0.225  	CC2-Concurrent: unknown  ,0.0000   (Solve) ,,0.000  	KleeCLEVER: equiv    ,0.0869  	llReve: equiv    ,0.0200  
./nestedMerge/EQ_UnchLoopEQ_is_prime1/libA CC2-Hybrid: equiv    ,0.9848   (Solve) ,,0.397  	CC2-Concurrent: unknown  ,0.0000   (Solve) ,,0.000  	KleeCLEVER: equiv    ,0.0929  	llReve: unknown  ,0.0200  
./nestedMerge/EQ_UnchLoopEQ_is_prime2/libA CC2-Hybrid: equiv    ,2.0177   (Solve) ,,1.325  	CC2-Concurrent: unknown  ,0.0000   (Solve) ,,0.000  	KleeCLEVER: equiv    ,0.0949  	llReve: unknown  ,0.0200  
./nestedMerge/EQ_UnchLoopEQ_is_prime3/libA CC2-Hybrid: equiv    ,1.2789   (Solve) ,,0.443  	CC2-Concurrent: unknown  ,0.0000   (Solve) ,,0.000  	KleeCLEVER: equiv    ,0.1013  	llReve: unknown  ,0.0200  
./nestedMerge/EQ_UnchLoopEQ_ltfive/libA CC2-Hybrid: equiv    ,1.0912   (Solve) ,,0.462  	CC2-Concurrent: unknown  ,0.0000   (Solve) ,,0.000  	KleeCLEVER: equiv    ,0.0864  	llReve: equiv    ,0.0200  
./nestedMerge/EQ_UnchLoopEQ_ltfiveBound/libA CC2-Hybrid: equiv    ,0.4332   (Solve) ,,0.218  	CC2-Concurrent: unknown  ,0.0000   (Solve) ,,0.000  	KleeCLEVER: equiv    ,0.0898  	llReve: equiv    ,0.0300  
./nestedMerge/EQ_UnchLoopEQ_multiple/libA CC2-Hybrid: equiv    ,0.7936   (Solve) ,,0.248  	CC2-Concurrent: unknown  ,0.0000   (Solve) ,,0.000  	KleeCLEVER: equiv    ,0.0842  	llReve: equiv    ,0.0200  
./nestedMerge/EQ_UnchLoopEQ_multipleBound/libA CC2-Hybrid: equiv    ,0.8200   (Solve) ,,0.248  	CC2-Concurrent: unknown  ,0.0000   (Solve) ,,0.000  	KleeCLEVER: equiv    ,0.0864  	llReve: equiv    ,0.0200  
./nestedMerge/EQ_UnchLoopEQ_odd/libA CC2-Hybrid: equiv    ,0.8271   (Solve) ,,0.268  	CC2-Concurrent: unknown  ,0.0000   (Solve) ,,0.000  	KleeCLEVER: equiv    ,0.0849  	llReve: unknown  ,0.0100  
./nestedMerge/EQ_UnchLoopEQ_one/libA CC2-Hybrid: not equiv ,0.6026   (Solve) ,,0.324  	CC2-Concurrent: unknown  ,0.0000   (Solve) ,,0.000  	KleeCLEVER: not equiv ,0.0898  	llReve: not equiv ,0.0200  
./nestedMerge/EQ_UnchLoopEQ_oneBound/libA CC2-Hybrid: equiv    ,0.4197   (Solve) ,,0.231  	CC2-Concurrent: unknown  ,0.0000   (Solve) ,,0.000  	KleeCLEVER: equiv    ,0.0889  	llReve: equiv    ,0.0200  
./nestedMerge/EQ_UnchLoopEQ_oneN2/libA CC2-Hybrid: equiv    ,1.0695   (Solve) ,,0.475  	CC2-Concurrent: unknown  ,0.0000   (Solve) ,,0.000  	KleeCLEVER: equiv    ,0.0860  	llReve: equiv    ,0.0200  
./nestedMerge/EQ_UnchLoopEQ_pos/libA CC2-Hybrid: equiv    ,11.1416  (Solve) ,,10.961 	CC2-Concurrent: unknown  ,0.0000   (Solve) ,,0.000  	KleeCLEVER: equiv    ,0.1028  	llReve: unknown  ,0.0100  
./nestedMerge/EQ_UnchLoopEQ_pos2/libA CC2-Hybrid: equiv    ,0.2424   (Solve) ,,0.113  	CC2-Concurrent: unknown  ,0.0000   (Solve) ,,0.000  	KleeCLEVER: equiv    ,0.0969  	llReve: not equiv ,0.0300  
./nestedMerge/EQ_UnchLoopEQ_pos3/libA CC2-Hybrid: equiv    ,0.7708   (Solve) ,,0.210  	CC2-Concurrent: unknown  ,0.0000   (Solve) ,,0.000  	KleeCLEVER: equiv    ,0.0852  	llReve: equiv    ,0.0200  
./nestedMerge/EQ_UnchLoopEXTRA_ultra_prime_sum/libA CC2-Hybrid: equiv    ,78.5673  (Solve) ,,77.331 	CC2-Concurrent: unknown  ,0.0000   (Solve) ,,0.000  	KleeCLEVER: equiv    ,0.1075  	llReve: timeout  ,300.0000
./nestedMerge/EQ_UnchLoopNEQ_LoopMult20/libA CC2-Hybrid: equiv    ,1.0412   (Solve) ,,0.295  	CC2-Concurrent: unknown  ,0.0000   (Solve) ,,0.000  	KleeCLEVER: equiv    ,0.1009  	llReve: equiv    ,0.0300  
./nestedMerge/EQ_UnchLoopNEQ_LoopUnreach20/libA CC2-Hybrid: equiv    ,0.9031   (Solve) ,,0.187  	CC2-Concurrent: unknown  ,0.0000   (Solve) ,,0.000  	KleeCLEVER: equiv    ,0.1033  	llReve: equiv    ,0.0300  
./nestedMerge/EQ_UnchLoopNEQ_getSign/libA CC2-Hybrid: equiv    ,0.9389   (Solve) ,,0.240  	CC2-Concurrent: unknown  ,0.0000   (Solve) ,,0.000  	KleeCLEVER: equiv    ,0.1030  	llReve: equiv    ,0.0300  
./nestedMerge/EQ_divideEQ_UnchLoop/libA CC2-Hybrid: equiv    ,40.3020  (Solve) ,,40.149 	CC2-Concurrent: unknown  ,0.0000   (Solve) ,,0.000  	KleeCLEVER: equiv    ,0.1318  	llReve: equiv    ,0.1400  
./nestedMerge/EQ_divideEQ_is_prime2/libA CC2-Hybrid: not equiv ,1.5774   (Solve) ,,1.168  	CC2-Concurrent: unknown  ,0.0000   (Solve) ,,0.000  	KleeCLEVER: not equiv ,0.7788  	llReve: unknown  ,0.0200  
./nestedMerge/EQ_divideEQ_odd/libA  CC2-Hybrid: equiv    ,12.5610  (Solve) ,,11.941 	CC2-Concurrent: unknown  ,0.0000   (Solve) ,,0.000  	KleeCLEVER: timeout  ,300.0000	llReve: unknown  ,0.0100  
./nestedMerge/EQ_divideEQ_pos/libA  CC2-Hybrid: equiv    ,22.4149  (Solve) ,,21.496 	CC2-Concurrent: unknown  ,0.0000   (Solve) ,,0.000  	KleeCLEVER: timeout  ,300.0000	llReve: unknown  ,0.0200  
./nestedMerge/EQ_divideEQ_pos2/libA CC2-Hybrid: equiv    ,0.3241   (Solve) ,,0.141  	CC2-Concurrent: unknown  ,0.0000   (Solve) ,,0.000  	KleeCLEVER: timeout  ,300.0000	llReve: not equiv ,0.0400  
./nestedMerge/EQ_divideEXTRA_ultra_prime_sum/libA CC2-Hybrid: equiv    ,76.5784  (Solve) ,,74.928 	CC2-Concurrent: unknown  ,0.0000   (Solve) ,,0.000  	KleeCLEVER: timeout  ,300.0000	llReve: unknown  ,0.2400  
./nestedMerge/EQ_getSign2EQ_UnchLoop/libA CC2-Hybrid: equiv    ,40.3031  (Solve) ,,40.134 	CC2-Concurrent: unknown  ,0.0000   (Solve) ,,0.000  	KleeCLEVER: equiv    ,0.1257  	llReve: equiv    ,0.1400  
./nestedMerge/EQ_getSign2EQ_is_prime2/libA CC2-Hybrid: not equiv ,1.4855   (Solve) ,,1.092  	CC2-Concurrent: unknown  ,0.0000   (Solve) ,,0.000  	KleeCLEVER: not equiv ,0.7025  	llReve: unknown  ,0.0200  
./nestedMerge/EQ_getSign2EQ_odd/libA CC2-Hybrid: equiv    ,11.1230  (Solve) ,,10.543 	CC2-Concurrent: unknown  ,0.0000   (Solve) ,,0.000  	KleeCLEVER: equiv    ,14.8703 	llReve: unknown  ,0.0100  
./nestedMerge/EQ_getSign2EQ_pos/libA CC2-Hybrid: equiv    ,21.9741  (Solve) ,,21.249 	CC2-Concurrent: unknown  ,0.0000   (Solve) ,,0.000  	KleeCLEVER: timeout  ,300.0000	llReve: unknown  ,0.0200  
./nestedMerge/EQ_getSign2EQ_pos2/libA CC2-Hybrid: equiv    ,0.3233   (Solve) ,,0.153  	CC2-Concurrent: unknown  ,0.0000   (Solve) ,,0.000  	KleeCLEVER: timeout  ,300.0000	llReve: not equiv ,0.0300  
./nestedMerge/EQ_getSign2EXTRA_ultra_prime_sum/libA CC2-Hybrid: equiv    ,82.5904  (Solve) ,,80.942 	CC2-Concurrent: unknown  ,0.0000   (Solve) ,,0.000  	KleeCLEVER: timeout  ,300.0000	llReve: unknown  ,1.6100  
./nestedMerge/EQ_is_prime1EQ_UnchLoop/libA CC2-Hybrid: equiv    ,40.3122  (Solve) ,,40.155 	CC2-Concurrent: unknown  ,0.0000   (Solve) ,,0.000  	KleeCLEVER: equiv    ,0.1038  	llReve: equiv    ,0.1300  
./nestedMerge/EQ_is_prime1EQ_is_prime2/libA CC2-Hybrid: not equiv ,1.5146   (Solve) ,,1.157  	CC2-Concurrent: unknown  ,0.0000   (Solve) ,,0.000  	KleeCLEVER: not equiv ,0.7494  	llReve: unknown  ,0.0200  
./nestedMerge/EQ_is_prime1EQ_odd/libA CC2-Hybrid: equiv    ,12.4532  (Solve) ,,11.879 	CC2-Concurrent: unknown  ,0.0000   (Solve) ,,0.000  	KleeCLEVER: timeout  ,300.0000	llReve: unknown  ,0.0100  
./nestedMerge/EQ_is_prime1EQ_pos/libA CC2-Hybrid: equiv    ,11.2939  (Solve) ,,11.054 	CC2-Concurrent: unknown  ,0.0000   (Solve) ,,0.000  	KleeCLEVER: timeout  ,300.0000	llReve: unknown  ,0.0200  
./nestedMerge/EQ_is_prime1EQ_pos2/libA CC2-Hybrid: equiv    ,0.2842   (Solve) ,,0.147  	CC2-Concurrent: unknown  ,0.0000   (Solve) ,,0.000  	KleeCLEVER: timeout  ,300.0000	llReve: not equiv ,0.0300  
./nestedMerge/EQ_is_prime1EXTRA_ultra_prime_sum/libA CC2-Hybrid: equiv    ,76.2311  (Solve) ,,74.617 	CC2-Concurrent: unknown  ,0.0000   (Solve) ,,0.000  	KleeCLEVER: timeout  ,300.0000	llReve: unknown  ,0.1700  
./nestedMerge/EQ_is_prime2EQ_Add/libA CC2-Hybrid: equiv    ,0.2542   (Solve) ,,0.109  	CC2-Concurrent: unknown  ,0.0000   (Solve) ,,0.000  	KleeCLEVER: equiv    ,0.1482  	llReve: equiv    ,0.0300  
./nestedMerge/EQ_is_prime2EQ_Const/libA CC2-Hybrid: equiv    ,0.2574   (Solve) ,,0.111  	CC2-Concurrent: unknown  ,0.0000   (Solve) ,,0.000  	KleeCLEVER: equiv    ,0.1213  	llReve: equiv    ,0.0300  
./nestedMerge/EQ_is_prime2EQ_LoopMult20/libA CC2-Hybrid: equiv    ,0.7680   (Solve) ,,0.464  	CC2-Concurrent: unknown  ,0.0000   (Solve) ,,0.000  	KleeCLEVER: equiv    ,0.4029  	llReve: equiv    ,10.2500 
./nestedMerge/EQ_is_prime2EQ_LoopUnreach20/libA CC2-Hybrid: equiv    ,0.5508   (Solve) ,,0.226  	CC2-Concurrent: unknown  ,0.0000   (Solve) ,,0.000  	KleeCLEVER: equiv    ,0.1629  	llReve: equiv    ,0.0400  
./nestedMerge/EQ_is_prime2EQ_UnchLoop/libA CC2-Hybrid: equiv    ,0.2973   (Solve) ,,0.140  	CC2-Concurrent: unknown  ,0.0000   (Solve) ,,0.000  	KleeCLEVER: equiv    ,0.1285  	llReve: equiv    ,0.2500  
./nestedMerge/EQ_is_prime2EQ_divide/libA CC2-Hybrid: equiv    ,0.3605   (Solve) ,,0.119  	CC2-Concurrent: unknown  ,0.0000   (Solve) ,,0.000  	KleeCLEVER: equiv    ,0.1346  	llReve: equiv    ,0.0300  
./nestedMerge/EQ_is_prime2EQ_getSign2/libA CC2-Hybrid: equiv    ,0.4998   (Solve) ,,0.218  	CC2-Concurrent: unknown  ,0.0000   (Solve) ,,0.000  	KleeCLEVER: equiv    ,0.1690  	llReve: equiv    ,0.0300  
./nestedMerge/EQ_is_prime2EQ_is_prime1/libA CC2-Hybrid: equiv    ,0.4915   (Solve) ,,0.213  	CC2-Concurrent: unknown  ,0.0000   (Solve) ,,0.000  	KleeCLEVER: equiv    ,0.1370  	llReve: unknown  ,0.0200  
./nestedMerge/EQ_is_prime2EQ_is_prime2/libA CC2-Hybrid: not equiv ,2.1346   (Solve) ,,1.464  	CC2-Concurrent: unknown  ,0.0000   (Solve) ,,0.000  	KleeCLEVER: not equiv ,0.7384  	llReve: unknown  ,0.0300  
./nestedMerge/EQ_is_prime2EQ_is_prime3/libA CC2-Hybrid: equiv    ,2.0230   (Solve) ,,1.218  	CC2-Concurrent: unknown  ,0.0000   (Solve) ,,0.000  	KleeCLEVER: equiv    ,0.7393  	llReve: unknown  ,0.0200  
./nestedMerge/EQ_is_prime2EQ_ltfive/libA CC2-Hybrid: not equiv ,1.0292   (Solve) ,,0.351  	CC2-Concurrent: unknown  ,0.0000   (Solve) ,,0.000  	KleeCLEVER: not equiv ,0.1839  	llReve: equiv    ,0.0400  
./nestedMerge/EQ_is_prime2EQ_ltfiveBound/libA CC2-Hybrid: equiv    ,0.7864   (Solve) ,,0.229  	CC2-Concurrent: unknown  ,0.0000   (Solve) ,,0.000  	KleeCLEVER: equiv    ,0.1926  	llReve: equiv    ,0.0600  
./nestedMerge/EQ_is_prime2EQ_multiple/libA CC2-Hybrid: not equiv ,0.9778   (Solve) ,,0.496  	CC2-Concurrent: unknown  ,0.0000   (Solve) ,,0.000  	KleeCLEVER: not equiv ,0.2695  	llReve: equiv    ,0.0300  
./nestedMerge/EQ_is_prime2EQ_multipleBound/libA CC2-Hybrid: equiv    ,0.6284   (Solve) ,,0.277  	CC2-Concurrent: unknown  ,0.0000   (Solve) ,,0.000  	KleeCLEVER: equiv    ,0.2331  	llReve: equiv    ,0.0400  
./nestedMerge/EQ_is_prime2EQ_odd/libA CC2-Hybrid: equiv    ,21.9380  (Solve) ,,20.968 	CC2-Concurrent: unknown  ,0.0000   (Solve) ,,0.000  	KleeCLEVER: equiv    ,14.2544 	llReve: unknown  ,0.0200  
./nestedMerge/EQ_is_prime2EQ_one/libA CC2-Hybrid: equiv    ,0.6062   (Solve) ,,0.202  	CC2-Concurrent: unknown  ,0.0000   (Solve) ,,0.000  	KleeCLEVER: equiv    ,0.1614  	llReve: equiv    ,0.0400  
./nestedMerge/EQ_is_prime2EQ_oneBound/libA CC2-Hybrid: equiv    ,0.6807   (Solve) ,,0.217  	CC2-Concurrent: unknown  ,0.0000   (Solve) ,,0.000  	KleeCLEVER: equiv    ,0.1791  	llReve: equiv    ,0.0500  
./nestedMerge/EQ_is_prime2EQ_oneN2/libA CC2-Hybrid: equiv    ,0.6047   (Solve) ,,0.202  	CC2-Concurrent: unknown  ,0.0000   (Solve) ,,0.000  	KleeCLEVER: equiv    ,0.1551  	llReve: equiv    ,0.0300  
./nestedMerge/EQ_is_prime2EQ_pos/libA CC2-Hybrid: equiv    ,22.8310  (Solve) ,,21.751 	CC2-Concurrent: unknown  ,0.0000   (Solve) ,,0.000  	KleeCLEVER: timeout  ,300.0000	llReve: unknown  ,0.0200  
./nestedMerge/EQ_is_prime2EQ_pos2/libA CC2-Hybrid: equiv    ,0.4782   (Solve) ,,0.139  	CC2-Concurrent: unknown  ,0.0000   (Solve) ,,0.000  	KleeCLEVER: timeout  ,300.0000	llReve: not equiv ,0.0400  
./nestedMerge/EQ_is_prime2EQ_pos3/libA CC2-Hybrid: equiv    ,0.3558   (Solve) ,,0.139  	CC2-Concurrent: unknown  ,0.0000   (Solve) ,,0.000  	KleeCLEVER: equiv    ,0.1614  	llReve: equiv    ,0.0300  
./nestedMerge/EQ_is_prime2EXTRA_ultra_prime_sum/libA CC2-Hybrid: equiv    ,153.7428 (Solve) ,,150.424	CC2-Concurrent: unknown  ,0.0000   (Solve) ,,0.000  	KleeCLEVER: timeout  ,300.0000	llReve: timeout  ,300.0000
./nestedMerge/EQ_is_prime2NEQ_LoopMult20/libA CC2-Hybrid: not equiv ,1.0155   (Solve) ,,0.517  	CC2-Concurrent: unknown  ,0.0000   (Solve) ,,0.000  	KleeCLEVER: not equiv ,0.3415  	llReve: not equiv ,0.1700  
./nestedMerge/EQ_is_prime2NEQ_LoopUnreach20/libA CC2-Hybrid: not equiv ,0.8237   (Solve) ,,0.334  	CC2-Concurrent: unknown  ,0.0000   (Solve) ,,0.000  	KleeCLEVER: not equiv ,0.1730  	llReve: not equiv ,0.0400  
./nestedMerge/EQ_is_prime2NEQ_getSign/libA CC2-Hybrid: equiv    ,0.4418   (Solve) ,,0.215  	CC2-Concurrent: unknown  ,0.0000   (Solve) ,,0.000  	KleeCLEVER: equiv    ,0.1590  	llReve: equiv    ,0.0300  
./nestedMerge/EQ_is_prime3EQ_UnchLoop/libA CC2-Hybrid: equiv    ,40.3826  (Solve) ,,40.162 	CC2-Concurrent: unknown  ,0.0000   (Solve) ,,0.000  	KleeCLEVER: equiv    ,0.2436  	llReve: unknown  ,0.0200  
./nestedMerge/EQ_is_prime3EQ_is_prime2/libA CC2-Hybrid: equiv    ,6.7145   (Solve) ,,5.511  	CC2-Concurrent: unknown  ,0.0000   (Solve) ,,0.000  	KleeCLEVER: equiv    ,0.7586  	llReve: unknown  ,0.0200  
./nestedMerge/EQ_is_prime3EQ_odd/libA CC2-Hybrid: timeout  ,300.0000 (Solve) ,,0.000  	CC2-Concurrent: unknown  ,0.0000   (Solve) ,,0.000  	KleeCLEVER: timeout  ,300.0000	llReve: unknown  ,0.0200  
./nestedMerge/EQ_is_prime3EQ_pos/libA CC2-Hybrid: equiv    ,22.4510  (Solve) ,,21.850 	CC2-Concurrent: unknown  ,0.0000   (Solve) ,,0.000  	KleeCLEVER: timeout  ,300.0000	llReve: unknown  ,0.0200  
./nestedMerge/EQ_is_prime3EQ_pos2/libA CC2-Hybrid: equiv    ,0.6650   (Solve) ,,0.282  	CC2-Concurrent: unknown  ,0.0000   (Solve) ,,0.000  	KleeCLEVER: timeout  ,300.0000	llReve: unknown  ,0.0200  
./nestedMerge/EQ_is_prime3EXTRA_ultra_prime_sum/libA CC2-Hybrid: equiv    ,76.5119  (Solve) ,,74.625 	CC2-Concurrent: unknown  ,0.0000   (Solve) ,,0.000  	KleeCLEVER: timeout  ,300.0000	llReve: unknown  ,0.0200  
./nestedMerge/EQ_ltfiveBoundEQ_UnchLoop/libA CC2-Hybrid: equiv    ,0.3274   (Solve) ,,0.134  	CC2-Concurrent: unknown  ,0.0000   (Solve) ,,0.000  	KleeCLEVER: equiv    ,0.1688  	llReve: equiv    ,0.8600  
./nestedMerge/EQ_ltfiveBoundEQ_is_prime2/libA CC2-Hybrid: equiv    ,1.1123   (Solve) ,,0.545  	CC2-Concurrent: unknown  ,0.0000   (Solve) ,,0.000  	KleeCLEVER: equiv    ,0.4656  	llReve: unknown  ,0.0300  
./nestedMerge/EQ_ltfiveBoundEQ_odd/libA CC2-Hybrid: equiv    ,1.9533   (Solve) ,,1.593  	CC2-Concurrent: unknown  ,0.0000   (Solve) ,,0.000  	KleeCLEVER: equiv    ,1.5523  	llReve: unknown  ,0.0200  
./nestedMerge/EQ_ltfiveBoundEQ_pos/libA CC2-Hybrid: equiv    ,25.8331  (Solve) ,,24.640 	CC2-Concurrent: unknown  ,0.0000   (Solve) ,,0.000  	KleeCLEVER: equiv    ,31.6627 	llReve: unknown  ,0.0200  
./nestedMerge/EQ_ltfiveBoundEQ_pos2/libA CC2-Hybrid: equiv    ,0.5602   (Solve) ,,0.146  	CC2-Concurrent: unknown  ,0.0000   (Solve) ,,0.000  	KleeCLEVER: equiv    ,31.4224 	llReve: not equiv ,0.0800  
./nestedMerge/EQ_ltfiveBoundEXTRA_ultra_prime_sum/libA CC2-Hybrid: equiv    ,141.7808 (Solve) ,,138.327	CC2-Concurrent: unknown  ,0.0000   (Solve) ,,0.000  	KleeCLEVER: equiv    ,164.1540	llReve: timeout  ,300.0000
./nestedMerge/EQ_ltfiveEQ_UnchLoop/libA CC2-Hybrid: equiv    ,0.3088   (Solve) ,,0.141  	CC2-Concurrent: unknown  ,0.0000   (Solve) ,,0.000  	KleeCLEVER: equiv    ,0.1462  	llReve: equiv    ,0.8200  
./nestedMerge/EQ_ltfiveEQ_is_prime2/libA CC2-Hybrid: equiv    ,6.7328   (Solve) ,,5.494  	CC2-Concurrent: unknown  ,0.0000   (Solve) ,,0.000  	KleeCLEVER: equiv    ,1.5330  	llReve: unknown  ,0.0300  
./nestedMerge/EQ_ltfiveEQ_odd/libA  CC2-Hybrid: equiv    ,23.2420  (Solve) ,,22.247 	CC2-Concurrent: unknown  ,0.0000   (Solve) ,,0.000  	KleeCLEVER: equiv    ,38.8725 	llReve: unknown  ,0.0200  
./nestedMerge/EQ_ltfiveEQ_pos/libA  CC2-Hybrid: equiv    ,28.6802  (Solve) ,,27.532 	CC2-Concurrent: unknown  ,0.0000   (Solve) ,,0.000  	KleeCLEVER: timeout  ,300.0000	llReve: unknown  ,0.0200  
./nestedMerge/EQ_ltfiveEQ_pos2/libA CC2-Hybrid: equiv    ,0.5156   (Solve) ,,0.149  	CC2-Concurrent: unknown  ,0.0000   (Solve) ,,0.000  	KleeCLEVER: timeout  ,300.0000	llReve: not equiv ,0.0600  
./nestedMerge/EQ_ltfiveEXTRA_ultra_prime_sum/libA CC2-Hybrid: equiv    ,141.8735 (Solve) ,,138.499	CC2-Concurrent: unknown  ,0.0000   (Solve) ,,0.000  	KleeCLEVER: timeout  ,300.0000	llReve: timeout  ,300.0000
./nestedMerge/EQ_multipleBoundEQ_UnchLoop/libA CC2-Hybrid: equiv    ,40.3510  (Solve) ,,40.153 	CC2-Concurrent: unknown  ,0.0000   (Solve) ,,0.000  	KleeCLEVER: equiv    ,0.1399  	llReve: equiv    ,0.1000  
./nestedMerge/EQ_multipleBoundEQ_is_prime2/libA CC2-Hybrid: equiv    ,0.5520   (Solve) ,,0.246  	CC2-Concurrent: unknown  ,0.0000   (Solve) ,,0.000  	KleeCLEVER: equiv    ,0.1711  	llReve: unknown  ,0.0200  
./nestedMerge/EQ_multipleBoundEQ_odd/libA CC2-Hybrid: equiv    ,12.1449  (Solve) ,,11.515 	CC2-Concurrent: unknown  ,0.0000   (Solve) ,,0.000  	KleeCLEVER: timeout  ,300.0000	llReve: unknown  ,0.0100  
./nestedMerge/EQ_multipleBoundEQ_pos/libA CC2-Hybrid: equiv    ,22.5510  (Solve) ,,21.576 	CC2-Concurrent: unknown  ,0.0000   (Solve) ,,0.000  	KleeCLEVER: equiv    ,144.5702	llReve: unknown  ,0.0200  
./nestedMerge/EQ_multipleBoundEQ_pos2/libA CC2-Hybrid: equiv    ,0.3618   (Solve) ,,0.150  	CC2-Concurrent: unknown  ,0.0000   (Solve) ,,0.000  	KleeCLEVER: timeout  ,300.0000	llReve: not equiv ,0.0500  
./nestedMerge/EQ_multipleBoundEXTRA_ultra_prime_sum/libA CC2-Hybrid: equiv    ,75.3859  (Solve) ,,73.673 	CC2-Concurrent: unknown  ,0.0000   (Solve) ,,0.000  	KleeCLEVER: timeout  ,300.0000	llReve: unknown  ,0.2400  
./nestedMerge/EQ_multipleEQ_UnchLoop/libA CC2-Hybrid: equiv    ,40.3111  (Solve) ,,40.138 	CC2-Concurrent: unknown  ,0.0000   (Solve) ,,0.000  	KleeCLEVER: equiv    ,0.1080  	llReve: equiv    ,0.0900  
./nestedMerge/EQ_multipleEQ_is_prime2/libA CC2-Hybrid: equiv    ,2.2444   (Solve) ,,1.512  	CC2-Concurrent: unknown  ,0.0000   (Solve) ,,0.000  	KleeCLEVER: equiv    ,0.1542  	llReve: unknown  ,0.0200  
./nestedMerge/EQ_multipleEQ_odd/libA CC2-Hybrid: equiv    ,12.5489  (Solve) ,,11.935 	CC2-Concurrent: unknown  ,0.0000   (Solve) ,,0.000  	KleeCLEVER: timeout  ,300.0000	llReve: unknown  ,0.0100  
./nestedMerge/EQ_multipleEQ_pos/libA CC2-Hybrid: equiv    ,11.3398  (Solve) ,,11.080 	CC2-Concurrent: unknown  ,0.0000   (Solve) ,,0.000  	KleeCLEVER: timeout  ,300.0000	llReve: unknown  ,0.0100  
./nestedMerge/EQ_multipleEQ_pos2/libA CC2-Hybrid: equiv    ,0.3063   (Solve) ,,0.144  	CC2-Concurrent: unknown  ,0.0000   (Solve) ,,0.000  	KleeCLEVER: timeout  ,300.0000	llReve: not equiv ,0.0300  
./nestedMerge/EQ_multipleEXTRA_ultra_prime_sum/libA CC2-Hybrid: equiv    ,75.2095  (Solve) ,,73.522 	CC2-Concurrent: unknown  ,0.0000   (Solve) ,,0.000  	KleeCLEVER: timeout  ,300.0000	llReve: unknown  ,0.3000  
./nestedMerge/EQ_oddEQ_Add/libA     CC2-Hybrid: equiv    ,0.1795   (Solve) ,,0.033  	CC2-Concurrent: unknown  ,0.0000   (Solve) ,,0.000  	KleeCLEVER: equiv    ,0.1056  	llReve: equiv    ,0.0300  
./nestedMerge/EQ_oddEQ_Const/libA   CC2-Hybrid: equiv    ,0.1595   (Solve) ,,0.033  	CC2-Concurrent: unknown  ,0.0000   (Solve) ,,0.000  	KleeCLEVER: equiv    ,0.1006  	llReve: equiv    ,0.0300  
./nestedMerge/EQ_oddEQ_LoopMult20/libA CC2-Hybrid: equiv    ,1.8489   (Solve) ,,1.071  	CC2-Concurrent: unknown  ,0.0000   (Solve) ,,0.000  	KleeCLEVER: equiv    ,0.3628  	llReve: timeout  ,300.0000
./nestedMerge/EQ_oddEQ_LoopUnreach20/libA CC2-Hybrid: equiv    ,1.2378   (Solve) ,,0.454  	CC2-Concurrent: unknown  ,0.0000   (Solve) ,,0.000  	KleeCLEVER: equiv    ,0.1456  	llReve: equiv    ,0.0300  
./nestedMerge/EQ_oddEQ_UnchLoop/libA CC2-Hybrid: equiv    ,40.3000  (Solve) ,,40.151 	CC2-Concurrent: unknown  ,0.0000   (Solve) ,,0.000  	KleeCLEVER: equiv    ,0.1051  	llReve: equiv    ,0.0900  
./nestedMerge/EQ_oddEQ_divide/libA  CC2-Hybrid: equiv    ,0.1791   (Solve) ,,0.045  	CC2-Concurrent: unknown  ,0.0000   (Solve) ,,0.000  	KleeCLEVER: equiv    ,0.1449  	llReve: equiv    ,0.0200  
./nestedMerge/EQ_oddEQ_getSign2/libA CC2-Hybrid: equiv    ,0.9666   (Solve) ,,0.376  	CC2-Concurrent: unknown  ,0.0000   (Solve) ,,0.000  	KleeCLEVER: equiv    ,0.1523  	llReve: equiv    ,0.0200  
./nestedMerge/EQ_oddEQ_is_prime1/libA CC2-Hybrid: equiv    ,1.0336   (Solve) ,,0.413  	CC2-Concurrent: unknown  ,0.0000   (Solve) ,,0.000  	KleeCLEVER: equiv    ,0.0949  	llReve: unknown  ,0.0100  
./nestedMerge/EQ_oddEQ_is_prime2/libA CC2-Hybrid: not equiv ,1.5519   (Solve) ,,1.191  	CC2-Concurrent: unknown  ,0.0000   (Solve) ,,0.000  	KleeCLEVER: not equiv ,0.7647  	llReve: unknown  ,0.0200  
./nestedMerge/EQ_oddEQ_is_prime3/libA CC2-Hybrid: equiv    ,2.3464   (Solve) ,,1.414  	CC2-Concurrent: unknown  ,0.0000   (Solve) ,,0.000  	KleeCLEVER: equiv    ,0.7596  	llReve: unknown  ,0.0200  
./nestedMerge/EQ_oddEQ_ltfive/libA  CC2-Hybrid: not equiv ,0.6750   (Solve) ,,0.328  	CC2-Concurrent: unknown  ,0.0000   (Solve) ,,0.000  	KleeCLEVER: not equiv ,0.3311  	llReve: equiv    ,0.0200  
./nestedMerge/EQ_oddEQ_ltfiveBound/libA CC2-Hybrid: equiv    ,0.4615   (Solve) ,,0.221  	CC2-Concurrent: unknown  ,0.0000   (Solve) ,,0.000  	KleeCLEVER: equiv    ,0.2858  	llReve: equiv    ,0.0400  
./nestedMerge/EQ_oddEQ_multiple/libA CC2-Hybrid: not equiv ,0.4727   (Solve) ,,0.231  	CC2-Concurrent: unknown  ,0.0000   (Solve) ,,0.000  	KleeCLEVER: not equiv ,0.2317  	llReve: equiv    ,0.0200  
./nestedMerge/EQ_oddEQ_multipleBound/libA CC2-Hybrid: equiv    ,1.0860   (Solve) ,,0.475  	CC2-Concurrent: unknown  ,0.0000   (Solve) ,,0.000  	KleeCLEVER: equiv    ,0.3272  	llReve: equiv    ,0.0200  
./nestedMerge/EQ_oddEQ_odd/libA     CC2-Hybrid: equiv    ,12.5484  (Solve) ,,11.926 	CC2-Concurrent: unknown  ,0.0000   (Solve) ,,0.000  	KleeCLEVER: timeout  ,300.0000	llReve: unknown  ,0.0100  
./nestedMerge/EQ_oddEQ_one/libA     CC2-Hybrid: not equiv ,0.7729   (Solve) ,,0.380  	CC2-Concurrent: unknown  ,0.0000   (Solve) ,,0.000  	KleeCLEVER: not equiv ,0.2233  	llReve: not equiv ,0.0300  
./nestedMerge/EQ_oddEQ_oneBound/libA CC2-Hybrid: equiv    ,0.4967   (Solve) ,,0.264  	CC2-Concurrent: unknown  ,0.0000   (Solve) ,,0.000  	KleeCLEVER: equiv    ,0.2510  	llReve: equiv    ,0.0400  
./nestedMerge/EQ_oddEQ_oneN2/libA   CC2-Hybrid: equiv    ,1.4332   (Solve) ,,0.632  	CC2-Concurrent: unknown  ,0.0000   (Solve) ,,0.000  	KleeCLEVER: equiv    ,0.2170  	llReve: equiv    ,0.0300  
./nestedMerge/EQ_oddEQ_pos/libA     CC2-Hybrid: equiv    ,11.3203  (Solve) ,,11.075 	CC2-Concurrent: unknown  ,0.0000   (Solve) ,,0.000  	KleeCLEVER: timeout  ,300.0000	llReve: unknown  ,0.0100  
./nestedMerge/EQ_oddEQ_pos2/libA    CC2-Hybrid: equiv    ,0.3001   (Solve) ,,0.146  	CC2-Concurrent: unknown  ,0.0000   (Solve) ,,0.000  	KleeCLEVER: timeout  ,300.0000	llReve: not equiv ,0.0300  
./nestedMerge/EQ_oddEQ_pos3/libA    CC2-Hybrid: equiv    ,1.1759   (Solve) ,,0.399  	CC2-Concurrent: unknown  ,0.0000   (Solve) ,,0.000  	KleeCLEVER: equiv    ,0.1440  	llReve: equiv    ,0.0300  
./nestedMerge/EQ_oddEXTRA_ultra_prime_sum/libA CC2-Hybrid: equiv    ,75.0805  (Solve) ,,73.451 	CC2-Concurrent: unknown  ,0.0000   (Solve) ,,0.000  	KleeCLEVER: timeout  ,300.0000	llReve: unknown  ,0.1700  
./nestedMerge/EQ_oddNEQ_LoopMult20/libA CC2-Hybrid: equiv    ,1.8489   (Solve) ,,1.054  	CC2-Concurrent: unknown  ,0.0000   (Solve) ,,0.000  	KleeCLEVER: equiv    ,0.3609  	llReve: equiv    ,13.9400 
./nestedMerge/EQ_oddNEQ_LoopUnreach20/libA CC2-Hybrid: not equiv ,0.4994   (Solve) ,,0.165  	CC2-Concurrent: unknown  ,0.0000   (Solve) ,,0.000  	KleeCLEVER: not equiv ,0.1512  	llReve: not equiv ,0.0300  
./nestedMerge/EQ_oddNEQ_getSign/libA CC2-Hybrid: not equiv ,0.4626   (Solve) ,,0.169  	CC2-Concurrent: unknown  ,0.0000   (Solve) ,,0.000  	KleeCLEVER: not equiv ,0.1585  	llReve: not equiv ,0.0300  
./nestedMerge/EQ_oneBoundEQ_UnchLoop/libA CC2-Hybrid: equiv    ,0.3264   (Solve) ,,0.148  	CC2-Concurrent: unknown  ,0.0000   (Solve) ,,0.000  	KleeCLEVER: equiv    ,0.1550  	llReve: equiv    ,0.2700  
./nestedMerge/EQ_oneBoundEQ_is_prime2/libA CC2-Hybrid: equiv    ,4.5850   (Solve) ,,3.381  	CC2-Concurrent: unknown  ,0.0000   (Solve) ,,0.000  	KleeCLEVER: equiv    ,0.9362  	llReve: unknown  ,0.0300  
./nestedMerge/EQ_oneBoundEQ_odd/libA CC2-Hybrid: equiv    ,23.8208  (Solve) ,,22.807 	CC2-Concurrent: unknown  ,0.0000   (Solve) ,,0.000  	KleeCLEVER: timeout  ,300.0000	llReve: unknown  ,0.0200  
./nestedMerge/EQ_oneBoundEQ_pos/libA CC2-Hybrid: equiv    ,25.5956  (Solve) ,,24.444 	CC2-Concurrent: unknown  ,0.0000   (Solve) ,,0.000  	KleeCLEVER: equiv    ,15.3979 	llReve: unknown  ,0.0200  
./nestedMerge/EQ_oneBoundEQ_pos2/libA CC2-Hybrid: equiv    ,0.5122   (Solve) ,,0.143  	CC2-Concurrent: unknown  ,0.0000   (Solve) ,,0.000  	KleeCLEVER: timeout  ,300.0000	llReve: not equiv ,0.0900  
./nestedMerge/EQ_oneBoundEXTRA_ultra_prime_sum/libA CC2-Hybrid: equiv    ,142.2648 (Solve) ,,138.589	CC2-Concurrent: unknown  ,0.0000   (Solve) ,,0.000  	KleeCLEVER: equiv    ,6.9569  	llReve: unknown  ,0.6800  
./nestedMerge/EQ_oneEQ_UnchLoop/libA CC2-Hybrid: equiv    ,0.2894   (Solve) ,,0.133  	CC2-Concurrent: unknown  ,0.0000   (Solve) ,,0.000  	KleeCLEVER: equiv    ,0.1503  	llReve: equiv    ,0.3700  
./nestedMerge/EQ_oneEQ_is_prime2/libA CC2-Hybrid: equiv    ,8.4882   (Solve) ,,7.325  	CC2-Concurrent: unknown  ,0.0000   (Solve) ,,0.000  	KleeCLEVER: equiv    ,1.5924  	llReve: unknown  ,0.0300  
./nestedMerge/EQ_oneEQ_odd/libA     CC2-Hybrid: equiv    ,13.8794  (Solve) ,,13.550 	CC2-Concurrent: unknown  ,0.0000   (Solve) ,,0.000  	KleeCLEVER: timeout  ,300.0000	llReve: unknown  ,0.0100  
./nestedMerge/EQ_oneEQ_pos/libA     CC2-Hybrid: equiv    ,14.8104  (Solve) ,,14.371 	CC2-Concurrent: unknown  ,0.0000   (Solve) ,,0.000  	KleeCLEVER: timeout  ,300.0000	llReve: unknown  ,0.0200  
./nestedMerge/EQ_oneEQ_pos2/libA    CC2-Hybrid: equiv    ,0.4626   (Solve) ,,0.140  	CC2-Concurrent: unknown  ,0.0000   (Solve) ,,0.000  	KleeCLEVER: timeout  ,300.0000	llReve: not equiv ,0.0700  
./nestedMerge/EQ_oneEXTRA_ultra_prime_sum/libA CC2-Hybrid: equiv    ,141.8509 (Solve) ,,138.213	CC2-Concurrent: unknown  ,0.0000   (Solve) ,,0.000  	KleeCLEVER: timeout  ,300.0000	llReve: unknown  ,0.7000  
./nestedMerge/EQ_oneN2EQ_UnchLoop/libA CC2-Hybrid: equiv    ,0.2912   (Solve) ,,0.137  	CC2-Concurrent: unknown  ,0.0000   (Solve) ,,0.000  	KleeCLEVER: equiv    ,0.1470  	llReve: equiv    ,0.3800  
./nestedMerge/EQ_oneN2EQ_is_prime2/libA CC2-Hybrid: equiv    ,8.4085   (Solve) ,,7.239  	CC2-Concurrent: unknown  ,0.0000   (Solve) ,,0.000  	KleeCLEVER: equiv    ,1.5867  	llReve: unknown  ,0.0300  
./nestedMerge/EQ_oneN2EQ_odd/libA   CC2-Hybrid: equiv    ,13.8448  (Solve) ,,13.516 	CC2-Concurrent: unknown  ,0.0000   (Solve) ,,0.000  	KleeCLEVER: timeout  ,300.0000	llReve: unknown  ,0.0100  
./nestedMerge/EQ_oneN2EQ_pos/libA   CC2-Hybrid: equiv    ,14.8164  (Solve) ,,14.372 	CC2-Concurrent: unknown  ,0.0000   (Solve) ,,0.000  	KleeCLEVER: timeout  ,300.0000	llReve: unknown  ,0.0200  
./nestedMerge/EQ_oneN2EQ_pos2/libA  CC2-Hybrid: equiv    ,0.4542   (Solve) ,,0.133  	CC2-Concurrent: unknown  ,0.0000   (Solve) ,,0.000  	KleeCLEVER: timeout  ,300.0000	llReve: not equiv ,0.0700  
./nestedMerge/EQ_oneN2EXTRA_ultra_prime_sum/libA CC2-Hybrid: equiv    ,143.2838 (Solve) ,,139.666	CC2-Concurrent: unknown  ,0.0000   (Solve) ,,0.000  	KleeCLEVER: timeout  ,300.0000	llReve: unknown  ,0.7000  
./nestedMerge/EQ_pos2EQ_Add/libA    CC2-Hybrid: equiv    ,0.2571   (Solve) ,,0.111  	CC2-Concurrent: unknown  ,0.0000   (Solve) ,,0.000  	KleeCLEVER: equiv    ,0.1517  	llReve: equiv    ,0.0300  
./nestedMerge/EQ_pos2EQ_Const/libA  CC2-Hybrid: equiv    ,0.2644   (Solve) ,,0.116  	CC2-Concurrent: unknown  ,0.0000   (Solve) ,,0.000  	KleeCLEVER: equiv    ,0.1285  	llReve: equiv    ,0.0300  
./nestedMerge/EQ_pos2EQ_LoopMult20/libA CC2-Hybrid: equiv    ,0.5213   (Solve) ,,0.217  	CC2-Concurrent: unknown  ,0.0000   (Solve) ,,0.000  	KleeCLEVER: equiv    ,0.1608  	llReve: equiv    ,0.0400  
./nestedMerge/EQ_pos2EQ_LoopUnreach20/libA CC2-Hybrid: equiv    ,0.5309   (Solve) ,,0.222  	CC2-Concurrent: unknown  ,0.0000   (Solve) ,,0.000  	KleeCLEVER: equiv    ,0.1507  	llReve: equiv    ,0.0300  
./nestedMerge/EQ_pos2EQ_UnchLoop/libA CC2-Hybrid: equiv    ,0.2966   (Solve) ,,0.139  	CC2-Concurrent: unknown  ,0.0000   (Solve) ,,0.000  	KleeCLEVER: equiv    ,0.1296  	llReve: equiv    ,0.2500  
./nestedMerge/EQ_pos2EQ_divide/libA CC2-Hybrid: equiv    ,0.3666   (Solve) ,,0.121  	CC2-Concurrent: unknown  ,0.0000   (Solve) ,,0.000  	KleeCLEVER: equiv    ,0.1789  	llReve: equiv    ,0.0400  
./nestedMerge/EQ_pos2EQ_getSign2/libA CC2-Hybrid: equiv    ,0.4698   (Solve) ,,0.189  	CC2-Concurrent: unknown  ,0.0000   (Solve) ,,0.000  	KleeCLEVER: equiv    ,0.1432  	llReve: equiv    ,0.0300  
./nestedMerge/EQ_pos2EQ_is_prime1/libA CC2-Hybrid: equiv    ,0.4768   (Solve) ,,0.218  	CC2-Concurrent: unknown  ,0.0000   (Solve) ,,0.000  	KleeCLEVER: equiv    ,0.1350  	llReve: unknown  ,0.0200  
./nestedMerge/EQ_pos2EQ_is_prime2/libA CC2-Hybrid: equiv    ,0.7027   (Solve) ,,0.236  	CC2-Concurrent: unknown  ,0.0000   (Solve) ,,0.000  	KleeCLEVER: equiv    ,0.1646  	llReve: unknown  ,0.0300  
./nestedMerge/EQ_pos2EQ_is_prime3/libA CC2-Hybrid: equiv    ,3.2531   (Solve) ,,2.454  	CC2-Concurrent: unknown  ,0.0000   (Solve) ,,0.000  	KleeCLEVER: equiv    ,1.4800  	llReve: unknown  ,0.0300  
./nestedMerge/EQ_pos2EQ_ltfive/libA CC2-Hybrid: not equiv ,1.1017   (Solve) ,,0.423  	CC2-Concurrent: unknown  ,0.0000   (Solve) ,,0.000  	KleeCLEVER: not equiv ,0.2549  	llReve: equiv    ,0.0500  
./nestedMerge/EQ_pos2EQ_ltfiveBound/libA CC2-Hybrid: equiv    ,0.8821   (Solve) ,,0.304  	CC2-Concurrent: unknown  ,0.0000   (Solve) ,,0.000  	KleeCLEVER: equiv    ,0.2652  	llReve: equiv    ,0.0700  
./nestedMerge/EQ_pos2EQ_multiple/libA CC2-Hybrid: not equiv ,1.1743   (Solve) ,,0.693  	CC2-Concurrent: unknown  ,0.0000   (Solve) ,,0.000  	KleeCLEVER: not equiv ,0.3569  	llReve: equiv    ,0.0300  
./nestedMerge/EQ_pos2EQ_multipleBound/libA CC2-Hybrid: equiv    ,0.8344   (Solve) ,,0.479  	CC2-Concurrent: unknown  ,0.0000   (Solve) ,,0.000  	KleeCLEVER: equiv    ,0.4691  	llReve: equiv    ,0.0400  
./nestedMerge/EQ_pos2EQ_odd/libA    CC2-Hybrid: equiv    ,24.8002  (Solve) ,,23.798 	CC2-Concurrent: unknown  ,0.0000   (Solve) ,,0.000  	KleeCLEVER: timeout  ,300.0000	llReve: unknown  ,0.0100  
./nestedMerge/EQ_pos2EQ_one/libA    CC2-Hybrid: not equiv ,0.9710   (Solve) ,,0.378  	CC2-Concurrent: unknown  ,0.0000   (Solve) ,,0.000  	KleeCLEVER: not equiv ,0.2022  	llReve: not equiv ,0.0400  
./nestedMerge/EQ_pos2EQ_oneBound/libA CC2-Hybrid: equiv    ,0.7863   (Solve) ,,0.306  	CC2-Concurrent: unknown  ,0.0000   (Solve) ,,0.000  	KleeCLEVER: equiv    ,0.2610  	llReve: equiv    ,0.0500  
./nestedMerge/EQ_pos2EQ_oneN2/libA  CC2-Hybrid: not equiv ,0.9814   (Solve) ,,0.414  	CC2-Concurrent: unknown  ,0.0000   (Solve) ,,0.000  	KleeCLEVER: not equiv ,0.2262  	llReve: equiv    ,0.0300  
./nestedMerge/EQ_pos2EQ_pos/libA    CC2-Hybrid: equiv    ,23.3811  (Solve) ,,22.276 	CC2-Concurrent: unknown  ,0.0000   (Solve) ,,0.000  	KleeCLEVER: timeout  ,300.0000	llReve: unknown  ,0.0200  
./nestedMerge/EQ_pos2EQ_pos2/libA   CC2-Hybrid: equiv    ,0.4761   (Solve) ,,0.147  	CC2-Concurrent: unknown  ,0.0000   (Solve) ,,0.000  	KleeCLEVER: timeout  ,300.0000	llReve: not equiv ,0.0400  
./nestedMerge/EQ_pos2EQ_pos3/libA   CC2-Hybrid: equiv    ,0.3522   (Solve) ,,0.131  	CC2-Concurrent: unknown  ,0.0000   (Solve) ,,0.000  	KleeCLEVER: equiv    ,0.1704  	llReve: equiv    ,0.0300  
./nestedMerge/EQ_pos2EXTRA_ultra_prime_sum/libA CC2-Hybrid: equiv    ,147.5693 (Solve) ,,144.204	CC2-Concurrent: unknown  ,0.0000   (Solve) ,,0.000  	KleeCLEVER: equiv    ,0.1880  	llReve: unknown  ,0.2100  
./nestedMerge/EQ_pos2NEQ_LoopMult20/libA CC2-Hybrid: equiv    ,0.5260   (Solve) ,,0.219  	CC2-Concurrent: unknown  ,0.0000   (Solve) ,,0.000  	KleeCLEVER: equiv    ,0.1531  	llReve: equiv    ,0.0400  
./nestedMerge/EQ_pos2NEQ_LoopUnreach20/libA CC2-Hybrid: equiv    ,0.5237   (Solve) ,,0.216  	CC2-Concurrent: unknown  ,0.0000   (Solve) ,,0.000  	KleeCLEVER: equiv    ,0.1533  	llReve: equiv    ,0.0400  
./nestedMerge/EQ_pos2NEQ_getSign/libA CC2-Hybrid: not equiv ,0.7630   (Solve) ,,0.366  	CC2-Concurrent: unknown  ,0.0000   (Solve) ,,0.000  	KleeCLEVER: not equiv ,0.1960  	llReve: not equiv ,0.0300  
./nestedMerge/EQ_pos3EQ_UnchLoop/libA CC2-Hybrid: equiv    ,40.2791  (Solve) ,,40.132 	CC2-Concurrent: unknown  ,0.0000   (Solve) ,,0.000  	KleeCLEVER: equiv    ,0.1335  	llReve: equiv    ,0.1500  
./nestedMerge/EQ_pos3EQ_is_prime2/libA CC2-Hybrid: equiv    ,0.4650   (Solve) ,,0.205  	CC2-Concurrent: unknown  ,0.0000   (Solve) ,,0.000  	KleeCLEVER: equiv    ,0.1326  	llReve: unknown  ,0.0200  
./nestedMerge/EQ_pos3EQ_odd/libA    CC2-Hybrid: equiv    ,11.3964  (Solve) ,,10.806 	CC2-Concurrent: unknown  ,0.0000   (Solve) ,,0.000  	KleeCLEVER: equiv    ,25.9587 	llReve: unknown  ,0.0100  
./nestedMerge/EQ_pos3EQ_pos/libA    CC2-Hybrid: equiv    ,21.9870  (Solve) ,,21.262 	CC2-Concurrent: unknown  ,0.0000   (Solve) ,,0.000  	KleeCLEVER: timeout  ,300.0000	llReve: unknown  ,0.0200  
./nestedMerge/EQ_pos3EQ_pos2/libA   CC2-Hybrid: equiv    ,0.3134   (Solve) ,,0.143  	CC2-Concurrent: unknown  ,0.0000   (Solve) ,,0.000  	KleeCLEVER: timeout  ,300.0000	llReve: unknown  ,0.0200  
./nestedMerge/EQ_pos3EXTRA_ultra_prime_sum/libA CC2-Hybrid: equiv    ,82.3406  (Solve) ,,80.682 	CC2-Concurrent: unknown  ,0.0000   (Solve) ,,0.000  	KleeCLEVER: equiv    ,0.1728  	llReve: equiv    ,0.0800  
./nestedMerge/EQ_posEQ_Add/libA     CC2-Hybrid: equiv    ,0.2570   (Solve) ,,0.110  	CC2-Concurrent: unknown  ,0.0000   (Solve) ,,0.000  	KleeCLEVER: equiv    ,0.1238  	llReve: equiv    ,0.0200  
./nestedMerge/EQ_posEQ_Const/libA   CC2-Hybrid: equiv    ,0.2645   (Solve) ,,0.113  	CC2-Concurrent: unknown  ,0.0000   (Solve) ,,0.000  	KleeCLEVER: equiv    ,0.1273  	llReve: equiv    ,0.0300  
./nestedMerge/EQ_posEQ_LoopMult20/libA CC2-Hybrid: equiv    ,0.5263   (Solve) ,,0.217  	CC2-Concurrent: unknown  ,0.0000   (Solve) ,,0.000  	KleeCLEVER: equiv    ,0.1506  	llReve: equiv    ,0.0400  
./nestedMerge/EQ_posEQ_LoopUnreach20/libA CC2-Hybrid: equiv    ,0.5367   (Solve) ,,0.225  	CC2-Concurrent: unknown  ,0.0000   (Solve) ,,0.000  	KleeCLEVER: equiv    ,0.1536  	llReve: equiv    ,0.0300  
./nestedMerge/EQ_posEQ_UnchLoop/libA CC2-Hybrid: equiv    ,0.2924   (Solve) ,,0.136  	CC2-Concurrent: unknown  ,0.0000   (Solve) ,,0.000  	KleeCLEVER: equiv    ,0.1291  	llReve: equiv    ,0.2500  
./nestedMerge/EQ_posEQ_divide/libA  CC2-Hybrid: equiv    ,0.3681   (Solve) ,,0.123  	CC2-Concurrent: unknown  ,0.0000   (Solve) ,,0.000  	KleeCLEVER: equiv    ,0.1617  	llReve: equiv    ,0.0400  
./nestedMerge/EQ_posEQ_getSign2/libA CC2-Hybrid: equiv    ,0.4700   (Solve) ,,0.187  	CC2-Concurrent: unknown  ,0.0000   (Solve) ,,0.000  	KleeCLEVER: equiv    ,0.1399  	llReve: equiv    ,0.0300  
./nestedMerge/EQ_posEQ_is_prime1/libA CC2-Hybrid: equiv    ,0.4871   (Solve) ,,0.212  	CC2-Concurrent: unknown  ,0.0000   (Solve) ,,0.000  	KleeCLEVER: equiv    ,0.1370  	llReve: unknown  ,0.0200  
./nestedMerge/EQ_posEQ_is_prime2/libA CC2-Hybrid: equiv    ,0.6932   (Solve) ,,0.235  	CC2-Concurrent: unknown  ,0.0000   (Solve) ,,0.000  	KleeCLEVER: equiv    ,0.1608  	llReve: unknown  ,0.0300  
./nestedMerge/EQ_posEQ_is_prime3/libA CC2-Hybrid: equiv    ,3.2539   (Solve) ,,2.467  	CC2-Concurrent: unknown  ,0.0000   (Solve) ,,0.000  	KleeCLEVER: equiv    ,1.4900  	llReve: unknown  ,0.0300  
./nestedMerge/EQ_posEQ_ltfive/libA  CC2-Hybrid: not equiv ,1.1012   (Solve) ,,0.426  	CC2-Concurrent: unknown  ,0.0000   (Solve) ,,0.000  	KleeCLEVER: not equiv ,0.2524  	llReve: equiv    ,0.0400  
./nestedMerge/EQ_posEQ_ltfiveBound/libA CC2-Hybrid: equiv    ,0.8939   (Solve) ,,0.306  	CC2-Concurrent: unknown  ,0.0000   (Solve) ,,0.000  	KleeCLEVER: equiv    ,0.2639  	llReve: equiv    ,0.0700  
./nestedMerge/EQ_posEQ_multiple/libA CC2-Hybrid: not equiv ,1.1786   (Solve) ,,0.696  	CC2-Concurrent: unknown  ,0.0000   (Solve) ,,0.000  	KleeCLEVER: not equiv ,0.3572  	llReve: equiv    ,0.0300  
./nestedMerge/EQ_posEQ_multipleBound/libA CC2-Hybrid: equiv    ,0.8415   (Solve) ,,0.487  	CC2-Concurrent: unknown  ,0.0000   (Solve) ,,0.000  	KleeCLEVER: equiv    ,0.4704  	llReve: equiv    ,0.0400  
./nestedMerge/EQ_posEQ_odd/libA     CC2-Hybrid: equiv    ,24.8221  (Solve) ,,23.799 	CC2-Concurrent: unknown  ,0.0000   (Solve) ,,0.000  	KleeCLEVER: timeout  ,300.0000	llReve: unknown  ,0.0100  
./nestedMerge/EQ_posEQ_one/libA     CC2-Hybrid: not equiv ,1.0005   (Solve) ,,0.399  	CC2-Concurrent: unknown  ,0.0000   (Solve) ,,0.000  	KleeCLEVER: not equiv ,0.1992  	llReve: not equiv ,0.0300  
./nestedMerge/EQ_posEQ_oneBound/libA CC2-Hybrid: equiv    ,0.7670   (Solve) ,,0.304  	CC2-Concurrent: unknown  ,0.0000   (Solve) ,,0.000  	KleeCLEVER: equiv    ,0.2539  	llReve: equiv    ,0.0600  
./nestedMerge/EQ_posEQ_oneN2/libA   CC2-Hybrid: not equiv ,0.9964   (Solve) ,,0.421  	CC2-Concurrent: unknown  ,0.0000   (Solve) ,,0.000  	KleeCLEVER: not equiv ,0.2243  	llReve: equiv    ,0.0300  
./nestedMerge/EQ_posEQ_pos/libA     CC2-Hybrid: equiv    ,23.4283  (Solve) ,,22.336 	CC2-Concurrent: unknown  ,0.0000   (Solve) ,,0.000  	KleeCLEVER: timeout  ,300.0000	llReve: unknown  ,0.0200  
./nestedMerge/EQ_posEQ_pos2/libA    CC2-Hybrid: equiv    ,0.4829   (Solve) ,,0.146  	CC2-Concurrent: unknown  ,0.0000   (Solve) ,,0.000  	KleeCLEVER: timeout  ,300.0000	llReve: not equiv ,0.0400  
./nestedMerge/EQ_posEQ_pos3/libA    CC2-Hybrid: equiv    ,0.3673   (Solve) ,,0.144  	CC2-Concurrent: unknown  ,0.0000   (Solve) ,,0.000  	KleeCLEVER: equiv    ,0.1810  	llReve: equiv    ,0.0300  
./nestedMerge/EQ_posEXTRA_ultra_prime_sum/libA CC2-Hybrid: equiv    ,141.6379 (Solve) ,,138.276	CC2-Concurrent: unknown  ,0.0000   (Solve) ,,0.000  	KleeCLEVER: equiv    ,0.1848  	llReve: unknown  ,0.2100  
./nestedMerge/EQ_posNEQ_LoopMult20/libA CC2-Hybrid: equiv    ,0.5299   (Solve) ,,0.220  	CC2-Concurrent: unknown  ,0.0000   (Solve) ,,0.000  	KleeCLEVER: equiv    ,0.1522  	llReve: equiv    ,0.0400  
./nestedMerge/EQ_posNEQ_LoopUnreach20/libA CC2-Hybrid: equiv    ,0.5248   (Solve) ,,0.218  	CC2-Concurrent: unknown  ,0.0000   (Solve) ,,0.000  	KleeCLEVER: equiv    ,0.1633  	llReve: equiv    ,0.0400  
./nestedMerge/EQ_posNEQ_getSign/libA CC2-Hybrid: not equiv ,0.7569   (Solve) ,,0.361  	CC2-Concurrent: unknown  ,0.0000   (Solve) ,,0.000  	KleeCLEVER: not equiv ,0.1881  	llReve: not equiv ,0.0300  
./nestedMerge/EXTRA_ultra_prime_sumEQ_Add/libA CC2-Hybrid: equiv    ,0.3772   (Solve) ,,0.079  	CC2-Concurrent: unknown  ,0.0000   (Solve) ,,0.000  	KleeCLEVER: timeout  ,300.0000	llReve: equiv    ,0.0300  
./nestedMerge/EXTRA_ultra_prime_sumEQ_Const/libA CC2-Hybrid: equiv    ,0.3926   (Solve) ,,0.066  	CC2-Concurrent: unknown  ,0.0000   (Solve) ,,0.000  	KleeCLEVER: timeout  ,300.0000	llReve: equiv    ,0.0300  
./nestedMerge/EXTRA_ultra_prime_sumEQ_LoopMult20/libA CC2-Hybrid: equiv    ,3.8720   (Solve) ,,2.175  	CC2-Concurrent: unknown  ,0.0000   (Solve) ,,0.000  	KleeCLEVER: timeout  ,300.0000	llReve: timeout  ,300.0000
./nestedMerge/EXTRA_ultra_prime_sumEQ_LoopUnreach20/libA CC2-Hybrid: equiv    ,2.6711   (Solve) ,,0.951  	CC2-Concurrent: unknown  ,0.0000   (Solve) ,,0.000  	KleeCLEVER: timeout  ,300.0000	llReve: equiv    ,0.0300  
./nestedMerge/EXTRA_ultra_prime_sumEQ_UnchLoop/libA CC2-Hybrid: equiv    ,80.6752  (Solve) ,,80.305 	CC2-Concurrent: unknown  ,0.0000   (Solve) ,,0.000  	KleeCLEVER: timeout  ,300.0000	llReve: equiv    ,0.1800  
./nestedMerge/EXTRA_ultra_prime_sumEQ_divide/libA CC2-Hybrid: equiv    ,0.5465   (Solve) ,,0.092  	CC2-Concurrent: unknown  ,0.0000   (Solve) ,,0.000  	KleeCLEVER: timeout  ,300.0000	llReve: equiv    ,0.0500  
./nestedMerge/EXTRA_ultra_prime_sumEQ_getSign2/libA CC2-Hybrid: equiv    ,2.4555   (Solve) ,,0.816  	CC2-Concurrent: unknown  ,0.0000   (Solve) ,,0.000  	KleeCLEVER: timeout  ,300.0000	llReve: equiv    ,0.0400  
./nestedMerge/EXTRA_ultra_prime_sumEQ_is_prime1/libA CC2-Hybrid: equiv    ,2.4966   (Solve) ,,0.844  	CC2-Concurrent: unknown  ,0.0000   (Solve) ,,0.000  	KleeCLEVER: timeout  ,300.0000	llReve: unknown  ,0.0200  
./nestedMerge/EXTRA_ultra_prime_sumEQ_is_prime2/libA CC2-Hybrid: timeout  ,300.0000 (Solve) ,,0.000  	CC2-Concurrent: unknown  ,0.0000   (Solve) ,,0.000  	KleeCLEVER: not equiv ,0.7018  	llReve: unknown  ,0.0300  
./nestedMerge/EXTRA_ultra_prime_sumEQ_is_prime3/libA CC2-Hybrid: equiv    ,18.8664  (Solve) ,,13.205 	CC2-Concurrent: unknown  ,0.0000   (Solve) ,,0.000  	KleeCLEVER: timeout  ,300.0000	llReve: unknown  ,0.0300  
./nestedMerge/EXTRA_ultra_prime_sumEQ_ltfive/libA CC2-Hybrid: equiv    ,52.5441  (Solve) ,,50.300 	CC2-Concurrent: unknown  ,0.0000   (Solve) ,,0.000  	KleeCLEVER: timeout  ,300.0000	llReve: equiv    ,0.0600  
./nestedMerge/EXTRA_ultra_prime_sumEQ_ltfiveBound/libA CC2-Hybrid: equiv    ,1.7752   (Solve) ,,0.730  	CC2-Concurrent: unknown  ,0.0000   (Solve) ,,0.000  	KleeCLEVER: timeout  ,300.0000	llReve: equiv    ,0.0900  
./nestedMerge/EXTRA_ultra_prime_sumEQ_multiple/libA CC2-Hybrid: equiv    ,58.0916  (Solve) ,,56.756 	CC2-Concurrent: unknown  ,0.0000   (Solve) ,,0.000  	KleeCLEVER: timeout  ,300.0000	llReve: equiv    ,0.0300  
./nestedMerge/EXTRA_ultra_prime_sumEQ_multipleBound/libA CC2-Hybrid: equiv    ,2.5035   (Solve) ,,0.798  	CC2-Concurrent: unknown  ,0.0000   (Solve) ,,0.000  	KleeCLEVER: timeout  ,300.0000	llReve: equiv    ,0.0500  
./nestedMerge/EXTRA_ultra_prime_sumEQ_odd/libA CC2-Hybrid: equiv    ,25.0093  (Solve) ,,23.288 	CC2-Concurrent: unknown  ,0.0000   (Solve) ,,0.000  	KleeCLEVER: timeout  ,300.0000	llReve: unknown  ,0.0200  
./nestedMerge/EXTRA_ultra_prime_sumEQ_one/libA CC2-Hybrid: not equiv ,2.7550   (Solve) ,,1.180  	CC2-Concurrent: unknown  ,0.0000   (Solve) ,,0.000  	KleeCLEVER: not equiv ,0.1551  	llReve: not equiv ,0.0400  
./nestedMerge/EXTRA_ultra_prime_sumEQ_oneBound/libA CC2-Hybrid: equiv    ,1.6602   (Solve) ,,0.791  	CC2-Concurrent: unknown  ,0.0000   (Solve) ,,0.000  	KleeCLEVER: timeout  ,300.0000	llReve: equiv    ,0.0700  
./nestedMerge/EXTRA_ultra_prime_sumEQ_oneN2/libA CC2-Hybrid: equiv    ,30.7525  (Solve) ,,28.664 	CC2-Concurrent: unknown  ,0.0000   (Solve) ,,0.000  	KleeCLEVER: timeout  ,300.0000	llReve: equiv    ,0.0400  
./nestedMerge/EXTRA_ultra_prime_sumEQ_pos/libA CC2-Hybrid: equiv    ,33.7115  (Solve) ,,32.846 	CC2-Concurrent: unknown  ,0.0000   (Solve) ,,0.000  	KleeCLEVER: timeout  ,300.0000	llReve: unknown  ,0.0200  
./nestedMerge/EXTRA_ultra_prime_sumEQ_pos2/libA CC2-Hybrid: equiv    ,1.0123   (Solve) ,,0.440  	CC2-Concurrent: unknown  ,0.0000   (Solve) ,,0.000  	KleeCLEVER: timeout  ,300.0000	llReve: equiv    ,0.1200  
./nestedMerge/EXTRA_ultra_prime_sumEQ_pos3/libA CC2-Hybrid: equiv    ,2.4437   (Solve) ,,0.793  	CC2-Concurrent: unknown  ,0.0000   (Solve) ,,0.000  	KleeCLEVER: timeout  ,300.0000	llReve: equiv    ,0.0500  
./nestedMerge/EXTRA_ultra_prime_sumEXTRA_ultra_prime_sum/libA CC2-Hybrid: equiv    ,142.9056 (Solve) ,,138.986	CC2-Concurrent: unknown  ,0.0000   (Solve) ,,0.000  	KleeCLEVER: timeout  ,300.0000	llReve: unknown  ,0.0200  
./nestedMerge/EXTRA_ultra_prime_sumNEQ_LoopMult20/libA CC2-Hybrid: equiv    ,58.4966  (Solve) ,,56.536 	CC2-Concurrent: unknown  ,0.0000   (Solve) ,,0.000  	KleeCLEVER: timeout  ,300.0000	llReve: timeout  ,300.0000
./nestedMerge/EXTRA_ultra_prime_sumNEQ_LoopUnreach20/libA CC2-Hybrid: not equiv ,4.7907   (Solve) ,,2.541  	CC2-Concurrent: unknown  ,0.0000   (Solve) ,,0.000  	KleeCLEVER: not equiv ,0.2752  	llReve: not equiv ,0.2200  
./nestedMerge/EXTRA_ultra_prime_sumNEQ_getSign/libA CC2-Hybrid: not equiv ,1.1567   (Solve) ,,0.476  	CC2-Concurrent: unknown  ,0.0000   (Solve) ,,0.000  	KleeCLEVER: not equiv ,0.1433  	llReve: not equiv ,0.0400  
./nestedMerge/NEQ_LoopMult20EQ_UnchLoop/libA CC2-Hybrid: equiv    ,40.2949  (Solve) ,,40.147 	CC2-Concurrent: unknown  ,0.0000   (Solve) ,,0.000  	KleeCLEVER: equiv    ,0.1412  	llReve: equiv    ,0.1400  
./nestedMerge/NEQ_LoopMult20EQ_is_prime2/libA CC2-Hybrid: not equiv ,1.2196   (Solve) ,,0.822  	CC2-Concurrent: unknown  ,0.0000   (Solve) ,,0.000  	KleeCLEVER: not equiv ,0.4157  	llReve: unknown  ,0.0200  
./nestedMerge/NEQ_LoopMult20EQ_odd/libA CC2-Hybrid: equiv    ,1.1390   (Solve) ,,0.545  	CC2-Concurrent: unknown  ,0.0000   (Solve) ,,0.000  	KleeCLEVER: equiv    ,0.2519  	llReve: unknown  ,0.0100  
./nestedMerge/NEQ_LoopMult20EQ_pos/libA CC2-Hybrid: equiv    ,0.6780   (Solve) ,,0.465  	CC2-Concurrent: unknown  ,0.0000   (Solve) ,,0.000  	KleeCLEVER: equiv    ,0.4243  	llReve: unknown  ,0.0100  
./nestedMerge/NEQ_LoopMult20EQ_pos2/libA CC2-Hybrid: equiv    ,0.2904   (Solve) ,,0.116  	CC2-Concurrent: unknown  ,0.0000   (Solve) ,,0.000  	KleeCLEVER: equiv    ,0.4265  	llReve: not equiv ,0.0300  
./nestedMerge/NEQ_LoopMult20EXTRA_ultra_prime_sum/libA CC2-Hybrid: equiv    ,77.9481  (Solve) ,,76.669 	CC2-Concurrent: unknown  ,0.0000   (Solve) ,,0.000  	KleeCLEVER: equiv    ,0.3965  	llReve: timeout  ,300.0000
./nestedMerge/NEQ_LoopUnreach20EQ_UnchLoop/libA CC2-Hybrid: equiv    ,40.3361  (Solve) ,,40.167 	CC2-Concurrent: unknown  ,0.0000   (Solve) ,,0.000  	KleeCLEVER: equiv    ,0.1414  	llReve: equiv    ,0.1400  
./nestedMerge/NEQ_LoopUnreach20EQ_is_prime2/libA CC2-Hybrid: not equiv ,1.2326   (Solve) ,,0.830  	CC2-Concurrent: unknown  ,0.0000   (Solve) ,,0.000  	KleeCLEVER: not equiv ,0.4154  	llReve: unknown  ,0.0200  
./nestedMerge/NEQ_LoopUnreach20EQ_odd/libA CC2-Hybrid: equiv    ,1.1368   (Solve) ,,0.545  	CC2-Concurrent: unknown  ,0.0000   (Solve) ,,0.000  	KleeCLEVER: equiv    ,0.2564  	llReve: unknown  ,0.0100  
./nestedMerge/NEQ_LoopUnreach20EQ_pos/libA CC2-Hybrid: equiv    ,0.6857   (Solve) ,,0.470  	CC2-Concurrent: unknown  ,0.0000   (Solve) ,,0.000  	KleeCLEVER: equiv    ,0.4262  	llReve: unknown  ,0.0100  
./nestedMerge/NEQ_LoopUnreach20EQ_pos2/libA CC2-Hybrid: equiv    ,0.2853   (Solve) ,,0.113  	CC2-Concurrent: unknown  ,0.0000   (Solve) ,,0.000  	KleeCLEVER: equiv    ,0.4299  	llReve: not equiv ,0.0300  
./nestedMerge/NEQ_LoopUnreach20EXTRA_ultra_prime_sum/libA CC2-Hybrid: equiv    ,78.3071  (Solve) ,,77.003 	CC2-Concurrent: unknown  ,0.0000   (Solve) ,,0.000  	KleeCLEVER: equiv    ,0.4060  	llReve: timeout  ,300.0000
./nestedMerge/NEQ_getSignEQ_UnchLoop/libA CC2-Hybrid: equiv    ,40.2952  (Solve) ,,40.138 	CC2-Concurrent: unknown  ,0.0000   (Solve) ,,0.000  	KleeCLEVER: equiv    ,0.1040  	llReve: equiv    ,0.1300  
./nestedMerge/NEQ_getSignEQ_is_prime2/libA CC2-Hybrid: not equiv ,1.4977   (Solve) ,,1.148  	CC2-Concurrent: unknown  ,0.0000   (Solve) ,,0.000  	KleeCLEVER: not equiv ,0.7580  	llReve: unknown  ,0.0200  
./nestedMerge/NEQ_getSignEQ_odd/libA CC2-Hybrid: equiv    ,12.4613  (Solve) ,,11.880 	CC2-Concurrent: unknown  ,0.0000   (Solve) ,,0.000  	KleeCLEVER: timeout  ,300.0000	llReve: unknown  ,0.0100  
./nestedMerge/NEQ_getSignEQ_pos/libA CC2-Hybrid: equiv    ,11.3187  (Solve) ,,11.083 	CC2-Concurrent: unknown  ,0.0000   (Solve) ,,0.000  	KleeCLEVER: timeout  ,300.0000	llReve: unknown  ,0.0200  
./nestedMerge/NEQ_getSignEQ_pos2/libA CC2-Hybrid: equiv    ,0.2839   (Solve) ,,0.142  	CC2-Concurrent: unknown  ,0.0000   (Solve) ,,0.000  	KleeCLEVER: timeout  ,300.0000	llReve: not equiv ,0.0300  
./nestedMerge/NEQ_getSignEXTRA_ultra_prime_sum/libA CC2-Hybrid: equiv    ,76.3176  (Solve) ,,74.704 	CC2-Concurrent: unknown  ,0.0000   (Solve) ,,0.000  	KleeCLEVER: timeout  ,300.0000	llReve: unknown  ,0.1600  
