./mergedHard/EQ_AddEQ_LoopMult20/libA CC2-Hybrid: equiv    ,0.1806   (Solve) ,,0.079  	CC2-Concurrent: unknown  ,0.0000   (Solve) ,,0.000  	KleeCLEVER: equiv    ,0.1353  	llReve: equiv    ,0.0200  
./mergedHard/EQ_AddEQ_UnchLoop/libA CC2-Hybrid: equiv    ,0.1558   (Solve) ,,0.079  	CC2-Concurrent: unknown  ,0.0000   (Solve) ,,0.000  	KleeCLEVER: equiv    ,0.0782  	llReve: equiv    ,0.0200  
./mergedHard/EQ_AddEQ_odd/libA      CC2-Hybrid: equiv    ,0.1823   (Solve) ,,0.080  	CC2-Concurrent: unknown  ,0.0000   (Solve) ,,0.000  	KleeCLEVER: equiv    ,0.1037  	llReve: equiv    ,0.0200  
./mergedHard/EQ_AddEQ_pos/libA      CC2-Hybrid: equiv    ,0.2135   (Solve) ,,0.079  	CC2-Concurrent: unknown  ,0.0000   (Solve) ,,0.000  	KleeCLEVER: equiv    ,0.1022  	llReve: equiv    ,0.0200  
./mergedHard/EQ_AddEQ_pos2/libA     CC2-Hybrid: equiv    ,0.2130   (Solve) ,,0.079  	CC2-Concurrent: unknown  ,0.0000   (Solve) ,,0.000  	KleeCLEVER: equiv    ,0.1014  	llReve: equiv    ,0.0200  
./mergedHard/EQ_AddEXTRA_ultra_prime_sum/libA CC2-Hybrid: equiv    ,0.4569   (Solve) ,,0.193  	CC2-Concurrent: unknown  ,0.0000   (Solve) ,,0.000  	KleeCLEVER: timeout  ,300.0000	llReve: equiv    ,0.0300  
./mergedHard/EQ_ConstEQ_LoopMult20/libA CC2-Hybrid: equiv    ,0.1840   (Solve) ,,0.079  	CC2-Concurrent: unknown  ,0.0000   (Solve) ,,0.000  	KleeCLEVER: equiv    ,0.1327  	llReve: equiv    ,0.0200  
./mergedHard/EQ_ConstEQ_UnchLoop/libA CC2-Hybrid: equiv    ,0.1573   (Solve) ,,0.079  	CC2-Concurrent: unknown  ,0.0000   (Solve) ,,0.000  	KleeCLEVER: equiv    ,0.0750  	llReve: equiv    ,0.0200  
./mergedHard/EQ_ConstEQ_odd/libA    CC2-Hybrid: equiv    ,0.1849   (Solve) ,,0.079  	CC2-Concurrent: unknown  ,0.0000   (Solve) ,,0.000  	KleeCLEVER: equiv    ,0.1011  	llReve: equiv    ,0.0200  
./mergedHard/EQ_ConstEQ_pos/libA    CC2-Hybrid: equiv    ,0.2147   (Solve) ,,0.079  	CC2-Concurrent: unknown  ,0.0000   (Solve) ,,0.000  	KleeCLEVER: equiv    ,0.1012  	llReve: equiv    ,0.0200  
./mergedHard/EQ_ConstEQ_pos2/libA   CC2-Hybrid: equiv    ,0.2149   (Solve) ,,0.079  	CC2-Concurrent: unknown  ,0.0000   (Solve) ,,0.000  	KleeCLEVER: equiv    ,0.1024  	llReve: equiv    ,0.0200  
./mergedHard/EQ_ConstEXTRA_ultra_prime_sum/libA CC2-Hybrid: equiv    ,0.4605   (Solve) ,,0.194  	CC2-Concurrent: unknown  ,0.0000   (Solve) ,,0.000  	KleeCLEVER: timeout  ,300.0000	llReve: equiv    ,0.0200  
./mergedHard/EQ_LoopMult20EQ_Add/libA CC2-Hybrid: equiv    ,0.6396   (Solve) ,,0.469  	CC2-Concurrent: unknown  ,0.0000   (Solve) ,,0.000  	KleeCLEVER: equiv    ,0.3875  	llReve: timeout  ,300.0000
./mergedHard/EQ_LoopMult20EQ_Const/libA CC2-Hybrid: equiv    ,0.6294   (Solve) ,,0.463  	CC2-Concurrent: unknown  ,0.0000   (Solve) ,,0.000  	KleeCLEVER: equiv    ,0.3862  	llReve: timeout  ,300.0000
./mergedHard/EQ_LoopMult20EQ_LoopMult20/libA CC2-Hybrid: equiv    ,1.0899   (Solve) ,,0.902  	CC2-Concurrent: unknown  ,0.0000   (Solve) ,,0.000  	KleeCLEVER: equiv    ,0.8550  	llReve: equiv    ,34.8700 
./mergedHard/EQ_LoopMult20EQ_LoopUnreach20/libA CC2-Hybrid: equiv    ,1.0972   (Solve) ,,0.904  	CC2-Concurrent: unknown  ,0.0000   (Solve) ,,0.000  	KleeCLEVER: equiv    ,0.8586  	llReve: equiv    ,34.9800 
./mergedHard/EQ_LoopMult20EQ_UnchLoop/libA CC2-Hybrid: equiv    ,0.6512   (Solve) ,,0.473  	CC2-Concurrent: unknown  ,0.0000   (Solve) ,,0.000  	KleeCLEVER: equiv    ,0.3875  	llReve: timeout  ,300.0000
./mergedHard/EQ_LoopMult20EQ_divide/libA CC2-Hybrid: not equiv ,0.7318   (Solve) ,,0.421  	CC2-Concurrent: unknown  ,0.0000   (Solve) ,,0.000  	KleeCLEVER: not equiv ,0.1920  	llReve: not equiv ,0.0500  
./mergedHard/EQ_LoopMult20EQ_getSign2/libA CC2-Hybrid: timeout  ,300.0000 (Solve) ,,0.000  	CC2-Concurrent: unknown  ,0.0000   (Solve) ,,0.000  	KleeCLEVER: timeout  ,300.0000	llReve: equiv    ,5.1200  
./mergedHard/EQ_LoopMult20EQ_is_prime1/libA CC2-Hybrid: equiv    ,11.5950  (Solve) ,,11.406 	CC2-Concurrent: unknown  ,0.0000   (Solve) ,,0.000  	KleeCLEVER: timeout  ,300.0000	llReve: equiv    ,3.7200  
./mergedHard/EQ_LoopMult20EQ_is_prime2/libA CC2-Hybrid: equiv    ,12.2090  (Solve) ,,11.972 	CC2-Concurrent: unknown  ,0.0000   (Solve) ,,0.000  	KleeCLEVER: timeout  ,300.0000	llReve: equiv    ,61.7800 
./mergedHard/EQ_LoopMult20EQ_is_prime3/libA CC2-Hybrid: not equiv ,3.4819   (Solve) ,,2.112  	CC2-Concurrent: unknown  ,0.0000   (Solve) ,,0.000  	KleeCLEVER: not equiv ,0.4582  	llReve: unknown  ,0.0200  
./mergedHard/EQ_LoopMult20EQ_ltfive/libA CC2-Hybrid: timeout  ,300.0000 (Solve) ,,0.000  	CC2-Concurrent: unknown  ,0.0000   (Solve) ,,0.000  	KleeCLEVER: timeout  ,300.0000	llReve: timeout  ,300.0000
./mergedHard/EQ_LoopMult20EQ_ltfiveBound/libA CC2-Hybrid: equiv    ,128.0797 (Solve) ,,127.761	CC2-Concurrent: unknown  ,0.0000   (Solve) ,,0.000  	KleeCLEVER: timeout  ,300.0000	llReve: timeout  ,300.0000
./mergedHard/EQ_LoopMult20EQ_multiple/libA CC2-Hybrid: timeout  ,300.0000 (Solve) ,,0.000  	CC2-Concurrent: unknown  ,0.0000   (Solve) ,,0.000  	KleeCLEVER: timeout  ,300.0000	llReve: timeout  ,300.0000
./mergedHard/EQ_LoopMult20EQ_multipleBound/libA CC2-Hybrid: timeout  ,300.0000 (Solve) ,,0.000  	CC2-Concurrent: unknown  ,0.0000   (Solve) ,,0.000  	KleeCLEVER: timeout  ,300.0000	llReve: timeout  ,300.0000
./mergedHard/EQ_LoopMult20EQ_odd/libA CC2-Hybrid: timeout  ,300.0000 (Solve) ,,0.000  	CC2-Concurrent: unknown  ,0.0000   (Solve) ,,0.000  	KleeCLEVER: timeout  ,300.0000	llReve: timeout  ,300.0000
./mergedHard/EQ_LoopMult20EQ_one/libA CC2-Hybrid: timeout  ,300.0000 (Solve) ,,0.000  	CC2-Concurrent: unknown  ,0.0000   (Solve) ,,0.000  	KleeCLEVER: timeout  ,300.0000	llReve: equiv    ,46.5000 
./mergedHard/EQ_LoopMult20EQ_oneBound/libA CC2-Hybrid: timeout  ,300.0000 (Solve) ,,0.000  	CC2-Concurrent: unknown  ,0.0000   (Solve) ,,0.000  	KleeCLEVER: equiv    ,23.9738 	llReve: equiv    ,9.4600  
./mergedHard/EQ_LoopMult20EQ_oneN2/libA CC2-Hybrid: timeout  ,300.0000 (Solve) ,,0.000  	CC2-Concurrent: unknown  ,0.0000   (Solve) ,,0.000  	KleeCLEVER: timeout  ,300.0000	llReve: equiv    ,46.3300 
./mergedHard/EQ_LoopMult20EQ_pos/libA CC2-Hybrid: equiv    ,0.7007   (Solve) ,,0.470  	CC2-Concurrent: unknown  ,0.0000   (Solve) ,,0.000  	KleeCLEVER: equiv    ,0.4064  	llReve: equiv    ,9.8600  
./mergedHard/EQ_LoopMult20EQ_pos2/libA CC2-Hybrid: equiv    ,0.6890   (Solve) ,,0.463  	CC2-Concurrent: unknown  ,0.0000   (Solve) ,,0.000  	KleeCLEVER: equiv    ,0.4047  	llReve: equiv    ,9.8600  
./mergedHard/EQ_LoopMult20EQ_pos3/libA CC2-Hybrid: equiv    ,0.6340   (Solve) ,,0.445  	CC2-Concurrent: unknown  ,0.0000   (Solve) ,,0.000  	KleeCLEVER: equiv    ,0.4392  	llReve: equiv    ,4.4400  
./mergedHard/EQ_LoopMult20EXTRA_ultra_prime_sum/libA CC2-Hybrid: timeout  ,300.0000 (Solve) ,,0.000  	CC2-Concurrent: unknown  ,0.0000   (Solve) ,,0.000  	KleeCLEVER: timeout  ,300.0000	llReve: equiv    ,6.5100  
./mergedHard/EQ_LoopMult20NEQ_LoopMult20/libA CC2-Hybrid: equiv    ,1.1324   (Solve) ,,0.929  	CC2-Concurrent: unknown  ,0.0000   (Solve) ,,0.000  	KleeCLEVER: equiv    ,0.8786  	llReve: equiv    ,36.4200 
./mergedHard/EQ_LoopMult20NEQ_LoopUnreach20/libA CC2-Hybrid: equiv    ,1.1963   (Solve) ,,0.996  	CC2-Concurrent: unknown  ,0.0000   (Solve) ,,0.000  	KleeCLEVER: equiv    ,0.9463  	llReve: equiv    ,36.0900 
./mergedHard/EQ_LoopMult20NEQ_getSign/libA CC2-Hybrid: timeout  ,300.0000 (Solve) ,,0.000  	CC2-Concurrent: unknown  ,0.0000   (Solve) ,,0.000  	KleeCLEVER: timeout  ,300.0000	llReve: equiv    ,4.0500  
./mergedHard/EQ_LoopUnreach20EQ_LoopMult20/libA CC2-Hybrid: equiv    ,0.4178   (Solve) ,,0.217  	CC2-Concurrent: unknown  ,0.0000   (Solve) ,,0.000  	KleeCLEVER: equiv    ,0.1566  	llReve: equiv    ,0.0200  
./mergedHard/EQ_LoopUnreach20EQ_UnchLoop/libA CC2-Hybrid: equiv    ,0.3310   (Solve) ,,0.178  	CC2-Concurrent: unknown  ,0.0000   (Solve) ,,0.000  	KleeCLEVER: equiv    ,0.1242  	llReve: equiv    ,0.0200  
./mergedHard/EQ_LoopUnreach20EQ_odd/libA CC2-Hybrid: equiv    ,0.3762   (Solve) ,,0.201  	CC2-Concurrent: unknown  ,0.0000   (Solve) ,,0.000  	KleeCLEVER: equiv    ,0.1475  	llReve: equiv    ,0.0500  
./mergedHard/EQ_LoopUnreach20EQ_pos/libA CC2-Hybrid: equiv    ,0.4387   (Solve) ,,0.232  	CC2-Concurrent: unknown  ,0.0000   (Solve) ,,0.000  	KleeCLEVER: equiv    ,0.1772  	llReve: equiv    ,0.0700  
./mergedHard/EQ_LoopUnreach20EQ_pos2/libA CC2-Hybrid: equiv    ,0.4409   (Solve) ,,0.231  	CC2-Concurrent: unknown  ,0.0000   (Solve) ,,0.000  	KleeCLEVER: equiv    ,0.1763  	llReve: equiv    ,0.0700  
./mergedHard/EQ_LoopUnreach20EXTRA_ultra_prime_sum/libA CC2-Hybrid: equiv    ,2.8058   (Solve) ,,1.227  	CC2-Concurrent: unknown  ,0.0000   (Solve) ,,0.000  	KleeCLEVER: timeout  ,300.0000	llReve: equiv    ,0.0600  
./mergedHard/EQ_UnchLoopEQ_Add/libA CC2-Hybrid: equiv    ,0.1871   (Solve) ,,0.101  	CC2-Concurrent: unknown  ,0.0000   (Solve) ,,0.000  	KleeCLEVER: equiv    ,0.1059  	llReve: equiv    ,0.4400  
./mergedHard/EQ_UnchLoopEQ_Const/libA CC2-Hybrid: equiv    ,0.1884   (Solve) ,,0.102  	CC2-Concurrent: unknown  ,0.0000   (Solve) ,,0.000  	KleeCLEVER: equiv    ,0.0761  	llReve: equiv    ,0.4400  
./mergedHard/EQ_UnchLoopEQ_LoopMult20/libA CC2-Hybrid: equiv    ,0.2129   (Solve) ,,0.100  	CC2-Concurrent: unknown  ,0.0000   (Solve) ,,0.000  	KleeCLEVER: equiv    ,0.3386  	llReve: equiv    ,2.6400  
./mergedHard/EQ_UnchLoopEQ_LoopUnreach20/libA CC2-Hybrid: equiv    ,0.2118   (Solve) ,,0.099  	CC2-Concurrent: unknown  ,0.0000   (Solve) ,,0.000  	KleeCLEVER: equiv    ,0.3644  	llReve: equiv    ,2.6600  
./mergedHard/EQ_UnchLoopEQ_UnchLoop/libA CC2-Hybrid: equiv    ,0.1856   (Solve) ,,0.100  	CC2-Concurrent: unknown  ,0.0000   (Solve) ,,0.000  	KleeCLEVER: equiv    ,0.0974  	llReve: equiv    ,0.4400  
./mergedHard/EQ_UnchLoopEQ_divide/libA CC2-Hybrid: equiv    ,0.2175   (Solve) ,,0.100  	CC2-Concurrent: unknown  ,0.0000   (Solve) ,,0.000  	KleeCLEVER: timeout  ,300.0000	llReve: equiv    ,0.3400  
./mergedHard/EQ_UnchLoopEQ_getSign2/libA CC2-Hybrid: equiv    ,0.2092   (Solve) ,,0.100  	CC2-Concurrent: unknown  ,0.0000   (Solve) ,,0.000  	KleeCLEVER: timeout  ,300.0000	llReve: equiv    ,0.6000  
./mergedHard/EQ_UnchLoopEQ_is_prime1/libA CC2-Hybrid: equiv    ,0.1886   (Solve) ,,0.099  	CC2-Concurrent: unknown  ,0.0000   (Solve) ,,0.000  	KleeCLEVER: timeout  ,300.0000	llReve: equiv    ,0.1600  
./mergedHard/EQ_UnchLoopEQ_is_prime2/libA CC2-Hybrid: equiv    ,0.2404   (Solve) ,,0.099  	CC2-Concurrent: unknown  ,0.0000   (Solve) ,,0.000  	KleeCLEVER: timeout  ,300.0000	llReve: equiv    ,3.5800  
./mergedHard/EQ_UnchLoopEQ_is_prime3/libA CC2-Hybrid: equiv    ,0.4519   (Solve) ,,0.202  	CC2-Concurrent: unknown  ,0.0000   (Solve) ,,0.000  	KleeCLEVER: timeout  ,300.0000	llReve: unknown  ,0.0200  
./mergedHard/EQ_UnchLoopEQ_ltfive/libA CC2-Hybrid: equiv    ,0.2835   (Solve) ,,0.101  	CC2-Concurrent: unknown  ,0.0000   (Solve) ,,0.000  	KleeCLEVER: timeout  ,300.0000	llReve: timeout  ,300.0000
./mergedHard/EQ_UnchLoopEQ_ltfiveBound/libA CC2-Hybrid: equiv    ,0.3112   (Solve) ,,0.100  	CC2-Concurrent: unknown  ,0.0000   (Solve) ,,0.000  	KleeCLEVER: equiv    ,25.0306 	llReve: timeout  ,300.0000
./mergedHard/EQ_UnchLoopEQ_multiple/libA CC2-Hybrid: equiv    ,0.2175   (Solve) ,,0.099  	CC2-Concurrent: unknown  ,0.0000   (Solve) ,,0.000  	KleeCLEVER: timeout  ,300.0000	llReve: timeout  ,300.0000
./mergedHard/EQ_UnchLoopEQ_multipleBound/libA CC2-Hybrid: equiv    ,0.2422   (Solve) ,,0.100  	CC2-Concurrent: unknown  ,0.0000   (Solve) ,,0.000  	KleeCLEVER: timeout  ,300.0000	llReve: timeout  ,300.0000
./mergedHard/EQ_UnchLoopEQ_odd/libA CC2-Hybrid: equiv    ,0.2115   (Solve) ,,0.100  	CC2-Concurrent: unknown  ,0.0000   (Solve) ,,0.000  	KleeCLEVER: timeout  ,300.0000	llReve: timeout  ,300.0000
./mergedHard/EQ_UnchLoopEQ_one/libA CC2-Hybrid: equiv    ,0.2358   (Solve) ,,0.099  	CC2-Concurrent: unknown  ,0.0000   (Solve) ,,0.000  	KleeCLEVER: timeout  ,300.0000	llReve: timeout  ,300.0000
./mergedHard/EQ_UnchLoopEQ_oneBound/libA CC2-Hybrid: equiv    ,0.2619   (Solve) ,,0.100  	CC2-Concurrent: unknown  ,0.0000   (Solve) ,,0.000  	KleeCLEVER: equiv    ,3.5890  	llReve: timeout  ,300.0000
./mergedHard/EQ_UnchLoopEQ_oneN2/libA CC2-Hybrid: equiv    ,0.2367   (Solve) ,,0.100  	CC2-Concurrent: unknown  ,0.0000   (Solve) ,,0.000  	KleeCLEVER: timeout  ,300.0000	llReve: timeout  ,300.0000
./mergedHard/EQ_UnchLoopEQ_pos/libA CC2-Hybrid: equiv    ,0.2440   (Solve) ,,0.100  	CC2-Concurrent: unknown  ,0.0000   (Solve) ,,0.000  	KleeCLEVER: equiv    ,0.1424  	llReve: equiv    ,0.2800  
./mergedHard/EQ_UnchLoopEQ_pos2/libA CC2-Hybrid: equiv    ,0.2442   (Solve) ,,0.100  	CC2-Concurrent: unknown  ,0.0000   (Solve) ,,0.000  	KleeCLEVER: equiv    ,0.1141  	llReve: equiv    ,0.2900  
./mergedHard/EQ_UnchLoopEQ_pos3/libA CC2-Hybrid: equiv    ,0.2116   (Solve) ,,0.102  	CC2-Concurrent: unknown  ,0.0000   (Solve) ,,0.000  	KleeCLEVER: equiv    ,0.1116  	llReve: equiv    ,0.3400  
./mergedHard/EQ_UnchLoopEXTRA_ultra_prime_sum/libA CC2-Hybrid: equiv    ,40.6509  (Solve) ,,40.358 	CC2-Concurrent: unknown  ,0.0000   (Solve) ,,0.000  	KleeCLEVER: timeout  ,300.0000	llReve: timeout  ,300.0000
./mergedHard/EQ_UnchLoopNEQ_LoopMult20/libA CC2-Hybrid: equiv    ,0.2101   (Solve) ,,0.099  	CC2-Concurrent: unknown  ,0.0000   (Solve) ,,0.000  	KleeCLEVER: equiv    ,0.3750  	llReve: equiv    ,2.6300  
./mergedHard/EQ_UnchLoopNEQ_LoopUnreach20/libA CC2-Hybrid: equiv    ,0.2104   (Solve) ,,0.099  	CC2-Concurrent: unknown  ,0.0000   (Solve) ,,0.000  	KleeCLEVER: equiv    ,0.3622  	llReve: equiv    ,2.6400  
./mergedHard/EQ_UnchLoopNEQ_getSign/libA CC2-Hybrid: equiv    ,0.1886   (Solve) ,,0.099  	CC2-Concurrent: unknown  ,0.0000   (Solve) ,,0.000  	KleeCLEVER: timeout  ,300.0000	llReve: equiv    ,0.2100  
./mergedHard/EQ_divideEQ_LoopMult20/libA CC2-Hybrid: equiv    ,0.2098   (Solve) ,,0.080  	CC2-Concurrent: unknown  ,0.0000   (Solve) ,,0.000  	KleeCLEVER: equiv    ,0.1464  	llReve: equiv    ,0.0200  
./mergedHard/EQ_divideEQ_UnchLoop/libA CC2-Hybrid: equiv    ,0.1895   (Solve) ,,0.081  	CC2-Concurrent: unknown  ,0.0000   (Solve) ,,0.000  	KleeCLEVER: equiv    ,0.1027  	llReve: equiv    ,0.0200  
./mergedHard/EQ_divideEQ_odd/libA   CC2-Hybrid: equiv    ,0.2123   (Solve) ,,0.081  	CC2-Concurrent: unknown  ,0.0000   (Solve) ,,0.000  	KleeCLEVER: equiv    ,0.1490  	llReve: not equiv ,0.0300  
./mergedHard/EQ_divideEQ_pos/libA   CC2-Hybrid: equiv    ,0.2469   (Solve) ,,0.082  	CC2-Concurrent: unknown  ,0.0000   (Solve) ,,0.000  	KleeCLEVER: equiv    ,0.1366  	llReve: not equiv ,0.0500  
./mergedHard/EQ_divideEQ_pos2/libA  CC2-Hybrid: equiv    ,0.2440   (Solve) ,,0.080  	CC2-Concurrent: unknown  ,0.0000   (Solve) ,,0.000  	KleeCLEVER: equiv    ,0.1361  	llReve: not equiv ,0.0500  
./mergedHard/EQ_divideEXTRA_ultra_prime_sum/libA CC2-Hybrid: equiv    ,0.4854   (Solve) ,,0.136  	CC2-Concurrent: unknown  ,0.0000   (Solve) ,,0.000  	KleeCLEVER: equiv    ,0.1167  	llReve: not equiv ,0.0300  
./mergedHard/EQ_getSign2EQ_LoopMult20/libA CC2-Hybrid: equiv    ,0.3850   (Solve) ,,0.224  	CC2-Concurrent: unknown  ,0.0000   (Solve) ,,0.000  	KleeCLEVER: equiv    ,0.1827  	llReve: equiv    ,0.0300  
./mergedHard/EQ_getSign2EQ_UnchLoop/libA CC2-Hybrid: equiv    ,0.3071   (Solve) ,,0.171  	CC2-Concurrent: unknown  ,0.0000   (Solve) ,,0.000  	KleeCLEVER: equiv    ,0.1286  	llReve: equiv    ,0.0200  
./mergedHard/EQ_getSign2EQ_odd/libA CC2-Hybrid: not equiv ,0.5788   (Solve) ,,0.308  	CC2-Concurrent: unknown  ,0.0000   (Solve) ,,0.000  	KleeCLEVER: not equiv ,0.1764  	llReve: not equiv ,0.0200  
./mergedHard/EQ_getSign2EQ_pos/libA CC2-Hybrid: not equiv ,0.6426   (Solve) ,,0.346  	CC2-Concurrent: unknown  ,0.0000   (Solve) ,,0.000  	KleeCLEVER: not equiv ,0.2048  	llReve: not equiv ,0.0300  
./mergedHard/EQ_getSign2EQ_pos2/libA CC2-Hybrid: not equiv ,0.6550   (Solve) ,,0.357  	CC2-Concurrent: unknown  ,0.0000   (Solve) ,,0.000  	KleeCLEVER: not equiv ,0.2066  	llReve: not equiv ,0.0300  
./mergedHard/EQ_getSign2EXTRA_ultra_prime_sum/libA CC2-Hybrid: not equiv ,2.4220   (Solve) ,,1.042  	CC2-Concurrent: unknown  ,0.0000   (Solve) ,,0.000  	KleeCLEVER: not equiv ,0.1596  	llReve: not equiv ,0.0300  
./mergedHard/EQ_is_prime1EQ_LoopMult20/libA CC2-Hybrid: not equiv ,1.0494   (Solve) ,,0.753  	CC2-Concurrent: unknown  ,0.0000   (Solve) ,,0.000  	KleeCLEVER: not equiv ,0.3840  	llReve: unknown  ,0.0200  
./mergedHard/EQ_is_prime1EQ_UnchLoop/libA CC2-Hybrid: not equiv ,0.4970   (Solve) ,,0.231  	CC2-Concurrent: unknown  ,0.0000   (Solve) ,,0.000  	KleeCLEVER: not equiv ,0.1011  	llReve: unknown  ,0.0200  
./mergedHard/EQ_is_prime1EQ_odd/libA CC2-Hybrid: not equiv ,1.1489   (Solve) ,,0.851  	CC2-Concurrent: unknown  ,0.0000   (Solve) ,,0.000  	KleeCLEVER: not equiv ,0.6670  	llReve: unknown  ,0.0200  
./mergedHard/EQ_is_prime1EQ_pos/libA CC2-Hybrid: equiv    ,1.7263   (Solve) ,,1.478  	CC2-Concurrent: unknown  ,0.0000   (Solve) ,,0.000  	KleeCLEVER: equiv    ,1.4165  	llReve: unknown  ,0.0200  
./mergedHard/EQ_is_prime1EQ_pos2/libA CC2-Hybrid: equiv    ,1.7450   (Solve) ,,1.486  	CC2-Concurrent: unknown  ,0.0000   (Solve) ,,0.000  	KleeCLEVER: equiv    ,1.4251  	llReve: unknown  ,0.0200  
./mergedHard/EQ_is_prime1EXTRA_ultra_prime_sum/libA CC2-Hybrid: timeout  ,300.0000 (Solve) ,,0.000  	CC2-Concurrent: unknown  ,0.0000   (Solve) ,,0.000  	KleeCLEVER: not equiv ,0.3779  	llReve: unknown  ,0.0200  
./mergedHard/EQ_is_prime2EQ_LoopMult20/libA CC2-Hybrid: not equiv ,1.7240   (Solve) ,,1.364  	CC2-Concurrent: unknown  ,0.0000   (Solve) ,,0.000  	KleeCLEVER: not equiv ,0.9556  	llReve: unknown  ,0.0200  
./mergedHard/EQ_is_prime2EQ_UnchLoop/libA CC2-Hybrid: not equiv ,1.1623   (Solve) ,,0.810  	CC2-Concurrent: unknown  ,0.0000   (Solve) ,,0.000  	KleeCLEVER: not equiv ,0.6527  	llReve: unknown  ,0.0200  
./mergedHard/EQ_is_prime2EQ_odd/libA CC2-Hybrid: not equiv ,1.8389   (Solve) ,,1.436  	CC2-Concurrent: unknown  ,0.0000   (Solve) ,,0.000  	KleeCLEVER: not equiv ,1.2733  	llReve: unknown  ,0.0200  
./mergedHard/EQ_is_prime2EQ_pos/libA CC2-Hybrid: not equiv ,9.8503   (Solve) ,,9.402  	CC2-Concurrent: unknown  ,0.0000   (Solve) ,,0.000  	KleeCLEVER: not equiv ,8.8670  	llReve: unknown  ,0.0300  
./mergedHard/EQ_is_prime2EQ_pos2/libA CC2-Hybrid: not equiv ,9.9329   (Solve) ,,9.478  	CC2-Concurrent: unknown  ,0.0000   (Solve) ,,0.000  	KleeCLEVER: not equiv ,8.7904  	llReve: unknown  ,0.0300  
./mergedHard/EQ_is_prime2EXTRA_ultra_prime_sum/libA CC2-Hybrid: not equiv ,5.9365   (Solve) ,,4.699  	CC2-Concurrent: unknown  ,0.0000   (Solve) ,,0.000  	KleeCLEVER: not equiv ,0.8413  	llReve: unknown  ,0.0200  
./mergedHard/EQ_is_prime3EQ_LoopMult20/libA CC2-Hybrid: not equiv ,5.5380   (Solve) ,,4.385  	CC2-Concurrent: unknown  ,0.0000   (Solve) ,,0.000  	KleeCLEVER: not equiv ,0.4774  	llReve: unknown  ,0.0200  
./mergedHard/EQ_is_prime3EQ_UnchLoop/libA CC2-Hybrid: not equiv ,2.3676   (Solve) ,,1.783  	CC2-Concurrent: unknown  ,0.0000   (Solve) ,,0.000  	KleeCLEVER: not equiv ,0.1908  	llReve: unknown  ,0.0200  
./mergedHard/EQ_is_prime3EQ_odd/libA CC2-Hybrid: not equiv ,4.6392   (Solve) ,,3.898  	CC2-Concurrent: unknown  ,0.0000   (Solve) ,,0.000  	KleeCLEVER: not equiv ,0.7575  	llReve: unknown  ,0.0200  
./mergedHard/EQ_is_prime3EQ_pos/libA CC2-Hybrid: equiv    ,18.2151  (Solve) ,,17.020 	CC2-Concurrent: unknown  ,0.0000   (Solve) ,,0.000  	KleeCLEVER: equiv    ,2.6100  	llReve: unknown  ,0.0200  
./mergedHard/EQ_is_prime3EQ_pos2/libA CC2-Hybrid: equiv    ,17.6625  (Solve) ,,16.446 	CC2-Concurrent: unknown  ,0.0000   (Solve) ,,0.000  	KleeCLEVER: equiv    ,2.6193  	llReve: unknown  ,0.0200  
./mergedHard/EQ_is_prime3EXTRA_ultra_prime_sum/libA CC2-Hybrid: not equiv ,7.4105   (Solve) ,,6.030  	CC2-Concurrent: unknown  ,0.0000   (Solve) ,,0.000  	KleeCLEVER: not equiv ,1.0855  	llReve: unknown  ,0.0300  
./mergedHard/EQ_ltfiveBoundEQ_LoopMult20/libA CC2-Hybrid: equiv    ,0.5257   (Solve) ,,0.253  	CC2-Concurrent: unknown  ,0.0000   (Solve) ,,0.000  	KleeCLEVER: equiv    ,0.2179  	llReve: equiv    ,0.0500  
./mergedHard/EQ_ltfiveBoundEQ_UnchLoop/libA CC2-Hybrid: equiv    ,0.4305   (Solve) ,,0.210  	CC2-Concurrent: unknown  ,0.0000   (Solve) ,,0.000  	KleeCLEVER: equiv    ,0.1713  	llReve: equiv    ,0.0300  
./mergedHard/EQ_ltfiveBoundEQ_odd/libA CC2-Hybrid: not equiv ,0.7235   (Solve) ,,0.357  	CC2-Concurrent: unknown  ,0.0000   (Solve) ,,0.000  	KleeCLEVER: not equiv ,0.2065  	llReve: not equiv ,0.0400  
./mergedHard/EQ_ltfiveBoundEQ_pos/libA CC2-Hybrid: not equiv ,0.7724   (Solve) ,,0.368  	CC2-Concurrent: unknown  ,0.0000   (Solve) ,,0.000  	KleeCLEVER: not equiv ,0.2083  	llReve: not equiv ,0.0800  
./mergedHard/EQ_ltfiveBoundEQ_pos2/libA CC2-Hybrid: not equiv ,0.7722   (Solve) ,,0.369  	CC2-Concurrent: unknown  ,0.0000   (Solve) ,,0.000  	KleeCLEVER: not equiv ,0.2069  	llReve: not equiv ,0.0800  
./mergedHard/EQ_ltfiveBoundEXTRA_ultra_prime_sum/libA CC2-Hybrid: not equiv ,2.3612   (Solve) ,,1.113  	CC2-Concurrent: unknown  ,0.0000   (Solve) ,,0.000  	KleeCLEVER: not equiv ,0.1895  	llReve: not equiv ,0.0400  
./mergedHard/EQ_ltfiveEQ_LoopMult20/libA CC2-Hybrid: not equiv ,0.8926   (Solve) ,,0.561  	CC2-Concurrent: unknown  ,0.0000   (Solve) ,,0.000  	KleeCLEVER: not equiv ,0.2135  	llReve: equiv    ,0.0300  
./mergedHard/EQ_ltfiveEQ_UnchLoop/libA CC2-Hybrid: not equiv ,0.8031   (Solve) ,,0.506  	CC2-Concurrent: unknown  ,0.0000   (Solve) ,,0.000  	KleeCLEVER: not equiv ,0.1760  	llReve: equiv    ,0.0200  
./mergedHard/EQ_ltfiveEQ_odd/libA   CC2-Hybrid: not equiv ,0.7277   (Solve) ,,0.394  	CC2-Concurrent: unknown  ,0.0000   (Solve) ,,0.000  	KleeCLEVER: not equiv ,0.2335  	llReve: not equiv ,0.0300  
./mergedHard/EQ_ltfiveEQ_pos/libA   CC2-Hybrid: not equiv ,0.7685   (Solve) ,,0.402  	CC2-Concurrent: unknown  ,0.0000   (Solve) ,,0.000  	KleeCLEVER: not equiv ,0.2308  	llReve: not equiv ,0.0400  
./mergedHard/EQ_ltfiveEQ_pos2/libA  CC2-Hybrid: not equiv ,0.7698   (Solve) ,,0.402  	CC2-Concurrent: unknown  ,0.0000   (Solve) ,,0.000  	KleeCLEVER: not equiv ,0.2350  	llReve: not equiv ,0.0400  
./mergedHard/EQ_ltfiveEXTRA_ultra_prime_sum/libA CC2-Hybrid: not equiv ,2.1239   (Solve) ,,1.418  	CC2-Concurrent: unknown  ,0.0000   (Solve) ,,0.000  	KleeCLEVER: not equiv ,0.2235  	llReve: not equiv ,0.0300  
./mergedHard/EQ_multipleBoundEQ_LoopMult20/libA CC2-Hybrid: not equiv ,0.7929   (Solve) ,,0.493  	CC2-Concurrent: unknown  ,0.0000   (Solve) ,,0.000  	KleeCLEVER: not equiv ,0.2520  	llReve: not equiv ,0.0300  
./mergedHard/EQ_multipleBoundEQ_UnchLoop/libA CC2-Hybrid: not equiv ,0.6966   (Solve) ,,0.426  	CC2-Concurrent: unknown  ,0.0000   (Solve) ,,0.000  	KleeCLEVER: not equiv ,0.2215  	llReve: not equiv ,0.0200  
./mergedHard/EQ_multipleBoundEQ_odd/libA CC2-Hybrid: not equiv ,1.0043   (Solve) ,,0.700  	CC2-Concurrent: unknown  ,0.0000   (Solve) ,,0.000  	KleeCLEVER: not equiv ,0.3509  	llReve: not equiv ,0.0300  
./mergedHard/EQ_multipleBoundEQ_pos/libA CC2-Hybrid: not equiv ,0.8928   (Solve) ,,0.559  	CC2-Concurrent: unknown  ,0.0000   (Solve) ,,0.000  	KleeCLEVER: not equiv ,0.4710  	llReve: not equiv ,0.0500  
./mergedHard/EQ_multipleBoundEQ_pos2/libA CC2-Hybrid: not equiv ,0.8972   (Solve) ,,0.562  	CC2-Concurrent: unknown  ,0.0000   (Solve) ,,0.000  	KleeCLEVER: not equiv ,0.4695  	llReve: not equiv ,0.0500  
./mergedHard/EQ_multipleBoundEXTRA_ultra_prime_sum/libA CC2-Hybrid: equiv    ,43.9593  (Solve) ,,42.636 	CC2-Concurrent: unknown  ,0.0000   (Solve) ,,0.000  	KleeCLEVER: timeout  ,300.0000	llReve: equiv    ,0.0400  
./mergedHard/EQ_multipleEQ_LoopMult20/libA CC2-Hybrid: not equiv ,0.8202   (Solve) ,,0.525  	CC2-Concurrent: unknown  ,0.0000   (Solve) ,,0.000  	KleeCLEVER: not equiv ,0.2593  	llReve: not equiv ,0.0200  
./mergedHard/EQ_multipleEQ_UnchLoop/libA CC2-Hybrid: not equiv ,0.6603   (Solve) ,,0.417  	CC2-Concurrent: unknown  ,0.0000   (Solve) ,,0.000  	KleeCLEVER: not equiv ,0.2209  	llReve: not equiv ,0.0200  
./mergedHard/EQ_multipleEQ_odd/libA CC2-Hybrid: not equiv ,1.0205   (Solve) ,,0.749  	CC2-Concurrent: unknown  ,0.0000   (Solve) ,,0.000  	KleeCLEVER: not equiv ,0.3765  	llReve: not equiv ,0.0200  
./mergedHard/EQ_multipleEQ_pos/libA CC2-Hybrid: not equiv ,0.8493   (Solve) ,,0.550  	CC2-Concurrent: unknown  ,0.0000   (Solve) ,,0.000  	KleeCLEVER: not equiv ,0.3074  	llReve: not equiv ,0.0300  
./mergedHard/EQ_multipleEQ_pos2/libA CC2-Hybrid: not equiv ,0.8546   (Solve) ,,0.553  	CC2-Concurrent: unknown  ,0.0000   (Solve) ,,0.000  	KleeCLEVER: not equiv ,0.3076  	llReve: not equiv ,0.0300  
./mergedHard/EQ_multipleEXTRA_ultra_prime_sum/libA CC2-Hybrid: not equiv ,1.1549   (Solve) ,,0.636  	CC2-Concurrent: unknown  ,0.0000   (Solve) ,,0.000  	KleeCLEVER: not equiv ,0.2698  	llReve: equiv    ,0.0400  
./mergedHard/EQ_oddEQ_Add/libA      CC2-Hybrid: equiv    ,11.7060  (Solve) ,,11.554 	CC2-Concurrent: unknown  ,0.0000   (Solve) ,,0.000  	KleeCLEVER: timeout  ,300.0000	llReve: unknown  ,0.0100  
./mergedHard/EQ_oddEQ_Const/libA    CC2-Hybrid: equiv    ,11.7274  (Solve) ,,11.555 	CC2-Concurrent: unknown  ,0.0000   (Solve) ,,0.000  	KleeCLEVER: timeout  ,300.0000	llReve: unknown  ,0.0200  
./mergedHard/EQ_oddEQ_LoopMult20/libA CC2-Hybrid: not equiv ,1.1453   (Solve) ,,0.848  	CC2-Concurrent: unknown  ,0.0000   (Solve) ,,0.000  	KleeCLEVER: not equiv ,0.5400  	llReve: unknown  ,0.0100  
./mergedHard/EQ_oddEQ_LoopUnreach20/libA CC2-Hybrid: not equiv ,1.1147   (Solve) ,,0.842  	CC2-Concurrent: unknown  ,0.0000   (Solve) ,,0.000  	KleeCLEVER: not equiv ,0.5143  	llReve: unknown  ,0.0100  
./mergedHard/EQ_oddEQ_UnchLoop/libA CC2-Hybrid: equiv    ,11.7123  (Solve) ,,11.559 	CC2-Concurrent: unknown  ,0.0000   (Solve) ,,0.000  	KleeCLEVER: timeout  ,300.0000	llReve: unknown  ,0.0100  
./mergedHard/EQ_oddEQ_divide/libA   CC2-Hybrid: not equiv ,1.1094   (Solve) ,,0.796  	CC2-Concurrent: unknown  ,0.0000   (Solve) ,,0.000  	KleeCLEVER: not equiv ,0.7134  	llReve: unknown  ,0.0100  
./mergedHard/EQ_oddEQ_getSign2/libA CC2-Hybrid: not equiv ,1.3640   (Solve) ,,1.067  	CC2-Concurrent: unknown  ,0.0000   (Solve) ,,0.000  	KleeCLEVER: not equiv ,0.7714  	llReve: unknown  ,0.0100  
./mergedHard/EQ_oddEQ_is_prime1/libA CC2-Hybrid: not equiv ,1.0710   (Solve) ,,0.800  	CC2-Concurrent: unknown  ,0.0000   (Solve) ,,0.000  	KleeCLEVER: not equiv ,0.6555  	llReve: unknown  ,0.0100  
./mergedHard/EQ_oddEQ_is_prime2/libA CC2-Hybrid: not equiv ,0.9478   (Solve) ,,0.634  	CC2-Concurrent: unknown  ,0.0000   (Solve) ,,0.000  	KleeCLEVER: not equiv ,0.4673  	llReve: unknown  ,0.0100  
./mergedHard/EQ_oddEQ_is_prime3/libA CC2-Hybrid: not equiv ,18.3617  (Solve) ,,17.362 	CC2-Concurrent: unknown  ,0.0000   (Solve) ,,0.000  	KleeCLEVER: not equiv ,15.6199 	llReve: unknown  ,0.0200  
./mergedHard/EQ_oddEQ_ltfive/libA   CC2-Hybrid: not equiv ,4.4281   (Solve) ,,4.041  	CC2-Concurrent: unknown  ,0.0000   (Solve) ,,0.000  	KleeCLEVER: not equiv ,3.5929  	llReve: unknown  ,0.0200  
./mergedHard/EQ_oddEQ_ltfiveBound/libA CC2-Hybrid: not equiv ,3.0615   (Solve) ,,2.640  	CC2-Concurrent: unknown  ,0.0000   (Solve) ,,0.000  	KleeCLEVER: not equiv ,2.3342  	llReve: unknown  ,0.0200  
./mergedHard/EQ_oddEQ_multiple/libA CC2-Hybrid: equiv    ,13.0424  (Solve) ,,12.825 	CC2-Concurrent: unknown  ,0.0000   (Solve) ,,0.000  	KleeCLEVER: timeout  ,300.0000	llReve: unknown  ,0.0100  
./mergedHard/EQ_oddEQ_multipleBound/libA CC2-Hybrid: equiv    ,13.5932  (Solve) ,,13.353 	CC2-Concurrent: unknown  ,0.0000   (Solve) ,,0.000  	KleeCLEVER: timeout  ,300.0000	llReve: unknown  ,0.0200  
./mergedHard/EQ_oddEQ_odd/libA      CC2-Hybrid: timeout  ,300.0000 (Solve) ,,0.000  	CC2-Concurrent: unknown  ,0.0000   (Solve) ,,0.000  	KleeCLEVER: timeout  ,300.0000	llReve: unknown  ,0.0200  
./mergedHard/EQ_oddEQ_one/libA      CC2-Hybrid: not equiv ,1.9865   (Solve) ,,1.629  	CC2-Concurrent: unknown  ,0.0000   (Solve) ,,0.000  	KleeCLEVER: not equiv ,1.2524  	llReve: unknown  ,0.0100  
./mergedHard/EQ_oddEQ_oneBound/libA CC2-Hybrid: not equiv ,1.8047   (Solve) ,,1.438  	CC2-Concurrent: unknown  ,0.0000   (Solve) ,,0.000  	KleeCLEVER: not equiv ,1.0061  	llReve: unknown  ,0.0200  
./mergedHard/EQ_oddEQ_oneN2/libA    CC2-Hybrid: not equiv ,1.9472   (Solve) ,,1.610  	CC2-Concurrent: unknown  ,0.0000   (Solve) ,,0.000  	KleeCLEVER: not equiv ,1.2514  	llReve: unknown  ,0.0100  
./mergedHard/EQ_oddEQ_pos/libA      CC2-Hybrid: not equiv ,1.4083   (Solve) ,,1.083  	CC2-Concurrent: unknown  ,0.0000   (Solve) ,,0.000  	KleeCLEVER: not equiv ,0.8270  	llReve: unknown  ,0.0200  
./mergedHard/EQ_oddEQ_pos2/libA     CC2-Hybrid: not equiv ,1.4074   (Solve) ,,1.084  	CC2-Concurrent: unknown  ,0.0000   (Solve) ,,0.000  	KleeCLEVER: not equiv ,0.8268  	llReve: unknown  ,0.0200  
./mergedHard/EQ_oddEQ_pos3/libA     CC2-Hybrid: not equiv ,1.4024   (Solve) ,,1.101  	CC2-Concurrent: unknown  ,0.0000   (Solve) ,,0.000  	KleeCLEVER: not equiv ,0.9320  	llReve: unknown  ,0.0100  
./mergedHard/EQ_oddEXTRA_ultra_prime_sum/libA CC2-Hybrid: timeout  ,300.0000 (Solve) ,,0.000  	CC2-Concurrent: unknown  ,0.0000   (Solve) ,,0.000  	KleeCLEVER: timeout  ,300.0000	llReve: unknown  ,0.0200  
./mergedHard/EQ_oddNEQ_LoopMult20/libA CC2-Hybrid: not equiv ,1.2282   (Solve) ,,0.869  	CC2-Concurrent: unknown  ,0.0000   (Solve) ,,0.000  	KleeCLEVER: not equiv ,0.5145  	llReve: unknown  ,0.0100  
./mergedHard/EQ_oddNEQ_LoopUnreach20/libA CC2-Hybrid: not equiv ,1.1130   (Solve) ,,0.841  	CC2-Concurrent: unknown  ,0.0000   (Solve) ,,0.000  	KleeCLEVER: not equiv ,0.5110  	llReve: unknown  ,0.0100  
./mergedHard/EQ_oddNEQ_getSign/libA CC2-Hybrid: not equiv ,1.0304   (Solve) ,,0.783  	CC2-Concurrent: unknown  ,0.0000   (Solve) ,,0.000  	KleeCLEVER: not equiv ,0.6458  	llReve: unknown  ,0.0100  
./mergedHard/EQ_oneBoundEQ_LoopMult20/libA CC2-Hybrid: equiv    ,0.5202   (Solve) ,,0.274  	CC2-Concurrent: unknown  ,0.0000   (Solve) ,,0.000  	KleeCLEVER: equiv    ,0.2273  	llReve: equiv    ,0.0400  
./mergedHard/EQ_oneBoundEQ_UnchLoop/libA CC2-Hybrid: not equiv ,0.5645   (Solve) ,,0.272  	CC2-Concurrent: unknown  ,0.0000   (Solve) ,,0.000  	KleeCLEVER: not equiv ,0.1476  	llReve: not equiv ,0.0300  
./mergedHard/EQ_oneBoundEQ_odd/libA CC2-Hybrid: not equiv ,0.7149   (Solve) ,,0.385  	CC2-Concurrent: unknown  ,0.0000   (Solve) ,,0.000  	KleeCLEVER: not equiv ,0.2099  	llReve: not equiv ,0.0300  
./mergedHard/EQ_oneBoundEQ_pos/libA CC2-Hybrid: not equiv ,0.7132   (Solve) ,,0.354  	CC2-Concurrent: unknown  ,0.0000   (Solve) ,,0.000  	KleeCLEVER: not equiv ,0.1999  	llReve: not equiv ,0.0500  
./mergedHard/EQ_oneBoundEQ_pos2/libA CC2-Hybrid: not equiv ,0.7117   (Solve) ,,0.351  	CC2-Concurrent: unknown  ,0.0000   (Solve) ,,0.000  	KleeCLEVER: not equiv ,0.2009  	llReve: not equiv ,0.0500  
./mergedHard/EQ_oneBoundEXTRA_ultra_prime_sum/libA CC2-Hybrid: not equiv ,2.2901   (Solve) ,,1.125  	CC2-Concurrent: unknown  ,0.0000   (Solve) ,,0.000  	KleeCLEVER: not equiv ,0.1830  	llReve: not equiv ,0.0300  
./mergedHard/EQ_oneEQ_LoopMult20/libA CC2-Hybrid: not equiv ,0.6439   (Solve) ,,0.347  	CC2-Concurrent: unknown  ,0.0000   (Solve) ,,0.000  	KleeCLEVER: not equiv ,0.1926  	llReve: not equiv ,0.0300  
./mergedHard/EQ_oneEQ_UnchLoop/libA CC2-Hybrid: not equiv ,0.5682   (Solve) ,,0.304  	CC2-Concurrent: unknown  ,0.0000   (Solve) ,,0.000  	KleeCLEVER: not equiv ,0.1591  	llReve: not equiv ,0.0200  
./mergedHard/EQ_oneEQ_odd/libA      CC2-Hybrid: not equiv ,0.6447   (Solve) ,,0.344  	CC2-Concurrent: unknown  ,0.0000   (Solve) ,,0.000  	KleeCLEVER: not equiv ,0.1813  	llReve: not equiv ,0.0200  
./mergedHard/EQ_oneEQ_pos/libA      CC2-Hybrid: not equiv ,0.6849   (Solve) ,,0.358  	CC2-Concurrent: unknown  ,0.0000   (Solve) ,,0.000  	KleeCLEVER: not equiv ,0.1903  	llReve: not equiv ,0.0300  
./mergedHard/EQ_oneEQ_pos2/libA     CC2-Hybrid: not equiv ,0.6935   (Solve) ,,0.363  	CC2-Concurrent: unknown  ,0.0000   (Solve) ,,0.000  	KleeCLEVER: not equiv ,0.1908  	llReve: not equiv ,0.0300  
./mergedHard/EQ_oneEXTRA_ultra_prime_sum/libA CC2-Hybrid: not equiv ,2.0487   (Solve) ,,1.012  	CC2-Concurrent: unknown  ,0.0000   (Solve) ,,0.000  	KleeCLEVER: not equiv ,0.2047  	llReve: not equiv ,0.0300  
./mergedHard/EQ_oneN2EQ_LoopMult20/libA CC2-Hybrid: not equiv ,0.6747   (Solve) ,,0.377  	CC2-Concurrent: unknown  ,0.0000   (Solve) ,,0.000  	KleeCLEVER: not equiv ,0.2036  	llReve: equiv    ,0.0300  
./mergedHard/EQ_oneN2EQ_UnchLoop/libA CC2-Hybrid: not equiv ,0.5561   (Solve) ,,0.291  	CC2-Concurrent: unknown  ,0.0000   (Solve) ,,0.000  	KleeCLEVER: not equiv ,0.1590  	llReve: not equiv ,0.0200  
./mergedHard/EQ_oneN2EQ_odd/libA    CC2-Hybrid: not equiv ,0.7202   (Solve) ,,0.420  	CC2-Concurrent: unknown  ,0.0000   (Solve) ,,0.000  	KleeCLEVER: not equiv ,0.2312  	llReve: not equiv ,0.0200  
./mergedHard/EQ_oneN2EQ_pos/libA    CC2-Hybrid: not equiv ,0.7319   (Solve) ,,0.403  	CC2-Concurrent: unknown  ,0.0000   (Solve) ,,0.000  	KleeCLEVER: not equiv ,0.2128  	llReve: not equiv ,0.0300  
./mergedHard/EQ_oneN2EQ_pos2/libA   CC2-Hybrid: not equiv ,0.7327   (Solve) ,,0.402  	CC2-Concurrent: unknown  ,0.0000   (Solve) ,,0.000  	KleeCLEVER: not equiv ,0.2127  	llReve: not equiv ,0.0300  
./mergedHard/EQ_oneN2EXTRA_ultra_prime_sum/libA CC2-Hybrid: not equiv ,1.1822   (Solve) ,,0.555  	CC2-Concurrent: unknown  ,0.0000   (Solve) ,,0.000  	KleeCLEVER: not equiv ,0.1937  	llReve: not equiv ,0.0300  
./mergedHard/EQ_pos2EQ_Add/libA     CC2-Hybrid: equiv    ,0.2394   (Solve) ,,0.107  	CC2-Concurrent: unknown  ,0.0000   (Solve) ,,0.000  	KleeCLEVER: timeout  ,300.0000	llReve: unknown  ,0.1000  
./mergedHard/EQ_pos2EQ_Const/libA   CC2-Hybrid: equiv    ,0.2387   (Solve) ,,0.108  	CC2-Concurrent: unknown  ,0.0000   (Solve) ,,0.000  	KleeCLEVER: timeout  ,300.0000	llReve: unknown  ,0.1000  
./mergedHard/EQ_pos2EQ_LoopMult20/libA CC2-Hybrid: equiv    ,0.2699   (Solve) ,,0.110  	CC2-Concurrent: unknown  ,0.0000   (Solve) ,,0.000  	KleeCLEVER: timeout  ,300.0000	llReve: not equiv ,0.0400  
./mergedHard/EQ_pos2EQ_LoopUnreach20/libA CC2-Hybrid: equiv    ,0.2696   (Solve) ,,0.108  	CC2-Concurrent: unknown  ,0.0000   (Solve) ,,0.000  	KleeCLEVER: timeout  ,300.0000	llReve: not equiv ,0.0400  
./mergedHard/EQ_pos2EQ_UnchLoop/libA CC2-Hybrid: equiv    ,0.2400   (Solve) ,,0.107  	CC2-Concurrent: unknown  ,0.0000   (Solve) ,,0.000  	KleeCLEVER: timeout  ,300.0000	llReve: unknown  ,0.1000  
./mergedHard/EQ_pos2EQ_divide/libA  CC2-Hybrid: equiv    ,0.2757   (Solve) ,,0.107  	CC2-Concurrent: unknown  ,0.0000   (Solve) ,,0.000  	KleeCLEVER: timeout  ,300.0000	llReve: not equiv ,0.0500  
./mergedHard/EQ_pos2EQ_getSign2/libA CC2-Hybrid: equiv    ,0.2626   (Solve) ,,0.107  	CC2-Concurrent: unknown  ,0.0000   (Solve) ,,0.000  	KleeCLEVER: timeout  ,300.0000	llReve: not equiv ,0.0400  
./mergedHard/EQ_pos2EQ_is_prime1/libA CC2-Hybrid: equiv    ,0.2465   (Solve) ,,0.111  	CC2-Concurrent: unknown  ,0.0000   (Solve) ,,0.000  	KleeCLEVER: timeout  ,300.0000	llReve: not equiv ,0.0400  
./mergedHard/EQ_pos2EQ_is_prime2/libA CC2-Hybrid: equiv    ,0.2971   (Solve) ,,0.108  	CC2-Concurrent: unknown  ,0.0000   (Solve) ,,0.000  	KleeCLEVER: timeout  ,300.0000	llReve: not equiv ,0.0400  
./mergedHard/EQ_pos2EQ_is_prime3/libA CC2-Hybrid: equiv    ,11.8518  (Solve) ,,11.416 	CC2-Concurrent: unknown  ,0.0000   (Solve) ,,0.000  	KleeCLEVER: timeout  ,300.0000	llReve: unknown  ,0.0200  
./mergedHard/EQ_pos2EQ_ltfive/libA  CC2-Hybrid: equiv    ,0.3269   (Solve) ,,0.107  	CC2-Concurrent: unknown  ,0.0000   (Solve) ,,0.000  	KleeCLEVER: timeout  ,300.0000	llReve: not equiv ,0.0600  
./mergedHard/EQ_pos2EQ_ltfiveBound/libA CC2-Hybrid: equiv    ,0.3561   (Solve) ,,0.107  	CC2-Concurrent: unknown  ,0.0000   (Solve) ,,0.000  	KleeCLEVER: timeout  ,300.0000	llReve: not equiv ,0.0800  
./mergedHard/EQ_pos2EQ_multiple/libA CC2-Hybrid: equiv    ,0.2840   (Solve) ,,0.110  	CC2-Concurrent: unknown  ,0.0000   (Solve) ,,0.000  	KleeCLEVER: timeout  ,300.0000	llReve: not equiv ,0.0400  
./mergedHard/EQ_pos2EQ_multipleBound/libA CC2-Hybrid: equiv    ,0.3089   (Solve) ,,0.108  	CC2-Concurrent: unknown  ,0.0000   (Solve) ,,0.000  	KleeCLEVER: timeout  ,300.0000	llReve: not equiv ,0.0500  
./mergedHard/EQ_pos2EQ_odd/libA     CC2-Hybrid: equiv    ,0.2690   (Solve) ,,0.108  	CC2-Concurrent: unknown  ,0.0000   (Solve) ,,0.000  	KleeCLEVER: timeout  ,300.0000	llReve: not equiv ,0.0500  
./mergedHard/EQ_pos2EQ_one/libA     CC2-Hybrid: equiv    ,0.2906   (Solve) ,,0.107  	CC2-Concurrent: unknown  ,0.0000   (Solve) ,,0.000  	KleeCLEVER: timeout  ,300.0000	llReve: not equiv ,0.0600  
./mergedHard/EQ_pos2EQ_oneBound/libA CC2-Hybrid: equiv    ,0.3213   (Solve) ,,0.107  	CC2-Concurrent: unknown  ,0.0000   (Solve) ,,0.000  	KleeCLEVER: timeout  ,300.0000	llReve: not equiv ,0.0700  
./mergedHard/EQ_pos2EQ_oneN2/libA   CC2-Hybrid: equiv    ,0.2901   (Solve) ,,0.107  	CC2-Concurrent: unknown  ,0.0000   (Solve) ,,0.000  	KleeCLEVER: timeout  ,300.0000	llReve: not equiv ,0.1100  
./mergedHard/EQ_pos2EQ_pos/libA     CC2-Hybrid: equiv    ,0.6223   (Solve) ,,0.387  	CC2-Concurrent: unknown  ,0.0000   (Solve) ,,0.000  	KleeCLEVER: timeout  ,300.0000	llReve: not equiv ,0.0600  
./mergedHard/EQ_pos2EQ_pos2/libA    CC2-Hybrid: equiv    ,0.2991   (Solve) ,,0.109  	CC2-Concurrent: unknown  ,0.0000   (Solve) ,,0.000  	KleeCLEVER: timeout  ,300.0000	llReve: not equiv ,0.0600  
./mergedHard/EQ_pos2EQ_pos3/libA    CC2-Hybrid: equiv    ,0.2727   (Solve) ,,0.107  	CC2-Concurrent: unknown  ,0.0000   (Solve) ,,0.000  	KleeCLEVER: timeout  ,300.0000	llReve: unknown  ,0.0200  
./mergedHard/EQ_pos2EXTRA_ultra_prime_sum/libA CC2-Hybrid: equiv    ,22.8576  (Solve) ,,22.263 	CC2-Concurrent: unknown  ,0.0000   (Solve) ,,0.000  	KleeCLEVER: timeout  ,300.0000	llReve: not equiv ,0.0500  
./mergedHard/EQ_pos2NEQ_LoopMult20/libA CC2-Hybrid: equiv    ,0.2680   (Solve) ,,0.108  	CC2-Concurrent: unknown  ,0.0000   (Solve) ,,0.000  	KleeCLEVER: timeout  ,300.0000	llReve: not equiv ,0.0400  
./mergedHard/EQ_pos2NEQ_LoopUnreach20/libA CC2-Hybrid: equiv    ,0.2678   (Solve) ,,0.107  	CC2-Concurrent: unknown  ,0.0000   (Solve) ,,0.000  	KleeCLEVER: timeout  ,300.0000	llReve: not equiv ,0.0400  
./mergedHard/EQ_pos2NEQ_getSign/libA CC2-Hybrid: equiv    ,0.2437   (Solve) ,,0.108  	CC2-Concurrent: unknown  ,0.0000   (Solve) ,,0.000  	KleeCLEVER: timeout  ,300.0000	llReve: not equiv ,0.0400  
./mergedHard/EQ_pos3EQ_LoopMult20/libA CC2-Hybrid: equiv    ,0.2275   (Solve) ,,0.103  	CC2-Concurrent: unknown  ,0.0000   (Solve) ,,0.000  	KleeCLEVER: timeout  ,300.0000	llReve: unknown  ,0.0100  
./mergedHard/EQ_pos3EQ_UnchLoop/libA CC2-Hybrid: equiv    ,0.2059   (Solve) ,,0.103  	CC2-Concurrent: unknown  ,0.0000   (Solve) ,,0.000  	KleeCLEVER: timeout  ,300.0000	llReve: unknown  ,0.0100  
./mergedHard/EQ_pos3EQ_odd/libA     CC2-Hybrid: equiv    ,0.2322   (Solve) ,,0.107  	CC2-Concurrent: unknown  ,0.0000   (Solve) ,,0.000  	KleeCLEVER: timeout  ,300.0000	llReve: unknown  ,0.0200  
./mergedHard/EQ_pos3EQ_pos/libA     CC2-Hybrid: equiv    ,0.2598   (Solve) ,,0.107  	CC2-Concurrent: unknown  ,0.0000   (Solve) ,,0.000  	KleeCLEVER: equiv    ,0.1854  	llReve: unknown  ,0.0200  
./mergedHard/EQ_pos3EQ_pos2/libA    CC2-Hybrid: equiv    ,0.2566   (Solve) ,,0.103  	CC2-Concurrent: unknown  ,0.0000   (Solve) ,,0.000  	KleeCLEVER: equiv    ,0.1655  	llReve: unknown  ,0.0200  
./mergedHard/EQ_pos3EXTRA_ultra_prime_sum/libA CC2-Hybrid: equiv    ,24.4239  (Solve) ,,22.453 	CC2-Concurrent: unknown  ,0.0000   (Solve) ,,0.000  	KleeCLEVER: timeout  ,300.0000	llReve: unknown  ,0.0100  
./mergedHard/EQ_posEQ_Add/libA      CC2-Hybrid: not equiv ,0.6630   (Solve) ,,0.355  	CC2-Concurrent: unknown  ,0.0000   (Solve) ,,0.000  	KleeCLEVER: not equiv ,0.2317  	llReve: unknown  ,0.0100  
./mergedHard/EQ_posEQ_Const/libA    CC2-Hybrid: not equiv ,0.6198   (Solve) ,,0.344  	CC2-Concurrent: unknown  ,0.0000   (Solve) ,,0.000  	KleeCLEVER: not equiv ,0.1919  	llReve: unknown  ,0.0100  
./mergedHard/EQ_posEQ_LoopMult20/libA CC2-Hybrid: not equiv ,0.7434   (Solve) ,,0.438  	CC2-Concurrent: unknown  ,0.0000   (Solve) ,,0.000  	KleeCLEVER: not equiv ,0.3117  	llReve: unknown  ,0.0200  
./mergedHard/EQ_posEQ_LoopUnreach20/libA CC2-Hybrid: not equiv ,0.7425   (Solve) ,,0.438  	CC2-Concurrent: unknown  ,0.0000   (Solve) ,,0.000  	KleeCLEVER: not equiv ,0.3121  	llReve: unknown  ,0.0100  
./mergedHard/EQ_posEQ_UnchLoop/libA CC2-Hybrid: not equiv ,0.6101   (Solve) ,,0.339  	CC2-Concurrent: unknown  ,0.0000   (Solve) ,,0.000  	KleeCLEVER: not equiv ,0.1910  	llReve: unknown  ,0.0100  
./mergedHard/EQ_posEQ_divide/libA   CC2-Hybrid: not equiv ,0.8340   (Solve) ,,0.520  	CC2-Concurrent: unknown  ,0.0000   (Solve) ,,0.000  	KleeCLEVER: not equiv ,0.3436  	llReve: unknown  ,0.0100  
./mergedHard/EQ_posEQ_getSign2/libA CC2-Hybrid: not equiv ,0.7167   (Solve) ,,0.415  	CC2-Concurrent: unknown  ,0.0000   (Solve) ,,0.000  	KleeCLEVER: not equiv ,0.2649  	llReve: unknown  ,0.0100  
./mergedHard/EQ_posEQ_is_prime1/libA CC2-Hybrid: not equiv ,0.6986   (Solve) ,,0.421  	CC2-Concurrent: unknown  ,0.0000   (Solve) ,,0.000  	KleeCLEVER: not equiv ,0.2763  	llReve: unknown  ,0.0100  
./mergedHard/EQ_posEQ_is_prime2/libA CC2-Hybrid: not equiv ,0.7481   (Solve) ,,0.410  	CC2-Concurrent: unknown  ,0.0000   (Solve) ,,0.000  	KleeCLEVER: not equiv ,0.2584  	llReve: unknown  ,0.0200  
./mergedHard/EQ_posEQ_is_prime3/libA CC2-Hybrid: not equiv ,23.2579  (Solve) ,,22.456 	CC2-Concurrent: unknown  ,0.0000   (Solve) ,,0.000  	KleeCLEVER: not equiv ,1.5338  	llReve: unknown  ,0.0600  
./mergedHard/EQ_posEQ_ltfive/libA   CC2-Hybrid: not equiv ,1.0349   (Solve) ,,0.645  	CC2-Concurrent: unknown  ,0.0000   (Solve) ,,0.000  	KleeCLEVER: not equiv ,0.3302  	llReve: unknown  ,0.0200  
./mergedHard/EQ_posEQ_ltfiveBound/libA CC2-Hybrid: not equiv ,0.9560   (Solve) ,,0.550  	CC2-Concurrent: unknown  ,0.0000   (Solve) ,,0.000  	KleeCLEVER: not equiv ,0.3807  	llReve: unknown  ,0.0200  
./mergedHard/EQ_posEQ_multiple/libA CC2-Hybrid: not equiv ,0.8252   (Solve) ,,0.500  	CC2-Concurrent: unknown  ,0.0000   (Solve) ,,0.000  	KleeCLEVER: not equiv ,0.3251  	llReve: unknown  ,0.0100  
./mergedHard/EQ_posEQ_multipleBound/libA CC2-Hybrid: not equiv ,0.9822   (Solve) ,,0.626  	CC2-Concurrent: unknown  ,0.0000   (Solve) ,,0.000  	KleeCLEVER: not equiv ,0.5417  	llReve: unknown  ,0.0200  
./mergedHard/EQ_posEQ_odd/libA      CC2-Hybrid: not equiv ,0.7888   (Solve) ,,0.480  	CC2-Concurrent: unknown  ,0.0000   (Solve) ,,0.000  	KleeCLEVER: not equiv ,0.3103  	llReve: unknown  ,0.0100  
./mergedHard/EQ_posEQ_one/libA      CC2-Hybrid: equiv    ,14.4088  (Solve) ,,14.169 	CC2-Concurrent: unknown  ,0.0000   (Solve) ,,0.000  	KleeCLEVER: timeout  ,300.0000	llReve: unknown  ,0.0200  
./mergedHard/EQ_posEQ_oneBound/libA CC2-Hybrid: equiv    ,14.4769  (Solve) ,,14.173 	CC2-Concurrent: unknown  ,0.0000   (Solve) ,,0.000  	KleeCLEVER: timeout  ,300.0000	llReve: unknown  ,0.0200  
./mergedHard/EQ_posEQ_oneN2/libA    CC2-Hybrid: equiv    ,14.4179  (Solve) ,,14.160 	CC2-Concurrent: unknown  ,0.0000   (Solve) ,,0.000  	KleeCLEVER: timeout  ,300.0000	llReve: unknown  ,0.0200  
./mergedHard/EQ_posEQ_pos/libA      CC2-Hybrid: equiv    ,13.8314  (Solve) ,,13.559 	CC2-Concurrent: unknown  ,0.0000   (Solve) ,,0.000  	KleeCLEVER: timeout  ,300.0000	llReve: unknown  ,0.0200  
./mergedHard/EQ_posEQ_pos2/libA     CC2-Hybrid: equiv    ,13.9449  (Solve) ,,13.662 	CC2-Concurrent: unknown  ,0.0000   (Solve) ,,0.000  	KleeCLEVER: timeout  ,300.0000	llReve: unknown  ,0.0200  
./mergedHard/EQ_posEQ_pos3/libA     CC2-Hybrid: equiv    ,12.4791  (Solve) ,,12.236 	CC2-Concurrent: unknown  ,0.0000   (Solve) ,,0.000  	KleeCLEVER: timeout  ,300.0000	llReve: unknown  ,0.0200  
./mergedHard/EQ_posEXTRA_ultra_prime_sum/libA CC2-Hybrid: equiv    ,73.5887  (Solve) ,,72.418 	CC2-Concurrent: unknown  ,0.0000   (Solve) ,,0.000  	KleeCLEVER: timeout  ,300.0000	llReve: unknown  ,0.0100  
./mergedHard/EQ_posNEQ_LoopMult20/libA CC2-Hybrid: not equiv ,0.7878   (Solve) ,,0.451  	CC2-Concurrent: unknown  ,0.0000   (Solve) ,,0.000  	KleeCLEVER: not equiv ,0.3119  	llReve: unknown  ,0.0100  
./mergedHard/EQ_posNEQ_LoopUnreach20/libA CC2-Hybrid: not equiv ,0.7450   (Solve) ,,0.439  	CC2-Concurrent: unknown  ,0.0000   (Solve) ,,0.000  	KleeCLEVER: not equiv ,0.3122  	llReve: unknown  ,0.0200  
./mergedHard/EQ_posNEQ_getSign/libA CC2-Hybrid: not equiv ,0.6959   (Solve) ,,0.417  	CC2-Concurrent: unknown  ,0.0000   (Solve) ,,0.000  	KleeCLEVER: not equiv ,0.2789  	llReve: unknown  ,0.0100  
./mergedHard/EXTRA_ultra_prime_sumEQ_Add/libA CC2-Hybrid: not equiv ,51.5554  (Solve) ,,50.519 	CC2-Concurrent: unknown  ,0.0000   (Solve) ,,0.000  	KleeCLEVER: not equiv ,0.1425  	llReve: not equiv ,0.1700  
./mergedHard/EXTRA_ultra_prime_sumEQ_Const/libA CC2-Hybrid: not equiv ,51.6547  (Solve) ,,50.581 	CC2-Concurrent: unknown  ,0.0000   (Solve) ,,0.000  	KleeCLEVER: not equiv ,0.1999  	llReve: not equiv ,0.1500  
./mergedHard/EXTRA_ultra_prime_sumEQ_LoopMult20/libA CC2-Hybrid: timeout  ,300.0000 (Solve) ,,0.000  	CC2-Concurrent: unknown  ,0.0000   (Solve) ,,0.000  	KleeCLEVER: not equiv ,3.6644  	llReve: unknown  ,0.3000  
./mergedHard/EXTRA_ultra_prime_sumEQ_LoopUnreach20/libA CC2-Hybrid: not equiv ,298.6589 (Solve) ,,292.291	CC2-Concurrent: unknown  ,0.0000   (Solve) ,,0.000  	KleeCLEVER: not equiv ,3.6592  	llReve: unknown  ,0.2700  
./mergedHard/EXTRA_ultra_prime_sumEQ_UnchLoop/libA CC2-Hybrid: not equiv ,51.5965  (Solve) ,,50.551 	CC2-Concurrent: unknown  ,0.0000   (Solve) ,,0.000  	KleeCLEVER: not equiv ,0.1426  	llReve: not equiv ,0.1500  
./mergedHard/EXTRA_ultra_prime_sumEQ_divide/libA CC2-Hybrid: not equiv ,200.6859 (Solve) ,,196.259	CC2-Concurrent: unknown  ,0.0000   (Solve) ,,0.000  	KleeCLEVER: not equiv ,136.1283	llReve: unknown  ,0.3000  
./mergedHard/EXTRA_ultra_prime_sumEQ_getSign2/libA CC2-Hybrid: not equiv ,216.2792 (Solve) ,,211.889	CC2-Concurrent: unknown  ,0.0000   (Solve) ,,0.000  	KleeCLEVER: not equiv ,104.5777	llReve: unknown  ,0.2600  
./mergedHard/EXTRA_ultra_prime_sumEQ_is_prime1/libA CC2-Hybrid: not equiv ,195.7266 (Solve) ,,191.516	CC2-Concurrent: unknown  ,0.0000   (Solve) ,,0.000  	KleeCLEVER: not equiv ,133.3659	llReve: unknown  ,0.1900  
./mergedHard/EXTRA_ultra_prime_sumEQ_is_prime2/libA CC2-Hybrid: not equiv ,106.2588 (Solve) ,,104.904	CC2-Concurrent: unknown  ,0.0000   (Solve) ,,0.000  	KleeCLEVER: timeout  ,300.0000	llReve: timeout  ,300.0000
./mergedHard/EXTRA_ultra_prime_sumEQ_is_prime3/libA CC2-Hybrid: not equiv ,154.5602 (Solve) ,,151.430	CC2-Concurrent: unknown  ,0.0000   (Solve) ,,0.000  	KleeCLEVER: timeout  ,300.0000	llReve: unknown  ,0.0300  
./mergedHard/EXTRA_ultra_prime_sumEQ_ltfive/libA CC2-Hybrid: timeout  ,300.0000 (Solve) ,,0.000  	CC2-Concurrent: unknown  ,0.0000   (Solve) ,,0.000  	KleeCLEVER: timeout  ,300.0000	llReve: timeout  ,300.0000
./mergedHard/EXTRA_ultra_prime_sumEQ_ltfiveBound/libA CC2-Hybrid: timeout  ,300.0000 (Solve) ,,0.000  	CC2-Concurrent: unknown  ,0.0000   (Solve) ,,0.000  	KleeCLEVER: not equiv ,134.4876	llReve: unknown  ,0.6800  
./mergedHard/EXTRA_ultra_prime_sumEQ_multiple/libA CC2-Hybrid: timeout  ,300.0000 (Solve) ,,0.000  	CC2-Concurrent: unknown  ,0.0000   (Solve) ,,0.000  	KleeCLEVER: timeout  ,300.0000	llReve: unknown  ,0.3900  
./mergedHard/EXTRA_ultra_prime_sumEQ_multipleBound/libA CC2-Hybrid: timeout  ,300.0000 (Solve) ,,0.000  	CC2-Concurrent: unknown  ,0.0000   (Solve) ,,0.000  	KleeCLEVER: timeout  ,300.0000	llReve: unknown  ,0.3900  
./mergedHard/EXTRA_ultra_prime_sumEQ_odd/libA CC2-Hybrid: timeout  ,300.0000 (Solve) ,,0.000  	CC2-Concurrent: unknown  ,0.0000   (Solve) ,,0.000  	KleeCLEVER: timeout  ,300.0000	llReve: unknown  ,0.2300  
./mergedHard/EXTRA_ultra_prime_sumEQ_one/libA CC2-Hybrid: timeout  ,300.0000 (Solve) ,,0.000  	CC2-Concurrent: unknown  ,0.0000   (Solve) ,,0.000  	KleeCLEVER: timeout  ,300.0000	llReve: timeout  ,300.0000
./mergedHard/EXTRA_ultra_prime_sumEQ_oneBound/libA CC2-Hybrid: timeout  ,300.0000 (Solve) ,,0.000  	CC2-Concurrent: unknown  ,0.0000   (Solve) ,,0.000  	KleeCLEVER: timeout  ,300.0000	llReve: unknown  ,3.4200  
./mergedHard/EXTRA_ultra_prime_sumEQ_oneN2/libA CC2-Hybrid: timeout  ,300.0000 (Solve) ,,0.000  	CC2-Concurrent: unknown  ,0.0000   (Solve) ,,0.000  	KleeCLEVER: timeout  ,300.0000	llReve: timeout  ,300.0000
./mergedHard/EXTRA_ultra_prime_sumEQ_pos/libA CC2-Hybrid: timeout  ,300.0000 (Solve) ,,0.000  	CC2-Concurrent: unknown  ,0.0000   (Solve) ,,0.000  	KleeCLEVER: timeout  ,300.0000	llReve: timeout  ,300.0000
./mergedHard/EXTRA_ultra_prime_sumEQ_pos2/libA CC2-Hybrid: timeout  ,300.0000 (Solve) ,,0.000  	CC2-Concurrent: unknown  ,0.0000   (Solve) ,,0.000  	KleeCLEVER: timeout  ,300.0000	llReve: timeout  ,300.0000
./mergedHard/EXTRA_ultra_prime_sumEQ_pos3/libA CC2-Hybrid: timeout  ,300.0000 (Solve) ,,0.000  	CC2-Concurrent: unknown  ,0.0000   (Solve) ,,0.000  	KleeCLEVER: timeout  ,300.0000	llReve: timeout  ,300.0000
./mergedHard/EXTRA_ultra_prime_sumEXTRA_ultra_prime_sum/libA CC2-Hybrid: timeout  ,300.0000 (Solve) ,,0.000  	CC2-Concurrent: unknown  ,0.0000   (Solve) ,,0.000  	KleeCLEVER: timeout  ,300.0000	llReve: timeout  ,300.0000
./mergedHard/EXTRA_ultra_prime_sumNEQ_LoopMult20/libA CC2-Hybrid: timeout  ,300.0000 (Solve) ,,0.000  	CC2-Concurrent: unknown  ,0.0000   (Solve) ,,0.000  	KleeCLEVER: not equiv ,3.6558  	llReve: unknown  ,0.2700  
./mergedHard/EXTRA_ultra_prime_sumNEQ_LoopUnreach20/libA CC2-Hybrid: timeout  ,300.0000 (Solve) ,,0.000  	CC2-Concurrent: unknown  ,0.0000   (Solve) ,,0.000  	KleeCLEVER: not equiv ,3.6786  	llReve: unknown  ,0.2700  
./mergedHard/EXTRA_ultra_prime_sumNEQ_getSign/libA CC2-Hybrid: not equiv ,184.8555 (Solve) ,,181.068	CC2-Concurrent: unknown  ,0.0000   (Solve) ,,0.000  	KleeCLEVER: not equiv ,258.5323	llReve: unknown  ,0.1900  
./mergedHard/NEQ_LoopMult20EQ_LoopMult20/libA CC2-Hybrid: not equiv ,1.1633   (Solve) ,,0.849  	CC2-Concurrent: unknown  ,0.0000   (Solve) ,,0.000  	KleeCLEVER: not equiv ,0.4014  	llReve: not equiv ,0.2900  
./mergedHard/NEQ_LoopMult20EQ_UnchLoop/libA CC2-Hybrid: not equiv ,0.8112   (Solve) ,,0.525  	CC2-Concurrent: unknown  ,0.0000   (Solve) ,,0.000  	KleeCLEVER: not equiv ,0.1366  	llReve: timeout  ,300.0000
./mergedHard/NEQ_LoopMult20EQ_odd/libA CC2-Hybrid: not equiv ,1.3935   (Solve) ,,1.088  	CC2-Concurrent: unknown  ,0.0000   (Solve) ,,0.000  	KleeCLEVER: not equiv ,0.7829  	llReve: not equiv ,6.0700  
./mergedHard/NEQ_LoopMult20EQ_pos/libA CC2-Hybrid: not equiv ,1.0963   (Solve) ,,0.749  	CC2-Concurrent: unknown  ,0.0000   (Solve) ,,0.000  	KleeCLEVER: not equiv ,0.3571  	llReve: not equiv ,0.5100  
./mergedHard/NEQ_LoopMult20EQ_pos2/libA CC2-Hybrid: not equiv ,1.0792   (Solve) ,,0.742  	CC2-Concurrent: unknown  ,0.0000   (Solve) ,,0.000  	KleeCLEVER: not equiv ,0.3588  	llReve: not equiv ,0.5100  
./mergedHard/NEQ_LoopMult20EXTRA_ultra_prime_sum/libA CC2-Hybrid: not equiv ,3.2400   (Solve) ,,2.278  	CC2-Concurrent: unknown  ,0.0000   (Solve) ,,0.000  	KleeCLEVER: not equiv ,0.4232  	llReve: not equiv ,1.4000  
./mergedHard/NEQ_LoopUnreach20EQ_LoopMult20/libA CC2-Hybrid: not equiv ,0.6619   (Solve) ,,0.339  	CC2-Concurrent: unknown  ,0.0000   (Solve) ,,0.000  	KleeCLEVER: not equiv ,0.1668  	llReve: not equiv ,0.0200  
./mergedHard/NEQ_LoopUnreach20EQ_UnchLoop/libA CC2-Hybrid: not equiv ,0.5274   (Solve) ,,0.267  	CC2-Concurrent: unknown  ,0.0000   (Solve) ,,0.000  	KleeCLEVER: not equiv ,0.1319  	llReve: not equiv ,0.0300  
./mergedHard/NEQ_LoopUnreach20EQ_odd/libA CC2-Hybrid: not equiv ,0.5788   (Solve) ,,0.290  	CC2-Concurrent: unknown  ,0.0000   (Solve) ,,0.000  	KleeCLEVER: not equiv ,0.1546  	llReve: not equiv ,0.0300  
./mergedHard/NEQ_LoopUnreach20EQ_pos/libA CC2-Hybrid: not equiv ,0.6522   (Solve) ,,0.333  	CC2-Concurrent: unknown  ,0.0000   (Solve) ,,0.000  	KleeCLEVER: not equiv ,0.2085  	llReve: not equiv ,0.0400  
./mergedHard/NEQ_LoopUnreach20EQ_pos2/libA CC2-Hybrid: not equiv ,0.6556   (Solve) ,,0.333  	CC2-Concurrent: unknown  ,0.0000   (Solve) ,,0.000  	KleeCLEVER: not equiv ,0.1865  	llReve: not equiv ,0.0400  
./mergedHard/NEQ_LoopUnreach20EXTRA_ultra_prime_sum/libA CC2-Hybrid: not equiv ,0.8669   (Solve) ,,0.319  	CC2-Concurrent: unknown  ,0.0000   (Solve) ,,0.000  	KleeCLEVER: not equiv ,0.1545  	llReve: not equiv ,0.0400  
./mergedHard/NEQ_getSignEQ_LoopMult20/libA CC2-Hybrid: not equiv ,0.5836   (Solve) ,,0.334  	CC2-Concurrent: unknown  ,0.0000   (Solve) ,,0.000  	KleeCLEVER: not equiv ,0.1792  	llReve: not equiv ,0.0200  
./mergedHard/NEQ_getSignEQ_UnchLoop/libA CC2-Hybrid: not equiv ,0.4508   (Solve) ,,0.232  	CC2-Concurrent: unknown  ,0.0000   (Solve) ,,0.000  	KleeCLEVER: not equiv ,0.1257  	llReve: not equiv ,0.0200  
./mergedHard/NEQ_getSignEQ_odd/libA CC2-Hybrid: not equiv ,0.5783   (Solve) ,,0.323  	CC2-Concurrent: unknown  ,0.0000   (Solve) ,,0.000  	KleeCLEVER: not equiv ,0.1593  	llReve: not equiv ,0.0200  
./mergedHard/NEQ_getSignEQ_pos/libA CC2-Hybrid: not equiv ,0.6506   (Solve) ,,0.371  	CC2-Concurrent: unknown  ,0.0000   (Solve) ,,0.000  	KleeCLEVER: not equiv ,0.1983  	llReve: not equiv ,0.0300  
./mergedHard/NEQ_getSignEQ_pos2/libA CC2-Hybrid: not equiv ,0.6529   (Solve) ,,0.374  	CC2-Concurrent: unknown  ,0.0000   (Solve) ,,0.000  	KleeCLEVER: not equiv ,0.1963  	llReve: not equiv ,0.0300  
./mergedHard/NEQ_getSignEXTRA_ultra_prime_sum/libA CC2-Hybrid: not equiv ,2.0114   (Solve) ,,1.064  	CC2-Concurrent: unknown  ,0.0000   (Solve) ,,0.000  	KleeCLEVER: not equiv ,0.1709  	llReve: not equiv ,0.0300  
