./eq/Add                            CC2-Hybrid: unknown  ,0.0000   (Solve) ,,0.000  	CC2-Concurrent: unknown  ,0.0000   (Solve) ,,0.000  	KleeCLEVER: unknown  ,0.0000  	llReve: equiv    ,0.0100  
./eq/Const                          CC2-Hybrid: unknown  ,0.0000   (Solve) ,,0.000  	CC2-Concurrent: unknown  ,0.0000   (Solve) ,,0.000  	KleeCLEVER: unknown  ,0.0000  	llReve: equiv    ,0.0100  
./eq/LoopMult10                     CC2-Hybrid: unknown  ,0.0000   (Solve) ,,0.000  	CC2-Concurrent: unknown  ,0.0000   (Solve) ,,0.000  	KleeCLEVER: unknown  ,0.0000  	llReve: unknown  ,0.0000  
./eq/LoopMult15                     CC2-Hybrid: unknown  ,0.0000   (Solve) ,,0.000  	CC2-Concurrent: unknown  ,0.0000   (Solve) ,,0.000  	KleeCLEVER: unknown  ,0.0000  	llReve: unknown  ,0.0000  
./eq/LoopMult2                      CC2-Hybrid: unknown  ,0.0000   (Solve) ,,0.000  	CC2-Concurrent: unknown  ,0.0000   (Solve) ,,0.000  	KleeCLEVER: unknown  ,0.0000  	llReve: unknown  ,0.0000  
./eq/LoopMult20                     CC2-Hybrid: unknown  ,0.0000   (Solve) ,,0.000  	CC2-Concurrent: unknown  ,0.0000   (Solve) ,,0.000  	KleeCLEVER: unknown  ,0.0000  	llReve: equiv    ,43.2200 
./eq/LoopMult5                      CC2-Hybrid: unknown  ,0.0000   (Solve) ,,0.000  	CC2-Concurrent: unknown  ,0.0000   (Solve) ,,0.000  	KleeCLEVER: unknown  ,0.0000  	llReve: unknown  ,0.0100  
./eq/LoopUnreach10                  CC2-Hybrid: unknown  ,0.0000   (Solve) ,,0.000  	CC2-Concurrent: unknown  ,0.0000   (Solve) ,,0.000  	KleeCLEVER: unknown  ,0.0000  	llReve: unknown  ,0.0100  
./eq/LoopUnreach15                  CC2-Hybrid: unknown  ,0.0000   (Solve) ,,0.000  	CC2-Concurrent: unknown  ,0.0000   (Solve) ,,0.000  	KleeCLEVER: unknown  ,0.0000  	llReve: unknown  ,0.0000  
./eq/LoopUnreach2                   CC2-Hybrid: unknown  ,0.0000   (Solve) ,,0.000  	CC2-Concurrent: unknown  ,0.0000   (Solve) ,,0.000  	KleeCLEVER: unknown  ,0.0000  	llReve: unknown  ,0.0000  
./eq/LoopUnreach20                  CC2-Hybrid: unknown  ,0.0000   (Solve) ,,0.000  	CC2-Concurrent: unknown  ,0.0000   (Solve) ,,0.000  	KleeCLEVER: unknown  ,0.0000  	llReve: equiv    ,0.0200  
./eq/LoopUnreach5                   CC2-Hybrid: unknown  ,0.0000   (Solve) ,,0.000  	CC2-Concurrent: unknown  ,0.0000   (Solve) ,,0.000  	KleeCLEVER: unknown  ,0.0000  	llReve: unknown  ,0.0000  
./eq/UnchLoop                       CC2-Hybrid: unknown  ,0.0000   (Solve) ,,0.000  	CC2-Concurrent: unknown  ,0.0000   (Solve) ,,0.000  	KleeCLEVER: unknown  ,0.0000  	llReve: equiv    ,0.2100  
./eq/divide                         CC2-Hybrid: unknown  ,0.0000   (Solve) ,,0.000  	CC2-Concurrent: unknown  ,0.0000   (Solve) ,,0.000  	KleeCLEVER: unknown  ,0.0000  	llReve: equiv    ,0.0200  
./eq/getSign2                       CC2-Hybrid: unknown  ,0.0000   (Solve) ,,0.000  	CC2-Concurrent: unknown  ,0.0000   (Solve) ,,0.000  	KleeCLEVER: unknown  ,0.0000  	llReve: equiv    ,0.0200  
./eq/is_prime1                      CC2-Hybrid: unknown  ,0.0000   (Solve) ,,0.000  	CC2-Concurrent: unknown  ,0.0000   (Solve) ,,0.000  	KleeCLEVER: unknown  ,0.0000  	llReve: unknown  ,0.0100  
./eq/is_prime2                      CC2-Hybrid: unknown  ,0.0000   (Solve) ,,0.000  	CC2-Concurrent: unknown  ,0.0000   (Solve) ,,0.000  	KleeCLEVER: unknown  ,0.0000  	llReve: unknown  ,0.0200  
./eq/is_prime3                      CC2-Hybrid: unknown  ,0.0000   (Solve) ,,0.000  	CC2-Concurrent: unknown  ,0.0000   (Solve) ,,0.000  	KleeCLEVER: unknown  ,0.0000  	llReve: unknown  ,0.0200  
./eq/ltfive                         CC2-Hybrid: unknown  ,0.0000   (Solve) ,,0.000  	CC2-Concurrent: unknown  ,0.0000   (Solve) ,,0.000  	KleeCLEVER: unknown  ,0.0000  	llReve: equiv    ,0.0200  
./eq/ltfiveBound                    CC2-Hybrid: unknown  ,0.0000   (Solve) ,,0.000  	CC2-Concurrent: unknown  ,0.0000   (Solve) ,,0.000  	KleeCLEVER: unknown  ,0.0000  	llReve: equiv    ,0.0300  
./eq/multiple                       CC2-Hybrid: unknown  ,0.0000   (Solve) ,,0.000  	CC2-Concurrent: unknown  ,0.0000   (Solve) ,,0.000  	KleeCLEVER: unknown  ,0.0000  	llReve: equiv    ,0.0200  
./eq/multipleBound                  CC2-Hybrid: unknown  ,0.0000   (Solve) ,,0.000  	CC2-Concurrent: unknown  ,0.0000   (Solve) ,,0.000  	KleeCLEVER: unknown  ,0.0000  	llReve: equiv    ,0.0200  
./eq/odd                            CC2-Hybrid: unknown  ,0.0000   (Solve) ,,0.000  	CC2-Concurrent: unknown  ,0.0000   (Solve) ,,0.000  	KleeCLEVER: unknown  ,0.0000  	llReve: unknown  ,0.0100  
./eq/one                            CC2-Hybrid: unknown  ,0.0000   (Solve) ,,0.000  	CC2-Concurrent: unknown  ,0.0000   (Solve) ,,0.000  	KleeCLEVER: unknown  ,0.0000  	llReve: not equiv ,0.0300  
./eq/oneBound                       CC2-Hybrid: unknown  ,0.0000   (Solve) ,,0.000  	CC2-Concurrent: unknown  ,0.0000   (Solve) ,,0.000  	KleeCLEVER: unknown  ,0.0000  	llReve: equiv    ,0.0400  
./eq/oneN2                          CC2-Hybrid: unknown  ,0.0000   (Solve) ,,0.000  	CC2-Concurrent: unknown  ,0.0000   (Solve) ,,0.000  	KleeCLEVER: unknown  ,0.0000  	llReve: equiv    ,0.0300  
./eq/pos                            CC2-Hybrid: unknown  ,0.0000   (Solve) ,,0.000  	CC2-Concurrent: unknown  ,0.0000   (Solve) ,,0.000  	KleeCLEVER: unknown  ,0.0000  	llReve: unknown  ,0.0100  
./eq/pos2                           CC2-Hybrid: unknown  ,0.0000   (Solve) ,,0.000  	CC2-Concurrent: unknown  ,0.0000   (Solve) ,,0.000  	KleeCLEVER: unknown  ,0.0000  	llReve: not equiv ,0.0300  
./eq/pos3                           CC2-Hybrid: unknown  ,0.0000   (Solve) ,,0.000  	CC2-Concurrent: unknown  ,0.0000   (Solve) ,,0.000  	KleeCLEVER: unknown  ,0.0000  	llReve: equiv    ,0.0300  
./extras/prime_sum                  CC2-Hybrid: unknown  ,0.0000   (Solve) ,,0.000  	CC2-Concurrent: unknown  ,0.0000   (Solve) ,,0.000  	KleeCLEVER: unknown  ,0.0000  	llReve: equiv    ,251.5400
./extras/ultra_prime_sum            CC2-Hybrid: unknown  ,0.0000   (Solve) ,,0.000  	CC2-Concurrent: unknown  ,0.0000   (Solve) ,,0.000  	KleeCLEVER: unknown  ,0.0000  	llReve: unknown  ,1.5300  
./neq/LoopMult10                    CC2-Hybrid: unknown  ,0.0000   (Solve) ,,0.000  	CC2-Concurrent: unknown  ,0.0000   (Solve) ,,0.000  	KleeCLEVER: unknown  ,0.0000  	llReve: unknown  ,0.0100  
./neq/LoopMult15                    CC2-Hybrid: unknown  ,0.0000   (Solve) ,,0.000  	CC2-Concurrent: unknown  ,0.0000   (Solve) ,,0.000  	KleeCLEVER: unknown  ,0.0000  	llReve: unknown  ,0.0100  
./neq/LoopMult2                     CC2-Hybrid: unknown  ,0.0000   (Solve) ,,0.000  	CC2-Concurrent: unknown  ,0.0000   (Solve) ,,0.000  	KleeCLEVER: unknown  ,0.0000  	llReve: unknown  ,0.0100  
./neq/LoopMult20                    CC2-Hybrid: unknown  ,0.0000   (Solve) ,,0.000  	CC2-Concurrent: unknown  ,0.0000   (Solve) ,,0.000  	KleeCLEVER: unknown  ,0.0000  	llReve: not equiv ,0.5800  
./neq/LoopMult5                     CC2-Hybrid: unknown  ,0.0000   (Solve) ,,0.000  	CC2-Concurrent: unknown  ,0.0000   (Solve) ,,0.000  	KleeCLEVER: unknown  ,0.0000  	llReve: unknown  ,0.0000  
./neq/LoopUnreach10                 CC2-Hybrid: unknown  ,0.0000   (Solve) ,,0.000  	CC2-Concurrent: unknown  ,0.0000   (Solve) ,,0.000  	KleeCLEVER: unknown  ,0.0000  	llReve: unknown  ,0.0000  
./neq/LoopUnreach15                 CC2-Hybrid: unknown  ,0.0000   (Solve) ,,0.000  	CC2-Concurrent: unknown  ,0.0000   (Solve) ,,0.000  	KleeCLEVER: unknown  ,0.0000  	llReve: unknown  ,0.0100  
./neq/LoopUnreach2                  CC2-Hybrid: unknown  ,0.0000   (Solve) ,,0.000  	CC2-Concurrent: unknown  ,0.0000   (Solve) ,,0.000  	KleeCLEVER: unknown  ,0.0000  	llReve: unknown  ,0.0000  
./neq/LoopUnreach20                 CC2-Hybrid: unknown  ,0.0000   (Solve) ,,0.000  	CC2-Concurrent: unknown  ,0.0000   (Solve) ,,0.000  	KleeCLEVER: unknown  ,0.0000  	llReve: not equiv ,0.0200  
./neq/LoopUnreach5                  CC2-Hybrid: unknown  ,0.0000   (Solve) ,,0.000  	CC2-Concurrent: unknown  ,0.0000   (Solve) ,,0.000  	KleeCLEVER: unknown  ,0.0000  	llReve: unknown  ,0.0100  
./neq/getSign                       CC2-Hybrid: unknown  ,0.0000   (Solve) ,,0.000  	CC2-Concurrent: unknown  ,0.0000   (Solve) ,,0.000  	KleeCLEVER: unknown  ,0.0000  	llReve: not equiv ,0.0200  
Skipped: %s ./reve/extras
