./mergedHard/EQ_AddEQ_LoopMult20/libA CC2-Hybrid: equiv    ,0.3000   (Solve) ,,0.082  	CC2-Concurrent: unknown  ,0.0000   (Solve) ,,0.000  	KleeCLEVER: equiv    ,0.2600  	llReve: equiv    ,1.5000  
./mergedHard/EQ_AddEQ_UnchLoop/libA CC2-Hybrid: equiv    ,0.2900   (Solve) ,,0.079  	CC2-Concurrent: unknown  ,0.0000   (Solve) ,,0.000  	KleeCLEVER: equiv    ,0.2200  	llReve: equiv    ,0.0500  
./mergedHard/EQ_AddEQ_odd/libA      CC2-Hybrid: equiv    ,0.3100   (Solve) ,,0.079  	CC2-Concurrent: unknown  ,0.0000   (Solve) ,,0.000  	KleeCLEVER: equiv    ,0.2200  	llReve: equiv    ,0.0400  
./mergedHard/EQ_AddEQ_pos/libA      CC2-Hybrid: equiv    ,0.3400   (Solve) ,,0.079  	CC2-Concurrent: unknown  ,0.0000   (Solve) ,,0.000  	KleeCLEVER: equiv    ,0.2200  	llReve: equiv    ,0.0200  
./mergedHard/EQ_AddEQ_pos2/libA     CC2-Hybrid: equiv    ,0.3300   (Solve) ,,0.078  	CC2-Concurrent: unknown  ,0.0000   (Solve) ,,0.000  	KleeCLEVER: equiv    ,0.2300  	llReve: equiv    ,0.0200  
./mergedHard/EQ_AddEXTRA_ultra_prime_sum/libA CC2-Hybrid: equiv    ,0.5800   (Solve) ,,0.194  	CC2-Concurrent: unknown  ,0.0000   (Solve) ,,0.000  	KleeCLEVER: timeout  ,300.0000	llReve: equiv    ,0.1400  
./mergedHard/EQ_ConstEQ_LoopMult20/libA CC2-Hybrid: equiv    ,0.3200   (Solve) ,,0.080  	CC2-Concurrent: unknown  ,0.0000   (Solve) ,,0.000  	KleeCLEVER: equiv    ,0.2500  	llReve: equiv    ,0.0400  
./mergedHard/EQ_ConstEQ_UnchLoop/libA CC2-Hybrid: equiv    ,0.2800   (Solve) ,,0.080  	CC2-Concurrent: unknown  ,0.0000   (Solve) ,,0.000  	KleeCLEVER: equiv    ,0.1900  	llReve: equiv    ,0.0300  
./mergedHard/EQ_ConstEQ_odd/libA    CC2-Hybrid: equiv    ,0.3100   (Solve) ,,0.080  	CC2-Concurrent: unknown  ,0.0000   (Solve) ,,0.000  	KleeCLEVER: equiv    ,0.2200  	llReve: equiv    ,0.0200  
./mergedHard/EQ_ConstEQ_pos/libA    CC2-Hybrid: equiv    ,0.3400   (Solve) ,,0.080  	CC2-Concurrent: unknown  ,0.0000   (Solve) ,,0.000  	KleeCLEVER: equiv    ,0.2300  	llReve: equiv    ,0.0200  
./mergedHard/EQ_ConstEQ_pos2/libA   CC2-Hybrid: equiv    ,0.3400   (Solve) ,,0.080  	CC2-Concurrent: unknown  ,0.0000   (Solve) ,,0.000  	KleeCLEVER: equiv    ,0.2200  	llReve: equiv    ,0.0200  
./mergedHard/EQ_ConstEXTRA_ultra_prime_sum/libA CC2-Hybrid: equiv    ,0.5900   (Solve) ,,0.197  	CC2-Concurrent: unknown  ,0.0000   (Solve) ,,0.000  	KleeCLEVER: timeout  ,300.0000	llReve: equiv    ,0.0500  
./mergedHard/EQ_LoopMult20EQ_Add/libA CC2-Hybrid: equiv    ,0.7600   (Solve) ,,0.462  	CC2-Concurrent: unknown  ,0.0000   (Solve) ,,0.000  	KleeCLEVER: equiv    ,0.4900  	llReve: timeout  ,300.0000
./mergedHard/EQ_LoopMult20EQ_Const/libA CC2-Hybrid: equiv    ,0.7600   (Solve) ,,0.466  	CC2-Concurrent: unknown  ,0.0000   (Solve) ,,0.000  	KleeCLEVER: equiv    ,0.5000  	llReve: timeout  ,300.0000
./mergedHard/EQ_LoopMult20EQ_LoopMult20/libA CC2-Hybrid: equiv    ,1.2100   (Solve) ,,0.890  	CC2-Concurrent: unknown  ,0.0000   (Solve) ,,0.000  	KleeCLEVER: equiv    ,0.9600  	llReve: equiv    ,34.3200 
./mergedHard/EQ_LoopMult20EQ_LoopUnreach20/libA CC2-Hybrid: equiv    ,1.2400   (Solve) ,,0.900  	CC2-Concurrent: unknown  ,0.0000   (Solve) ,,0.000  	KleeCLEVER: equiv    ,0.9500  	llReve: equiv    ,34.1400 
./mergedHard/EQ_LoopMult20EQ_UnchLoop/libA CC2-Hybrid: equiv    ,0.7700   (Solve) ,,0.470  	CC2-Concurrent: unknown  ,0.0000   (Solve) ,,0.000  	KleeCLEVER: equiv    ,0.4900  	llReve: timeout  ,300.0000
./mergedHard/EQ_LoopMult20EQ_divide/libA CC2-Hybrid: not equiv ,0.8600   (Solve) ,,0.419  	CC2-Concurrent: unknown  ,0.0000   (Solve) ,,0.000  	KleeCLEVER: not equiv ,0.3100  	llReve: not equiv ,0.0700  
./mergedHard/EQ_LoopMult20EQ_getSign2/libA CC2-Hybrid: timeout  ,300.0000 (Solve) ,,0.000  	CC2-Concurrent: unknown  ,0.0000   (Solve) ,,0.000  	KleeCLEVER: timeout  ,300.0000	llReve: equiv    ,5.1400  
./mergedHard/EQ_LoopMult20EQ_is_prime1/libA CC2-Hybrid: equiv    ,11.7100  (Solve) ,,11.397 	CC2-Concurrent: unknown  ,0.0000   (Solve) ,,0.000  	KleeCLEVER: timeout  ,300.0000	llReve: equiv    ,3.7300  
./mergedHard/EQ_LoopMult20EQ_is_prime2/libA CC2-Hybrid: equiv    ,12.3200  (Solve) ,,11.958 	CC2-Concurrent: unknown  ,0.0000   (Solve) ,,0.000  	KleeCLEVER: timeout  ,300.0000	llReve: equiv    ,60.7800 
./mergedHard/EQ_LoopMult20EQ_is_prime3/libA CC2-Hybrid: not equiv ,3.6300   (Solve) ,,2.104  	CC2-Concurrent: unknown  ,0.0000   (Solve) ,,0.000  	KleeCLEVER: not equiv ,0.5600  	llReve: unknown  ,0.0300  
./mergedHard/EQ_LoopMult20EQ_ltfive/libA CC2-Hybrid: timeout  ,300.0000 (Solve) ,,0.000  	CC2-Concurrent: unknown  ,0.0000   (Solve) ,,0.000  	KleeCLEVER: timeout  ,300.0000	llReve: timeout  ,300.0000
./mergedHard/EQ_LoopMult20EQ_ltfiveBound/libA CC2-Hybrid: timeout  ,300.0000 (Solve) ,,0.000  	CC2-Concurrent: unknown  ,0.0000   (Solve) ,,0.000  	KleeCLEVER: timeout  ,300.0000	llReve: timeout  ,300.0000
./mergedHard/EQ_LoopMult20EQ_multiple/libA CC2-Hybrid: timeout  ,300.0000 (Solve) ,,0.000  	CC2-Concurrent: unknown  ,0.0000   (Solve) ,,0.000  	KleeCLEVER: timeout  ,300.0000	llReve: timeout  ,300.0000
./mergedHard/EQ_LoopMult20EQ_multipleBound/libA CC2-Hybrid: timeout  ,300.0000 (Solve) ,,0.000  	CC2-Concurrent: unknown  ,0.0000   (Solve) ,,0.000  	KleeCLEVER: timeout  ,300.0000	llReve: timeout  ,300.0000
./mergedHard/EQ_LoopMult20EQ_odd/libA CC2-Hybrid: timeout  ,300.0000 (Solve) ,,0.000  	CC2-Concurrent: unknown  ,0.0000   (Solve) ,,0.000  	KleeCLEVER: timeout  ,300.0000	llReve: timeout  ,300.0000
./mergedHard/EQ_LoopMult20EQ_one/libA CC2-Hybrid: timeout  ,300.0000 (Solve) ,,0.000  	CC2-Concurrent: unknown  ,0.0000   (Solve) ,,0.000  	KleeCLEVER: timeout  ,300.0000	llReve: equiv    ,44.1400 
./mergedHard/EQ_LoopMult20EQ_oneBound/libA CC2-Hybrid: timeout  ,300.0000 (Solve) ,,0.000  	CC2-Concurrent: unknown  ,0.0000   (Solve) ,,0.000  	KleeCLEVER: equiv    ,23.0100 	llReve: equiv    ,9.0300  
./mergedHard/EQ_LoopMult20EQ_oneN2/libA CC2-Hybrid: timeout  ,300.0000 (Solve) ,,0.000  	CC2-Concurrent: unknown  ,0.0000   (Solve) ,,0.000  	KleeCLEVER: timeout  ,300.0000	llReve: equiv    ,44.2100 
./mergedHard/EQ_LoopMult20EQ_pos/libA CC2-Hybrid: equiv    ,0.7900   (Solve) ,,0.442  	CC2-Concurrent: unknown  ,0.0000   (Solve) ,,0.000  	KleeCLEVER: equiv    ,0.5000  	llReve: equiv    ,9.2700  
./mergedHard/EQ_LoopMult20EQ_pos2/libA CC2-Hybrid: equiv    ,0.8100   (Solve) ,,0.453  	CC2-Concurrent: unknown  ,0.0000   (Solve) ,,0.000  	KleeCLEVER: equiv    ,0.5000  	llReve: equiv    ,9.2800  
./mergedHard/EQ_LoopMult20EQ_pos3/libA CC2-Hybrid: equiv    ,0.7700   (Solve) ,,0.442  	CC2-Concurrent: unknown  ,0.0000   (Solve) ,,0.000  	KleeCLEVER: equiv    ,0.5300  	llReve: equiv    ,4.2200  
./mergedHard/EQ_LoopMult20EXTRA_ultra_prime_sum/libA CC2-Hybrid: timeout  ,300.0000 (Solve) ,,0.000  	CC2-Concurrent: unknown  ,0.0000   (Solve) ,,0.000  	KleeCLEVER: timeout  ,300.0000	llReve: equiv    ,6.1900  
./mergedHard/EQ_LoopMult20NEQ_LoopMult20/libA CC2-Hybrid: equiv    ,1.2100   (Solve) ,,0.885  	CC2-Concurrent: unknown  ,0.0000   (Solve) ,,0.000  	KleeCLEVER: equiv    ,0.9400  	llReve: equiv    ,33.9300 
./mergedHard/EQ_LoopMult20NEQ_LoopUnreach20/libA CC2-Hybrid: equiv    ,1.2100   (Solve) ,,0.880  	CC2-Concurrent: unknown  ,0.0000   (Solve) ,,0.000  	KleeCLEVER: equiv    ,0.9400  	llReve: equiv    ,33.8000 
./mergedHard/EQ_LoopMult20NEQ_getSign/libA CC2-Hybrid: timeout  ,300.0000 (Solve) ,,0.000  	CC2-Concurrent: unknown  ,0.0000   (Solve) ,,0.000  	KleeCLEVER: timeout  ,300.0000	llReve: equiv    ,3.9500  
./mergedHard/EQ_LoopUnreach20EQ_LoopMult20/libA CC2-Hybrid: equiv    ,0.5200   (Solve) ,,0.207  	CC2-Concurrent: unknown  ,0.0000   (Solve) ,,0.000  	KleeCLEVER: equiv    ,0.2700  	llReve: equiv    ,0.0200  
./mergedHard/EQ_LoopUnreach20EQ_UnchLoop/libA CC2-Hybrid: equiv    ,0.4400   (Solve) ,,0.177  	CC2-Concurrent: unknown  ,0.0000   (Solve) ,,0.000  	KleeCLEVER: equiv    ,0.2400  	llReve: equiv    ,0.0300  
./mergedHard/EQ_LoopUnreach20EQ_odd/libA CC2-Hybrid: equiv    ,0.4900   (Solve) ,,0.195  	CC2-Concurrent: unknown  ,0.0000   (Solve) ,,0.000  	KleeCLEVER: equiv    ,0.2600  	llReve: equiv    ,0.0600  
./mergedHard/EQ_LoopUnreach20EQ_pos/libA CC2-Hybrid: equiv    ,0.5500   (Solve) ,,0.229  	CC2-Concurrent: unknown  ,0.0000   (Solve) ,,0.000  	KleeCLEVER: equiv    ,0.2900  	llReve: equiv    ,0.0700  
./mergedHard/EQ_LoopUnreach20EQ_pos2/libA CC2-Hybrid: equiv    ,0.5500   (Solve) ,,0.227  	CC2-Concurrent: unknown  ,0.0000   (Solve) ,,0.000  	KleeCLEVER: equiv    ,0.2800  	llReve: equiv    ,0.0700  
./mergedHard/EQ_LoopUnreach20EXTRA_ultra_prime_sum/libA CC2-Hybrid: equiv    ,2.8600   (Solve) ,,1.185  	CC2-Concurrent: unknown  ,0.0000   (Solve) ,,0.000  	KleeCLEVER: timeout  ,300.0000	llReve: equiv    ,0.0900  
./mergedHard/EQ_UnchLoopEQ_Add/libA CC2-Hybrid: equiv    ,0.3000   (Solve) ,,0.098  	CC2-Concurrent: unknown  ,0.0000   (Solve) ,,0.000  	KleeCLEVER: equiv    ,0.2100  	llReve: equiv    ,0.4200  
./mergedHard/EQ_UnchLoopEQ_Const/libA CC2-Hybrid: equiv    ,0.3000   (Solve) ,,0.098  	CC2-Concurrent: unknown  ,0.0000   (Solve) ,,0.000  	KleeCLEVER: equiv    ,0.1900  	llReve: equiv    ,0.4200  
./mergedHard/EQ_UnchLoopEQ_LoopMult20/libA CC2-Hybrid: equiv    ,0.3200   (Solve) ,,0.098  	CC2-Concurrent: unknown  ,0.0000   (Solve) ,,0.000  	KleeCLEVER: equiv    ,0.4400  	llReve: equiv    ,2.5300  
./mergedHard/EQ_UnchLoopEQ_LoopUnreach20/libA CC2-Hybrid: equiv    ,0.3300   (Solve) ,,0.098  	CC2-Concurrent: unknown  ,0.0000   (Solve) ,,0.000  	KleeCLEVER: equiv    ,0.4600  	llReve: equiv    ,2.5400  
./mergedHard/EQ_UnchLoopEQ_UnchLoop/libA CC2-Hybrid: equiv    ,0.3000   (Solve) ,,0.097  	CC2-Concurrent: unknown  ,0.0000   (Solve) ,,0.000  	KleeCLEVER: equiv    ,0.2100  	llReve: equiv    ,0.4200  
./mergedHard/EQ_UnchLoopEQ_divide/libA CC2-Hybrid: equiv    ,0.3300   (Solve) ,,0.099  	CC2-Concurrent: unknown  ,0.0000   (Solve) ,,0.000  	KleeCLEVER: timeout  ,300.0000	llReve: equiv    ,0.3700  
./mergedHard/EQ_UnchLoopEQ_getSign2/libA CC2-Hybrid: equiv    ,0.3200   (Solve) ,,0.099  	CC2-Concurrent: unknown  ,0.0000   (Solve) ,,0.000  	KleeCLEVER: timeout  ,300.0000	llReve: equiv    ,0.6200  
./mergedHard/EQ_UnchLoopEQ_is_prime1/libA CC2-Hybrid: equiv    ,0.3000   (Solve) ,,0.098  	CC2-Concurrent: unknown  ,0.0000   (Solve) ,,0.000  	KleeCLEVER: timeout  ,300.0000	llReve: equiv    ,0.1600  
./mergedHard/EQ_UnchLoopEQ_is_prime2/libA CC2-Hybrid: equiv    ,0.3500   (Solve) ,,0.097  	CC2-Concurrent: unknown  ,0.0000   (Solve) ,,0.000  	KleeCLEVER: timeout  ,300.0000	llReve: equiv    ,3.5000  
./mergedHard/EQ_UnchLoopEQ_is_prime3/libA CC2-Hybrid: equiv    ,0.5600   (Solve) ,,0.198  	CC2-Concurrent: unknown  ,0.0000   (Solve) ,,0.000  	KleeCLEVER: timeout  ,300.0000	llReve: unknown  ,0.0300  
./mergedHard/EQ_UnchLoopEQ_ltfive/libA CC2-Hybrid: equiv    ,0.4100   (Solve) ,,0.099  	CC2-Concurrent: unknown  ,0.0000   (Solve) ,,0.000  	KleeCLEVER: timeout  ,300.0000	llReve: timeout  ,300.0000
./mergedHard/EQ_UnchLoopEQ_ltfiveBound/libA CC2-Hybrid: equiv    ,0.4200   (Solve) ,,0.102  	CC2-Concurrent: unknown  ,0.0000   (Solve) ,,0.000  	KleeCLEVER: equiv    ,23.9500 	llReve: timeout  ,300.0000
./mergedHard/EQ_UnchLoopEQ_multiple/libA CC2-Hybrid: equiv    ,0.3300   (Solve) ,,0.099  	CC2-Concurrent: unknown  ,0.0000   (Solve) ,,0.000  	KleeCLEVER: timeout  ,300.0000	llReve: timeout  ,300.0000
./mergedHard/EQ_UnchLoopEQ_multipleBound/libA CC2-Hybrid: equiv    ,0.3600   (Solve) ,,0.098  	CC2-Concurrent: unknown  ,0.0000   (Solve) ,,0.000  	KleeCLEVER: timeout  ,300.0000	llReve: timeout  ,300.0000
./mergedHard/EQ_UnchLoopEQ_odd/libA CC2-Hybrid: equiv    ,0.3300   (Solve) ,,0.099  	CC2-Concurrent: unknown  ,0.0000   (Solve) ,,0.000  	KleeCLEVER: timeout  ,300.0000	llReve: timeout  ,300.0000
./mergedHard/EQ_UnchLoopEQ_one/libA CC2-Hybrid: equiv    ,0.3600   (Solve) ,,0.097  	CC2-Concurrent: unknown  ,0.0000   (Solve) ,,0.000  	KleeCLEVER: timeout  ,300.0000	llReve: timeout  ,300.0000
./mergedHard/EQ_UnchLoopEQ_oneBound/libA CC2-Hybrid: equiv    ,0.3800   (Solve) ,,0.099  	CC2-Concurrent: unknown  ,0.0000   (Solve) ,,0.000  	KleeCLEVER: equiv    ,3.5500  	llReve: timeout  ,300.0000
./mergedHard/EQ_UnchLoopEQ_oneN2/libA CC2-Hybrid: equiv    ,0.3600   (Solve) ,,0.099  	CC2-Concurrent: unknown  ,0.0000   (Solve) ,,0.000  	KleeCLEVER: timeout  ,300.0000	llReve: timeout  ,300.0000
./mergedHard/EQ_UnchLoopEQ_pos/libA CC2-Hybrid: equiv    ,0.3700   (Solve) ,,0.099  	CC2-Concurrent: unknown  ,0.0000   (Solve) ,,0.000  	KleeCLEVER: equiv    ,0.2500  	llReve: equiv    ,0.2700  
./mergedHard/EQ_UnchLoopEQ_pos2/libA CC2-Hybrid: equiv    ,0.3600   (Solve) ,,0.100  	CC2-Concurrent: unknown  ,0.0000   (Solve) ,,0.000  	KleeCLEVER: equiv    ,0.2200  	llReve: equiv    ,0.2800  
./mergedHard/EQ_UnchLoopEQ_pos3/libA CC2-Hybrid: equiv    ,0.3200   (Solve) ,,0.097  	CC2-Concurrent: unknown  ,0.0000   (Solve) ,,0.000  	KleeCLEVER: equiv    ,0.2300  	llReve: equiv    ,0.3600  
./mergedHard/EQ_UnchLoopEXTRA_ultra_prime_sum/libA CC2-Hybrid: equiv    ,40.7500  (Solve) ,,40.343 	CC2-Concurrent: unknown  ,0.0000   (Solve) ,,0.000  	KleeCLEVER: timeout  ,300.0000	llReve: timeout  ,300.0000
./mergedHard/EQ_UnchLoopNEQ_LoopMult20/libA CC2-Hybrid: equiv    ,0.3300   (Solve) ,,0.098  	CC2-Concurrent: unknown  ,0.0000   (Solve) ,,0.000  	KleeCLEVER: equiv    ,0.4700  	llReve: equiv    ,2.5400  
./mergedHard/EQ_UnchLoopNEQ_LoopUnreach20/libA CC2-Hybrid: equiv    ,0.3300   (Solve) ,,0.097  	CC2-Concurrent: unknown  ,0.0000   (Solve) ,,0.000  	KleeCLEVER: equiv    ,0.4600  	llReve: equiv    ,2.5300  
./mergedHard/EQ_UnchLoopNEQ_getSign/libA CC2-Hybrid: equiv    ,0.3100   (Solve) ,,0.098  	CC2-Concurrent: unknown  ,0.0000   (Solve) ,,0.000  	KleeCLEVER: timeout  ,300.0000	llReve: equiv    ,0.2400  
./mergedHard/EQ_divideEQ_LoopMult20/libA CC2-Hybrid: equiv    ,0.3300   (Solve) ,,0.081  	CC2-Concurrent: unknown  ,0.0000   (Solve) ,,0.000  	KleeCLEVER: equiv    ,0.2600  	llReve: equiv    ,0.0400  
./mergedHard/EQ_divideEQ_UnchLoop/libA CC2-Hybrid: equiv    ,0.3000   (Solve) ,,0.079  	CC2-Concurrent: unknown  ,0.0000   (Solve) ,,0.000  	KleeCLEVER: equiv    ,0.2300  	llReve: equiv    ,0.0200  
./mergedHard/EQ_divideEQ_odd/libA   CC2-Hybrid: equiv    ,0.3300   (Solve) ,,0.082  	CC2-Concurrent: unknown  ,0.0000   (Solve) ,,0.000  	KleeCLEVER: equiv    ,0.2600  	llReve: not equiv ,0.0400  
./mergedHard/EQ_divideEQ_pos/libA   CC2-Hybrid: equiv    ,0.3600   (Solve) ,,0.080  	CC2-Concurrent: unknown  ,0.0000   (Solve) ,,0.000  	KleeCLEVER: equiv    ,0.2500  	llReve: not equiv ,0.0400  
./mergedHard/EQ_divideEQ_pos2/libA  CC2-Hybrid: equiv    ,0.3600   (Solve) ,,0.082  	CC2-Concurrent: unknown  ,0.0000   (Solve) ,,0.000  	KleeCLEVER: equiv    ,0.2500  	llReve: not equiv ,0.0500  
./mergedHard/EQ_divideEXTRA_ultra_prime_sum/libA CC2-Hybrid: equiv    ,0.5900   (Solve) ,,0.133  	CC2-Concurrent: unknown  ,0.0000   (Solve) ,,0.000  	KleeCLEVER: equiv    ,0.2300  	llReve: not equiv ,0.0300  
./mergedHard/EQ_getSign2EQ_LoopMult20/libA CC2-Hybrid: equiv    ,0.4900   (Solve) ,,0.212  	CC2-Concurrent: unknown  ,0.0000   (Solve) ,,0.000  	KleeCLEVER: equiv    ,0.2900  	llReve: equiv    ,0.0300  
./mergedHard/EQ_getSign2EQ_UnchLoop/libA CC2-Hybrid: equiv    ,0.4200   (Solve) ,,0.167  	CC2-Concurrent: unknown  ,0.0000   (Solve) ,,0.000  	KleeCLEVER: equiv    ,0.2400  	llReve: equiv    ,0.0400  
./mergedHard/EQ_getSign2EQ_odd/libA CC2-Hybrid: not equiv ,0.6900   (Solve) ,,0.302  	CC2-Concurrent: unknown  ,0.0000   (Solve) ,,0.000  	KleeCLEVER: not equiv ,0.2900  	llReve: not equiv ,0.0200  
./mergedHard/EQ_getSign2EQ_pos/libA CC2-Hybrid: not equiv ,0.7500   (Solve) ,,0.337  	CC2-Concurrent: unknown  ,0.0000   (Solve) ,,0.000  	KleeCLEVER: not equiv ,0.3100  	llReve: not equiv ,0.0300  
./mergedHard/EQ_getSign2EQ_pos2/libA CC2-Hybrid: not equiv ,0.7500   (Solve) ,,0.336  	CC2-Concurrent: unknown  ,0.0000   (Solve) ,,0.000  	KleeCLEVER: not equiv ,0.3100  	llReve: not equiv ,0.0300  
./mergedHard/EQ_getSign2EXTRA_ultra_prime_sum/libA CC2-Hybrid: not equiv ,2.5000   (Solve) ,,1.013  	CC2-Concurrent: unknown  ,0.0000   (Solve) ,,0.000  	KleeCLEVER: not equiv ,0.2700  	llReve: not equiv ,0.0500  
./mergedHard/EQ_is_prime1EQ_LoopMult20/libA CC2-Hybrid: not equiv ,1.1500   (Solve) ,,0.739  	CC2-Concurrent: unknown  ,0.0000   (Solve) ,,0.000  	KleeCLEVER: not equiv ,0.4800  	llReve: unknown  ,0.0200  
./mergedHard/EQ_is_prime1EQ_UnchLoop/libA CC2-Hybrid: not equiv ,0.6100   (Solve) ,,0.228  	CC2-Concurrent: unknown  ,0.0000   (Solve) ,,0.000  	KleeCLEVER: not equiv ,0.2100  	llReve: unknown  ,0.0200  
./mergedHard/EQ_is_prime1EQ_odd/libA CC2-Hybrid: not equiv ,1.2400   (Solve) ,,0.830  	CC2-Concurrent: unknown  ,0.0000   (Solve) ,,0.000  	KleeCLEVER: not equiv ,0.7600  	llReve: unknown  ,0.1100  
./mergedHard/EQ_is_prime1EQ_pos/libA CC2-Hybrid: equiv    ,1.8000   (Solve) ,,1.432  	CC2-Concurrent: unknown  ,0.0000   (Solve) ,,0.000  	KleeCLEVER: equiv    ,1.4600  	llReve: unknown  ,0.0200  
./mergedHard/EQ_is_prime1EQ_pos2/libA CC2-Hybrid: equiv    ,1.7600   (Solve) ,,1.403  	CC2-Concurrent: unknown  ,0.0000   (Solve) ,,0.000  	KleeCLEVER: equiv    ,1.4600  	llReve: unknown  ,0.0200  
./mergedHard/EQ_is_prime1EXTRA_ultra_prime_sum/libA CC2-Hybrid: not equiv ,15.7500  (Solve) ,,13.978 	CC2-Concurrent: unknown  ,0.0000   (Solve) ,,0.000  	KleeCLEVER: not equiv ,0.4800  	llReve: unknown  ,0.0200  
./mergedHard/EQ_is_prime2EQ_LoopMult20/libA CC2-Hybrid: not equiv ,1.7700   (Solve) ,,1.299  	CC2-Concurrent: unknown  ,0.0000   (Solve) ,,0.000  	KleeCLEVER: not equiv ,1.0300  	llReve: unknown  ,0.0200  
./mergedHard/EQ_is_prime2EQ_UnchLoop/libA CC2-Hybrid: not equiv ,1.2300   (Solve) ,,0.764  	CC2-Concurrent: unknown  ,0.0000   (Solve) ,,0.000  	KleeCLEVER: not equiv ,0.7400  	llReve: unknown  ,0.0300  
./mergedHard/EQ_is_prime2EQ_odd/libA CC2-Hybrid: not equiv ,1.9100   (Solve) ,,1.384  	CC2-Concurrent: unknown  ,0.0000   (Solve) ,,0.000  	KleeCLEVER: not equiv ,1.3200  	llReve: unknown  ,0.0200  
./mergedHard/EQ_is_prime2EQ_pos/libA CC2-Hybrid: not equiv ,9.7000   (Solve) ,,9.116  	CC2-Concurrent: unknown  ,0.0000   (Solve) ,,0.000  	KleeCLEVER: not equiv ,8.5900  	llReve: unknown  ,0.0200  
./mergedHard/EQ_is_prime2EQ_pos2/libA CC2-Hybrid: not equiv ,9.6300   (Solve) ,,9.079  	CC2-Concurrent: unknown  ,0.0000   (Solve) ,,0.000  	KleeCLEVER: not equiv ,8.5500  	llReve: unknown  ,0.0200  
./mergedHard/EQ_is_prime2EXTRA_ultra_prime_sum/libA CC2-Hybrid: not equiv ,6.3300   (Solve) ,,5.006  	CC2-Concurrent: unknown  ,0.0000   (Solve) ,,0.000  	KleeCLEVER: not equiv ,0.9200  	llReve: unknown  ,0.0200  
./mergedHard/EQ_is_prime3EQ_LoopMult20/libA CC2-Hybrid: not equiv ,5.4300   (Solve) ,,4.181  	CC2-Concurrent: unknown  ,0.0000   (Solve) ,,0.000  	KleeCLEVER: not equiv ,0.5700  	llReve: unknown  ,0.0400  
./mergedHard/EQ_is_prime3EQ_UnchLoop/libA CC2-Hybrid: not equiv ,2.3900   (Solve) ,,1.705  	CC2-Concurrent: unknown  ,0.0000   (Solve) ,,0.000  	KleeCLEVER: not equiv ,0.2900  	llReve: unknown  ,0.0200  
./mergedHard/EQ_is_prime3EQ_odd/libA CC2-Hybrid: not equiv ,4.5400   (Solve) ,,3.723  	CC2-Concurrent: unknown  ,0.0000   (Solve) ,,0.000  	KleeCLEVER: not equiv ,0.8400  	llReve: unknown  ,0.0200  
./mergedHard/EQ_is_prime3EQ_pos/libA CC2-Hybrid: equiv    ,17.9800  (Solve) ,,16.702 	CC2-Concurrent: unknown  ,0.0000   (Solve) ,,0.000  	KleeCLEVER: equiv    ,2.6000  	llReve: unknown  ,0.0200  
./mergedHard/EQ_is_prime3EQ_pos2/libA CC2-Hybrid: equiv    ,17.5100  (Solve) ,,16.202 	CC2-Concurrent: unknown  ,0.0000   (Solve) ,,0.000  	KleeCLEVER: equiv    ,2.6200  	llReve: unknown  ,0.0200  
./mergedHard/EQ_is_prime3EXTRA_ultra_prime_sum/libA CC2-Hybrid: not equiv ,7.3300   (Solve) ,,5.848  	CC2-Concurrent: unknown  ,0.0000   (Solve) ,,0.000  	KleeCLEVER: not equiv ,1.1500  	llReve: unknown  ,0.0200  
./mergedHard/EQ_ltfiveBoundEQ_LoopMult20/libA CC2-Hybrid: equiv    ,0.6400   (Solve) ,,0.249  	CC2-Concurrent: unknown  ,0.0000   (Solve) ,,0.000  	KleeCLEVER: equiv    ,0.3200  	llReve: equiv    ,0.0500  
./mergedHard/EQ_ltfiveBoundEQ_UnchLoop/libA CC2-Hybrid: equiv    ,0.5400   (Solve) ,,0.204  	CC2-Concurrent: unknown  ,0.0000   (Solve) ,,0.000  	KleeCLEVER: equiv    ,0.2800  	llReve: equiv    ,0.0300  
./mergedHard/EQ_ltfiveBoundEQ_odd/libA CC2-Hybrid: not equiv ,0.8300   (Solve) ,,0.349  	CC2-Concurrent: unknown  ,0.0000   (Solve) ,,0.000  	KleeCLEVER: not equiv ,0.3200  	llReve: not equiv ,0.0400  
./mergedHard/EQ_ltfiveBoundEQ_pos/libA CC2-Hybrid: not equiv ,0.9200   (Solve) ,,0.368  	CC2-Concurrent: unknown  ,0.0000   (Solve) ,,0.000  	KleeCLEVER: not equiv ,0.3200  	llReve: not equiv ,0.0800  
./mergedHard/EQ_ltfiveBoundEQ_pos2/libA CC2-Hybrid: not equiv ,0.8700   (Solve) ,,0.359  	CC2-Concurrent: unknown  ,0.0000   (Solve) ,,0.000  	KleeCLEVER: not equiv ,0.3100  	llReve: not equiv ,0.0800  
./mergedHard/EQ_ltfiveBoundEXTRA_ultra_prime_sum/libA CC2-Hybrid: not equiv ,2.4300   (Solve) ,,1.086  	CC2-Concurrent: unknown  ,0.0000   (Solve) ,,0.000  	KleeCLEVER: not equiv ,0.3000  	llReve: not equiv ,0.0400  
./mergedHard/EQ_ltfiveEQ_LoopMult20/libA CC2-Hybrid: not equiv ,0.9900   (Solve) ,,0.545  	CC2-Concurrent: unknown  ,0.0000   (Solve) ,,0.000  	KleeCLEVER: not equiv ,0.3200  	llReve: equiv    ,0.0300  
./mergedHard/EQ_ltfiveEQ_UnchLoop/libA CC2-Hybrid: not equiv ,0.9000   (Solve) ,,0.489  	CC2-Concurrent: unknown  ,0.0000   (Solve) ,,0.000  	KleeCLEVER: not equiv ,0.2800  	llReve: equiv    ,0.0200  
./mergedHard/EQ_ltfiveEQ_odd/libA   CC2-Hybrid: not equiv ,0.8200   (Solve) ,,0.380  	CC2-Concurrent: unknown  ,0.0000   (Solve) ,,0.000  	KleeCLEVER: not equiv ,0.3400  	llReve: not equiv ,0.0300  
./mergedHard/EQ_ltfiveEQ_pos/libA   CC2-Hybrid: not equiv ,0.8600   (Solve) ,,0.387  	CC2-Concurrent: unknown  ,0.0000   (Solve) ,,0.000  	KleeCLEVER: not equiv ,0.3400  	llReve: not equiv ,0.0400  
./mergedHard/EQ_ltfiveEQ_pos2/libA  CC2-Hybrid: not equiv ,0.8700   (Solve) ,,0.391  	CC2-Concurrent: unknown  ,0.0000   (Solve) ,,0.000  	KleeCLEVER: not equiv ,0.3300  	llReve: not equiv ,0.0400  
./mergedHard/EQ_ltfiveEXTRA_ultra_prime_sum/libA CC2-Hybrid: not equiv ,2.1800   (Solve) ,,1.372  	CC2-Concurrent: unknown  ,0.0000   (Solve) ,,0.000  	KleeCLEVER: not equiv ,0.3300  	llReve: not equiv ,0.0300  
./mergedHard/EQ_multipleBoundEQ_LoopMult20/libA CC2-Hybrid: not equiv ,0.9000   (Solve) ,,0.481  	CC2-Concurrent: unknown  ,0.0000   (Solve) ,,0.000  	KleeCLEVER: not equiv ,0.3600  	llReve: not equiv ,0.0300  
./mergedHard/EQ_multipleBoundEQ_UnchLoop/libA CC2-Hybrid: not equiv ,0.8000   (Solve) ,,0.415  	CC2-Concurrent: unknown  ,0.0000   (Solve) ,,0.000  	KleeCLEVER: not equiv ,0.3300  	llReve: not equiv ,0.0400  
./mergedHard/EQ_multipleBoundEQ_odd/libA CC2-Hybrid: not equiv ,1.1000   (Solve) ,,0.685  	CC2-Concurrent: unknown  ,0.0000   (Solve) ,,0.000  	KleeCLEVER: not equiv ,0.4500  	llReve: not equiv ,0.0300  
./mergedHard/EQ_multipleBoundEQ_pos/libA CC2-Hybrid: not equiv ,1.0000   (Solve) ,,0.549  	CC2-Concurrent: unknown  ,0.0000   (Solve) ,,0.000  	KleeCLEVER: not equiv ,0.5700  	llReve: not equiv ,0.0400  
./mergedHard/EQ_multipleBoundEQ_pos2/libA CC2-Hybrid: not equiv ,1.0500   (Solve) ,,0.566  	CC2-Concurrent: unknown  ,0.0000   (Solve) ,,0.000  	KleeCLEVER: not equiv ,0.5600  	llReve: not equiv ,0.0400  
./mergedHard/EQ_multipleBoundEXTRA_ultra_prime_sum/libA CC2-Hybrid: equiv    ,42.7700  (Solve) ,,41.332 	CC2-Concurrent: unknown  ,0.0000   (Solve) ,,0.000  	KleeCLEVER: timeout  ,300.0000	llReve: equiv    ,0.0800  
./mergedHard/EQ_multipleEQ_LoopMult20/libA CC2-Hybrid: not equiv ,0.9400   (Solve) ,,0.500  	CC2-Concurrent: unknown  ,0.0000   (Solve) ,,0.000  	KleeCLEVER: not equiv ,0.3700  	llReve: not equiv ,0.0300  
./mergedHard/EQ_multipleEQ_UnchLoop/libA CC2-Hybrid: not equiv ,0.7600   (Solve) ,,0.405  	CC2-Concurrent: unknown  ,0.0000   (Solve) ,,0.000  	KleeCLEVER: not equiv ,0.3300  	llReve: not equiv ,0.0300  
./mergedHard/EQ_multipleEQ_odd/libA CC2-Hybrid: not equiv ,1.1100   (Solve) ,,0.724  	CC2-Concurrent: unknown  ,0.0000   (Solve) ,,0.000  	KleeCLEVER: not equiv ,0.4800  	llReve: not equiv ,0.0200  
./mergedHard/EQ_multipleEQ_pos/libA CC2-Hybrid: not equiv ,0.9600   (Solve) ,,0.549  	CC2-Concurrent: unknown  ,0.0000   (Solve) ,,0.000  	KleeCLEVER: not equiv ,0.4100  	llReve: not equiv ,0.0200  
./mergedHard/EQ_multipleEQ_pos2/libA CC2-Hybrid: not equiv ,0.9700   (Solve) ,,0.550  	CC2-Concurrent: unknown  ,0.0000   (Solve) ,,0.000  	KleeCLEVER: not equiv ,0.4100  	llReve: not equiv ,0.0200  
./mergedHard/EQ_multipleEXTRA_ultra_prime_sum/libA CC2-Hybrid: not equiv ,1.2400   (Solve) ,,0.614  	CC2-Concurrent: unknown  ,0.0000   (Solve) ,,0.000  	KleeCLEVER: not equiv ,0.3700  	llReve: equiv    ,0.0400  
./mergedHard/EQ_oddEQ_Add/libA      CC2-Hybrid: equiv    ,11.8500  (Solve) ,,11.579 	CC2-Concurrent: unknown  ,0.0000   (Solve) ,,0.000  	KleeCLEVER: timeout  ,300.0000	llReve: unknown  ,0.0100  
./mergedHard/EQ_oddEQ_Const/libA    CC2-Hybrid: equiv    ,11.8000  (Solve) ,,11.491 	CC2-Concurrent: unknown  ,0.0000   (Solve) ,,0.000  	KleeCLEVER: timeout  ,300.0000	llReve: unknown  ,0.0700  
./mergedHard/EQ_oddEQ_LoopMult20/libA CC2-Hybrid: not equiv ,1.4700   (Solve) ,,0.982  	CC2-Concurrent: unknown  ,0.0000   (Solve) ,,0.000  	KleeCLEVER: not equiv ,0.6000  	llReve: unknown  ,0.0100  
./mergedHard/EQ_oddEQ_LoopUnreach20/libA CC2-Hybrid: not equiv ,1.1900   (Solve) ,,0.811  	CC2-Concurrent: unknown  ,0.0000   (Solve) ,,0.000  	KleeCLEVER: not equiv ,0.6000  	llReve: unknown  ,0.0100  
./mergedHard/EQ_oddEQ_UnchLoop/libA CC2-Hybrid: equiv    ,11.7600  (Solve) ,,11.492 	CC2-Concurrent: unknown  ,0.0000   (Solve) ,,0.000  	KleeCLEVER: timeout  ,300.0000	llReve: unknown  ,0.0200  
./mergedHard/EQ_oddEQ_divide/libA   CC2-Hybrid: not equiv ,1.5800   (Solve) ,,1.046  	CC2-Concurrent: unknown  ,0.0000   (Solve) ,,0.000  	KleeCLEVER: not equiv ,1.0600  	llReve: unknown  ,0.0100  
./mergedHard/EQ_oddEQ_getSign2/libA CC2-Hybrid: not equiv ,1.4500   (Solve) ,,1.041  	CC2-Concurrent: unknown  ,0.0000   (Solve) ,,0.000  	KleeCLEVER: not equiv ,0.9000  	llReve: unknown  ,0.0100  
./mergedHard/EQ_oddEQ_is_prime1/libA CC2-Hybrid: not equiv ,1.1700   (Solve) ,,0.772  	CC2-Concurrent: unknown  ,0.0000   (Solve) ,,0.000  	KleeCLEVER: not equiv ,0.7400  	llReve: unknown  ,0.0300  
./mergedHard/EQ_oddEQ_is_prime2/libA CC2-Hybrid: not equiv ,1.0800   (Solve) ,,0.628  	CC2-Concurrent: unknown  ,0.0000   (Solve) ,,0.000  	KleeCLEVER: not equiv ,0.5700  	llReve: unknown  ,0.0100  
./mergedHard/EQ_oddEQ_is_prime3/libA CC2-Hybrid: not equiv ,18.8400  (Solve) ,,17.551 	CC2-Concurrent: unknown  ,0.0000   (Solve) ,,0.000  	KleeCLEVER: not equiv ,15.3700 	llReve: unknown  ,0.0400  
./mergedHard/EQ_oddEQ_ltfive/libA   CC2-Hybrid: not equiv ,3.9200   (Solve) ,,3.407  	CC2-Concurrent: unknown  ,0.0000   (Solve) ,,0.000  	KleeCLEVER: not equiv ,3.2100  	llReve: unknown  ,0.0200  
./mergedHard/EQ_oddEQ_ltfiveBound/libA CC2-Hybrid: not equiv ,3.0900   (Solve) ,,2.552  	CC2-Concurrent: unknown  ,0.0000   (Solve) ,,0.000  	KleeCLEVER: not equiv ,2.3600  	llReve: unknown  ,0.0200  
./mergedHard/EQ_oddEQ_multiple/libA CC2-Hybrid: equiv    ,13.0700  (Solve) ,,12.735 	CC2-Concurrent: unknown  ,0.0000   (Solve) ,,0.000  	KleeCLEVER: timeout  ,300.0000	llReve: unknown  ,0.0400  
./mergedHard/EQ_oddEQ_multipleBound/libA CC2-Hybrid: equiv    ,13.7200  (Solve) ,,13.279 	CC2-Concurrent: unknown  ,0.0000   (Solve) ,,0.000  	KleeCLEVER: timeout  ,300.0000	llReve: unknown  ,0.0400  
./mergedHard/EQ_oddEQ_odd/libA      CC2-Hybrid: timeout  ,300.0000 (Solve) ,,0.000  	CC2-Concurrent: unknown  ,0.0000   (Solve) ,,0.000  	KleeCLEVER: timeout  ,300.0000	llReve: unknown  ,0.0300  
./mergedHard/EQ_oddEQ_one/libA      CC2-Hybrid: not equiv ,2.6800   (Solve) ,,2.112  	CC2-Concurrent: unknown  ,0.0000   (Solve) ,,0.000  	KleeCLEVER: not equiv ,1.5500  	llReve: unknown  ,0.0100  
./mergedHard/EQ_oddEQ_oneBound/libA CC2-Hybrid: not equiv ,1.8700   (Solve) ,,1.383  	CC2-Concurrent: unknown  ,0.0000   (Solve) ,,0.000  	KleeCLEVER: not equiv ,1.0900  	llReve: unknown  ,0.0200  
./mergedHard/EQ_oddEQ_oneN2/libA    CC2-Hybrid: not equiv ,2.0200   (Solve) ,,1.557  	CC2-Concurrent: unknown  ,0.0000   (Solve) ,,0.000  	KleeCLEVER: not equiv ,1.3100  	llReve: unknown  ,0.0100  
./mergedHard/EQ_oddEQ_pos/libA      CC2-Hybrid: not equiv ,1.4800   (Solve) ,,1.040  	CC2-Concurrent: unknown  ,0.0000   (Solve) ,,0.000  	KleeCLEVER: not equiv ,0.9100  	llReve: unknown  ,0.0200  
./mergedHard/EQ_oddEQ_pos2/libA     CC2-Hybrid: not equiv ,1.4700   (Solve) ,,1.031  	CC2-Concurrent: unknown  ,0.0000   (Solve) ,,0.000  	KleeCLEVER: not equiv ,0.9100  	llReve: unknown  ,0.0100  
./mergedHard/EQ_oddEQ_pos3/libA     CC2-Hybrid: not equiv ,1.4500   (Solve) ,,1.046  	CC2-Concurrent: unknown  ,0.0000   (Solve) ,,0.000  	KleeCLEVER: not equiv ,0.9900  	llReve: unknown  ,0.0300  
./mergedHard/EQ_oddEXTRA_ultra_prime_sum/libA CC2-Hybrid: timeout  ,300.0000 (Solve) ,,0.000  	CC2-Concurrent: unknown  ,0.0000   (Solve) ,,0.000  	KleeCLEVER: timeout  ,300.0000	llReve: unknown  ,0.0400  
./mergedHard/EQ_oddNEQ_LoopMult20/libA CC2-Hybrid: not equiv ,1.4400   (Solve) ,,0.984  	CC2-Concurrent: unknown  ,0.0000   (Solve) ,,0.000  	KleeCLEVER: not equiv ,0.8500  	llReve: unknown  ,0.0200  
./mergedHard/EQ_oddNEQ_LoopUnreach20/libA CC2-Hybrid: not equiv ,1.6200   (Solve) ,,1.095  	CC2-Concurrent: unknown  ,0.0000   (Solve) ,,0.000  	KleeCLEVER: not equiv ,0.7000  	llReve: unknown  ,0.0100  
./mergedHard/EQ_oddNEQ_getSign/libA CC2-Hybrid: not equiv ,1.1200   (Solve) ,,0.761  	CC2-Concurrent: unknown  ,0.0000   (Solve) ,,0.000  	KleeCLEVER: not equiv ,0.7300  	llReve: unknown  ,0.0100  
./mergedHard/EQ_oneBoundEQ_LoopMult20/libA CC2-Hybrid: equiv    ,0.5800   (Solve) ,,0.256  	CC2-Concurrent: unknown  ,0.0000   (Solve) ,,0.000  	KleeCLEVER: equiv    ,0.3300  	llReve: equiv    ,0.0900  
./mergedHard/EQ_oneBoundEQ_UnchLoop/libA CC2-Hybrid: not equiv ,0.6800   (Solve) ,,0.263  	CC2-Concurrent: unknown  ,0.0000   (Solve) ,,0.000  	KleeCLEVER: not equiv ,0.2700  	llReve: not equiv ,0.0600  
./mergedHard/EQ_oneBoundEQ_odd/libA CC2-Hybrid: not equiv ,0.8300   (Solve) ,,0.377  	CC2-Concurrent: unknown  ,0.0000   (Solve) ,,0.000  	KleeCLEVER: not equiv ,0.3200  	llReve: not equiv ,0.0300  
./mergedHard/EQ_oneBoundEQ_pos/libA CC2-Hybrid: not equiv ,0.8100   (Solve) ,,0.340  	CC2-Concurrent: unknown  ,0.0000   (Solve) ,,0.000  	KleeCLEVER: not equiv ,0.3100  	llReve: not equiv ,0.0500  
./mergedHard/EQ_oneBoundEQ_pos2/libA CC2-Hybrid: not equiv ,0.8100   (Solve) ,,0.338  	CC2-Concurrent: unknown  ,0.0000   (Solve) ,,0.000  	KleeCLEVER: not equiv ,0.3100  	llReve: not equiv ,0.0600  
./mergedHard/EQ_oneBoundEXTRA_ultra_prime_sum/libA CC2-Hybrid: not equiv ,2.3700   (Solve) ,,1.095  	CC2-Concurrent: unknown  ,0.0000   (Solve) ,,0.000  	KleeCLEVER: not equiv ,0.2900  	llReve: not equiv ,0.0300  
./mergedHard/EQ_oneEQ_LoopMult20/libA CC2-Hybrid: not equiv ,0.9200   (Solve) ,,0.355  	CC2-Concurrent: unknown  ,0.0000   (Solve) ,,0.000  	KleeCLEVER: not equiv ,0.3000  	llReve: not equiv ,0.0500  
./mergedHard/EQ_oneEQ_UnchLoop/libA CC2-Hybrid: not equiv ,0.6700   (Solve) ,,0.294  	CC2-Concurrent: unknown  ,0.0000   (Solve) ,,0.000  	KleeCLEVER: not equiv ,0.2700  	llReve: not equiv ,0.0400  
./mergedHard/EQ_oneEQ_odd/libA      CC2-Hybrid: not equiv ,0.7600   (Solve) ,,0.345  	CC2-Concurrent: unknown  ,0.0000   (Solve) ,,0.000  	KleeCLEVER: not equiv ,0.2900  	llReve: not equiv ,0.0200  
./mergedHard/EQ_oneEQ_pos/libA      CC2-Hybrid: not equiv ,0.7900   (Solve) ,,0.350  	CC2-Concurrent: unknown  ,0.0000   (Solve) ,,0.000  	KleeCLEVER: not equiv ,0.3000  	llReve: not equiv ,0.0300  
./mergedHard/EQ_oneEQ_pos2/libA     CC2-Hybrid: not equiv ,0.8000   (Solve) ,,0.358  	CC2-Concurrent: unknown  ,0.0000   (Solve) ,,0.000  	KleeCLEVER: not equiv ,0.3000  	llReve: not equiv ,0.0300  
./mergedHard/EQ_oneEXTRA_ultra_prime_sum/libA CC2-Hybrid: not equiv ,2.1100   (Solve) ,,0.977  	CC2-Concurrent: unknown  ,0.0000   (Solve) ,,0.000  	KleeCLEVER: not equiv ,0.3100  	llReve: not equiv ,0.0300  
./mergedHard/EQ_oneN2EQ_LoopMult20/libA CC2-Hybrid: not equiv ,0.7800   (Solve) ,,0.367  	CC2-Concurrent: unknown  ,0.0000   (Solve) ,,0.000  	KleeCLEVER: not equiv ,0.3100  	llReve: equiv    ,0.0300  
./mergedHard/EQ_oneN2EQ_UnchLoop/libA CC2-Hybrid: not equiv ,0.6600   (Solve) ,,0.282  	CC2-Concurrent: unknown  ,0.0000   (Solve) ,,0.000  	KleeCLEVER: not equiv ,0.2700  	llReve: not equiv ,0.0200  
./mergedHard/EQ_oneN2EQ_odd/libA    CC2-Hybrid: not equiv ,0.8200   (Solve) ,,0.405  	CC2-Concurrent: unknown  ,0.0000   (Solve) ,,0.000  	KleeCLEVER: not equiv ,0.3400  	llReve: not equiv ,0.0400  
./mergedHard/EQ_oneN2EQ_pos/libA    CC2-Hybrid: not equiv ,0.8400   (Solve) ,,0.395  	CC2-Concurrent: unknown  ,0.0000   (Solve) ,,0.000  	KleeCLEVER: not equiv ,0.3200  	llReve: not equiv ,0.0300  
./mergedHard/EQ_oneN2EQ_pos2/libA   CC2-Hybrid: not equiv ,0.8300   (Solve) ,,0.390  	CC2-Concurrent: unknown  ,0.0000   (Solve) ,,0.000  	KleeCLEVER: not equiv ,0.3200  	llReve: not equiv ,0.0300  
./mergedHard/EQ_oneN2EXTRA_ultra_prime_sum/libA CC2-Hybrid: not equiv ,1.2700   (Solve) ,,0.537  	CC2-Concurrent: unknown  ,0.0000   (Solve) ,,0.000  	KleeCLEVER: not equiv ,0.3000  	llReve: not equiv ,0.0300  
./mergedHard/EQ_pos2EQ_Add/libA     CC2-Hybrid: equiv    ,0.3500   (Solve) ,,0.105  	CC2-Concurrent: unknown  ,0.0000   (Solve) ,,0.000  	KleeCLEVER: timeout  ,300.0000	llReve: unknown  ,0.1400  
./mergedHard/EQ_pos2EQ_Const/libA   CC2-Hybrid: equiv    ,0.3500   (Solve) ,,0.106  	CC2-Concurrent: unknown  ,0.0000   (Solve) ,,0.000  	KleeCLEVER: timeout  ,300.0000	llReve: unknown  ,0.1300  
./mergedHard/EQ_pos2EQ_LoopMult20/libA CC2-Hybrid: equiv    ,0.3800   (Solve) ,,0.106  	CC2-Concurrent: unknown  ,0.0000   (Solve) ,,0.000  	KleeCLEVER: timeout  ,300.0000	llReve: not equiv ,0.0400  
./mergedHard/EQ_pos2EQ_LoopUnreach20/libA CC2-Hybrid: equiv    ,0.3800   (Solve) ,,0.106  	CC2-Concurrent: unknown  ,0.0000   (Solve) ,,0.000  	KleeCLEVER: timeout  ,300.0000	llReve: not equiv ,0.0700  
./mergedHard/EQ_pos2EQ_UnchLoop/libA CC2-Hybrid: equiv    ,0.3500   (Solve) ,,0.105  	CC2-Concurrent: unknown  ,0.0000   (Solve) ,,0.000  	KleeCLEVER: timeout  ,300.0000	llReve: unknown  ,0.1100  
./mergedHard/EQ_pos2EQ_divide/libA  CC2-Hybrid: equiv    ,0.3900   (Solve) ,,0.105  	CC2-Concurrent: unknown  ,0.0000   (Solve) ,,0.000  	KleeCLEVER: timeout  ,300.0000	llReve: not equiv ,0.0800  
./mergedHard/EQ_pos2EQ_getSign2/libA CC2-Hybrid: equiv    ,0.4200   (Solve) ,,0.109  	CC2-Concurrent: unknown  ,0.0000   (Solve) ,,0.000  	KleeCLEVER: timeout  ,300.0000	llReve: not equiv ,0.0400  
./mergedHard/EQ_pos2EQ_is_prime1/libA CC2-Hybrid: equiv    ,0.3600   (Solve) ,,0.105  	CC2-Concurrent: unknown  ,0.0000   (Solve) ,,0.000  	KleeCLEVER: timeout  ,300.0000	llReve: not equiv ,0.0600  
./mergedHard/EQ_pos2EQ_is_prime2/libA CC2-Hybrid: equiv    ,0.4400   (Solve) ,,0.105  	CC2-Concurrent: unknown  ,0.0000   (Solve) ,,0.000  	KleeCLEVER: timeout  ,300.0000	llReve: not equiv ,0.0400  
./mergedHard/EQ_pos2EQ_is_prime3/libA CC2-Hybrid: equiv    ,11.9100  (Solve) ,,11.369 	CC2-Concurrent: unknown  ,0.0000   (Solve) ,,0.000  	KleeCLEVER: timeout  ,300.0000	llReve: unknown  ,0.0400  
./mergedHard/EQ_pos2EQ_ltfive/libA  CC2-Hybrid: equiv    ,0.5700   (Solve) ,,0.134  	CC2-Concurrent: unknown  ,0.0000   (Solve) ,,0.000  	KleeCLEVER: timeout  ,300.0000	llReve: not equiv ,0.1000  
./mergedHard/EQ_pos2EQ_ltfiveBound/libA CC2-Hybrid: equiv    ,0.4800   (Solve) ,,0.105  	CC2-Concurrent: unknown  ,0.0000   (Solve) ,,0.000  	KleeCLEVER: timeout  ,300.0000	llReve: not equiv ,0.1100  
./mergedHard/EQ_pos2EQ_multiple/libA CC2-Hybrid: equiv    ,0.3900   (Solve) ,,0.105  	CC2-Concurrent: unknown  ,0.0000   (Solve) ,,0.000  	KleeCLEVER: timeout  ,300.0000	llReve: not equiv ,0.0500  
./mergedHard/EQ_pos2EQ_multipleBound/libA CC2-Hybrid: equiv    ,0.4400   (Solve) ,,0.107  	CC2-Concurrent: unknown  ,0.0000   (Solve) ,,0.000  	KleeCLEVER: timeout  ,300.0000	llReve: not equiv ,0.0900  
./mergedHard/EQ_pos2EQ_odd/libA     CC2-Hybrid: equiv    ,0.3800   (Solve) ,,0.107  	CC2-Concurrent: unknown  ,0.0000   (Solve) ,,0.000  	KleeCLEVER: timeout  ,300.0000	llReve: not equiv ,0.0500  
./mergedHard/EQ_pos2EQ_one/libA     CC2-Hybrid: equiv    ,0.5100   (Solve) ,,0.120  	CC2-Concurrent: unknown  ,0.0000   (Solve) ,,0.000  	KleeCLEVER: timeout  ,300.0000	llReve: not equiv ,0.1300  
./mergedHard/EQ_pos2EQ_oneBound/libA CC2-Hybrid: equiv    ,0.4500   (Solve) ,,0.105  	CC2-Concurrent: unknown  ,0.0000   (Solve) ,,0.000  	KleeCLEVER: timeout  ,300.0000	llReve: not equiv ,0.0900  
./mergedHard/EQ_pos2EQ_oneN2/libA   CC2-Hybrid: equiv    ,0.4300   (Solve) ,,0.105  	CC2-Concurrent: unknown  ,0.0000   (Solve) ,,0.000  	KleeCLEVER: timeout  ,300.0000	llReve: not equiv ,0.0900  
./mergedHard/EQ_pos2EQ_pos/libA     CC2-Hybrid: equiv    ,0.4500   (Solve) ,,0.107  	CC2-Concurrent: unknown  ,0.0000   (Solve) ,,0.000  	KleeCLEVER: timeout  ,300.0000	llReve: not equiv ,0.0700  
./mergedHard/EQ_pos2EQ_pos2/libA    CC2-Hybrid: equiv    ,0.4800   (Solve) ,,0.106  	CC2-Concurrent: unknown  ,0.0000   (Solve) ,,0.000  	KleeCLEVER: timeout  ,300.0000	llReve: not equiv ,0.1100  
./mergedHard/EQ_pos2EQ_pos3/libA    CC2-Hybrid: equiv    ,0.4100   (Solve) ,,0.105  	CC2-Concurrent: unknown  ,0.0000   (Solve) ,,0.000  	KleeCLEVER: timeout  ,300.0000	llReve: unknown  ,0.0500  
./mergedHard/EQ_pos2EXTRA_ultra_prime_sum/libA CC2-Hybrid: equiv    ,22.8600  (Solve) ,,22.192 	CC2-Concurrent: unknown  ,0.0000   (Solve) ,,0.000  	KleeCLEVER: timeout  ,300.0000	llReve: not equiv ,0.0800  
./mergedHard/EQ_pos2NEQ_LoopMult20/libA CC2-Hybrid: equiv    ,0.4200   (Solve) ,,0.105  	CC2-Concurrent: unknown  ,0.0000   (Solve) ,,0.000  	KleeCLEVER: timeout  ,300.0000	llReve: not equiv ,0.0400  
./mergedHard/EQ_pos2NEQ_LoopUnreach20/libA CC2-Hybrid: equiv    ,0.3800   (Solve) ,,0.106  	CC2-Concurrent: unknown  ,0.0000   (Solve) ,,0.000  	KleeCLEVER: timeout  ,300.0000	llReve: not equiv ,0.0700  
./mergedHard/EQ_pos2NEQ_getSign/libA CC2-Hybrid: equiv    ,0.3600   (Solve) ,,0.107  	CC2-Concurrent: unknown  ,0.0000   (Solve) ,,0.000  	KleeCLEVER: timeout  ,300.0000	llReve: not equiv ,0.0500  
./mergedHard/EQ_pos3EQ_LoopMult20/libA CC2-Hybrid: equiv    ,0.3700   (Solve) ,,0.101  	CC2-Concurrent: unknown  ,0.0000   (Solve) ,,0.000  	KleeCLEVER: timeout  ,300.0000	llReve: unknown  ,0.0400  
./mergedHard/EQ_pos3EQ_UnchLoop/libA CC2-Hybrid: equiv    ,0.3200   (Solve) ,,0.100  	CC2-Concurrent: unknown  ,0.0000   (Solve) ,,0.000  	KleeCLEVER: timeout  ,300.0000	llReve: unknown  ,0.0400  
./mergedHard/EQ_pos3EQ_odd/libA     CC2-Hybrid: equiv    ,0.3400   (Solve) ,,0.101  	CC2-Concurrent: unknown  ,0.0000   (Solve) ,,0.000  	KleeCLEVER: timeout  ,300.0000	llReve: unknown  ,0.0400  
./mergedHard/EQ_pos3EQ_pos/libA     CC2-Hybrid: equiv    ,0.4400   (Solve) ,,0.124  	CC2-Concurrent: unknown  ,0.0000   (Solve) ,,0.000  	KleeCLEVER: equiv    ,0.3700  	llReve: unknown  ,0.0200  
./mergedHard/EQ_pos3EQ_pos2/libA    CC2-Hybrid: equiv    ,0.4200   (Solve) ,,0.100  	CC2-Concurrent: unknown  ,0.0000   (Solve) ,,0.000  	KleeCLEVER: equiv    ,0.2600  	llReve: unknown  ,0.0100  
./mergedHard/EQ_pos3EXTRA_ultra_prime_sum/libA CC2-Hybrid: equiv    ,24.0100  (Solve) ,,22.336 	CC2-Concurrent: unknown  ,0.0000   (Solve) ,,0.000  	KleeCLEVER: timeout  ,300.0000	llReve: unknown  ,0.0100  
./mergedHard/EQ_posEQ_Add/libA      CC2-Hybrid: not equiv ,0.7600   (Solve) ,,0.342  	CC2-Concurrent: unknown  ,0.0000   (Solve) ,,0.000  	KleeCLEVER: not equiv ,0.3000  	llReve: unknown  ,0.0400  
./mergedHard/EQ_posEQ_Const/libA    CC2-Hybrid: not equiv ,0.7300   (Solve) ,,0.332  	CC2-Concurrent: unknown  ,0.0000   (Solve) ,,0.000  	KleeCLEVER: not equiv ,0.3000  	llReve: unknown  ,0.0200  
./mergedHard/EQ_posEQ_LoopMult20/libA CC2-Hybrid: not equiv ,0.8400   (Solve) ,,0.424  	CC2-Concurrent: unknown  ,0.0000   (Solve) ,,0.000  	KleeCLEVER: not equiv ,0.4200  	llReve: unknown  ,0.0300  
./mergedHard/EQ_posEQ_LoopUnreach20/libA CC2-Hybrid: not equiv ,0.8600   (Solve) ,,0.432  	CC2-Concurrent: unknown  ,0.0000   (Solve) ,,0.000  	KleeCLEVER: not equiv ,0.4100  	llReve: unknown  ,0.0100  
./mergedHard/EQ_posEQ_UnchLoop/libA CC2-Hybrid: not equiv ,0.7200   (Solve) ,,0.329  	CC2-Concurrent: unknown  ,0.0000   (Solve) ,,0.000  	KleeCLEVER: not equiv ,0.3000  	llReve: unknown  ,0.0100  
./mergedHard/EQ_posEQ_divide/libA   CC2-Hybrid: not equiv ,0.9300   (Solve) ,,0.504  	CC2-Concurrent: unknown  ,0.0000   (Solve) ,,0.000  	KleeCLEVER: not equiv ,0.4500  	llReve: unknown  ,0.0200  
./mergedHard/EQ_posEQ_getSign2/libA CC2-Hybrid: not equiv ,0.8200   (Solve) ,,0.406  	CC2-Concurrent: unknown  ,0.0000   (Solve) ,,0.000  	KleeCLEVER: not equiv ,0.3700  	llReve: unknown  ,0.0100  
./mergedHard/EQ_posEQ_is_prime1/libA CC2-Hybrid: not equiv ,0.8000   (Solve) ,,0.405  	CC2-Concurrent: unknown  ,0.0000   (Solve) ,,0.000  	KleeCLEVER: not equiv ,0.3800  	llReve: unknown  ,0.0100  
./mergedHard/EQ_posEQ_is_prime2/libA CC2-Hybrid: not equiv ,0.8500   (Solve) ,,0.401  	CC2-Concurrent: unknown  ,0.0000   (Solve) ,,0.000  	KleeCLEVER: not equiv ,0.3600  	llReve: unknown  ,0.0100  
./mergedHard/EQ_posEQ_is_prime3/libA CC2-Hybrid: not equiv ,23.4200  (Solve) ,,22.501 	CC2-Concurrent: unknown  ,0.0000   (Solve) ,,0.000  	KleeCLEVER: not equiv ,1.5700  	llReve: unknown  ,0.0700  
./mergedHard/EQ_posEQ_ltfive/libA   CC2-Hybrid: not equiv ,1.0800   (Solve) ,,0.580  	CC2-Concurrent: unknown  ,0.0000   (Solve) ,,0.000  	KleeCLEVER: not equiv ,0.4300  	llReve: unknown  ,0.0200  
./mergedHard/EQ_posEQ_ltfiveBound/libA CC2-Hybrid: not equiv ,1.0400   (Solve) ,,0.527  	CC2-Concurrent: unknown  ,0.0000   (Solve) ,,0.000  	KleeCLEVER: not equiv ,0.4800  	llReve: unknown  ,0.0300  
./mergedHard/EQ_posEQ_multiple/libA CC2-Hybrid: not equiv ,0.9200   (Solve) ,,0.484  	CC2-Concurrent: unknown  ,0.0000   (Solve) ,,0.000  	KleeCLEVER: not equiv ,0.4200  	llReve: unknown  ,0.0300  
./mergedHard/EQ_posEQ_multipleBound/libA CC2-Hybrid: not equiv ,1.0500   (Solve) ,,0.589  	CC2-Concurrent: unknown  ,0.0000   (Solve) ,,0.000  	KleeCLEVER: not equiv ,0.6300  	llReve: unknown  ,0.0100  
./mergedHard/EQ_posEQ_odd/libA      CC2-Hybrid: not equiv ,0.8800   (Solve) ,,0.458  	CC2-Concurrent: unknown  ,0.0000   (Solve) ,,0.000  	KleeCLEVER: not equiv ,0.4100  	llReve: unknown  ,0.0100  
./mergedHard/EQ_posEQ_one/libA      CC2-Hybrid: equiv    ,14.3600  (Solve) ,,14.010 	CC2-Concurrent: unknown  ,0.0000   (Solve) ,,0.000  	KleeCLEVER: timeout  ,300.0000	llReve: unknown  ,0.0400  
./mergedHard/EQ_posEQ_oneBound/libA CC2-Hybrid: equiv    ,14.4900  (Solve) ,,14.040 	CC2-Concurrent: unknown  ,0.0000   (Solve) ,,0.000  	KleeCLEVER: timeout  ,300.0000	llReve: unknown  ,0.0200  
./mergedHard/EQ_posEQ_oneN2/libA    CC2-Hybrid: equiv    ,14.4900  (Solve) ,,14.058 	CC2-Concurrent: unknown  ,0.0000   (Solve) ,,0.000  	KleeCLEVER: timeout  ,300.0000	llReve: unknown  ,0.0400  
./mergedHard/EQ_posEQ_pos/libA      CC2-Hybrid: equiv    ,13.8900  (Solve) ,,13.457 	CC2-Concurrent: unknown  ,0.0000   (Solve) ,,0.000  	KleeCLEVER: timeout  ,300.0000	llReve: unknown  ,0.0200  
./mergedHard/EQ_posEQ_pos2/libA     CC2-Hybrid: equiv    ,13.9000  (Solve) ,,13.473 	CC2-Concurrent: unknown  ,0.0000   (Solve) ,,0.000  	KleeCLEVER: timeout  ,300.0000	llReve: unknown  ,0.0400  
./mergedHard/EQ_posEQ_pos3/libA     CC2-Hybrid: equiv    ,12.5600  (Solve) ,,12.153 	CC2-Concurrent: unknown  ,0.0000   (Solve) ,,0.000  	KleeCLEVER: timeout  ,300.0000	llReve: unknown  ,0.0300  
./mergedHard/EQ_posEXTRA_ultra_prime_sum/libA CC2-Hybrid: equiv    ,72.7100  (Solve) ,,71.376 	CC2-Concurrent: unknown  ,0.0000   (Solve) ,,0.000  	KleeCLEVER: timeout  ,300.0000	llReve: unknown  ,0.0500  
./mergedHard/EQ_posNEQ_LoopMult20/libA CC2-Hybrid: not equiv ,0.9100   (Solve) ,,0.430  	CC2-Concurrent: unknown  ,0.0000   (Solve) ,,0.000  	KleeCLEVER: not equiv ,0.4200  	llReve: unknown  ,0.0400  
./mergedHard/EQ_posNEQ_LoopUnreach20/libA CC2-Hybrid: not equiv ,0.8400   (Solve) ,,0.424  	CC2-Concurrent: unknown  ,0.0000   (Solve) ,,0.000  	KleeCLEVER: not equiv ,0.4100  	llReve: unknown  ,0.0300  
./mergedHard/EQ_posNEQ_getSign/libA CC2-Hybrid: not equiv ,0.7900   (Solve) ,,0.401  	CC2-Concurrent: unknown  ,0.0000   (Solve) ,,0.000  	KleeCLEVER: not equiv ,0.3800  	llReve: unknown  ,0.0300  
./mergedHard/EXTRA_ultra_prime_sumEQ_Add/libA CC2-Hybrid: not equiv ,50.7900  (Solve) ,,49.648 	CC2-Concurrent: unknown  ,0.0000   (Solve) ,,0.000  	KleeCLEVER: not equiv ,0.2600  	llReve: not equiv ,0.1500  
./mergedHard/EXTRA_ultra_prime_sumEQ_Const/libA CC2-Hybrid: not equiv ,50.8200  (Solve) ,,49.689 	CC2-Concurrent: unknown  ,0.0000   (Solve) ,,0.000  	KleeCLEVER: not equiv ,0.2500  	llReve: not equiv ,0.1500  
./mergedHard/EXTRA_ultra_prime_sumEQ_LoopMult20/libA CC2-Hybrid: timeout  ,300.0000 (Solve) ,,0.000  	CC2-Concurrent: unknown  ,0.0000   (Solve) ,,0.000  	KleeCLEVER: not equiv ,3.6200  	llReve: unknown  ,0.2700  
./mergedHard/EXTRA_ultra_prime_sumEQ_LoopUnreach20/libA CC2-Hybrid: not equiv ,297.2200 (Solve) ,,290.855	CC2-Concurrent: unknown  ,0.0000   (Solve) ,,0.000  	KleeCLEVER: not equiv ,3.6000  	llReve: unknown  ,0.2600  
./mergedHard/EXTRA_ultra_prime_sumEQ_UnchLoop/libA CC2-Hybrid: not equiv ,50.9100  (Solve) ,,49.759 	CC2-Concurrent: unknown  ,0.0000   (Solve) ,,0.000  	KleeCLEVER: not equiv ,0.2500  	llReve: not equiv ,0.1400  
./mergedHard/EXTRA_ultra_prime_sumEQ_divide/libA CC2-Hybrid: not equiv ,199.3600 (Solve) ,,194.877	CC2-Concurrent: unknown  ,0.0000   (Solve) ,,0.000  	KleeCLEVER: not equiv ,128.1800	llReve: unknown  ,0.3500  
./mergedHard/EXTRA_ultra_prime_sumEQ_getSign2/libA CC2-Hybrid: not equiv ,214.4700 (Solve) ,,210.008	CC2-Concurrent: unknown  ,0.0000   (Solve) ,,0.000  	KleeCLEVER: not equiv ,173.0600	llReve: unknown  ,0.2500  
./mergedHard/EXTRA_ultra_prime_sumEQ_is_prime1/libA CC2-Hybrid: not equiv ,172.0800 (Solve) ,,168.603	CC2-Concurrent: unknown  ,0.0000   (Solve) ,,0.000  	KleeCLEVER: not equiv ,244.8200	llReve: unknown  ,0.2100  
./mergedHard/EXTRA_ultra_prime_sumEQ_is_prime2/libA CC2-Hybrid: not equiv ,105.5800 (Solve) ,,104.123	CC2-Concurrent: unknown  ,0.0000   (Solve) ,,0.000  	KleeCLEVER: timeout  ,300.0000	llReve: timeout  ,300.0000
./mergedHard/EXTRA_ultra_prime_sumEQ_is_prime3/libA CC2-Hybrid: not equiv ,153.3000 (Solve) ,,150.107	CC2-Concurrent: unknown  ,0.0000   (Solve) ,,0.000  	KleeCLEVER: timeout  ,300.0000	llReve: unknown  ,0.0600  
./mergedHard/EXTRA_ultra_prime_sumEQ_ltfive/libA CC2-Hybrid: timeout  ,300.0000 (Solve) ,,0.000  	CC2-Concurrent: unknown  ,0.0000   (Solve) ,,0.000  	KleeCLEVER: timeout  ,300.0000	llReve: timeout  ,300.0000
./mergedHard/EXTRA_ultra_prime_sumEQ_ltfiveBound/libA CC2-Hybrid: timeout  ,300.0000 (Solve) ,,0.000  	CC2-Concurrent: unknown  ,0.0000   (Solve) ,,0.000  	KleeCLEVER: not equiv ,115.9500	llReve: unknown  ,0.6700  
./mergedHard/EXTRA_ultra_prime_sumEQ_multiple/libA CC2-Hybrid: timeout  ,300.0000 (Solve) ,,0.000  	CC2-Concurrent: unknown  ,0.0000   (Solve) ,,0.000  	KleeCLEVER: timeout  ,300.0000	llReve: unknown  ,0.4400  
./mergedHard/EXTRA_ultra_prime_sumEQ_multipleBound/libA CC2-Hybrid: timeout  ,300.0000 (Solve) ,,0.000  	CC2-Concurrent: unknown  ,0.0000   (Solve) ,,0.000  	KleeCLEVER: timeout  ,300.0000	llReve: unknown  ,0.4000  
./mergedHard/EXTRA_ultra_prime_sumEQ_odd/libA CC2-Hybrid: timeout  ,300.0000 (Solve) ,,0.000  	CC2-Concurrent: unknown  ,0.0000   (Solve) ,,0.000  	KleeCLEVER: timeout  ,300.0000	llReve: unknown  ,0.3000  
./mergedHard/EXTRA_ultra_prime_sumEQ_one/libA CC2-Hybrid: timeout  ,300.0000 (Solve) ,,0.000  	CC2-Concurrent: unknown  ,0.0000   (Solve) ,,0.000  	KleeCLEVER: timeout  ,300.0000	llReve: timeout  ,300.0000
./mergedHard/EXTRA_ultra_prime_sumEQ_oneBound/libA CC2-Hybrid: timeout  ,300.0000 (Solve) ,,0.000  	CC2-Concurrent: unknown  ,0.0000   (Solve) ,,0.000  	KleeCLEVER: timeout  ,300.0000	llReve: unknown  ,3.3300  
./mergedHard/EXTRA_ultra_prime_sumEQ_oneN2/libA CC2-Hybrid: timeout  ,300.0000 (Solve) ,,0.000  	CC2-Concurrent: unknown  ,0.0000   (Solve) ,,0.000  	KleeCLEVER: timeout  ,300.0000	llReve: timeout  ,300.0000
./mergedHard/EXTRA_ultra_prime_sumEQ_pos/libA CC2-Hybrid: timeout  ,300.0000 (Solve) ,,0.000  	CC2-Concurrent: unknown  ,0.0000   (Solve) ,,0.000  	KleeCLEVER: timeout  ,300.0000	llReve: timeout  ,300.0000
./mergedHard/EXTRA_ultra_prime_sumEQ_pos2/libA CC2-Hybrid: timeout  ,300.0000 (Solve) ,,0.000  	CC2-Concurrent: unknown  ,0.0000   (Solve) ,,0.000  	KleeCLEVER: timeout  ,300.0000	llReve: timeout  ,300.0000
./mergedHard/EXTRA_ultra_prime_sumEQ_pos3/libA CC2-Hybrid: timeout  ,300.0000 (Solve) ,,0.000  	CC2-Concurrent: unknown  ,0.0000   (Solve) ,,0.000  	KleeCLEVER: timeout  ,300.0000	llReve: timeout  ,300.0000
./mergedHard/EXTRA_ultra_prime_sumEXTRA_ultra_prime_sum/libA CC2-Hybrid: timeout  ,300.0000 (Solve) ,,0.000  	CC2-Concurrent: unknown  ,0.0000   (Solve) ,,0.000  	KleeCLEVER: timeout  ,300.0000	llReve: timeout  ,300.0000
./mergedHard/EXTRA_ultra_prime_sumNEQ_LoopMult20/libA CC2-Hybrid: timeout  ,300.0000 (Solve) ,,0.000  	CC2-Concurrent: unknown  ,0.0000   (Solve) ,,0.000  	KleeCLEVER: not equiv ,3.6200  	llReve: unknown  ,0.2800  
./mergedHard/EXTRA_ultra_prime_sumNEQ_LoopUnreach20/libA CC2-Hybrid: timeout  ,300.0000 (Solve) ,,0.000  	CC2-Concurrent: unknown  ,0.0000   (Solve) ,,0.000  	KleeCLEVER: not equiv ,3.6200  	llReve: unknown  ,0.2600  
./mergedHard/EXTRA_ultra_prime_sumNEQ_getSign/libA CC2-Hybrid: not equiv ,182.8600 (Solve) ,,179.045	CC2-Concurrent: unknown  ,0.0000   (Solve) ,,0.000  	KleeCLEVER: not equiv ,124.4600	llReve: unknown  ,0.2000  
./mergedHard/NEQ_LoopMult20EQ_LoopMult20/libA CC2-Hybrid: not equiv ,1.2300   (Solve) ,,0.811  	CC2-Concurrent: unknown  ,0.0000   (Solve) ,,0.000  	KleeCLEVER: not equiv ,0.5000  	llReve: not equiv ,0.3000  
./mergedHard/NEQ_LoopMult20EQ_UnchLoop/libA CC2-Hybrid: not equiv ,0.8600   (Solve) ,,0.490  	CC2-Concurrent: unknown  ,0.0000   (Solve) ,,0.000  	KleeCLEVER: not equiv ,0.2500  	llReve: timeout  ,300.0000
./mergedHard/NEQ_LoopMult20EQ_odd/libA CC2-Hybrid: not equiv ,1.4800   (Solve) ,,1.048  	CC2-Concurrent: unknown  ,0.0000   (Solve) ,,0.000  	KleeCLEVER: not equiv ,0.8600  	llReve: not equiv ,5.8100  
./mergedHard/NEQ_LoopMult20EQ_pos/libA CC2-Hybrid: not equiv ,1.1800   (Solve) ,,0.717  	CC2-Concurrent: unknown  ,0.0000   (Solve) ,,0.000  	KleeCLEVER: not equiv ,0.4600  	llReve: not equiv ,0.4900  
./mergedHard/NEQ_LoopMult20EQ_pos2/libA CC2-Hybrid: not equiv ,1.1700   (Solve) ,,0.724  	CC2-Concurrent: unknown  ,0.0000   (Solve) ,,0.000  	KleeCLEVER: not equiv ,0.4600  	llReve: not equiv ,0.5000  
./mergedHard/NEQ_LoopMult20EXTRA_ultra_prime_sum/libA CC2-Hybrid: not equiv ,3.1400   (Solve) ,,2.058  	CC2-Concurrent: unknown  ,0.0000   (Solve) ,,0.000  	KleeCLEVER: not equiv ,0.5200  	llReve: not equiv ,1.3300  
./mergedHard/NEQ_LoopUnreach20EQ_LoopMult20/libA CC2-Hybrid: not equiv ,0.7700   (Solve) ,,0.341  	CC2-Concurrent: unknown  ,0.0000   (Solve) ,,0.000  	KleeCLEVER: not equiv ,0.2800  	llReve: not equiv ,0.0200  
./mergedHard/NEQ_LoopUnreach20EQ_UnchLoop/libA CC2-Hybrid: not equiv ,0.6300   (Solve) ,,0.259  	CC2-Concurrent: unknown  ,0.0000   (Solve) ,,0.000  	KleeCLEVER: not equiv ,0.2400  	llReve: not equiv ,0.0200  
./mergedHard/NEQ_LoopUnreach20EQ_odd/libA CC2-Hybrid: not equiv ,0.6800   (Solve) ,,0.282  	CC2-Concurrent: unknown  ,0.0000   (Solve) ,,0.000  	KleeCLEVER: not equiv ,0.2600  	llReve: not equiv ,0.0300  
./mergedHard/NEQ_LoopUnreach20EQ_pos/libA CC2-Hybrid: not equiv ,0.7600   (Solve) ,,0.325  	CC2-Concurrent: unknown  ,0.0000   (Solve) ,,0.000  	KleeCLEVER: not equiv ,0.2900  	llReve: not equiv ,0.0400  
./mergedHard/NEQ_LoopUnreach20EQ_pos2/libA CC2-Hybrid: not equiv ,0.7500   (Solve) ,,0.322  	CC2-Concurrent: unknown  ,0.0000   (Solve) ,,0.000  	KleeCLEVER: not equiv ,0.2900  	llReve: not equiv ,0.0400  
./mergedHard/NEQ_LoopUnreach20EXTRA_ultra_prime_sum/libA CC2-Hybrid: not equiv ,1.0700   (Solve) ,,0.343  	CC2-Concurrent: unknown  ,0.0000   (Solve) ,,0.000  	KleeCLEVER: not equiv ,0.2600  	llReve: not equiv ,0.0400  
./mergedHard/NEQ_getSignEQ_LoopMult20/libA CC2-Hybrid: not equiv ,0.6900   (Solve) ,,0.324  	CC2-Concurrent: unknown  ,0.0000   (Solve) ,,0.000  	KleeCLEVER: not equiv ,0.2900  	llReve: not equiv ,0.0200  
./mergedHard/NEQ_getSignEQ_UnchLoop/libA CC2-Hybrid: not equiv ,0.5600   (Solve) ,,0.228  	CC2-Concurrent: unknown  ,0.0000   (Solve) ,,0.000  	KleeCLEVER: not equiv ,0.2400  	llReve: not equiv ,0.0200  
./mergedHard/NEQ_getSignEQ_odd/libA CC2-Hybrid: not equiv ,0.6800   (Solve) ,,0.314  	CC2-Concurrent: unknown  ,0.0000   (Solve) ,,0.000  	KleeCLEVER: not equiv ,0.2700  	llReve: not equiv ,0.0200  
./mergedHard/NEQ_getSignEQ_pos/libA CC2-Hybrid: not equiv ,0.7500   (Solve) ,,0.359  	CC2-Concurrent: unknown  ,0.0000   (Solve) ,,0.000  	KleeCLEVER: not equiv ,0.3100  	llReve: not equiv ,0.0200  
./mergedHard/NEQ_getSignEQ_pos2/libA CC2-Hybrid: not equiv ,0.7600   (Solve) ,,0.362  	CC2-Concurrent: unknown  ,0.0000   (Solve) ,,0.000  	KleeCLEVER: not equiv ,0.3000  	llReve: not equiv ,0.0200  
./mergedHard/NEQ_getSignEXTRA_ultra_prime_sum/libA CC2-Hybrid: not equiv ,2.0800   (Solve) ,,1.037  	CC2-Concurrent: unknown  ,0.0000   (Solve) ,,0.000  	KleeCLEVER: not equiv ,0.2800  	llReve: not equiv ,0.0300  
