./mergedHard/EQ_AddEQ_UnchLoop/libA CC2-Hybrid: equiv    ,0.1712   (Solve) ,,0.036  	CC2-Concurrent: equiv    ,0.2917   (Solve) ,,0.055  	KleeCLEVER: equiv    ,0.0971  
./mergedHard/EQ_AddEQ_UnchLoop/libB CC2-Hybrid: equiv    ,30.3435  (Solve) ,,30.205 	CC2-Concurrent: equiv    ,30.6761  (Solve) ,,30.304 	KleeCLEVER: equiv    ,0.1103  
./mergedHard/EQ_AddEQ_odd/libA      CC2-Hybrid: equiv    ,0.1906   (Solve) ,,0.041  	CC2-Concurrent: equiv    ,0.3754   (Solve) ,,0.089  	KleeCLEVER: equiv    ,0.1023  
./mergedHard/EQ_AddEQ_odd/libB      CC2-Hybrid: equiv    ,2.0091   (Solve) ,,1.847  	CC2-Concurrent: equiv    ,2.5696   (Solve) ,,2.143  	KleeCLEVER: timeout  ,200.0000
./mergedHard/EQ_AddEQ_pos/libA      CC2-Hybrid: equiv    ,0.2620   (Solve) ,,0.042  	CC2-Concurrent: equiv    ,0.4046   (Solve) ,,0.106  	KleeCLEVER: equiv    ,0.1184  
./mergedHard/EQ_AddEQ_pos/libB      CC2-Hybrid: not equiv ,0.5328   (Solve) ,,0.194  	CC2-Concurrent: not equiv ,0.8821   (Solve) ,,0.000  	KleeCLEVER: not equiv ,0.1688  
./mergedHard/EQ_AddEQ_pos2/libA     CC2-Hybrid: equiv    ,0.2347   (Solve) ,,0.046  	CC2-Concurrent: equiv    ,0.3904   (Solve) ,,0.102  	KleeCLEVER: equiv    ,0.1138  
./mergedHard/EQ_AddEQ_pos2/libB     CC2-Hybrid: unknown  ,0.0000   (Solve) ,,0.000  	CC2-Concurrent: unknown  ,0.0000   (Solve) ,,0.000  	KleeCLEVER: timeout  ,200.0000
./mergedHard/EQ_AddEXTRA_prime_sum/libA CC2-Hybrid: equiv    ,0.3475   (Solve) ,,0.071  	CC2-Concurrent: equiv    ,0.4226   (Solve) ,,0.130  	KleeCLEVER: timeout  ,200.0000
./mergedHard/EQ_AddEXTRA_prime_sum/libB CC2-Hybrid: not equiv ,6.1987   (Solve) ,,4.872  	CC2-Concurrent: not equiv ,4.0991   (Solve) ,,0.000  	KleeCLEVER: not equiv ,0.1409  
./mergedHard/EQ_ConstEQ_UnchLoop/libA CC2-Hybrid: equiv    ,0.1528   (Solve) ,,0.032  	CC2-Concurrent: equiv    ,0.3035   (Solve) ,,0.064  	KleeCLEVER: equiv    ,0.0970  
./mergedHard/EQ_ConstEQ_UnchLoop/libB CC2-Hybrid: equiv    ,30.3386  (Solve) ,,30.201 	CC2-Concurrent: equiv    ,30.6899  (Solve) ,,30.339 	KleeCLEVER: equiv    ,0.1104  
./mergedHard/EQ_ConstEQ_odd/libA    CC2-Hybrid: equiv    ,0.1863   (Solve) ,,0.041  	CC2-Concurrent: equiv    ,0.3933   (Solve) ,,0.073  	KleeCLEVER: equiv    ,0.1006  
./mergedHard/EQ_ConstEQ_odd/libB    CC2-Hybrid: equiv    ,1.9955   (Solve) ,,1.835  	CC2-Concurrent: equiv    ,2.5825   (Solve) ,,2.128  	KleeCLEVER: timeout  ,200.0000
./mergedHard/EQ_ConstEQ_pos/libA    CC2-Hybrid: equiv    ,0.2514   (Solve) ,,0.040  	CC2-Concurrent: equiv    ,0.3727   (Solve) ,,0.077  	KleeCLEVER: equiv    ,0.1149  
./mergedHard/EQ_ConstEQ_pos/libB    CC2-Hybrid: not equiv ,0.5387   (Solve) ,,0.199  	CC2-Concurrent: not equiv ,0.8797   (Solve) ,,0.000  	KleeCLEVER: not equiv ,0.1659  
./mergedHard/EQ_ConstEQ_pos2/libA   CC2-Hybrid: equiv    ,0.2374   (Solve) ,,0.042  	CC2-Concurrent: equiv    ,0.3868   (Solve) ,,0.087  	KleeCLEVER: equiv    ,0.1125  
./mergedHard/EQ_ConstEQ_pos2/libB   CC2-Hybrid: unknown  ,0.0000   (Solve) ,,0.000  	CC2-Concurrent: unknown  ,0.0000   (Solve) ,,0.000  	KleeCLEVER: timeout  ,200.0000
./mergedHard/EQ_ConstEXTRA_prime_sum/libA CC2-Hybrid: equiv    ,0.3444   (Solve) ,,0.068  	CC2-Concurrent: equiv    ,0.4228   (Solve) ,,0.116  	KleeCLEVER: timeout  ,200.0000
./mergedHard/EQ_ConstEXTRA_prime_sum/libB CC2-Hybrid: not equiv ,6.1289   (Solve) ,,4.847  	CC2-Concurrent: not equiv ,4.0236   (Solve) ,,0.000  	KleeCLEVER: not equiv ,0.1351  
./mergedHard/EQ_LoopMult20EQ_UnchLoop/libA CC2-Hybrid: equiv    ,0.3782   (Solve) ,,0.216  	CC2-Concurrent: equiv    ,0.5182   (Solve) ,,0.249  	KleeCLEVER: equiv    ,0.2960  
./mergedHard/EQ_LoopMult20EQ_UnchLoop/libB CC2-Hybrid: equiv    ,0.4278   (Solve) ,,0.262  	CC2-Concurrent: equiv    ,0.5934   (Solve) ,,0.338  	KleeCLEVER: equiv    ,0.2554  
./mergedHard/EQ_LoopMult20EQ_odd/libA CC2-Hybrid: timeout  ,200.0000 (Solve) ,,0.000  	CC2-Concurrent: timeout  ,200.0000 (Solve) ,,0.000  	KleeCLEVER: timeout  ,200.0000
./mergedHard/EQ_LoopMult20EQ_odd/libB CC2-Hybrid: not equiv ,1.1150   (Solve) ,,0.763  	CC2-Concurrent: not equiv ,1.4785   (Solve) ,,0.000  	KleeCLEVER: not equiv ,2.3836  
./mergedHard/EQ_LoopMult20EQ_pos/libA CC2-Hybrid: equiv    ,0.6637   (Solve) ,,0.411  	CC2-Concurrent: equiv    ,0.8311   (Solve) ,,0.465  	KleeCLEVER: equiv    ,0.3006  
./mergedHard/EQ_LoopMult20EQ_pos/libB CC2-Hybrid: not equiv ,0.6159   (Solve) ,,0.248  	CC2-Concurrent: not equiv ,0.9703   (Solve) ,,0.000  	KleeCLEVER: not equiv ,0.2734  
./mergedHard/EQ_LoopMult20EQ_pos2/libA CC2-Hybrid: equiv    ,0.6336   (Solve) ,,0.411  	CC2-Concurrent: equiv    ,0.8214   (Solve) ,,0.487  	KleeCLEVER: equiv    ,0.2934  
./mergedHard/EQ_LoopMult20EQ_pos2/libB CC2-Hybrid: unknown  ,0.0000   (Solve) ,,0.000  	CC2-Concurrent: unknown  ,0.0000   (Solve) ,,0.000  	KleeCLEVER: timeout  ,200.0000
./mergedHard/EQ_LoopMult20EXTRA_prime_sum/libA CC2-Hybrid: timeout  ,200.0000 (Solve) ,,0.000  	CC2-Concurrent: timeout  ,200.0000 (Solve) ,,0.000  	KleeCLEVER: timeout  ,200.0000
./mergedHard/EQ_LoopMult20EXTRA_prime_sum/libB CC2-Hybrid: not equiv ,68.2074  (Solve) ,,62.942 	CC2-Concurrent: not equiv ,80.3348  (Solve) ,,0.000  	KleeCLEVER: not equiv ,2.7150  
./mergedHard/EQ_LoopUnreach20EQ_UnchLoop/libA CC2-Hybrid: equiv    ,0.2485   (Solve) ,,0.054  	CC2-Concurrent: equiv    ,0.3705   (Solve) ,,0.096  	KleeCLEVER: equiv    ,0.1509  
./mergedHard/EQ_LoopUnreach20EQ_UnchLoop/libB CC2-Hybrid: equiv    ,0.4235   (Solve) ,,0.258  	CC2-Concurrent: equiv    ,0.6390   (Solve) ,,0.355  	KleeCLEVER: equiv    ,0.2895  
./mergedHard/EQ_LoopUnreach20EQ_odd/libA CC2-Hybrid: equiv    ,0.2662   (Solve) ,,0.065  	CC2-Concurrent: equiv    ,0.3970   (Solve) ,,0.083  	KleeCLEVER: equiv    ,0.1493  
./mergedHard/EQ_LoopUnreach20EQ_odd/libB CC2-Hybrid: not equiv ,1.1311   (Solve) ,,0.775  	CC2-Concurrent: not equiv ,1.5804   (Solve) ,,0.000  	KleeCLEVER: not equiv ,2.4462  
./mergedHard/EQ_LoopUnreach20EQ_pos/libA CC2-Hybrid: equiv    ,0.3421   (Solve) ,,0.090  	CC2-Concurrent: equiv    ,0.4911   (Solve) ,,0.136  	KleeCLEVER: equiv    ,0.1440  
./mergedHard/EQ_LoopUnreach20EQ_pos/libB CC2-Hybrid: not equiv ,0.6253   (Solve) ,,0.252  	CC2-Concurrent: not equiv ,0.9838   (Solve) ,,0.000  	KleeCLEVER: not equiv ,0.2864  
./mergedHard/EQ_LoopUnreach20EQ_pos2/libA CC2-Hybrid: equiv    ,0.3085   (Solve) ,,0.082  	CC2-Concurrent: equiv    ,0.4602   (Solve) ,,0.125  	KleeCLEVER: equiv    ,0.1612  
./mergedHard/EQ_LoopUnreach20EQ_pos2/libB CC2-Hybrid: unknown  ,0.0000   (Solve) ,,0.000  	CC2-Concurrent: unknown  ,0.0000   (Solve) ,,0.000  	KleeCLEVER: timeout  ,200.0000
./mergedHard/EQ_LoopUnreach20EXTRA_prime_sum/libA CC2-Hybrid: equiv    ,2.2181   (Solve) ,,0.700  	CC2-Concurrent: equiv    ,2.4674   (Solve) ,,1.211  	KleeCLEVER: timeout  ,200.0000
./mergedHard/EQ_LoopUnreach20EXTRA_prime_sum/libB CC2-Hybrid: not equiv ,69.8021  (Solve) ,,63.360 	CC2-Concurrent: not equiv ,79.1948  (Solve) ,,0.000  	KleeCLEVER: not equiv ,2.5936  
./mergedHard/EQ_UnchLoopEQ_Add/libA CC2-Hybrid: equiv    ,30.3390  (Solve) ,,30.182 	CC2-Concurrent: equiv    ,30.7937  (Solve) ,,30.367 	KleeCLEVER: equiv    ,0.1026  
./mergedHard/EQ_UnchLoopEQ_Add/libB CC2-Hybrid: equiv    ,0.1332   (Solve) ,,0.033  	CC2-Concurrent: equiv    ,0.3210   (Solve) ,,0.087  	KleeCLEVER: equiv    ,0.0846  
./mergedHard/EQ_UnchLoopEQ_Const/libA CC2-Hybrid: equiv    ,30.3387  (Solve) ,,30.201 	CC2-Concurrent: equiv    ,30.8707  (Solve) ,,30.463 	KleeCLEVER: equiv    ,0.1562  
./mergedHard/EQ_UnchLoopEQ_Const/libB CC2-Hybrid: equiv    ,0.2360   (Solve) ,,0.053  	CC2-Concurrent: equiv    ,0.4588   (Solve) ,,0.124  	KleeCLEVER: equiv    ,0.1399  
./mergedHard/EQ_UnchLoopEQ_LoopMult20/libA CC2-Hybrid: equiv    ,0.7746   (Solve) ,,0.488  	CC2-Concurrent: equiv    ,1.0366   (Solve) ,,0.582  	KleeCLEVER: equiv    ,0.4761  
./mergedHard/EQ_UnchLoopEQ_LoopMult20/libB CC2-Hybrid: equiv    ,0.7271   (Solve) ,,0.431  	CC2-Concurrent: equiv    ,0.9103   (Solve) ,,0.470  	KleeCLEVER: equiv    ,0.5646  
./mergedHard/EQ_UnchLoopEQ_LoopUnreach20/libA CC2-Hybrid: equiv    ,0.7949   (Solve) ,,0.488  	CC2-Concurrent: equiv    ,1.0740   (Solve) ,,0.620  	KleeCLEVER: equiv    ,0.4629  
./mergedHard/EQ_UnchLoopEQ_LoopUnreach20/libB CC2-Hybrid: equiv    ,0.3907   (Solve) ,,0.089  	CC2-Concurrent: equiv    ,0.5983   (Solve) ,,0.166  	KleeCLEVER: equiv    ,0.2033  
./mergedHard/EQ_UnchLoopEQ_UnchLoop/libA CC2-Hybrid: equiv    ,30.5500  (Solve) ,,30.322 	CC2-Concurrent: equiv    ,30.9876  (Solve) ,,30.485 	KleeCLEVER: equiv    ,0.1741  
./mergedHard/EQ_UnchLoopEQ_UnchLoop/libB CC2-Hybrid: equiv    ,30.6208  (Solve) ,,30.378 	CC2-Concurrent: equiv    ,31.3442  (Solve) ,,30.855 	KleeCLEVER: equiv    ,0.3745  
./mergedHard/EQ_UnchLoopEQ_divide/libA CC2-Hybrid: equiv    ,0.6326   (Solve) ,,0.191  	CC2-Concurrent: equiv    ,0.9332   (Solve) ,,0.254  	KleeCLEVER: timeout  ,200.0000
./mergedHard/EQ_UnchLoopEQ_divide/libB CC2-Hybrid: equiv    ,0.2353   (Solve) ,,0.046  	CC2-Concurrent: equiv    ,0.3500   (Solve) ,,0.078  	KleeCLEVER: equiv    ,0.1172  
./mergedHard/EQ_UnchLoopEQ_getSign2/libA CC2-Hybrid: equiv    ,0.2247   (Solve) ,,0.064  	CC2-Concurrent: equiv    ,0.4019   (Solve) ,,0.112  	KleeCLEVER: timeout  ,200.0000
./mergedHard/EQ_UnchLoopEQ_getSign2/libB CC2-Hybrid: equiv    ,0.2226   (Solve) ,,0.056  	CC2-Concurrent: equiv    ,0.3354   (Solve) ,,0.088  	KleeCLEVER: equiv    ,0.1278  
./mergedHard/EQ_UnchLoopEQ_is_prime1/libA CC2-Hybrid: equiv    ,30.3257  (Solve) ,,30.181 	CC2-Concurrent: equiv    ,30.7110  (Solve) ,,30.316 	KleeCLEVER: timeout  ,200.0000
./mergedHard/EQ_UnchLoopEQ_is_prime1/libB CC2-Hybrid: equiv    ,0.1721   (Solve) ,,0.016  	CC2-Concurrent: equiv    ,0.2601   (Solve) ,,0.048  	KleeCLEVER: not equiv ,0.1094  
Disagreement error: ./mergedHard/EQ_UnchLoopEQ_is_prime1/libB
./mergedHard/EQ_UnchLoopEQ_is_prime3/libA CC2-Hybrid: equiv    ,60.6647  (Solve) ,,60.372 	CC2-Concurrent: equiv    ,30.9296  (Solve) ,,60.769 	KleeCLEVER: equiv    ,0.1467  
./mergedHard/EQ_UnchLoopEQ_is_prime3/libB CC2-Hybrid: equiv    ,2.6960   (Solve) ,,2.180  	CC2-Concurrent: equiv    ,1.8788   (Solve) ,,2.477  	KleeCLEVER: equiv    ,0.1557  
./mergedHard/EQ_UnchLoopEQ_ltfive/libA CC2-Hybrid: equiv    ,0.6889   (Solve) ,,0.245  	CC2-Concurrent: equiv    ,0.9042   (Solve) ,,0.309  	KleeCLEVER: timeout  ,200.0000
./mergedHard/EQ_UnchLoopEQ_ltfive/libB CC2-Hybrid: not equiv ,0.5600   (Solve) ,,0.181  	CC2-Concurrent: not equiv ,0.8592   (Solve) ,,0.000  	KleeCLEVER: not equiv ,0.1663  
./mergedHard/EQ_UnchLoopEQ_ltfiveBound/libA CC2-Hybrid: timeout  ,200.0000 (Solve) ,,0.000  	CC2-Concurrent: timeout  ,200.0000 (Solve) ,,0.000  	KleeCLEVER: equiv    ,19.4525 
./mergedHard/EQ_UnchLoopEQ_ltfiveBound/libB CC2-Hybrid: equiv    ,0.3337   (Solve) ,,0.080  	CC2-Concurrent: equiv    ,0.4808   (Solve) ,,0.109  	KleeCLEVER: equiv    ,0.1578  
./mergedHard/EQ_UnchLoopEQ_multiple/libA CC2-Hybrid: equiv    ,0.2536   (Solve) ,,0.081  	CC2-Concurrent: equiv    ,0.4112   (Solve) ,,0.123  	KleeCLEVER: timeout  ,200.0000
./mergedHard/EQ_UnchLoopEQ_multiple/libB CC2-Hybrid: not equiv ,0.6612   (Solve) ,,0.329  	CC2-Concurrent: not equiv ,0.9830   (Solve) ,,0.000  	KleeCLEVER: not equiv ,0.2505  
./mergedHard/EQ_UnchLoopEQ_multipleBound/libA CC2-Hybrid: timeout  ,200.0000 (Solve) ,,0.000  	CC2-Concurrent: timeout  ,200.0000 (Solve) ,,0.000  	KleeCLEVER: timeout  ,200.0000
./mergedHard/EQ_UnchLoopEQ_multipleBound/libB CC2-Hybrid: not equiv ,0.6579   (Solve) ,,0.294  	CC2-Concurrent: not equiv ,0.9704   (Solve) ,,0.000  	KleeCLEVER: not equiv ,0.2081  
./mergedHard/EQ_UnchLoopEQ_odd/libA CC2-Hybrid: equiv    ,0.2476   (Solve) ,,0.081  	CC2-Concurrent: equiv    ,0.3509   (Solve) ,,0.089  	KleeCLEVER: timeout  ,200.0000
./mergedHard/EQ_UnchLoopEQ_odd/libB CC2-Hybrid: equiv    ,1.8229   (Solve) ,,1.627  	CC2-Concurrent: equiv    ,2.2131   (Solve) ,,1.803  	KleeCLEVER: timeout  ,200.0000
./mergedHard/EQ_UnchLoopEQ_one/libA CC2-Hybrid: equiv    ,0.3048   (Solve) ,,0.093  	CC2-Concurrent: equiv    ,0.4639   (Solve) ,,0.152  	KleeCLEVER: timeout  ,200.0000
./mergedHard/EQ_UnchLoopEQ_one/libB CC2-Hybrid: not equiv ,0.5319   (Solve) ,,0.175  	CC2-Concurrent: not equiv ,0.7974   (Solve) ,,0.000  	KleeCLEVER: not equiv ,0.1526  
./mergedHard/EQ_UnchLoopEQ_oneBound/libA CC2-Hybrid: equiv    ,0.3015   (Solve) ,,0.076  	CC2-Concurrent: equiv    ,0.4534   (Solve) ,,0.139  	KleeCLEVER: equiv    ,2.7084  
./mergedHard/EQ_UnchLoopEQ_oneBound/libB CC2-Hybrid: not equiv ,0.5429   (Solve) ,,0.167  	CC2-Concurrent: not equiv ,0.8463   (Solve) ,,0.000  	KleeCLEVER: not equiv ,0.1396  
./mergedHard/EQ_UnchLoopEQ_oneN2/libA CC2-Hybrid: equiv    ,0.2789   (Solve) ,,0.089  	CC2-Concurrent: equiv    ,0.4541   (Solve) ,,0.132  	KleeCLEVER: timeout  ,200.0000
./mergedHard/EQ_UnchLoopEQ_oneN2/libB CC2-Hybrid: not equiv ,0.5369   (Solve) ,,0.178  	CC2-Concurrent: not equiv ,0.7728   (Solve) ,,0.000  	KleeCLEVER: not equiv ,0.1453  
./mergedHard/EQ_UnchLoopEQ_pos/libA CC2-Hybrid: equiv    ,0.2512   (Solve) ,,0.046  	CC2-Concurrent: equiv    ,0.4003   (Solve) ,,0.083  	KleeCLEVER: equiv    ,0.1201  
./mergedHard/EQ_UnchLoopEQ_pos/libB CC2-Hybrid: not equiv ,0.5377   (Solve) ,,0.200  	CC2-Concurrent: not equiv ,0.8857   (Solve) ,,0.000  	KleeCLEVER: not equiv ,0.1675  
./mergedHard/EQ_UnchLoopEQ_pos2/libA CC2-Hybrid: equiv    ,0.2448   (Solve) ,,0.046  	CC2-Concurrent: equiv    ,0.3958   (Solve) ,,0.073  	KleeCLEVER: equiv    ,0.1288  
./mergedHard/EQ_UnchLoopEQ_pos2/libB CC2-Hybrid: unknown  ,0.0000   (Solve) ,,0.000  	CC2-Concurrent: unknown  ,0.0000   (Solve) ,,0.000  	KleeCLEVER: timeout  ,200.0000
./mergedHard/EQ_UnchLoopEXTRA_prime_sum/libA CC2-Hybrid: equiv    ,60.7375  (Solve) ,,60.415 	CC2-Concurrent: equiv    ,30.9082  (Solve) ,,60.797 	KleeCLEVER: timeout  ,200.0000
./mergedHard/EQ_UnchLoopEXTRA_prime_sum/libB CC2-Hybrid: not equiv ,6.1074   (Solve) ,,4.800  	CC2-Concurrent: not equiv ,4.4935   (Solve) ,,0.000  	KleeCLEVER: not equiv ,0.1397  
./mergedHard/EQ_UnchLoopNEQ_LoopMult20/libA CC2-Hybrid: equiv    ,0.4403   (Solve) ,,0.267  	CC2-Concurrent: equiv    ,0.6113   (Solve) ,,0.331  	KleeCLEVER: equiv    ,0.2565  
./mergedHard/EQ_UnchLoopNEQ_LoopMult20/libB CC2-Hybrid: not equiv ,0.6089   (Solve) ,,0.296  	CC2-Concurrent: not equiv ,0.9564   (Solve) ,,0.000  	KleeCLEVER: not equiv ,0.1423  
./mergedHard/EQ_UnchLoopNEQ_LoopUnreach20/libA CC2-Hybrid: equiv    ,0.4315   (Solve) ,,0.268  	CC2-Concurrent: equiv    ,0.6436   (Solve) ,,0.360  	KleeCLEVER: equiv    ,0.2524  
./mergedHard/EQ_UnchLoopNEQ_LoopUnreach20/libB CC2-Hybrid: not equiv ,0.4760   (Solve) ,,0.153  	CC2-Concurrent: not equiv ,0.8334   (Solve) ,,0.000  	KleeCLEVER: not equiv ,0.1291  
./mergedHard/EQ_UnchLoopNEQ_getSign/libA CC2-Hybrid: equiv    ,30.3418  (Solve) ,,30.201 	CC2-Concurrent: equiv    ,30.7325  (Solve) ,,30.333 	KleeCLEVER: timeout  ,200.0000
./mergedHard/EQ_UnchLoopNEQ_getSign/libB CC2-Hybrid: not equiv ,0.4342   (Solve) ,,0.144  	CC2-Concurrent: not equiv ,0.7304   (Solve) ,,0.000  	KleeCLEVER: not equiv ,0.1381  
./mergedHard/EQ_divideEQ_UnchLoop/libA CC2-Hybrid: equiv    ,0.2113   (Solve) ,,0.046  	CC2-Concurrent: equiv    ,0.3348   (Solve) ,,0.063  	KleeCLEVER: equiv    ,0.1261  
./mergedHard/EQ_divideEQ_UnchLoop/libB CC2-Hybrid: equiv    ,0.2361   (Solve) ,,0.065  	CC2-Concurrent: equiv    ,0.3882   (Solve) ,,0.101  	KleeCLEVER: timeout  ,200.0000
./mergedHard/EQ_divideEQ_odd/libA   CC2-Hybrid: equiv    ,0.2808   (Solve) ,,0.070  	CC2-Concurrent: equiv    ,0.3998   (Solve) ,,0.123  	KleeCLEVER: equiv    ,0.1444  
./mergedHard/EQ_divideEQ_odd/libB   CC2-Hybrid: not equiv ,0.7533   (Solve) ,,0.408  	CC2-Concurrent: not equiv ,1.1382   (Solve) ,,0.000  	KleeCLEVER: not equiv ,1.1564  
./mergedHard/EQ_divideEQ_pos/libA   CC2-Hybrid: equiv    ,0.3109   (Solve) ,,0.058  	CC2-Concurrent: equiv    ,0.3854   (Solve) ,,0.091  	KleeCLEVER: equiv    ,0.1455  
./mergedHard/EQ_divideEQ_pos/libB   CC2-Hybrid: not equiv ,0.6353   (Solve) ,,0.257  	CC2-Concurrent: not equiv ,0.9948   (Solve) ,,0.000  	KleeCLEVER: not equiv ,0.2938  
./mergedHard/EQ_divideEQ_pos2/libA  CC2-Hybrid: equiv    ,0.2845   (Solve) ,,0.059  	CC2-Concurrent: equiv    ,0.4155   (Solve) ,,0.097  	KleeCLEVER: equiv    ,0.1319  
./mergedHard/EQ_divideEQ_pos2/libB  CC2-Hybrid: unknown  ,0.0000   (Solve) ,,0.000  	CC2-Concurrent: unknown  ,0.0000   (Solve) ,,0.000  	KleeCLEVER: timeout  ,200.0000
./mergedHard/EQ_divideEXTRA_prime_sum/libA CC2-Hybrid: equiv    ,0.4003   (Solve) ,,0.080  	CC2-Concurrent: equiv    ,0.4915   (Solve) ,,0.183  	KleeCLEVER: equiv    ,0.1237  
./mergedHard/EQ_divideEXTRA_prime_sum/libB CC2-Hybrid: not equiv ,44.7391  (Solve) ,,40.272 	CC2-Concurrent: not equiv ,46.3521  (Solve) ,,0.000  	KleeCLEVER: timeout  ,200.0000
./mergedHard/EQ_getSign2EQ_UnchLoop/libA CC2-Hybrid: equiv    ,0.2247   (Solve) ,,0.056  	CC2-Concurrent: equiv    ,0.2980   (Solve) ,,0.073  	KleeCLEVER: equiv    ,0.1311  
./mergedHard/EQ_getSign2EQ_UnchLoop/libB CC2-Hybrid: equiv    ,0.2252   (Solve) ,,0.065  	CC2-Concurrent: equiv    ,0.3715   (Solve) ,,0.107  	KleeCLEVER: timeout  ,200.0000
./mergedHard/EQ_getSign2EQ_odd/libA CC2-Hybrid: not equiv ,0.5443   (Solve) ,,0.181  	CC2-Concurrent: not equiv ,0.8071   (Solve) ,,0.000  	KleeCLEVER: not equiv ,0.1625  
./mergedHard/EQ_getSign2EQ_odd/libB CC2-Hybrid: not equiv ,1.6996   (Solve) ,,1.369  	CC2-Concurrent: not equiv ,2.0621   (Solve) ,,0.000  	KleeCLEVER: not equiv ,2.2811  
./mergedHard/EQ_getSign2EQ_pos/libA CC2-Hybrid: not equiv ,0.6012   (Solve) ,,0.205  	CC2-Concurrent: not equiv ,0.9119   (Solve) ,,0.000  	KleeCLEVER: not equiv ,0.1799  
./mergedHard/EQ_getSign2EQ_pos/libB CC2-Hybrid: not equiv ,0.6206   (Solve) ,,0.259  	CC2-Concurrent: not equiv ,0.9771   (Solve) ,,0.000  	KleeCLEVER: not equiv ,0.2076  
./mergedHard/EQ_getSign2EQ_pos2/libA CC2-Hybrid: not equiv ,0.5674   (Solve) ,,0.206  	CC2-Concurrent: not equiv ,0.8724   (Solve) ,,0.000  	KleeCLEVER: not equiv ,0.1801  
./mergedHard/EQ_getSign2EQ_pos2/libB CC2-Hybrid: unknown  ,0.0000   (Solve) ,,0.000  	CC2-Concurrent: unknown  ,0.0000   (Solve) ,,0.000  	KleeCLEVER: timeout  ,200.0000
./mergedHard/EQ_getSign2EXTRA_prime_sum/libA CC2-Hybrid: equiv    ,2.0805   (Solve) ,,0.635  	CC2-Concurrent: equiv    ,1.9110   (Solve) ,,1.067  	KleeCLEVER: timeout  ,200.0000
./mergedHard/EQ_getSign2EXTRA_prime_sum/libB CC2-Hybrid: not equiv ,39.8885  (Solve) ,,36.972 	CC2-Concurrent: not equiv ,48.3938  (Solve) ,,0.000  	KleeCLEVER: timeout  ,200.0000
./mergedHard/EQ_is_prime1EQ_UnchLoop/libA CC2-Hybrid: equiv    ,0.1744   (Solve) ,,0.016  	CC2-Concurrent: equiv    ,0.2848   (Solve) ,,0.053  	KleeCLEVER: not equiv ,0.1096  
Disagreement error: ./mergedHard/EQ_is_prime1EQ_UnchLoop/libA
./mergedHard/EQ_is_prime1EQ_UnchLoop/libB CC2-Hybrid: equiv    ,30.3434  (Solve) ,,30.205 	CC2-Concurrent: equiv    ,30.7196  (Solve) ,,30.315 	KleeCLEVER: timeout  ,200.0000
./mergedHard/EQ_is_prime1EQ_odd/libA CC2-Hybrid: equiv    ,0.2109   (Solve) ,,0.011  	CC2-Concurrent: equiv    ,0.3395   (Solve) ,,0.033  	KleeCLEVER: not equiv ,0.2177  
Disagreement error: ./mergedHard/EQ_is_prime1EQ_odd/libA
./mergedHard/EQ_is_prime1EQ_odd/libB CC2-Hybrid: equiv    ,1.5393   (Solve) ,,0.825  	CC2-Concurrent: equiv    ,2.3973   (Solve) ,,1.082  	KleeCLEVER: not equiv ,0.4340  
Disagreement error: ./mergedHard/EQ_is_prime1EQ_odd/libB
./mergedHard/EQ_is_prime1EQ_pos/libA CC2-Hybrid: equiv    ,0.2319   (Solve) ,,0.015  	CC2-Concurrent: equiv    ,0.3794   (Solve) ,,0.038  	KleeCLEVER: equiv    ,1.1050  
./mergedHard/EQ_is_prime1EQ_pos/libB CC2-Hybrid: not equiv ,0.5952   (Solve) ,,0.232  	CC2-Concurrent: not equiv ,0.9380   (Solve) ,,0.000  	KleeCLEVER: not equiv ,0.2293  
./mergedHard/EQ_is_prime1EQ_pos2/libA CC2-Hybrid: equiv    ,0.2387   (Solve) ,,0.016  	CC2-Concurrent: equiv    ,0.3888   (Solve) ,,0.041  	KleeCLEVER: equiv    ,1.0909  
./mergedHard/EQ_is_prime1EQ_pos2/libB CC2-Hybrid: unknown  ,0.0000   (Solve) ,,0.000  	CC2-Concurrent: unknown  ,0.0000   (Solve) ,,0.000  	KleeCLEVER: timeout  ,200.0000
./mergedHard/EQ_is_prime1EXTRA_prime_sum/libA CC2-Hybrid: equiv    ,0.3536   (Solve) ,,0.034  	CC2-Concurrent: equiv    ,0.4200   (Solve) ,,0.060  	KleeCLEVER: not equiv ,0.1626  
Disagreement error: ./mergedHard/EQ_is_prime1EXTRA_prime_sum/libA
./mergedHard/EQ_is_prime1EXTRA_prime_sum/libB CC2-Hybrid: not equiv ,43.7655  (Solve) ,,39.906 	CC2-Concurrent: not equiv ,51.4483  (Solve) ,,0.000  	KleeCLEVER: not equiv ,62.8989 
./mergedHard/EQ_is_prime3EQ_UnchLoop/libA CC2-Hybrid: equiv    ,1.4237   (Solve) ,,1.098  	CC2-Concurrent: equiv    ,1.0798   (Solve) ,,1.427  	KleeCLEVER: not equiv ,0.4965  
Disagreement error: ./mergedHard/EQ_is_prime3EQ_UnchLoop/libA
./mergedHard/EQ_is_prime3EQ_UnchLoop/libB CC2-Hybrid: equiv    ,60.6828  (Solve) ,,60.385 	CC2-Concurrent: equiv    ,30.9236  (Solve) ,,60.824 	KleeCLEVER: timeout  ,200.0000
./mergedHard/EQ_is_prime3EQ_odd/libA CC2-Hybrid: not equiv ,2.0518   (Solve) ,,1.253  	CC2-Concurrent: not equiv ,2.9230   (Solve) ,,0.000  	KleeCLEVER: not equiv ,0.8509  
./mergedHard/EQ_is_prime3EQ_odd/libB CC2-Hybrid: equiv    ,3.0511   (Solve) ,,1.901  	CC2-Concurrent: equiv    ,4.1975   (Solve) ,,3.458  	KleeCLEVER: not equiv ,0.7461  
Disagreement error: ./mergedHard/EQ_is_prime3EQ_odd/libB
./mergedHard/EQ_is_prime3EQ_pos/libA CC2-Hybrid: not equiv ,2.6559   (Solve) ,,1.729  	CC2-Concurrent: not equiv ,3.6482   (Solve) ,,0.000  	KleeCLEVER: equiv    ,1.7515  
Disagreement error: ./mergedHard/EQ_is_prime3EQ_pos/libA
./mergedHard/EQ_is_prime3EQ_pos/libB CC2-Hybrid: not equiv ,1.5263   (Solve) ,,0.705  	CC2-Concurrent: not equiv ,2.2896   (Solve) ,,0.000  	KleeCLEVER: not equiv ,0.3335  
./mergedHard/EQ_is_prime3EQ_pos2/libA CC2-Hybrid: not equiv ,2.6326   (Solve) ,,1.730  	CC2-Concurrent: not equiv ,3.6903   (Solve) ,,0.000  	KleeCLEVER: equiv    ,1.7518  
Disagreement error: ./mergedHard/EQ_is_prime3EQ_pos2/libA
./mergedHard/EQ_is_prime3EQ_pos2/libB CC2-Hybrid: unknown  ,0.0000   (Solve) ,,0.000  	CC2-Concurrent: unknown  ,0.0000   (Solve) ,,0.000  	KleeCLEVER: timeout  ,200.0000
./mergedHard/EQ_is_prime3EXTRA_prime_sum/libA CC2-Hybrid: equiv    ,1.6050   (Solve) ,,1.096  	CC2-Concurrent: equiv    ,1.3236   (Solve) ,,1.404  	KleeCLEVER: not equiv ,0.6366  
Disagreement error: ./mergedHard/EQ_is_prime3EXTRA_prime_sum/libA
./mergedHard/EQ_is_prime3EXTRA_prime_sum/libB CC2-Hybrid: equiv    ,37.3184  (Solve) ,,35.482 	CC2-Concurrent: equiv    ,36.2094  (Solve) ,,37.223 	KleeCLEVER: timeout  ,200.0000
./mergedHard/EQ_ltfiveBoundEQ_UnchLoop/libA CC2-Hybrid: equiv    ,0.3404   (Solve) ,,0.085  	CC2-Concurrent: equiv    ,0.4564   (Solve) ,,0.113  	KleeCLEVER: equiv    ,0.1572  
./mergedHard/EQ_ltfiveBoundEQ_UnchLoop/libB CC2-Hybrid: timeout  ,200.0000 (Solve) ,,0.000  	CC2-Concurrent: timeout  ,200.0000 (Solve) ,,0.000  	KleeCLEVER: equiv    ,19.6344 
./mergedHard/EQ_ltfiveBoundEQ_odd/libA CC2-Hybrid: not equiv ,0.7204   (Solve) ,,0.229  	CC2-Concurrent: not equiv ,1.0539   (Solve) ,,0.000  	KleeCLEVER: not equiv ,0.1834  
./mergedHard/EQ_ltfiveBoundEQ_odd/libB CC2-Hybrid: not equiv ,1.5388   (Solve) ,,1.087  	CC2-Concurrent: not equiv ,1.9823   (Solve) ,,0.000  	KleeCLEVER: timeout  ,200.0000
./mergedHard/EQ_ltfiveBoundEQ_pos/libA CC2-Hybrid: not equiv ,0.7355   (Solve) ,,0.227  	CC2-Concurrent: not equiv ,1.0936   (Solve) ,,0.000  	KleeCLEVER: not equiv ,0.1811  
./mergedHard/EQ_ltfiveBoundEQ_pos/libB CC2-Hybrid: not equiv ,1.2407   (Solve) ,,0.758  	CC2-Concurrent: not equiv ,1.6470   (Solve) ,,0.000  	KleeCLEVER: not equiv ,0.4614  
./mergedHard/EQ_ltfiveBoundEQ_pos2/libA CC2-Hybrid: not equiv ,0.7087   (Solve) ,,0.217  	CC2-Concurrent: not equiv ,1.0772   (Solve) ,,0.000  	KleeCLEVER: not equiv ,0.1842  
./mergedHard/EQ_ltfiveBoundEQ_pos2/libB CC2-Hybrid: unknown  ,0.0000   (Solve) ,,0.000  	CC2-Concurrent: unknown  ,0.0000   (Solve) ,,0.000  	KleeCLEVER: timeout  ,200.0000
./mergedHard/EQ_ltfiveBoundEXTRA_prime_sum/libA CC2-Hybrid: equiv    ,11.5122  (Solve) ,,8.957  	CC2-Concurrent: equiv    ,11.0737  (Solve) ,,10.008 	KleeCLEVER: timeout  ,200.0000
./mergedHard/EQ_ltfiveBoundEXTRA_prime_sum/libB CC2-Hybrid: not equiv ,59.2743  (Solve) ,,54.833 	CC2-Concurrent: not equiv ,66.4319  (Solve) ,,0.000  	KleeCLEVER: not equiv ,106.6470
./mergedHard/EQ_ltfiveEQ_UnchLoop/libA CC2-Hybrid: not equiv ,0.5898   (Solve) ,,0.194  	CC2-Concurrent: not equiv ,0.9154   (Solve) ,,0.000  	KleeCLEVER: not equiv ,0.1593  
./mergedHard/EQ_ltfiveEQ_UnchLoop/libB CC2-Hybrid: equiv    ,0.3736   (Solve) ,,0.130  	CC2-Concurrent: equiv    ,0.5381   (Solve) ,,0.177  	KleeCLEVER: timeout  ,200.0000
./mergedHard/EQ_ltfiveEQ_odd/libA   CC2-Hybrid: not equiv ,0.6674   (Solve) ,,0.235  	CC2-Concurrent: not equiv ,0.9800   (Solve) ,,0.000  	KleeCLEVER: not equiv ,0.2130  
./mergedHard/EQ_ltfiveEQ_odd/libB   CC2-Hybrid: not equiv ,2.1768   (Solve) ,,1.740  	CC2-Concurrent: not equiv ,2.5250   (Solve) ,,0.000  	KleeCLEVER: not equiv ,9.9752  
./mergedHard/EQ_ltfiveEQ_pos/libA   CC2-Hybrid: not equiv ,0.7066   (Solve) ,,0.248  	CC2-Concurrent: not equiv ,1.0134   (Solve) ,,0.000  	KleeCLEVER: not equiv ,0.1989  
./mergedHard/EQ_ltfiveEQ_pos/libB   CC2-Hybrid: not equiv ,0.8699   (Solve) ,,0.417  	CC2-Concurrent: not equiv ,1.2198   (Solve) ,,0.000  	KleeCLEVER: not equiv ,0.3497  
./mergedHard/EQ_ltfiveEQ_pos2/libA  CC2-Hybrid: not equiv ,0.6964   (Solve) ,,0.242  	CC2-Concurrent: not equiv ,1.0054   (Solve) ,,0.000  	KleeCLEVER: not equiv ,0.1983  
./mergedHard/EQ_ltfiveEQ_pos2/libB  CC2-Hybrid: unknown  ,0.0000   (Solve) ,,0.000  	CC2-Concurrent: unknown  ,0.0000   (Solve) ,,0.000  	KleeCLEVER: timeout  ,200.0000
./mergedHard/EQ_ltfiveEXTRA_prime_sum/libA CC2-Hybrid: not equiv ,1.1723   (Solve) ,,0.410  	CC2-Concurrent: not equiv ,1.9003   (Solve) ,,0.000  	KleeCLEVER: not equiv ,0.1855  
./mergedHard/EQ_ltfiveEXTRA_prime_sum/libB CC2-Hybrid: not equiv ,47.7696  (Solve) ,,45.301 	CC2-Concurrent: not equiv ,52.4978  (Solve) ,,0.000  	KleeCLEVER: timeout  ,200.0000
./mergedHard/EQ_multipleBoundEQ_UnchLoop/libA CC2-Hybrid: not equiv ,0.6526   (Solve) ,,0.292  	CC2-Concurrent: not equiv ,1.0001   (Solve) ,,0.000  	KleeCLEVER: not equiv ,0.2082  
./mergedHard/EQ_multipleBoundEQ_UnchLoop/libB CC2-Hybrid: timeout  ,200.0000 (Solve) ,,0.000  	CC2-Concurrent: timeout  ,200.0000 (Solve) ,,0.000  	KleeCLEVER: timeout  ,200.0000
./mergedHard/EQ_multipleBoundEQ_odd/libA CC2-Hybrid: not equiv ,0.9018   (Solve) ,,0.500  	CC2-Concurrent: not equiv ,1.2052   (Solve) ,,0.000  	KleeCLEVER: not equiv ,0.3899  
./mergedHard/EQ_multipleBoundEQ_odd/libB CC2-Hybrid: equiv    ,3.0766   (Solve) ,,2.835  	CC2-Concurrent: equiv    ,3.4226   (Solve) ,,2.977  	KleeCLEVER: timeout  ,200.0000
./mergedHard/EQ_multipleBoundEQ_pos/libA CC2-Hybrid: not equiv ,0.8308   (Solve) ,,0.386  	CC2-Concurrent: not equiv ,1.1713   (Solve) ,,0.000  	KleeCLEVER: not equiv ,0.2359  
./mergedHard/EQ_multipleBoundEQ_pos/libB CC2-Hybrid: not equiv ,1.3815   (Solve) ,,0.950  	CC2-Concurrent: not equiv ,1.7949   (Solve) ,,0.000  	KleeCLEVER: not equiv ,0.6647  
./mergedHard/EQ_multipleBoundEQ_pos2/libA CC2-Hybrid: not equiv ,0.8183   (Solve) ,,0.385  	CC2-Concurrent: not equiv ,1.1735   (Solve) ,,0.000  	KleeCLEVER: not equiv ,0.2361  
./mergedHard/EQ_multipleBoundEQ_pos2/libB CC2-Hybrid: unknown  ,0.0000   (Solve) ,,0.000  	CC2-Concurrent: unknown  ,0.0000   (Solve) ,,0.000  	KleeCLEVER: timeout  ,200.0000
./mergedHard/EQ_multipleBoundEXTRA_prime_sum/libA CC2-Hybrid: not equiv ,3.0162   (Solve) ,,1.718  	CC2-Concurrent: not equiv ,2.6697   (Solve) ,,0.000  	KleeCLEVER: not equiv ,0.3407  
./mergedHard/EQ_multipleBoundEXTRA_prime_sum/libB CC2-Hybrid: equiv    ,35.6551  (Solve) ,,34.007 	CC2-Concurrent: equiv    ,26.1550  (Solve) ,,27.249 	KleeCLEVER: timeout  ,200.0000
./mergedHard/EQ_multipleEQ_UnchLoop/libA CC2-Hybrid: not equiv ,0.6189   (Solve) ,,0.292  	CC2-Concurrent: not equiv ,0.9013   (Solve) ,,0.000  	KleeCLEVER: not equiv ,0.2472  
./mergedHard/EQ_multipleEQ_UnchLoop/libB CC2-Hybrid: equiv    ,0.2634   (Solve) ,,0.082  	CC2-Concurrent: equiv    ,0.4182   (Solve) ,,0.119  	KleeCLEVER: timeout  ,200.0000
./mergedHard/EQ_multipleEQ_odd/libA CC2-Hybrid: not equiv ,2.5262   (Solve) ,,1.574  	CC2-Concurrent: not equiv ,3.7111   (Solve) ,,0.000  	KleeCLEVER: not equiv ,0.3626  
./mergedHard/EQ_multipleEQ_odd/libB CC2-Hybrid: equiv    ,3.0788   (Solve) ,,2.874  	CC2-Concurrent: equiv    ,3.4479   (Solve) ,,3.021  	KleeCLEVER: timeout  ,200.0000
./mergedHard/EQ_multipleEQ_pos/libA CC2-Hybrid: not equiv ,0.8252   (Solve) ,,0.429  	CC2-Concurrent: not equiv ,1.1695   (Solve) ,,0.000  	KleeCLEVER: not equiv ,0.3096  
./mergedHard/EQ_multipleEQ_pos/libB CC2-Hybrid: not equiv ,0.6169   (Solve) ,,0.242  	CC2-Concurrent: not equiv ,0.9720   (Solve) ,,0.000  	KleeCLEVER: not equiv ,0.2751  
./mergedHard/EQ_multipleEQ_pos2/libA CC2-Hybrid: not equiv ,0.7919   (Solve) ,,0.432  	CC2-Concurrent: not equiv ,1.2051   (Solve) ,,0.000  	KleeCLEVER: not equiv ,0.3140  
./mergedHard/EQ_multipleEQ_pos2/libB CC2-Hybrid: unknown  ,0.0000   (Solve) ,,0.000  	CC2-Concurrent: unknown  ,0.0000   (Solve) ,,0.000  	KleeCLEVER: timeout  ,200.0000
./mergedHard/EQ_multipleEXTRA_prime_sum/libA CC2-Hybrid: not equiv ,1.2004   (Solve) ,,0.580  	CC2-Concurrent: not equiv ,1.8282   (Solve) ,,0.000  	KleeCLEVER: not equiv ,0.2614  
./mergedHard/EQ_multipleEXTRA_prime_sum/libB CC2-Hybrid: equiv    ,46.3708  (Solve) ,,44.935 	CC2-Concurrent: equiv    ,42.6703  (Solve) ,,43.900 	KleeCLEVER: timeout  ,200.0000
./mergedHard/EQ_oddEQ_Add/libA      CC2-Hybrid: equiv    ,1.8410   (Solve) ,,1.643  	CC2-Concurrent: equiv    ,2.1729   (Solve) ,,1.785  	KleeCLEVER: timeout  ,200.0000
./mergedHard/EQ_oddEQ_Add/libB      CC2-Hybrid: equiv    ,0.2228   (Solve) ,,0.047  	CC2-Concurrent: equiv    ,0.3314   (Solve) ,,0.058  	KleeCLEVER: equiv    ,0.1083  
./mergedHard/EQ_oddEQ_Const/libA    CC2-Hybrid: equiv    ,1.7923   (Solve) ,,1.618  	CC2-Concurrent: equiv    ,2.1375   (Solve) ,,1.764  	KleeCLEVER: timeout  ,200.0000
./mergedHard/EQ_oddEQ_Const/libB    CC2-Hybrid: equiv    ,0.2189   (Solve) ,,0.040  	CC2-Concurrent: equiv    ,0.3284   (Solve) ,,0.068  	KleeCLEVER: equiv    ,0.1135  
./mergedHard/EQ_oddEQ_LoopMult20/libA CC2-Hybrid: not equiv ,1.1475   (Solve) ,,0.801  	CC2-Concurrent: not equiv ,1.4931   (Solve) ,,0.000  	KleeCLEVER: not equiv ,0.4184  
./mergedHard/EQ_oddEQ_LoopMult20/libB CC2-Hybrid: timeout  ,200.0000 (Solve) ,,0.000  	CC2-Concurrent: timeout  ,200.0000 (Solve) ,,0.000  	KleeCLEVER: timeout  ,200.0000
./mergedHard/EQ_oddEQ_LoopUnreach20/libA CC2-Hybrid: not equiv ,1.1703   (Solve) ,,0.810  	CC2-Concurrent: not equiv ,1.5564   (Solve) ,,0.000  	KleeCLEVER: not equiv ,0.4221  
./mergedHard/EQ_oddEQ_LoopUnreach20/libB CC2-Hybrid: equiv    ,0.2575   (Solve) ,,0.065  	CC2-Concurrent: equiv    ,0.4280   (Solve) ,,0.102  	KleeCLEVER: equiv    ,0.1409  
./mergedHard/EQ_oddEQ_UnchLoop/libA CC2-Hybrid: equiv    ,1.8009   (Solve) ,,1.630  	CC2-Concurrent: equiv    ,2.1573   (Solve) ,,1.780  	KleeCLEVER: timeout  ,200.0000
./mergedHard/EQ_oddEQ_UnchLoop/libB CC2-Hybrid: equiv    ,0.2661   (Solve) ,,0.082  	CC2-Concurrent: equiv    ,0.3836   (Solve) ,,0.114  	KleeCLEVER: timeout  ,200.0000
./mergedHard/EQ_oddEQ_divide/libA   CC2-Hybrid: not equiv ,0.8333   (Solve) ,,0.457  	CC2-Concurrent: not equiv ,1.1376   (Solve) ,,0.000  	KleeCLEVER: not equiv ,0.5308  
./mergedHard/EQ_oddEQ_divide/libB   CC2-Hybrid: equiv    ,0.2657   (Solve) ,,0.075  	CC2-Concurrent: equiv    ,0.4236   (Solve) ,,0.122  	KleeCLEVER: equiv    ,0.1510  
./mergedHard/EQ_oddEQ_getSign2/libA CC2-Hybrid: not equiv ,1.2007   (Solve) ,,0.855  	CC2-Concurrent: not equiv ,1.5045   (Solve) ,,0.000  	KleeCLEVER: not equiv ,0.5865  
./mergedHard/EQ_oddEQ_getSign2/libB CC2-Hybrid: not equiv ,0.5235   (Solve) ,,0.186  	CC2-Concurrent: not equiv ,0.8509   (Solve) ,,0.000  	KleeCLEVER: not equiv ,0.1533  
./mergedHard/EQ_oddEQ_is_prime1/libA CC2-Hybrid: equiv    ,1.5636   (Solve) ,,0.833  	CC2-Concurrent: equiv    ,2.4135   (Solve) ,,1.099  	KleeCLEVER: not equiv ,0.4252  
Disagreement error: ./mergedHard/EQ_oddEQ_is_prime1/libA
./mergedHard/EQ_oddEQ_is_prime1/libB CC2-Hybrid: equiv    ,0.1900   (Solve) ,,0.016  	CC2-Concurrent: equiv    ,0.3438   (Solve) ,,0.058  	KleeCLEVER: not equiv ,0.2305  
Disagreement error: ./mergedHard/EQ_oddEQ_is_prime1/libB
./mergedHard/EQ_oddEQ_is_prime3/libA CC2-Hybrid: equiv    ,3.1579   (Solve) ,,2.008  	CC2-Concurrent: equiv    ,3.8983   (Solve) ,,2.600  	KleeCLEVER: equiv    ,0.1129  
./mergedHard/EQ_oddEQ_is_prime3/libB CC2-Hybrid: equiv    ,1.4558   (Solve) ,,1.102  	CC2-Concurrent: equiv    ,1.1922   (Solve) ,,1.464  	KleeCLEVER: equiv    ,0.0962  
./mergedHard/EQ_oddEQ_ltfive/libA   CC2-Hybrid: equiv    ,0.6829   (Solve) ,,0.448  	CC2-Concurrent: equiv    ,0.8741   (Solve) ,,0.499  	KleeCLEVER: not equiv ,1.8132  
Disagreement error: ./mergedHard/EQ_oddEQ_ltfive/libA
./mergedHard/EQ_oddEQ_ltfive/libB   CC2-Hybrid: not equiv ,0.6596   (Solve) ,,0.237  	CC2-Concurrent: not equiv ,0.9676   (Solve) ,,0.000  	KleeCLEVER: not equiv ,0.2047  
./mergedHard/EQ_oddEQ_ltfiveBound/libA CC2-Hybrid: not equiv ,1.7706   (Solve) ,,1.314  	CC2-Concurrent: not equiv ,2.2123   (Solve) ,,0.000  	KleeCLEVER: not equiv ,1.7087  
./mergedHard/EQ_oddEQ_ltfiveBound/libB CC2-Hybrid: not equiv ,0.6780   (Solve) ,,0.223  	CC2-Concurrent: not equiv ,0.9244   (Solve) ,,0.000  	KleeCLEVER: not equiv ,0.1800  
./mergedHard/EQ_oddEQ_multiple/libA CC2-Hybrid: equiv    ,3.3118   (Solve) ,,3.095  	CC2-Concurrent: equiv    ,3.6950   (Solve) ,,3.294  	KleeCLEVER: timeout  ,200.0000
./mergedHard/EQ_oddEQ_multiple/libB CC2-Hybrid: not equiv ,0.9033   (Solve) ,,0.537  	CC2-Concurrent: not equiv ,1.2454   (Solve) ,,0.000  	KleeCLEVER: not equiv ,0.3519  
./mergedHard/EQ_oddEQ_multipleBound/libA CC2-Hybrid: equiv    ,3.5856   (Solve) ,,3.340  	CC2-Concurrent: equiv    ,3.9766   (Solve) ,,3.543  	KleeCLEVER: timeout  ,200.0000
./mergedHard/EQ_oddEQ_multipleBound/libB CC2-Hybrid: not equiv ,0.8767   (Solve) ,,0.486  	CC2-Concurrent: not equiv ,1.2490   (Solve) ,,0.000  	KleeCLEVER: not equiv ,0.3062  
./mergedHard/EQ_oddEQ_odd/libA      CC2-Hybrid: equiv    ,3.1053   (Solve) ,,2.903  	CC2-Concurrent: timeout  ,200.0000 (Solve) ,,0.000  	KleeCLEVER: timeout  ,200.0000
./mergedHard/EQ_oddEQ_odd/libB      CC2-Hybrid: timeout  ,200.0000 (Solve) ,,0.000  	CC2-Concurrent: equiv    ,3.5066   (Solve) ,,3.087  	KleeCLEVER: timeout  ,200.0000
./mergedHard/EQ_oddEQ_one/libA      CC2-Hybrid: not equiv ,0.9734   (Solve) ,,0.582  	CC2-Concurrent: not equiv ,1.3113   (Solve) ,,0.000  	KleeCLEVER: not equiv ,0.8603  
./mergedHard/EQ_oddEQ_one/libB      CC2-Hybrid: not equiv ,0.5778   (Solve) ,,0.196  	CC2-Concurrent: not equiv ,0.9301   (Solve) ,,0.000  	KleeCLEVER: not equiv ,0.1766  
./mergedHard/EQ_oddEQ_oneBound/libA CC2-Hybrid: not equiv ,1.7576   (Solve) ,,1.350  	CC2-Concurrent: not equiv ,2.1715   (Solve) ,,0.000  	KleeCLEVER: not equiv ,0.9219  
./mergedHard/EQ_oddEQ_oneBound/libB CC2-Hybrid: not equiv ,0.6240   (Solve) ,,0.207  	CC2-Concurrent: not equiv ,0.9528   (Solve) ,,0.000  	KleeCLEVER: not equiv ,0.1845  
./mergedHard/EQ_oddEQ_oneN2/libA    CC2-Hybrid: not equiv ,0.9547   (Solve) ,,0.588  	CC2-Concurrent: not equiv ,1.3465   (Solve) ,,0.000  	KleeCLEVER: not equiv ,0.8670  
./mergedHard/EQ_oddEQ_oneN2/libB    CC2-Hybrid: not equiv ,0.6088   (Solve) ,,0.231  	CC2-Concurrent: not equiv ,0.9204   (Solve) ,,0.000  	KleeCLEVER: not equiv ,0.1950  
./mergedHard/EQ_oddEQ_pos/libA      CC2-Hybrid: not equiv ,0.9046   (Solve) ,,0.525  	CC2-Concurrent: not equiv ,1.1614   (Solve) ,,0.000  	KleeCLEVER: not equiv ,0.7162  
./mergedHard/EQ_oddEQ_pos/libB      CC2-Hybrid: not equiv ,0.6391   (Solve) ,,0.240  	CC2-Concurrent: not equiv ,0.9656   (Solve) ,,0.000  	KleeCLEVER: not equiv ,0.2526  
./mergedHard/EQ_oddEQ_pos2/libA     CC2-Hybrid: not equiv ,0.9039   (Solve) ,,0.533  	CC2-Concurrent: not equiv ,1.2208   (Solve) ,,0.000  	KleeCLEVER: not equiv ,0.7154  
./mergedHard/EQ_oddEQ_pos2/libB     CC2-Hybrid: unknown  ,0.0000   (Solve) ,,0.000  	CC2-Concurrent: unknown  ,0.0000   (Solve) ,,0.000  	KleeCLEVER: timeout  ,200.0000
./mergedHard/EQ_oddEXTRA_prime_sum/libA CC2-Hybrid: equiv    ,3.8072   (Solve) ,,2.297  	CC2-Concurrent: equiv    ,3.5509   (Solve) ,,2.795  	KleeCLEVER: timeout  ,200.0000
./mergedHard/EQ_oddEXTRA_prime_sum/libB CC2-Hybrid: equiv    ,6.2725   (Solve) ,,4.692  	CC2-Concurrent: equiv    ,4.9119   (Solve) ,,5.730  	KleeCLEVER: timeout  ,200.0000
./mergedHard/EQ_oddNEQ_LoopMult20/libA CC2-Hybrid: not equiv ,1.1617   (Solve) ,,0.802  	CC2-Concurrent: not equiv ,1.5296   (Solve) ,,0.000  	KleeCLEVER: not equiv ,0.4150  
./mergedHard/EQ_oddNEQ_LoopMult20/libB CC2-Hybrid: not equiv ,0.7829   (Solve) ,,0.423  	CC2-Concurrent: not equiv ,1.0959   (Solve) ,,0.000  	KleeCLEVER: not equiv ,0.3657  
./mergedHard/EQ_oddNEQ_LoopUnreach20/libA CC2-Hybrid: not equiv ,1.1559   (Solve) ,,0.808  	CC2-Concurrent: not equiv ,1.5329   (Solve) ,,0.000  	KleeCLEVER: not equiv ,0.4186  
./mergedHard/EQ_oddNEQ_LoopUnreach20/libB CC2-Hybrid: not equiv ,0.5290   (Solve) ,,0.165  	CC2-Concurrent: not equiv ,0.8315   (Solve) ,,0.000  	KleeCLEVER: not equiv ,0.1495  
./mergedHard/EQ_oddNEQ_getSign/libA CC2-Hybrid: not equiv ,0.7870   (Solve) ,,0.482  	CC2-Concurrent: not equiv ,1.0893   (Solve) ,,0.000  	KleeCLEVER: not equiv ,0.4314  
./mergedHard/EQ_oddNEQ_getSign/libB CC2-Hybrid: not equiv ,0.5124   (Solve) ,,0.193  	CC2-Concurrent: not equiv ,0.8872   (Solve) ,,0.000  	KleeCLEVER: not equiv ,0.1523  
./mergedHard/EQ_oneBoundEQ_UnchLoop/libA CC2-Hybrid: not equiv ,0.5069   (Solve) ,,0.154  	CC2-Concurrent: not equiv ,0.8458   (Solve) ,,0.000  	KleeCLEVER: not equiv ,0.1403  
./mergedHard/EQ_oneBoundEQ_UnchLoop/libB CC2-Hybrid: equiv    ,0.2953   (Solve) ,,0.077  	CC2-Concurrent: equiv    ,0.4341   (Solve) ,,0.094  	KleeCLEVER: equiv    ,2.6614  
./mergedHard/EQ_oneBoundEQ_odd/libA CC2-Hybrid: not equiv ,0.6612   (Solve) ,,0.229  	CC2-Concurrent: not equiv ,0.9510   (Solve) ,,0.000  	KleeCLEVER: not equiv ,0.1805  
./mergedHard/EQ_oneBoundEQ_odd/libB CC2-Hybrid: not equiv ,1.4232   (Solve) ,,1.023  	CC2-Concurrent: not equiv ,1.8016   (Solve) ,,0.000  	KleeCLEVER: not equiv ,9.0302  
./mergedHard/EQ_oneBoundEQ_pos/libA CC2-Hybrid: not equiv ,0.6764   (Solve) ,,0.217  	CC2-Concurrent: not equiv ,0.9570   (Solve) ,,0.000  	KleeCLEVER: not equiv ,0.1819  
./mergedHard/EQ_oneBoundEQ_pos/libB CC2-Hybrid: equiv    ,4.6823   (Solve) ,,4.386  	CC2-Concurrent: equiv    ,4.9395   (Solve) ,,4.464  	KleeCLEVER: timeout  ,200.0000
./mergedHard/EQ_oneBoundEQ_pos2/libA CC2-Hybrid: not equiv ,0.6866   (Solve) ,,0.225  	CC2-Concurrent: not equiv ,1.0306   (Solve) ,,0.000  	KleeCLEVER: not equiv ,0.1770  
./mergedHard/EQ_oneBoundEQ_pos2/libB CC2-Hybrid: unknown  ,0.0000   (Solve) ,,0.000  	CC2-Concurrent: unknown  ,0.0000   (Solve) ,,0.000  	KleeCLEVER: timeout  ,200.0000
./mergedHard/EQ_oneBoundEXTRA_prime_sum/libA CC2-Hybrid: not equiv ,4.4456   (Solve) ,,1.630  	CC2-Concurrent: not equiv ,1.9211   (Solve) ,,0.000  	KleeCLEVER: not equiv ,0.1947  
./mergedHard/EQ_oneBoundEXTRA_prime_sum/libB CC2-Hybrid: equiv    ,9.6810   (Solve) ,,7.323  	CC2-Concurrent: equiv    ,5.3676   (Solve) ,,9.554  	KleeCLEVER: timeout  ,200.0000
./mergedHard/EQ_oneEQ_UnchLoop/libA CC2-Hybrid: not equiv ,0.5414   (Solve) ,,0.181  	CC2-Concurrent: not equiv ,0.8733   (Solve) ,,0.000  	KleeCLEVER: not equiv ,0.1547  
./mergedHard/EQ_oneEQ_UnchLoop/libB CC2-Hybrid: equiv    ,0.2861   (Solve) ,,0.094  	CC2-Concurrent: equiv    ,0.4528   (Solve) ,,0.128  	KleeCLEVER: timeout  ,200.0000
./mergedHard/EQ_oneEQ_odd/libA      CC2-Hybrid: not equiv ,0.6008   (Solve) ,,0.215  	CC2-Concurrent: not equiv ,0.9246   (Solve) ,,0.000  	KleeCLEVER: not equiv ,0.1634  
./mergedHard/EQ_oneEQ_odd/libB      CC2-Hybrid: not equiv ,0.9528   (Solve) ,,0.578  	CC2-Concurrent: not equiv ,1.3188   (Solve) ,,0.000  	KleeCLEVER: not equiv ,1.1248  
./mergedHard/EQ_oneEQ_pos/libA      CC2-Hybrid: not equiv ,0.6371   (Solve) ,,0.215  	CC2-Concurrent: not equiv ,0.9204   (Solve) ,,0.000  	KleeCLEVER: not equiv ,0.1689  
./mergedHard/EQ_oneEQ_pos/libB      CC2-Hybrid: equiv    ,4.5732   (Solve) ,,4.310  	CC2-Concurrent: equiv    ,4.9683   (Solve) ,,4.496  	KleeCLEVER: timeout  ,200.0000
./mergedHard/EQ_oneEQ_pos2/libA     CC2-Hybrid: not equiv ,0.6303   (Solve) ,,0.217  	CC2-Concurrent: not equiv ,0.9022   (Solve) ,,0.000  	KleeCLEVER: not equiv ,0.1725  
./mergedHard/EQ_oneEQ_pos2/libB     CC2-Hybrid: unknown  ,0.0000   (Solve) ,,0.000  	CC2-Concurrent: unknown  ,0.0000   (Solve) ,,0.000  	KleeCLEVER: timeout  ,200.0000
./mergedHard/EQ_oneEXTRA_prime_sum/libA CC2-Hybrid: not equiv ,1.0178   (Solve) ,,0.326  	CC2-Concurrent: not equiv ,1.6185   (Solve) ,,0.000  	KleeCLEVER: not equiv ,0.1703  
./mergedHard/EQ_oneEXTRA_prime_sum/libB CC2-Hybrid: equiv    ,9.6812   (Solve) ,,7.394  	CC2-Concurrent: equiv    ,5.2631   (Solve) ,,9.515  	KleeCLEVER: timeout  ,200.0000
./mergedHard/EQ_oneN2EQ_UnchLoop/libA CC2-Hybrid: not equiv ,0.5381   (Solve) ,,0.176  	CC2-Concurrent: not equiv ,0.8654   (Solve) ,,0.000  	KleeCLEVER: not equiv ,0.1507  
./mergedHard/EQ_oneN2EQ_UnchLoop/libB CC2-Hybrid: equiv    ,0.2870   (Solve) ,,0.095  	CC2-Concurrent: equiv    ,0.4252   (Solve) ,,0.127  	KleeCLEVER: timeout  ,200.0000
./mergedHard/EQ_oneN2EQ_odd/libA    CC2-Hybrid: not equiv ,0.6261   (Solve) ,,0.238  	CC2-Concurrent: not equiv ,0.9348   (Solve) ,,0.000  	KleeCLEVER: not equiv ,0.1888  
./mergedHard/EQ_oneN2EQ_odd/libB    CC2-Hybrid: not equiv ,0.9484   (Solve) ,,0.580  	CC2-Concurrent: not equiv ,1.3772   (Solve) ,,0.000  	KleeCLEVER: not equiv ,1.1197  
./mergedHard/EQ_oneN2EQ_pos/libA    CC2-Hybrid: not equiv ,0.6586   (Solve) ,,0.223  	CC2-Concurrent: not equiv ,0.9047   (Solve) ,,0.000  	KleeCLEVER: not equiv ,0.1783  
./mergedHard/EQ_oneN2EQ_pos/libB    CC2-Hybrid: equiv    ,4.5689   (Solve) ,,4.308  	CC2-Concurrent: equiv    ,5.0317   (Solve) ,,4.564  	KleeCLEVER: timeout  ,200.0000
./mergedHard/EQ_oneN2EQ_pos2/libA   CC2-Hybrid: not equiv ,0.6498   (Solve) ,,0.225  	CC2-Concurrent: not equiv ,0.9605   (Solve) ,,0.000  	KleeCLEVER: not equiv ,0.1821  
./mergedHard/EQ_oneN2EQ_pos2/libB   CC2-Hybrid: unknown  ,0.0000   (Solve) ,,0.000  	CC2-Concurrent: unknown  ,0.0000   (Solve) ,,0.000  	KleeCLEVER: timeout  ,200.0000
./mergedHard/EQ_oneN2EXTRA_prime_sum/libA CC2-Hybrid: not equiv ,1.0436   (Solve) ,,0.355  	CC2-Concurrent: not equiv ,1.5852   (Solve) ,,0.000  	KleeCLEVER: not equiv ,0.1809  
./mergedHard/EQ_oneN2EXTRA_prime_sum/libB CC2-Hybrid: equiv    ,9.6551   (Solve) ,,7.363  	CC2-Concurrent: equiv    ,5.4603   (Solve) ,,9.667  	KleeCLEVER: timeout  ,200.0000
./mergedHard/EQ_pos2EQ_Add/libA     CC2-Hybrid: unknown  ,0.0000   (Solve) ,,0.000  	CC2-Concurrent: unknown  ,0.0000   (Solve) ,,0.000  	KleeCLEVER: timeout  ,200.0000
./mergedHard/EQ_pos2EQ_Add/libB     CC2-Hybrid: equiv    ,0.2553   (Solve) ,,0.047  	CC2-Concurrent: equiv    ,0.4082   (Solve) ,,0.099  	KleeCLEVER: equiv    ,0.1143  
./mergedHard/EQ_pos2EQ_Const/libA   CC2-Hybrid: unknown  ,0.0000   (Solve) ,,0.000  	CC2-Concurrent: unknown  ,0.0000   (Solve) ,,0.000  	KleeCLEVER: timeout  ,200.0000
./mergedHard/EQ_pos2EQ_Const/libB   CC2-Hybrid: equiv    ,0.2554   (Solve) ,,0.041  	CC2-Concurrent: equiv    ,0.4004   (Solve) ,,0.099  	KleeCLEVER: equiv    ,0.1136  
./mergedHard/EQ_pos2EQ_LoopMult20/libA CC2-Hybrid: unknown  ,0.0000   (Solve) ,,0.000  	CC2-Concurrent: unknown  ,0.0000   (Solve) ,,0.000  	KleeCLEVER: timeout  ,200.0000
./mergedHard/EQ_pos2EQ_LoopMult20/libB CC2-Hybrid: equiv    ,0.6665   (Solve) ,,0.416  	CC2-Concurrent: equiv    ,0.8676   (Solve) ,,0.502  	KleeCLEVER: equiv    ,0.2976  
./mergedHard/EQ_pos2EQ_LoopUnreach20/libA CC2-Hybrid: unknown  ,0.0000   (Solve) ,,0.000  	CC2-Concurrent: unknown  ,0.0000   (Solve) ,,0.000  	KleeCLEVER: timeout  ,200.0000
./mergedHard/EQ_pos2EQ_LoopUnreach20/libB CC2-Hybrid: equiv    ,0.3414   (Solve) ,,0.084  	CC2-Concurrent: equiv    ,0.4790   (Solve) ,,0.134  	KleeCLEVER: equiv    ,0.1588  
./mergedHard/EQ_pos2EQ_UnchLoop/libA CC2-Hybrid: unknown  ,0.0000   (Solve) ,,0.000  	CC2-Concurrent: unknown  ,0.0000   (Solve) ,,0.000  	KleeCLEVER: timeout  ,200.0000
./mergedHard/EQ_pos2EQ_UnchLoop/libB CC2-Hybrid: equiv    ,0.2629   (Solve) ,,0.047  	CC2-Concurrent: equiv    ,0.4148   (Solve) ,,0.110  	KleeCLEVER: equiv    ,0.1261  
./mergedHard/EQ_pos2EQ_divide/libA  CC2-Hybrid: unknown  ,0.0000   (Solve) ,,0.000  	CC2-Concurrent: unknown  ,0.0000   (Solve) ,,0.000  	KleeCLEVER: timeout  ,200.0000
./mergedHard/EQ_pos2EQ_divide/libB  CC2-Hybrid: equiv    ,0.3115   (Solve) ,,0.062  	CC2-Concurrent: equiv    ,0.4495   (Solve) ,,0.098  	KleeCLEVER: equiv    ,0.1374  
./mergedHard/EQ_pos2EQ_getSign2/libA CC2-Hybrid: unknown  ,0.0000   (Solve) ,,0.000  	CC2-Concurrent: unknown  ,0.0000   (Solve) ,,0.000  	KleeCLEVER: timeout  ,200.0000
./mergedHard/EQ_pos2EQ_getSign2/libB CC2-Hybrid: not equiv ,0.6024   (Solve) ,,0.211  	CC2-Concurrent: not equiv ,0.9371   (Solve) ,,0.000  	KleeCLEVER: not equiv ,0.1777  
./mergedHard/EQ_pos2EQ_is_prime1/libA CC2-Hybrid: unknown  ,0.0000   (Solve) ,,0.000  	CC2-Concurrent: unknown  ,0.0000   (Solve) ,,0.000  	KleeCLEVER: timeout  ,200.0000
./mergedHard/EQ_pos2EQ_is_prime1/libB CC2-Hybrid: equiv    ,0.2524   (Solve) ,,0.018  	CC2-Concurrent: equiv    ,0.3900   (Solve) ,,0.058  	KleeCLEVER: equiv    ,1.1718  
./mergedHard/EQ_pos2EQ_is_prime3/libA CC2-Hybrid: unknown  ,0.0000   (Solve) ,,0.000  	CC2-Concurrent: unknown  ,0.0000   (Solve) ,,0.000  	KleeCLEVER: equiv    ,0.1222  
Disagreement error: ./mergedHard/EQ_pos2EQ_is_prime3/libA
./mergedHard/EQ_pos2EQ_is_prime3/libB CC2-Hybrid: equiv    ,2.1668   (Solve) ,,1.650  	CC2-Concurrent: equiv    ,1.3238   (Solve) ,,2.180  	KleeCLEVER: equiv    ,0.0940  
./mergedHard/EQ_pos2EQ_ltfive/libA  CC2-Hybrid: unknown  ,0.0000   (Solve) ,,0.000  	CC2-Concurrent: unknown  ,0.0000   (Solve) ,,0.000  	KleeCLEVER: timeout  ,200.0000
./mergedHard/EQ_pos2EQ_ltfive/libB  CC2-Hybrid: not equiv ,0.7154   (Solve) ,,0.246  	CC2-Concurrent: not equiv ,0.9729   (Solve) ,,0.000  	KleeCLEVER: not equiv ,0.1939  
./mergedHard/EQ_pos2EQ_ltfiveBound/libA CC2-Hybrid: unknown  ,0.0000   (Solve) ,,0.000  	CC2-Concurrent: unknown  ,0.0000   (Solve) ,,0.000  	KleeCLEVER: timeout  ,200.0000
./mergedHard/EQ_pos2EQ_ltfiveBound/libB CC2-Hybrid: not equiv ,0.7157   (Solve) ,,0.215  	CC2-Concurrent: not equiv ,1.0388   (Solve) ,,0.000  	KleeCLEVER: not equiv ,0.1825  
./mergedHard/EQ_pos2EQ_multiple/libA CC2-Hybrid: unknown  ,0.0000   (Solve) ,,0.000  	CC2-Concurrent: unknown  ,0.0000   (Solve) ,,0.000  	KleeCLEVER: timeout  ,200.0000
./mergedHard/EQ_pos2EQ_multiple/libB CC2-Hybrid: not equiv ,0.8327   (Solve) ,,0.433  	CC2-Concurrent: not equiv ,1.1916   (Solve) ,,0.000  	KleeCLEVER: not equiv ,0.2617  
./mergedHard/EQ_pos2EQ_multipleBound/libA CC2-Hybrid: unknown  ,0.0000   (Solve) ,,0.000  	CC2-Concurrent: unknown  ,0.0000   (Solve) ,,0.000  	KleeCLEVER: timeout  ,200.0000
./mergedHard/EQ_pos2EQ_multipleBound/libB CC2-Hybrid: not equiv ,0.8568   (Solve) ,,0.381  	CC2-Concurrent: not equiv ,1.0540   (Solve) ,,0.000  	KleeCLEVER: not equiv ,0.2626  
./mergedHard/EQ_pos2EQ_odd/libA     CC2-Hybrid: unknown  ,0.0000   (Solve) ,,0.000  	CC2-Concurrent: unknown  ,0.0000   (Solve) ,,0.000  	KleeCLEVER: timeout  ,200.0000
./mergedHard/EQ_pos2EQ_odd/libB     CC2-Hybrid: not equiv ,0.9107   (Solve) ,,0.519  	CC2-Concurrent: not equiv ,1.2602   (Solve) ,,0.000  	KleeCLEVER: not equiv ,1.1094  
./mergedHard/EQ_pos2EQ_one/libA     CC2-Hybrid: unknown  ,0.0000   (Solve) ,,0.000  	CC2-Concurrent: unknown  ,0.0000   (Solve) ,,0.000  	KleeCLEVER: timeout  ,200.0000
./mergedHard/EQ_pos2EQ_one/libB     CC2-Hybrid: not equiv ,0.6322   (Solve) ,,0.210  	CC2-Concurrent: not equiv ,0.9716   (Solve) ,,0.000  	KleeCLEVER: not equiv ,0.1700  
./mergedHard/EQ_pos2EQ_oneBound/libA CC2-Hybrid: unknown  ,0.0000   (Solve) ,,0.000  	CC2-Concurrent: unknown  ,0.0000   (Solve) ,,0.000  	KleeCLEVER: timeout  ,200.0000
./mergedHard/EQ_pos2EQ_oneBound/libB CC2-Hybrid: not equiv ,0.6498   (Solve) ,,0.201  	CC2-Concurrent: not equiv ,1.0019   (Solve) ,,0.000  	KleeCLEVER: not equiv ,0.1811  
./mergedHard/EQ_pos2EQ_oneN2/libA   CC2-Hybrid: unknown  ,0.0000   (Solve) ,,0.000  	CC2-Concurrent: unknown  ,0.0000   (Solve) ,,0.000  	KleeCLEVER: timeout  ,200.0000
./mergedHard/EQ_pos2EQ_oneN2/libB   CC2-Hybrid: not equiv ,0.6455   (Solve) ,,0.221  	CC2-Concurrent: not equiv ,1.0097   (Solve) ,,0.000  	KleeCLEVER: not equiv ,0.1776  
./mergedHard/EQ_pos2EQ_pos/libA     CC2-Hybrid: unknown  ,0.0000   (Solve) ,,0.000  	CC2-Concurrent: unknown  ,0.0000   (Solve) ,,0.000  	KleeCLEVER: timeout  ,200.0000
./mergedHard/EQ_pos2EQ_pos/libB     CC2-Hybrid: equiv    ,3.8955   (Solve) ,,3.605  	CC2-Concurrent: equiv    ,4.2253   (Solve) ,,3.759  	KleeCLEVER: timeout  ,200.0000
./mergedHard/EQ_pos2EQ_pos2/libA    CC2-Hybrid: unknown  ,0.0000   (Solve) ,,0.000  	CC2-Concurrent: unknown  ,0.0000   (Solve) ,,0.000  	KleeCLEVER: timeout  ,200.0000
./mergedHard/EQ_pos2EQ_pos2/libB    CC2-Hybrid: unknown  ,0.0000   (Solve) ,,0.000  	CC2-Concurrent: unknown  ,0.0000   (Solve) ,,0.000  	KleeCLEVER: timeout  ,200.0000
./mergedHard/EQ_pos2EXTRA_prime_sum/libA CC2-Hybrid: unknown  ,0.0000   (Solve) ,,0.000  	CC2-Concurrent: unknown  ,0.0000   (Solve) ,,0.000  	KleeCLEVER: timeout  ,200.0000
./mergedHard/EQ_pos2EXTRA_prime_sum/libB CC2-Hybrid: equiv    ,9.4083   (Solve) ,,7.080  	CC2-Concurrent: equiv    ,5.1266   (Solve) ,,9.332  	KleeCLEVER: timeout  ,200.0000
./mergedHard/EQ_pos2NEQ_LoopMult20/libA CC2-Hybrid: unknown  ,0.0000   (Solve) ,,0.000  	CC2-Concurrent: unknown  ,0.0000   (Solve) ,,0.000  	KleeCLEVER: timeout  ,200.0000
./mergedHard/EQ_pos2NEQ_LoopMult20/libB CC2-Hybrid: not equiv ,0.8137   (Solve) ,,0.401  	CC2-Concurrent: not equiv ,1.1851   (Solve) ,,0.000  	KleeCLEVER: not equiv ,0.2607  
./mergedHard/EQ_pos2NEQ_LoopUnreach20/libA CC2-Hybrid: unknown  ,0.0000   (Solve) ,,0.000  	CC2-Concurrent: unknown  ,0.0000   (Solve) ,,0.000  	KleeCLEVER: timeout  ,200.0000
./mergedHard/EQ_pos2NEQ_LoopUnreach20/libB CC2-Hybrid: not equiv ,0.6204   (Solve) ,,0.188  	CC2-Concurrent: not equiv ,0.9307   (Solve) ,,0.000  	KleeCLEVER: not equiv ,0.1676  
./mergedHard/EQ_pos2NEQ_getSign/libA CC2-Hybrid: unknown  ,0.0000   (Solve) ,,0.000  	CC2-Concurrent: unknown  ,0.0000   (Solve) ,,0.000  	KleeCLEVER: timeout  ,200.0000
./mergedHard/EQ_pos2NEQ_getSign/libB CC2-Hybrid: not equiv ,0.5781   (Solve) ,,0.221  	CC2-Concurrent: not equiv ,0.9137   (Solve) ,,0.000  	KleeCLEVER: not equiv ,0.1736  
./mergedHard/EQ_posEQ_Add/libA      CC2-Hybrid: not equiv ,0.5379   (Solve) ,,0.198  	CC2-Concurrent: not equiv ,0.8726   (Solve) ,,0.000  	KleeCLEVER: not equiv ,0.1723  
./mergedHard/EQ_posEQ_Add/libB      CC2-Hybrid: equiv    ,0.2309   (Solve) ,,0.046  	CC2-Concurrent: equiv    ,0.3480   (Solve) ,,0.073  	KleeCLEVER: equiv    ,0.1151  
./mergedHard/EQ_posEQ_Const/libA    CC2-Hybrid: not equiv ,0.5273   (Solve) ,,0.193  	CC2-Concurrent: not equiv ,0.8996   (Solve) ,,0.000  	KleeCLEVER: not equiv ,0.1719  
./mergedHard/EQ_posEQ_Const/libB    CC2-Hybrid: equiv    ,0.2334   (Solve) ,,0.046  	CC2-Concurrent: equiv    ,0.3865   (Solve) ,,0.084  	KleeCLEVER: equiv    ,0.1222  
./mergedHard/EQ_posEQ_LoopMult20/libA CC2-Hybrid: not equiv ,0.6490   (Solve) ,,0.268  	CC2-Concurrent: not equiv ,1.0184   (Solve) ,,0.000  	KleeCLEVER: not equiv ,0.2473  
./mergedHard/EQ_posEQ_LoopMult20/libB CC2-Hybrid: equiv    ,0.6477   (Solve) ,,0.420  	CC2-Concurrent: equiv    ,0.8677   (Solve) ,,0.519  	KleeCLEVER: equiv    ,0.3009  
./mergedHard/EQ_posEQ_LoopUnreach20/libA CC2-Hybrid: not equiv ,0.6393   (Solve) ,,0.263  	CC2-Concurrent: not equiv ,1.0327   (Solve) ,,0.000  	KleeCLEVER: not equiv ,0.2442  
./mergedHard/EQ_posEQ_LoopUnreach20/libB CC2-Hybrid: equiv    ,0.3288   (Solve) ,,0.088  	CC2-Concurrent: equiv    ,0.4569   (Solve) ,,0.118  	KleeCLEVER: equiv    ,0.1566  
./mergedHard/EQ_posEQ_UnchLoop/libA CC2-Hybrid: not equiv ,0.5428   (Solve) ,,0.200  	CC2-Concurrent: not equiv ,0.8781   (Solve) ,,0.000  	KleeCLEVER: not equiv ,0.1722  
./mergedHard/EQ_posEQ_UnchLoop/libB CC2-Hybrid: equiv    ,0.2402   (Solve) ,,0.047  	CC2-Concurrent: equiv    ,0.4153   (Solve) ,,0.090  	KleeCLEVER: equiv    ,0.1266  
./mergedHard/EQ_posEQ_divide/libA   CC2-Hybrid: not equiv ,0.6573   (Solve) ,,0.274  	CC2-Concurrent: not equiv ,0.9868   (Solve) ,,0.000  	KleeCLEVER: not equiv ,0.2647  
./mergedHard/EQ_posEQ_divide/libB   CC2-Hybrid: equiv    ,0.2877   (Solve) ,,0.060  	CC2-Concurrent: equiv    ,0.4781   (Solve) ,,0.118  	KleeCLEVER: equiv    ,0.1424  
./mergedHard/EQ_posEQ_getSign2/libA CC2-Hybrid: not equiv ,0.6264   (Solve) ,,0.260  	CC2-Concurrent: not equiv ,0.9953   (Solve) ,,0.000  	KleeCLEVER: not equiv ,0.2311  
./mergedHard/EQ_posEQ_getSign2/libB CC2-Hybrid: not equiv ,0.5669   (Solve) ,,0.201  	CC2-Concurrent: not equiv ,0.9399   (Solve) ,,0.000  	KleeCLEVER: not equiv ,0.1800  
./mergedHard/EQ_posEQ_is_prime1/libA CC2-Hybrid: not equiv ,0.5830   (Solve) ,,0.234  	CC2-Concurrent: not equiv ,0.9054   (Solve) ,,0.000  	KleeCLEVER: not equiv ,0.2367  
./mergedHard/EQ_posEQ_is_prime1/libB CC2-Hybrid: equiv    ,0.2244   (Solve) ,,0.011  	CC2-Concurrent: equiv    ,0.3742   (Solve) ,,0.053  	KleeCLEVER: equiv    ,1.1837  
./mergedHard/EQ_posEQ_is_prime3/libA CC2-Hybrid: equiv    ,3.5214   (Solve) ,,1.629  	CC2-Concurrent: equiv    ,3.1773   (Solve) ,,2.927  	KleeCLEVER: equiv    ,0.1170  
./mergedHard/EQ_posEQ_is_prime3/libB CC2-Hybrid: equiv    ,2.1826   (Solve) ,,1.664  	CC2-Concurrent: equiv    ,1.2852   (Solve) ,,2.139  	KleeCLEVER: equiv    ,0.0956  
./mergedHard/EQ_posEQ_ltfive/libA   CC2-Hybrid: not equiv ,0.7304   (Solve) ,,0.278  	CC2-Concurrent: not equiv ,1.0976   (Solve) ,,0.000  	KleeCLEVER: not equiv ,0.3230  
./mergedHard/EQ_posEQ_ltfive/libB   CC2-Hybrid: not equiv ,0.6809   (Solve) ,,0.248  	CC2-Concurrent: not equiv ,1.0446   (Solve) ,,0.000  	KleeCLEVER: not equiv ,0.1953  
./mergedHard/EQ_posEQ_ltfiveBound/libA CC2-Hybrid: not equiv ,1.2233   (Solve) ,,0.736  	CC2-Concurrent: not equiv ,1.6656   (Solve) ,,0.000  	KleeCLEVER: not equiv ,0.2937  
./mergedHard/EQ_posEQ_ltfiveBound/libB CC2-Hybrid: not equiv ,0.7178   (Solve) ,,0.211  	CC2-Concurrent: not equiv ,1.0530   (Solve) ,,0.000  	KleeCLEVER: not equiv ,0.1848  
./mergedHard/EQ_posEQ_multiple/libA CC2-Hybrid: timeout  ,200.0000 (Solve) ,,0.000  	CC2-Concurrent: timeout  ,200.0000 (Solve) ,,0.000  	KleeCLEVER: not equiv ,0.2817  
./mergedHard/EQ_posEQ_multiple/libB CC2-Hybrid: not equiv ,0.8180   (Solve) ,,0.476  	CC2-Concurrent: not equiv ,1.2102   (Solve) ,,0.000  	KleeCLEVER: not equiv ,0.2607  
./mergedHard/EQ_posEQ_multipleBound/libA CC2-Hybrid: not equiv ,0.9779   (Solve) ,,0.535  	CC2-Concurrent: not equiv ,1.3818   (Solve) ,,0.000  	KleeCLEVER: not equiv ,0.3796  
./mergedHard/EQ_posEQ_multipleBound/libB CC2-Hybrid: not equiv ,0.8219   (Solve) ,,0.399  	CC2-Concurrent: not equiv ,1.1769   (Solve) ,,0.000  	KleeCLEVER: not equiv ,0.2556  
./mergedHard/EQ_posEQ_odd/libA      CC2-Hybrid: not equiv ,0.6240   (Solve) ,,0.261  	CC2-Concurrent: not equiv ,0.9829   (Solve) ,,0.000  	KleeCLEVER: not equiv ,0.2463  
./mergedHard/EQ_posEQ_odd/libB      CC2-Hybrid: not equiv ,0.8789   (Solve) ,,0.515  	CC2-Concurrent: not equiv ,1.2593   (Solve) ,,0.000  	KleeCLEVER: not equiv ,1.1526  
./mergedHard/EQ_posEQ_one/libA      CC2-Hybrid: equiv    ,0.4405   (Solve) ,,0.187  	CC2-Concurrent: equiv    ,0.5538   (Solve) ,,0.224  	KleeCLEVER: timeout  ,200.0000
./mergedHard/EQ_posEQ_one/libB      CC2-Hybrid: not equiv ,0.6281   (Solve) ,,0.206  	CC2-Concurrent: not equiv ,0.9355   (Solve) ,,0.000  	KleeCLEVER: not equiv ,0.1761  
./mergedHard/EQ_posEQ_oneBound/libA CC2-Hybrid: equiv    ,4.4979   (Solve) ,,4.203  	CC2-Concurrent: equiv    ,4.8533   (Solve) ,,4.342  	KleeCLEVER: timeout  ,200.0000
./mergedHard/EQ_posEQ_oneBound/libB CC2-Hybrid: not equiv ,0.6481   (Solve) ,,0.198  	CC2-Concurrent: not equiv ,0.9768   (Solve) ,,0.000  	KleeCLEVER: not equiv ,0.1791  
./mergedHard/EQ_posEQ_oneN2/libA    CC2-Hybrid: equiv    ,0.4258   (Solve) ,,0.184  	CC2-Concurrent: equiv    ,0.5687   (Solve) ,,0.226  	KleeCLEVER: timeout  ,200.0000
./mergedHard/EQ_posEQ_oneN2/libB    CC2-Hybrid: not equiv ,0.6524   (Solve) ,,0.223  	CC2-Concurrent: not equiv ,0.9806   (Solve) ,,0.000  	KleeCLEVER: not equiv ,0.1731  
./mergedHard/EQ_posEQ_pos/libA      CC2-Hybrid: equiv    ,3.9178   (Solve) ,,3.644  	CC2-Concurrent: equiv    ,4.2230   (Solve) ,,3.744  	KleeCLEVER: timeout  ,200.0000
./mergedHard/EQ_posEQ_pos/libB      CC2-Hybrid: equiv    ,3.9084   (Solve) ,,3.613  	CC2-Concurrent: equiv    ,4.1878   (Solve) ,,3.715  	KleeCLEVER: timeout  ,200.0000
./mergedHard/EQ_posEQ_pos2/libA     CC2-Hybrid: equiv    ,3.8752   (Solve) ,,3.582  	CC2-Concurrent: equiv    ,4.1865   (Solve) ,,3.721  	KleeCLEVER: timeout  ,200.0000
./mergedHard/EQ_posEQ_pos2/libB     CC2-Hybrid: unknown  ,0.0000   (Solve) ,,0.000  	CC2-Concurrent: unknown  ,0.0000   (Solve) ,,0.000  	KleeCLEVER: timeout  ,200.0000
./mergedHard/EQ_posEXTRA_prime_sum/libA CC2-Hybrid: not equiv ,13.6067  (Solve) ,,11.530 	CC2-Concurrent: not equiv ,11.9813  (Solve) ,,0.000  	KleeCLEVER: not equiv ,0.3108  
./mergedHard/EQ_posEXTRA_prime_sum/libB CC2-Hybrid: equiv    ,9.3872   (Solve) ,,7.046  	CC2-Concurrent: equiv    ,5.1288   (Solve) ,,9.394  	KleeCLEVER: timeout  ,200.0000
./mergedHard/EQ_posNEQ_LoopMult20/libA CC2-Hybrid: not equiv ,0.6738   (Solve) ,,0.272  	CC2-Concurrent: not equiv ,1.0107   (Solve) ,,0.000  	KleeCLEVER: not equiv ,0.2493  
./mergedHard/EQ_posNEQ_LoopMult20/libB CC2-Hybrid: not equiv ,0.7951   (Solve) ,,0.405  	CC2-Concurrent: not equiv ,1.1595   (Solve) ,,0.000  	KleeCLEVER: not equiv ,0.2656  
./mergedHard/EQ_posNEQ_LoopUnreach20/libA CC2-Hybrid: not equiv ,0.6329   (Solve) ,,0.259  	CC2-Concurrent: not equiv ,1.0370   (Solve) ,,0.000  	KleeCLEVER: not equiv ,0.2515  
./mergedHard/EQ_posNEQ_LoopUnreach20/libB CC2-Hybrid: not equiv ,0.5930   (Solve) ,,0.196  	CC2-Concurrent: not equiv ,0.9150   (Solve) ,,0.000  	KleeCLEVER: not equiv ,0.1677  
./mergedHard/EQ_posNEQ_getSign/libA CC2-Hybrid: not equiv ,0.5850   (Solve) ,,0.243  	CC2-Concurrent: not equiv ,0.8983   (Solve) ,,0.000  	KleeCLEVER: not equiv ,0.2384  
./mergedHard/EQ_posNEQ_getSign/libB CC2-Hybrid: not equiv ,0.5534   (Solve) ,,0.218  	CC2-Concurrent: not equiv ,0.8964   (Solve) ,,0.000  	KleeCLEVER: not equiv ,0.1791  
./mergedHard/EXTRA_prime_sumEQ_Add/libA CC2-Hybrid: not equiv ,6.0642   (Solve) ,,4.804  	CC2-Concurrent: not equiv ,4.1095   (Solve) ,,0.000  	KleeCLEVER: not equiv ,0.1426  
./mergedHard/EXTRA_prime_sumEQ_Add/libB CC2-Hybrid: equiv    ,0.3269   (Solve) ,,0.073  	CC2-Concurrent: equiv    ,0.4503   (Solve) ,,0.190  	KleeCLEVER: timeout  ,200.0000
./mergedHard/EXTRA_prime_sumEQ_Const/libA CC2-Hybrid: not equiv ,6.1092   (Solve) ,,4.803  	CC2-Concurrent: not equiv ,4.1420   (Solve) ,,0.000  	KleeCLEVER: not equiv ,0.1426  
./mergedHard/EXTRA_prime_sumEQ_Const/libB CC2-Hybrid: equiv    ,0.3240   (Solve) ,,0.072  	CC2-Concurrent: equiv    ,0.3883   (Solve) ,,0.120  	KleeCLEVER: timeout  ,200.0000
./mergedHard/EXTRA_prime_sumEQ_LoopMult20/libA CC2-Hybrid: not equiv ,91.5748  (Solve) ,,85.493 	CC2-Concurrent: not equiv ,90.2348  (Solve) ,,0.000  	KleeCLEVER: not equiv ,2.5515  
./mergedHard/EXTRA_prime_sumEQ_LoopMult20/libB CC2-Hybrid: timeout  ,200.0000 (Solve) ,,0.000  	CC2-Concurrent: timeout  ,200.0000 (Solve) ,,0.000  	KleeCLEVER: timeout  ,200.0000
./mergedHard/EXTRA_prime_sumEQ_LoopUnreach20/libA CC2-Hybrid: not equiv ,88.8638  (Solve) ,,82.787 	CC2-Concurrent: not equiv ,92.8339  (Solve) ,,0.000  	KleeCLEVER: not equiv ,2.5762  
./mergedHard/EXTRA_prime_sumEQ_LoopUnreach20/libB CC2-Hybrid: equiv    ,2.2491   (Solve) ,,0.719  	CC2-Concurrent: equiv    ,2.2973   (Solve) ,,1.298  	KleeCLEVER: timeout  ,200.0000
./mergedHard/EXTRA_prime_sumEQ_UnchLoop/libA CC2-Hybrid: not equiv ,6.1212   (Solve) ,,4.810  	CC2-Concurrent: not equiv ,4.3666   (Solve) ,,0.000  	KleeCLEVER: not equiv ,0.1400  
./mergedHard/EXTRA_prime_sumEQ_UnchLoop/libB CC2-Hybrid: equiv    ,60.6948  (Solve) ,,60.398 	CC2-Concurrent: equiv    ,30.9748  (Solve) ,,60.821 	KleeCLEVER: timeout  ,200.0000
./mergedHard/EXTRA_prime_sumEQ_divide/libA CC2-Hybrid: not equiv ,44.3256  (Solve) ,,40.236 	CC2-Concurrent: not equiv ,49.6336  (Solve) ,,0.000  	KleeCLEVER: not equiv ,47.1804 
./mergedHard/EXTRA_prime_sumEQ_divide/libB CC2-Hybrid: equiv    ,0.4090   (Solve) ,,0.085  	CC2-Concurrent: equiv    ,0.4775   (Solve) ,,0.178  	KleeCLEVER: equiv    ,0.1247  
./mergedHard/EXTRA_prime_sumEQ_getSign2/libA CC2-Hybrid: not equiv ,45.6767  (Solve) ,,41.289 	CC2-Concurrent: not equiv ,55.3950  (Solve) ,,0.000  	KleeCLEVER: not equiv ,108.2424
./mergedHard/EXTRA_prime_sumEQ_getSign2/libB CC2-Hybrid: equiv    ,2.1366   (Solve) ,,0.660  	CC2-Concurrent: equiv    ,2.2814   (Solve) ,,1.238  	KleeCLEVER: timeout  ,200.0000
./mergedHard/EXTRA_prime_sumEQ_is_prime1/libA CC2-Hybrid: not equiv ,45.0928  (Solve) ,,40.826 	CC2-Concurrent: not equiv ,51.0597  (Solve) ,,0.000  	KleeCLEVER: not equiv ,108.2302
./mergedHard/EXTRA_prime_sumEQ_is_prime1/libB CC2-Hybrid: equiv    ,0.3399   (Solve) ,,0.029  	CC2-Concurrent: equiv    ,0.4028   (Solve) ,,0.081  	KleeCLEVER: not equiv ,0.1709  
Disagreement error: ./mergedHard/EXTRA_prime_sumEQ_is_prime1/libB
./mergedHard/EXTRA_prime_sumEQ_is_prime3/libA CC2-Hybrid: equiv    ,7.9498   (Solve) ,,6.304  	CC2-Concurrent: equiv    ,6.4499   (Solve) ,,7.425  	KleeCLEVER: equiv    ,0.1169  
./mergedHard/EXTRA_prime_sumEQ_is_prime3/libB CC2-Hybrid: equiv    ,1.4639   (Solve) ,,1.115  	CC2-Concurrent: equiv    ,1.1477   (Solve) ,,1.386  	KleeCLEVER: equiv    ,0.1001  
./mergedHard/EXTRA_prime_sumEQ_ltfive/libA CC2-Hybrid: equiv    ,9.5715   (Solve) ,,7.172  	CC2-Concurrent: equiv    ,5.3797   (Solve) ,,9.476  	KleeCLEVER: timeout  ,200.0000
./mergedHard/EXTRA_prime_sumEQ_ltfive/libB CC2-Hybrid: not equiv ,2.1022   (Solve) ,,0.751  	CC2-Concurrent: not equiv ,1.9847   (Solve) ,,0.000  	KleeCLEVER: not equiv ,0.1974  
./mergedHard/EXTRA_prime_sumEQ_ltfiveBound/libA CC2-Hybrid: not equiv ,88.2144  (Solve) ,,82.955 	CC2-Concurrent: not equiv ,93.3495  (Solve) ,,0.000  	KleeCLEVER: not equiv ,90.0234 
./mergedHard/EXTRA_prime_sumEQ_ltfiveBound/libB CC2-Hybrid: unknown  ,0.0000   (Solve) ,,0.000  	CC2-Concurrent: unknown  ,0.0000   (Solve) ,,0.000  	KleeCLEVER: timeout  ,200.0000
./mergedHard/EXTRA_prime_sumEQ_multiple/libA CC2-Hybrid: equiv    ,43.8975  (Solve) ,,42.250 	CC2-Concurrent: equiv    ,43.0042  (Solve) ,,44.310 	KleeCLEVER: timeout  ,200.0000
./mergedHard/EXTRA_prime_sumEQ_multiple/libB CC2-Hybrid: not equiv ,6.9214   (Solve) ,,5.671  	CC2-Concurrent: not equiv ,14.3099  (Solve) ,,0.000  	KleeCLEVER: not equiv ,0.2945  
./mergedHard/EXTRA_prime_sumEQ_multipleBound/libA CC2-Hybrid: equiv    ,27.5989  (Solve) ,,25.930 	CC2-Concurrent: equiv    ,26.4593  (Solve) ,,27.331 	KleeCLEVER: timeout  ,200.0000
./mergedHard/EXTRA_prime_sumEQ_multipleBound/libB CC2-Hybrid: not equiv ,15.5611  (Solve) ,,14.142 	CC2-Concurrent: not equiv ,17.7953  (Solve) ,,0.000  	KleeCLEVER: not equiv ,0.4099  
./mergedHard/EXTRA_prime_sumEQ_odd/libA CC2-Hybrid: equiv    ,6.3453   (Solve) ,,4.778  	CC2-Concurrent: equiv    ,4.6835   (Solve) ,,5.887  	KleeCLEVER: timeout  ,200.0000
./mergedHard/EXTRA_prime_sumEQ_odd/libB CC2-Hybrid: equiv    ,2.4312   (Solve) ,,0.923  	CC2-Concurrent: equiv    ,2.4248   (Solve) ,,1.488  	KleeCLEVER: timeout  ,200.0000
./mergedHard/EXTRA_prime_sumEQ_one/libA CC2-Hybrid: equiv    ,9.6808   (Solve) ,,7.363  	CC2-Concurrent: equiv    ,5.4843   (Solve) ,,9.861  	KleeCLEVER: timeout  ,200.0000
./mergedHard/EXTRA_prime_sumEQ_one/libB CC2-Hybrid: not equiv ,1.9286   (Solve) ,,0.651  	CC2-Concurrent: not equiv ,1.7314   (Solve) ,,0.000  	KleeCLEVER: not equiv ,0.1642  
./mergedHard/EXTRA_prime_sumEQ_oneBound/libA CC2-Hybrid: equiv    ,9.7511   (Solve) ,,7.394  	CC2-Concurrent: equiv    ,5.3717   (Solve) ,,9.584  	KleeCLEVER: timeout  ,200.0000
./mergedHard/EXTRA_prime_sumEQ_oneBound/libB CC2-Hybrid: not equiv ,6.4348   (Solve) ,,5.025  	CC2-Concurrent: not equiv ,8.1895   (Solve) ,,0.000  	KleeCLEVER: not equiv ,0.2115  
./mergedHard/EXTRA_prime_sumEQ_oneN2/libA CC2-Hybrid: equiv    ,9.7689   (Solve) ,,7.455  	CC2-Concurrent: equiv    ,5.4079   (Solve) ,,9.726  	KleeCLEVER: timeout  ,200.0000
./mergedHard/EXTRA_prime_sumEQ_oneN2/libB CC2-Hybrid: not equiv ,1.1772   (Solve) ,,0.473  	CC2-Concurrent: not equiv ,1.7679   (Solve) ,,0.000  	KleeCLEVER: not equiv ,0.1782  
./mergedHard/EXTRA_prime_sumEQ_pos/libA CC2-Hybrid: equiv    ,9.4514   (Solve) ,,7.135  	CC2-Concurrent: equiv    ,5.1573   (Solve) ,,9.318  	KleeCLEVER: timeout  ,200.0000
./mergedHard/EXTRA_prime_sumEQ_pos/libB CC2-Hybrid: not equiv ,23.6118  (Solve) ,,22.246 	CC2-Concurrent: not equiv ,25.5691  (Solve) ,,0.000  	KleeCLEVER: not equiv ,0.5203  
./mergedHard/EXTRA_prime_sumEQ_pos2/libA CC2-Hybrid: equiv    ,9.4342   (Solve) ,,7.084  	CC2-Concurrent: equiv    ,5.1956   (Solve) ,,9.191  	KleeCLEVER: timeout  ,200.0000
./mergedHard/EXTRA_prime_sumEQ_pos2/libB CC2-Hybrid: unknown  ,0.0000   (Solve) ,,0.000  	CC2-Concurrent: unknown  ,0.0000   (Solve) ,,0.000  	KleeCLEVER: timeout  ,200.0000
./mergedHard/EXTRA_prime_sumEXTRA_prime_sum/libA CC2-Hybrid: equiv    ,6.3974   (Solve) ,,4.787  	CC2-Concurrent: equiv    ,4.6594   (Solve) ,,5.976  	KleeCLEVER: timeout  ,200.0000
./mergedHard/EXTRA_prime_sumEXTRA_prime_sum/libB CC2-Hybrid: equiv    ,6.3722   (Solve) ,,5.063  	CC2-Concurrent: equiv    ,4.8607   (Solve) ,,5.931  	KleeCLEVER: equiv    ,97.2783 
./mergedHard/EXTRA_prime_sumNEQ_LoopMult20/libA CC2-Hybrid: not equiv ,93.4729  (Solve) ,,87.264 	CC2-Concurrent: not equiv ,95.2496  (Solve) ,,0.000  	KleeCLEVER: not equiv ,2.6108  
./mergedHard/EXTRA_prime_sumNEQ_LoopMult20/libB CC2-Hybrid: timeout  ,200.0000 (Solve) ,,0.000  	CC2-Concurrent: not equiv ,4.6786   (Solve) ,,0.000  	KleeCLEVER: not equiv ,0.2925  
./mergedHard/EXTRA_prime_sumNEQ_LoopUnreach20/libA CC2-Hybrid: not equiv ,94.9150  (Solve) ,,88.348 	CC2-Concurrent: not equiv ,94.4536  (Solve) ,,0.000  	KleeCLEVER: not equiv ,3.0244  
./mergedHard/EXTRA_prime_sumNEQ_LoopUnreach20/libB CC2-Hybrid: not equiv ,0.9886   (Solve) ,,0.344  	CC2-Concurrent: not equiv ,1.6374   (Solve) ,,0.000  	KleeCLEVER: not equiv ,0.1449  
./mergedHard/EXTRA_prime_sumNEQ_getSign/libA CC2-Hybrid: not equiv ,46.3151  (Solve) ,,40.601 	CC2-Concurrent: not equiv ,52.1525  (Solve) ,,0.000  	KleeCLEVER: not equiv ,79.1274 
./mergedHard/EXTRA_prime_sumNEQ_getSign/libB CC2-Hybrid: not equiv ,1.7732   (Solve) ,,0.652  	CC2-Concurrent: not equiv ,1.8629   (Solve) ,,0.000  	KleeCLEVER: not equiv ,0.1496  
./mergedHard/NEQ_LoopMult20EQ_UnchLoop/libA CC2-Hybrid: not equiv ,0.6007   (Solve) ,,0.285  	CC2-Concurrent: not equiv ,0.9254   (Solve) ,,0.000  	KleeCLEVER: not equiv ,0.1235  
./mergedHard/NEQ_LoopMult20EQ_UnchLoop/libB CC2-Hybrid: equiv    ,0.4245   (Solve) ,,0.258  	CC2-Concurrent: equiv    ,0.5930   (Solve) ,,0.314  	KleeCLEVER: equiv    ,0.2506  
./mergedHard/NEQ_LoopMult20EQ_odd/libA CC2-Hybrid: not equiv ,0.7803   (Solve) ,,0.431  	CC2-Concurrent: not equiv ,1.0782   (Solve) ,,0.000  	KleeCLEVER: not equiv ,0.5356  
./mergedHard/NEQ_LoopMult20EQ_odd/libB CC2-Hybrid: not equiv ,1.1006   (Solve) ,,0.765  	CC2-Concurrent: not equiv ,1.4802   (Solve) ,,0.000  	KleeCLEVER: not equiv ,2.4115  
./mergedHard/NEQ_LoopMult20EQ_pos/libA CC2-Hybrid: not equiv ,0.8290   (Solve) ,,0.414  	CC2-Concurrent: not equiv ,1.1506   (Solve) ,,0.000  	KleeCLEVER: not equiv ,0.2621  
./mergedHard/NEQ_LoopMult20EQ_pos/libB CC2-Hybrid: not equiv ,0.5383   (Solve) ,,0.220  	CC2-Concurrent: not equiv ,0.9995   (Solve) ,,0.000  	KleeCLEVER: not equiv ,0.2732  
./mergedHard/NEQ_LoopMult20EQ_pos2/libA CC2-Hybrid: not equiv ,0.7898   (Solve) ,,0.402  	CC2-Concurrent: not equiv ,1.1314   (Solve) ,,0.000  	KleeCLEVER: not equiv ,0.2789  
