./mergedHard/EQ_AddEQ_UnchLoop/libA CC2-Hybrid: equiv    ,0.1573   (Solve) ,,0.042  	CC2-Concurrent: unknown  ,0.0000   (Solve) ,,0.000  	KleeCLEVER: equiv    ,0.0811  
./mergedHard/EQ_AddEQ_UnchLoop/libB CC2-Hybrid: equiv    ,40.2295  (Solve) ,,40.118 	CC2-Concurrent: unknown  ,0.0000   (Solve) ,,0.000  	KleeCLEVER: equiv    ,0.1002  
./mergedHard/EQ_AddEQ_is_prime2/libA CC2-Hybrid: equiv    ,0.2067   (Solve) ,,0.047  	CC2-Concurrent: unknown  ,0.0000   (Solve) ,,0.000  	KleeCLEVER: equiv    ,0.1088  
./mergedHard/EQ_AddEQ_is_prime2/libB CC2-Hybrid: not equiv ,0.9977   (Solve) ,,0.677  	CC2-Concurrent: unknown  ,0.0000   (Solve) ,,0.000  	KleeCLEVER: not equiv ,0.6194  
./mergedHard/EQ_AddEQ_odd/libA      CC2-Hybrid: equiv    ,0.1780   (Solve) ,,0.047  	CC2-Concurrent: unknown  ,0.0000   (Solve) ,,0.000  	KleeCLEVER: equiv    ,0.1076  
./mergedHard/EQ_AddEQ_odd/libB      CC2-Hybrid: equiv    ,11.6643  (Solve) ,,11.520 	CC2-Concurrent: unknown  ,0.0000   (Solve) ,,0.000  	KleeCLEVER: timeout  ,300.0000
./mergedHard/EQ_AddEQ_pos/libA      CC2-Hybrid: equiv    ,0.2223   (Solve) ,,0.048  	CC2-Concurrent: unknown  ,0.0000   (Solve) ,,0.000  	KleeCLEVER: equiv    ,0.1055  
./mergedHard/EQ_AddEQ_pos/libB      CC2-Hybrid: not equiv ,0.4978   (Solve) ,,0.242  	CC2-Concurrent: unknown  ,0.0000   (Solve) ,,0.000  	KleeCLEVER: not equiv ,0.1908  
./mergedHard/EQ_AddEQ_pos2/libA     CC2-Hybrid: equiv    ,0.2048   (Solve) ,,0.048  	CC2-Concurrent: unknown  ,0.0000   (Solve) ,,0.000  	KleeCLEVER: equiv    ,0.1052  
./mergedHard/EQ_AddEQ_pos2/libB     CC2-Hybrid: equiv    ,12.9190  (Solve) ,,12.751 	CC2-Concurrent: unknown  ,0.0000   (Solve) ,,0.000  	KleeCLEVER: timeout  ,300.0000
./mergedHard/EQ_AddEXTRA_ultra_prime_sum/libA CC2-Hybrid: equiv    ,0.4424   (Solve) ,,0.122  	CC2-Concurrent: unknown  ,0.0000   (Solve) ,,0.000  	KleeCLEVER: timeout  ,300.0000
./mergedHard/EQ_AddEXTRA_ultra_prime_sum/libB CC2-Hybrid: not equiv ,44.3611  (Solve) ,,43.372 	CC2-Concurrent: unknown  ,0.0000   (Solve) ,,0.000  	KleeCLEVER: not equiv ,0.1424  
./mergedHard/EQ_ConstEQ_UnchLoop/libA CC2-Hybrid: equiv    ,0.1315   (Solve) ,,0.038  	CC2-Concurrent: unknown  ,0.0000   (Solve) ,,0.000  	KleeCLEVER: equiv    ,0.0788  
./mergedHard/EQ_ConstEQ_UnchLoop/libB CC2-Hybrid: equiv    ,40.2381  (Solve) ,,40.127 	CC2-Concurrent: unknown  ,0.0000   (Solve) ,,0.000  	KleeCLEVER: equiv    ,0.0982  
./mergedHard/EQ_ConstEQ_is_prime2/libA CC2-Hybrid: equiv    ,0.2082   (Solve) ,,0.047  	CC2-Concurrent: unknown  ,0.0000   (Solve) ,,0.000  	KleeCLEVER: equiv    ,0.1083  
./mergedHard/EQ_ConstEQ_is_prime2/libB CC2-Hybrid: not equiv ,0.9882   (Solve) ,,0.671  	CC2-Concurrent: unknown  ,0.0000   (Solve) ,,0.000  	KleeCLEVER: not equiv ,0.6140  
./mergedHard/EQ_ConstEQ_odd/libA    CC2-Hybrid: equiv    ,0.1802   (Solve) ,,0.048  	CC2-Concurrent: unknown  ,0.0000   (Solve) ,,0.000  	KleeCLEVER: equiv    ,0.1086  
./mergedHard/EQ_ConstEQ_odd/libB    CC2-Hybrid: equiv    ,11.6433  (Solve) ,,11.501 	CC2-Concurrent: unknown  ,0.0000   (Solve) ,,0.000  	KleeCLEVER: timeout  ,300.0000
./mergedHard/EQ_ConstEQ_pos/libA    CC2-Hybrid: equiv    ,0.2273   (Solve) ,,0.050  	CC2-Concurrent: unknown  ,0.0000   (Solve) ,,0.000  	KleeCLEVER: equiv    ,0.1060  
./mergedHard/EQ_ConstEQ_pos/libB    CC2-Hybrid: not equiv ,0.4961   (Solve) ,,0.242  	CC2-Concurrent: unknown  ,0.0000   (Solve) ,,0.000  	KleeCLEVER: not equiv ,0.1889  
./mergedHard/EQ_ConstEQ_pos2/libA   CC2-Hybrid: equiv    ,0.2072   (Solve) ,,0.048  	CC2-Concurrent: unknown  ,0.0000   (Solve) ,,0.000  	KleeCLEVER: equiv    ,0.1061  
./mergedHard/EQ_ConstEQ_pos2/libB   CC2-Hybrid: equiv    ,12.8896  (Solve) ,,12.722 	CC2-Concurrent: unknown  ,0.0000   (Solve) ,,0.000  	KleeCLEVER: timeout  ,300.0000
./mergedHard/EQ_ConstEXTRA_ultra_prime_sum/libA CC2-Hybrid: equiv    ,0.4420   (Solve) ,,0.116  	CC2-Concurrent: unknown  ,0.0000   (Solve) ,,0.000  	KleeCLEVER: timeout  ,300.0000
./mergedHard/EQ_ConstEXTRA_ultra_prime_sum/libB CC2-Hybrid: not equiv ,44.3707  (Solve) ,,43.376 	CC2-Concurrent: unknown  ,0.0000   (Solve) ,,0.000  	KleeCLEVER: not equiv ,0.1453  
./mergedHard/EQ_LoopMult20EQ_UnchLoop/libA CC2-Hybrid: equiv    ,0.4845   (Solve) ,,0.352  	CC2-Concurrent: unknown  ,0.0000   (Solve) ,,0.000  	KleeCLEVER: equiv    ,0.3906  
./mergedHard/EQ_LoopMult20EQ_UnchLoop/libB CC2-Hybrid: equiv    ,0.4128   (Solve) ,,0.279  	CC2-Concurrent: unknown  ,0.0000   (Solve) ,,0.000  	KleeCLEVER: equiv    ,0.3376  
./mergedHard/EQ_LoopMult20EQ_is_prime2/libA CC2-Hybrid: equiv    ,22.6102  (Solve) ,,22.409 	CC2-Concurrent: unknown  ,0.0000   (Solve) ,,0.000  	KleeCLEVER: not equiv ,0.1789  
Disagreement error: ./mergedHard/EQ_LoopMult20EQ_is_prime2/libA
./mergedHard/EQ_LoopMult20EQ_is_prime2/libB CC2-Hybrid: not equiv ,1.6720   (Solve) ,,1.313  	CC2-Concurrent: unknown  ,0.0000   (Solve) ,,0.000  	KleeCLEVER: not equiv ,0.9107  
./mergedHard/EQ_LoopMult20EQ_odd/libA CC2-Hybrid: timeout  ,300.0000 (Solve) ,,0.000  	CC2-Concurrent: unknown  ,0.0000   (Solve) ,,0.000  	KleeCLEVER: timeout  ,300.0000
./mergedHard/EQ_LoopMult20EQ_odd/libB CC2-Hybrid: not equiv ,4.2301   (Solve) ,,3.918  	CC2-Concurrent: unknown  ,0.0000   (Solve) ,,0.000  	KleeCLEVER: not equiv ,3.6917  
./mergedHard/EQ_LoopMult20EQ_pos/libA CC2-Hybrid: equiv    ,0.5512   (Solve) ,,0.344  	CC2-Concurrent: unknown  ,0.0000   (Solve) ,,0.000  	KleeCLEVER: equiv    ,0.4023  
./mergedHard/EQ_LoopMult20EQ_pos/libB CC2-Hybrid: not equiv ,0.7358   (Solve) ,,0.454  	CC2-Concurrent: unknown  ,0.0000   (Solve) ,,0.000  	KleeCLEVER: not equiv ,0.3469  
./mergedHard/EQ_LoopMult20EQ_pos2/libA CC2-Hybrid: equiv    ,0.5332   (Solve) ,,0.344  	CC2-Concurrent: unknown  ,0.0000   (Solve) ,,0.000  	KleeCLEVER: equiv    ,0.4021  
./mergedHard/EQ_LoopMult20EQ_pos2/libB CC2-Hybrid: equiv    ,17.8065  (Solve) ,,17.611 	CC2-Concurrent: unknown  ,0.0000   (Solve) ,,0.000  	KleeCLEVER: timeout  ,300.0000
./mergedHard/EQ_LoopMult20EXTRA_ultra_prime_sum/libA CC2-Hybrid: timeout  ,300.0000 (Solve) ,,0.000  	CC2-Concurrent: unknown  ,0.0000   (Solve) ,,0.000  	KleeCLEVER: timeout  ,300.0000
./mergedHard/EQ_LoopMult20EXTRA_ultra_prime_sum/libB CC2-Hybrid: not equiv ,17.1832  (Solve) ,,16.165 	CC2-Concurrent: unknown  ,0.0000   (Solve) ,,0.000  	KleeCLEVER: not equiv ,3.6380  
./mergedHard/EQ_LoopUnreach20EQ_UnchLoop/libA CC2-Hybrid: equiv    ,0.2270   (Solve) ,,0.071  	CC2-Concurrent: unknown  ,0.0000   (Solve) ,,0.000  	KleeCLEVER: equiv    ,0.1265  
./mergedHard/EQ_LoopUnreach20EQ_UnchLoop/libB CC2-Hybrid: equiv    ,0.4125   (Solve) ,,0.279  	CC2-Concurrent: unknown  ,0.0000   (Solve) ,,0.000  	KleeCLEVER: equiv    ,0.3362  
./mergedHard/EQ_LoopUnreach20EQ_is_prime2/libA CC2-Hybrid: equiv    ,0.2783   (Solve) ,,0.090  	CC2-Concurrent: unknown  ,0.0000   (Solve) ,,0.000  	KleeCLEVER: not equiv ,0.1652  
Disagreement error: ./mergedHard/EQ_LoopUnreach20EQ_is_prime2/libA
./mergedHard/EQ_LoopUnreach20EQ_is_prime2/libB CC2-Hybrid: not equiv ,1.6445   (Solve) ,,1.291  	CC2-Concurrent: unknown  ,0.0000   (Solve) ,,0.000  	KleeCLEVER: not equiv ,0.9112  
./mergedHard/EQ_LoopUnreach20EQ_odd/libA CC2-Hybrid: equiv    ,0.2696   (Solve) ,,0.094  	CC2-Concurrent: unknown  ,0.0000   (Solve) ,,0.000  	KleeCLEVER: equiv    ,0.1506  
./mergedHard/EQ_LoopUnreach20EQ_odd/libB CC2-Hybrid: not equiv ,3.6553   (Solve) ,,3.370  	CC2-Concurrent: unknown  ,0.0000   (Solve) ,,0.000  	KleeCLEVER: not equiv ,3.7354  
./mergedHard/EQ_LoopUnreach20EQ_pos/libA CC2-Hybrid: equiv    ,0.3366   (Solve) ,,0.125  	CC2-Concurrent: unknown  ,0.0000   (Solve) ,,0.000  	KleeCLEVER: equiv    ,0.1794  
./mergedHard/EQ_LoopUnreach20EQ_pos/libB CC2-Hybrid: not equiv ,0.7244   (Solve) ,,0.442  	CC2-Concurrent: unknown  ,0.0000   (Solve) ,,0.000  	KleeCLEVER: not equiv ,0.3470  
./mergedHard/EQ_LoopUnreach20EQ_pos2/libA CC2-Hybrid: equiv    ,0.3105   (Solve) ,,0.119  	CC2-Concurrent: unknown  ,0.0000   (Solve) ,,0.000  	KleeCLEVER: equiv    ,0.1801  
./mergedHard/EQ_LoopUnreach20EQ_pos2/libB CC2-Hybrid: equiv    ,17.7886  (Solve) ,,17.596 	CC2-Concurrent: unknown  ,0.0000   (Solve) ,,0.000  	KleeCLEVER: timeout  ,300.0000
./mergedHard/EQ_LoopUnreach20EXTRA_ultra_prime_sum/libA CC2-Hybrid: equiv    ,2.8683   (Solve) ,,1.290  	CC2-Concurrent: unknown  ,0.0000   (Solve) ,,0.000  	KleeCLEVER: timeout  ,300.0000
./mergedHard/EQ_LoopUnreach20EXTRA_ultra_prime_sum/libB CC2-Hybrid: not equiv ,17.2565  (Solve) ,,16.171 	CC2-Concurrent: unknown  ,0.0000   (Solve) ,,0.000  	KleeCLEVER: not equiv ,3.6175  
./mergedHard/EQ_UnchLoopEQ_Add/libA CC2-Hybrid: equiv    ,40.2527  (Solve) ,,40.120 	CC2-Concurrent: unknown  ,0.0000   (Solve) ,,0.000  	KleeCLEVER: equiv    ,0.0983  
./mergedHard/EQ_UnchLoopEQ_Add/libB CC2-Hybrid: equiv    ,0.1310   (Solve) ,,0.036  	CC2-Concurrent: unknown  ,0.0000   (Solve) ,,0.000  	KleeCLEVER: equiv    ,0.0805  
./mergedHard/EQ_UnchLoopEQ_Const/libA CC2-Hybrid: equiv    ,40.2457  (Solve) ,,40.130 	CC2-Concurrent: unknown  ,0.0000   (Solve) ,,0.000  	KleeCLEVER: equiv    ,0.1038  
./mergedHard/EQ_UnchLoopEQ_Const/libB CC2-Hybrid: equiv    ,0.1440   (Solve) ,,0.041  	CC2-Concurrent: unknown  ,0.0000   (Solve) ,,0.000  	KleeCLEVER: equiv    ,0.0933  
./mergedHard/EQ_UnchLoopEQ_LoopMult20/libA CC2-Hybrid: equiv    ,0.4776   (Solve) ,,0.332  	CC2-Concurrent: unknown  ,0.0000   (Solve) ,,0.000  	KleeCLEVER: equiv    ,0.3966  
./mergedHard/EQ_UnchLoopEQ_LoopMult20/libB CC2-Hybrid: equiv    ,0.5707   (Solve) ,,0.424  	CC2-Concurrent: unknown  ,0.0000   (Solve) ,,0.000  	KleeCLEVER: equiv    ,0.4846  
./mergedHard/EQ_UnchLoopEQ_LoopUnreach20/libA CC2-Hybrid: equiv    ,0.5101   (Solve) ,,0.359  	CC2-Concurrent: unknown  ,0.0000   (Solve) ,,0.000  	KleeCLEVER: equiv    ,0.4081  
./mergedHard/EQ_UnchLoopEQ_LoopUnreach20/libB CC2-Hybrid: equiv    ,0.2338   (Solve) ,,0.083  	CC2-Concurrent: unknown  ,0.0000   (Solve) ,,0.000  	KleeCLEVER: equiv    ,0.1488  
./mergedHard/EQ_UnchLoopEQ_UnchLoop/libA CC2-Hybrid: equiv    ,40.2785  (Solve) ,,40.152 	CC2-Concurrent: unknown  ,0.0000   (Solve) ,,0.000  	KleeCLEVER: equiv    ,0.1526  
./mergedHard/EQ_UnchLoopEQ_UnchLoop/libB CC2-Hybrid: equiv    ,40.5638  (Solve) ,,40.377 	CC2-Concurrent: unknown  ,0.0000   (Solve) ,,0.000  	KleeCLEVER: equiv    ,0.2537  
./mergedHard/EQ_UnchLoopEQ_divide/libA CC2-Hybrid: equiv    ,42.7374  (Solve) ,,42.326 	CC2-Concurrent: unknown  ,0.0000   (Solve) ,,0.000  	KleeCLEVER: timeout  ,300.0000
./mergedHard/EQ_UnchLoopEQ_divide/libB CC2-Hybrid: equiv    ,0.2108   (Solve) ,,0.057  	CC2-Concurrent: unknown  ,0.0000   (Solve) ,,0.000  	KleeCLEVER: equiv    ,0.1057  
./mergedHard/EQ_UnchLoopEQ_getSign2/libA CC2-Hybrid: timeout  ,300.0000 (Solve) ,,0.000  	CC2-Concurrent: unknown  ,0.0000   (Solve) ,,0.000  	KleeCLEVER: timeout  ,300.0000
./mergedHard/EQ_UnchLoopEQ_getSign2/libB CC2-Hybrid: equiv    ,0.2157   (Solve) ,,0.079  	CC2-Concurrent: unknown  ,0.0000   (Solve) ,,0.000  	KleeCLEVER: equiv    ,0.1321  
./mergedHard/EQ_UnchLoopEQ_is_prime1/libA CC2-Hybrid: equiv    ,40.2555  (Solve) ,,40.140 	CC2-Concurrent: unknown  ,0.0000   (Solve) ,,0.000  	KleeCLEVER: timeout  ,300.0000
./mergedHard/EQ_UnchLoopEQ_is_prime1/libB CC2-Hybrid: not equiv ,2.4119   (Solve) ,,1.347  	CC2-Concurrent: unknown  ,0.0000   (Solve) ,,0.000  	KleeCLEVER: not equiv ,0.1037  
./mergedHard/EQ_UnchLoopEQ_is_prime2/libA CC2-Hybrid: timeout  ,300.0000 (Solve) ,,0.000  	CC2-Concurrent: unknown  ,0.0000   (Solve) ,,0.000  	KleeCLEVER: timeout  ,300.0000
./mergedHard/EQ_UnchLoopEQ_is_prime2/libB CC2-Hybrid: not equiv ,0.9593   (Solve) ,,0.630  	CC2-Concurrent: unknown  ,0.0000   (Solve) ,,0.000  	KleeCLEVER: not equiv ,0.5875  
./mergedHard/EQ_UnchLoopEQ_is_prime3/libA CC2-Hybrid: timeout  ,300.0000 (Solve) ,,0.000  	CC2-Concurrent: unknown  ,0.0000   (Solve) ,,0.000  	KleeCLEVER: timeout  ,300.0000
./mergedHard/EQ_UnchLoopEQ_is_prime3/libB CC2-Hybrid: not equiv ,2.3952   (Solve) ,,1.822  	CC2-Concurrent: unknown  ,0.0000   (Solve) ,,0.000  	KleeCLEVER: not equiv ,0.1921  
./mergedHard/EQ_UnchLoopEQ_ltfive/libA CC2-Hybrid: timeout  ,300.0000 (Solve) ,,0.000  	CC2-Concurrent: unknown  ,0.0000   (Solve) ,,0.000  	KleeCLEVER: timeout  ,300.0000
./mergedHard/EQ_UnchLoopEQ_ltfive/libB CC2-Hybrid: not equiv ,0.5744   (Solve) ,,0.277  	CC2-Concurrent: unknown  ,0.0000   (Solve) ,,0.000  	KleeCLEVER: not equiv ,0.1800  
./mergedHard/EQ_UnchLoopEQ_ltfiveBound/libA CC2-Hybrid: timeout  ,300.0000 (Solve) ,,0.000  	CC2-Concurrent: unknown  ,0.0000   (Solve) ,,0.000  	KleeCLEVER: equiv    ,24.3789 
./mergedHard/EQ_UnchLoopEQ_ltfiveBound/libB CC2-Hybrid: equiv    ,0.3365   (Solve) ,,0.122  	CC2-Concurrent: unknown  ,0.0000   (Solve) ,,0.000  	KleeCLEVER: equiv    ,0.1739  
./mergedHard/EQ_UnchLoopEQ_multiple/libA CC2-Hybrid: timeout  ,300.0000 (Solve) ,,0.000  	CC2-Concurrent: unknown  ,0.0000   (Solve) ,,0.000  	KleeCLEVER: timeout  ,300.0000
./mergedHard/EQ_UnchLoopEQ_multiple/libB CC2-Hybrid: not equiv ,0.6150   (Solve) ,,0.359  	CC2-Concurrent: unknown  ,0.0000   (Solve) ,,0.000  	KleeCLEVER: not equiv ,0.2211  
./mergedHard/EQ_UnchLoopEQ_multipleBound/libA CC2-Hybrid: timeout  ,300.0000 (Solve) ,,0.000  	CC2-Concurrent: unknown  ,0.0000   (Solve) ,,0.000  	KleeCLEVER: timeout  ,300.0000
./mergedHard/EQ_UnchLoopEQ_multipleBound/libB CC2-Hybrid: not equiv ,0.6115   (Solve) ,,0.335  	CC2-Concurrent: unknown  ,0.0000   (Solve) ,,0.000  	KleeCLEVER: not equiv ,0.2219  
./mergedHard/EQ_UnchLoopEQ_odd/libA CC2-Hybrid: timeout  ,300.0000 (Solve) ,,0.000  	CC2-Concurrent: unknown  ,0.0000   (Solve) ,,0.000  	KleeCLEVER: timeout  ,300.0000
./mergedHard/EQ_UnchLoopEQ_odd/libB CC2-Hybrid: equiv    ,11.5532  (Solve) ,,11.397 	CC2-Concurrent: unknown  ,0.0000   (Solve) ,,0.000  	KleeCLEVER: timeout  ,300.0000
./mergedHard/EQ_UnchLoopEQ_one/libA CC2-Hybrid: timeout  ,300.0000 (Solve) ,,0.000  	CC2-Concurrent: unknown  ,0.0000   (Solve) ,,0.000  	KleeCLEVER: timeout  ,300.0000
./mergedHard/EQ_UnchLoopEQ_one/libB CC2-Hybrid: not equiv ,0.4811   (Solve) ,,0.214  	CC2-Concurrent: unknown  ,0.0000   (Solve) ,,0.000  	KleeCLEVER: not equiv ,0.1604  
./mergedHard/EQ_UnchLoopEQ_oneBound/libA CC2-Hybrid: equiv    ,3.6629   (Solve) ,,3.480  	CC2-Concurrent: unknown  ,0.0000   (Solve) ,,0.000  	KleeCLEVER: equiv    ,3.5242  
./mergedHard/EQ_UnchLoopEQ_oneBound/libB CC2-Hybrid: not equiv ,0.4726   (Solve) ,,0.182  	CC2-Concurrent: unknown  ,0.0000   (Solve) ,,0.000  	KleeCLEVER: not equiv ,0.1498  
./mergedHard/EQ_UnchLoopEQ_oneN2/libA CC2-Hybrid: timeout  ,300.0000 (Solve) ,,0.000  	CC2-Concurrent: unknown  ,0.0000   (Solve) ,,0.000  	KleeCLEVER: timeout  ,300.0000
./mergedHard/EQ_UnchLoopEQ_oneN2/libB CC2-Hybrid: not equiv ,0.4796   (Solve) ,,0.210  	CC2-Concurrent: unknown  ,0.0000   (Solve) ,,0.000  	KleeCLEVER: not equiv ,0.1606  
./mergedHard/EQ_UnchLoopEQ_pos/libA CC2-Hybrid: equiv    ,0.2253   (Solve) ,,0.057  	CC2-Concurrent: unknown  ,0.0000   (Solve) ,,0.000  	KleeCLEVER: equiv    ,0.1173  
./mergedHard/EQ_UnchLoopEQ_pos/libB CC2-Hybrid: not equiv ,0.4986   (Solve) ,,0.244  	CC2-Concurrent: unknown  ,0.0000   (Solve) ,,0.000  	KleeCLEVER: not equiv ,0.1910  
./mergedHard/EQ_UnchLoopEQ_pos2/libA CC2-Hybrid: equiv    ,0.2256   (Solve) ,,0.059  	CC2-Concurrent: unknown  ,0.0000   (Solve) ,,0.000  	KleeCLEVER: equiv    ,0.1174  
./mergedHard/EQ_UnchLoopEQ_pos2/libB CC2-Hybrid: equiv    ,12.8942  (Solve) ,,12.727 	CC2-Concurrent: unknown  ,0.0000   (Solve) ,,0.000  	KleeCLEVER: timeout  ,300.0000
./mergedHard/EQ_UnchLoopEXTRA_ultra_prime_sum/libA CC2-Hybrid: equiv    ,120.8549 (Solve) ,,120.448	CC2-Concurrent: unknown  ,0.0000   (Solve) ,,0.000  	KleeCLEVER: timeout  ,300.0000
./mergedHard/EQ_UnchLoopEXTRA_ultra_prime_sum/libB CC2-Hybrid: not equiv ,44.5341  (Solve) ,,43.538 	CC2-Concurrent: unknown  ,0.0000   (Solve) ,,0.000  	KleeCLEVER: not equiv ,0.1498  
./mergedHard/EQ_UnchLoopNEQ_LoopMult20/libA CC2-Hybrid: equiv    ,0.4126   (Solve) ,,0.279  	CC2-Concurrent: unknown  ,0.0000   (Solve) ,,0.000  	KleeCLEVER: equiv    ,0.3365  
./mergedHard/EQ_UnchLoopNEQ_LoopMult20/libB CC2-Hybrid: not equiv ,0.6228   (Solve) ,,0.386  	CC2-Concurrent: unknown  ,0.0000   (Solve) ,,0.000  	KleeCLEVER: not equiv ,0.1360  
./mergedHard/EQ_UnchLoopNEQ_LoopUnreach20/libA CC2-Hybrid: equiv    ,0.4148   (Solve) ,,0.280  	CC2-Concurrent: unknown  ,0.0000   (Solve) ,,0.000  	KleeCLEVER: equiv    ,0.3405  
./mergedHard/EQ_UnchLoopNEQ_LoopUnreach20/libB CC2-Hybrid: not equiv ,0.4079   (Solve) ,,0.164  	CC2-Concurrent: unknown  ,0.0000   (Solve) ,,0.000  	KleeCLEVER: not equiv ,0.1318  
./mergedHard/EQ_UnchLoopNEQ_getSign/libA CC2-Hybrid: equiv    ,40.2587  (Solve) ,,40.144 	CC2-Concurrent: unknown  ,0.0000   (Solve) ,,0.000  	KleeCLEVER: timeout  ,300.0000
./mergedHard/EQ_UnchLoopNEQ_getSign/libB CC2-Hybrid: not equiv ,0.3654   (Solve) ,,0.155  	CC2-Concurrent: unknown  ,0.0000   (Solve) ,,0.000  	KleeCLEVER: not equiv ,0.1377  
./mergedHard/EQ_divideEQ_UnchLoop/libA CC2-Hybrid: equiv    ,0.1819   (Solve) ,,0.051  	CC2-Concurrent: unknown  ,0.0000   (Solve) ,,0.000  	KleeCLEVER: equiv    ,0.1071  
./mergedHard/EQ_divideEQ_UnchLoop/libB CC2-Hybrid: equiv    ,41.5438  (Solve) ,,41.389 	CC2-Concurrent: unknown  ,0.0000   (Solve) ,,0.000  	KleeCLEVER: timeout  ,300.0000
./mergedHard/EQ_divideEQ_is_prime2/libA CC2-Hybrid: equiv    ,0.2677   (Solve) ,,0.064  	CC2-Concurrent: unknown  ,0.0000   (Solve) ,,0.000  	KleeCLEVER: equiv    ,0.1208  
./mergedHard/EQ_divideEQ_is_prime2/libB CC2-Hybrid: not equiv ,1.6423   (Solve) ,,1.275  	CC2-Concurrent: unknown  ,0.0000   (Solve) ,,0.000  	KleeCLEVER: not equiv ,1.2238  
./mergedHard/EQ_divideEQ_odd/libA   CC2-Hybrid: equiv    ,0.2822   (Solve) ,,0.104  	CC2-Concurrent: unknown  ,0.0000   (Solve) ,,0.000  	KleeCLEVER: equiv    ,0.1510  
./mergedHard/EQ_divideEQ_odd/libB   CC2-Hybrid: not equiv ,1.8322   (Solve) ,,1.538  	CC2-Concurrent: unknown  ,0.0000   (Solve) ,,0.000  	KleeCLEVER: not equiv ,1.7132  
./mergedHard/EQ_divideEQ_pos/libA   CC2-Hybrid: equiv    ,0.2932   (Solve) ,,0.084  	CC2-Concurrent: unknown  ,0.0000   (Solve) ,,0.000  	KleeCLEVER: equiv    ,0.1389  
./mergedHard/EQ_divideEQ_pos/libB   CC2-Hybrid: not equiv ,0.7114   (Solve) ,,0.421  	CC2-Concurrent: unknown  ,0.0000   (Solve) ,,0.000  	KleeCLEVER: not equiv ,0.3890  
./mergedHard/EQ_divideEQ_pos2/libA  CC2-Hybrid: equiv    ,0.2678   (Solve) ,,0.079  	CC2-Concurrent: unknown  ,0.0000   (Solve) ,,0.000  	KleeCLEVER: equiv    ,0.1403  
./mergedHard/EQ_divideEQ_pos2/libB  CC2-Hybrid: equiv    ,17.9431  (Solve) ,,17.739 	CC2-Concurrent: unknown  ,0.0000   (Solve) ,,0.000  	KleeCLEVER: timeout  ,300.0000
./mergedHard/EQ_divideEXTRA_ultra_prime_sum/libA CC2-Hybrid: equiv    ,0.5225   (Solve) ,,0.153  	CC2-Concurrent: unknown  ,0.0000   (Solve) ,,0.000  	KleeCLEVER: equiv    ,0.1211  
./mergedHard/EQ_divideEXTRA_ultra_prime_sum/libB CC2-Hybrid: not equiv ,120.4506 (Solve) ,,117.261	CC2-Concurrent: unknown  ,0.0000   (Solve) ,,0.000  	KleeCLEVER: timeout  ,300.0000
./mergedHard/EQ_getSign2EQ_UnchLoop/libA CC2-Hybrid: equiv    ,0.2187   (Solve) ,,0.079  	CC2-Concurrent: unknown  ,0.0000   (Solve) ,,0.000  	KleeCLEVER: equiv    ,0.1317  
./mergedHard/EQ_getSign2EQ_UnchLoop/libB CC2-Hybrid: timeout  ,300.0000 (Solve) ,,0.000  	CC2-Concurrent: unknown  ,0.0000   (Solve) ,,0.000  	KleeCLEVER: timeout  ,300.0000
./mergedHard/EQ_getSign2EQ_is_prime2/libA CC2-Hybrid: equiv    ,0.3091   (Solve) ,,0.121  	CC2-Concurrent: unknown  ,0.0000   (Solve) ,,0.000  	KleeCLEVER: equiv    ,0.1949  
./mergedHard/EQ_getSign2EQ_is_prime2/libB CC2-Hybrid: not equiv ,1.7953   (Solve) ,,1.441  	CC2-Concurrent: unknown  ,0.0000   (Solve) ,,0.000  	KleeCLEVER: not equiv ,1.2987  
./mergedHard/EQ_getSign2EQ_odd/libA CC2-Hybrid: not equiv ,0.5112   (Solve) ,,0.239  	CC2-Concurrent: unknown  ,0.0000   (Solve) ,,0.000  	KleeCLEVER: not equiv ,0.1787  
./mergedHard/EQ_getSign2EQ_odd/libB CC2-Hybrid: not equiv ,3.3489   (Solve) ,,3.071  	CC2-Concurrent: unknown  ,0.0000   (Solve) ,,0.000  	KleeCLEVER: not equiv ,3.2752  
./mergedHard/EQ_getSign2EQ_pos/libA CC2-Hybrid: not equiv ,0.5569   (Solve) ,,0.263  	CC2-Concurrent: unknown  ,0.0000   (Solve) ,,0.000  	KleeCLEVER: not equiv ,0.2089  
./mergedHard/EQ_getSign2EQ_pos/libB CC2-Hybrid: not equiv ,0.5916   (Solve) ,,0.314  	CC2-Concurrent: unknown  ,0.0000   (Solve) ,,0.000  	KleeCLEVER: not equiv ,0.2742  
./mergedHard/EQ_getSign2EQ_pos2/libA CC2-Hybrid: not equiv ,0.5320   (Solve) ,,0.255  	CC2-Concurrent: unknown  ,0.0000   (Solve) ,,0.000  	KleeCLEVER: not equiv ,0.2041  
./mergedHard/EQ_getSign2EQ_pos2/libB CC2-Hybrid: equiv    ,17.7033  (Solve) ,,17.513 	CC2-Concurrent: unknown  ,0.0000   (Solve) ,,0.000  	KleeCLEVER: timeout  ,300.0000
./mergedHard/EQ_getSign2EXTRA_ultra_prime_sum/libA CC2-Hybrid: equiv    ,2.5741   (Solve) ,,1.073  	CC2-Concurrent: unknown  ,0.0000   (Solve) ,,0.000  	KleeCLEVER: not equiv ,0.1601  
Disagreement error: ./mergedHard/EQ_getSign2EXTRA_ultra_prime_sum/libA
./mergedHard/EQ_getSign2EXTRA_ultra_prime_sum/libB CC2-Hybrid: not equiv ,120.6020 (Solve) ,,117.440	CC2-Concurrent: unknown  ,0.0000   (Solve) ,,0.000  	KleeCLEVER: timeout  ,300.0000
./mergedHard/EQ_is_prime1EQ_UnchLoop/libA CC2-Hybrid: not equiv ,2.3612   (Solve) ,,1.295  	CC2-Concurrent: unknown  ,0.0000   (Solve) ,,0.000  	KleeCLEVER: not equiv ,0.1039  
./mergedHard/EQ_is_prime1EQ_UnchLoop/libB CC2-Hybrid: equiv    ,40.2566  (Solve) ,,40.141 	CC2-Concurrent: unknown  ,0.0000   (Solve) ,,0.000  	KleeCLEVER: timeout  ,300.0000
./mergedHard/EQ_is_prime1EQ_is_prime2/libA CC2-Hybrid: not equiv ,1.2664   (Solve) ,,0.930  	CC2-Concurrent: unknown  ,0.0000   (Solve) ,,0.000  	KleeCLEVER: not equiv ,0.6712  
./mergedHard/EQ_is_prime1EQ_is_prime2/libB CC2-Hybrid: not equiv ,1.2356   (Solve) ,,0.923  	CC2-Concurrent: unknown  ,0.0000   (Solve) ,,0.000  	KleeCLEVER: not equiv ,0.6684  
./mergedHard/EQ_is_prime1EQ_odd/libA CC2-Hybrid: not equiv ,0.9573   (Solve) ,,0.674  	CC2-Concurrent: unknown  ,0.0000   (Solve) ,,0.000  	KleeCLEVER: not equiv ,0.6226  
./mergedHard/EQ_is_prime1EQ_odd/libB CC2-Hybrid: not equiv ,2.4807   (Solve) ,,1.854  	CC2-Concurrent: unknown  ,0.0000   (Solve) ,,0.000  	KleeCLEVER: not equiv ,0.6474  
./mergedHard/EQ_is_prime1EQ_pos/libA CC2-Hybrid: equiv    ,1.4679   (Solve) ,,1.265  	CC2-Concurrent: unknown  ,0.0000   (Solve) ,,0.000  	KleeCLEVER: equiv    ,1.2840  
./mergedHard/EQ_is_prime1EQ_pos/libB CC2-Hybrid: not equiv ,0.6114   (Solve) ,,0.329  	CC2-Concurrent: unknown  ,0.0000   (Solve) ,,0.000  	KleeCLEVER: not equiv ,0.2748  
./mergedHard/EQ_is_prime1EQ_pos2/libA CC2-Hybrid: equiv    ,1.4873   (Solve) ,,1.285  	CC2-Concurrent: unknown  ,0.0000   (Solve) ,,0.000  	KleeCLEVER: equiv    ,1.2912  
./mergedHard/EQ_is_prime1EQ_pos2/libB CC2-Hybrid: equiv    ,18.6510  (Solve) ,,18.456 	CC2-Concurrent: unknown  ,0.0000   (Solve) ,,0.000  	KleeCLEVER: timeout  ,300.0000
./mergedHard/EQ_is_prime1EXTRA_ultra_prime_sum/libA CC2-Hybrid: equiv    ,18.4206  (Solve) ,,17.377 	CC2-Concurrent: unknown  ,0.0000   (Solve) ,,0.000  	KleeCLEVER: not equiv ,0.3928  
Disagreement error: ./mergedHard/EQ_is_prime1EXTRA_ultra_prime_sum/libA
./mergedHard/EQ_is_prime1EXTRA_ultra_prime_sum/libB CC2-Hybrid: not equiv ,163.3363 (Solve) ,,159.614	CC2-Concurrent: unknown  ,0.0000   (Solve) ,,0.000  	KleeCLEVER: not equiv ,274.0848
./mergedHard/EQ_is_prime2EQ_Add/libA CC2-Hybrid: not equiv ,0.9202   (Solve) ,,0.588  	CC2-Concurrent: unknown  ,0.0000   (Solve) ,,0.000  	KleeCLEVER: not equiv ,0.5968  
./mergedHard/EQ_is_prime2EQ_Add/libB CC2-Hybrid: equiv    ,0.2036   (Solve) ,,0.049  	CC2-Concurrent: unknown  ,0.0000   (Solve) ,,0.000  	KleeCLEVER: equiv    ,0.1057  
./mergedHard/EQ_is_prime2EQ_Const/libA CC2-Hybrid: not equiv ,0.8853   (Solve) ,,0.579  	CC2-Concurrent: unknown  ,0.0000   (Solve) ,,0.000  	KleeCLEVER: not equiv ,0.5967  
./mergedHard/EQ_is_prime2EQ_Const/libB CC2-Hybrid: equiv    ,0.2025   (Solve) ,,0.047  	CC2-Concurrent: unknown  ,0.0000   (Solve) ,,0.000  	KleeCLEVER: equiv    ,0.1068  
./mergedHard/EQ_is_prime2EQ_LoopMult20/libA CC2-Hybrid: not equiv ,1.4414   (Solve) ,,1.103  	CC2-Concurrent: unknown  ,0.0000   (Solve) ,,0.000  	KleeCLEVER: not equiv ,0.9671  
./mergedHard/EQ_is_prime2EQ_LoopMult20/libB CC2-Hybrid: equiv    ,12.0844  (Solve) ,,11.859 	CC2-Concurrent: unknown  ,0.0000   (Solve) ,,0.000  	KleeCLEVER: not equiv ,0.1736  
Disagreement error: ./mergedHard/EQ_is_prime2EQ_LoopMult20/libB
./mergedHard/EQ_is_prime2EQ_LoopUnreach20/libA CC2-Hybrid: not equiv ,1.4428   (Solve) ,,1.106  	CC2-Concurrent: unknown  ,0.0000   (Solve) ,,0.000  	KleeCLEVER: not equiv ,0.9704  
./mergedHard/EQ_is_prime2EQ_LoopUnreach20/libB CC2-Hybrid: equiv    ,0.3110   (Solve) ,,0.093  	CC2-Concurrent: unknown  ,0.0000   (Solve) ,,0.000  	KleeCLEVER: not equiv ,0.1661  
Disagreement error: ./mergedHard/EQ_is_prime2EQ_LoopUnreach20/libB
./mergedHard/EQ_is_prime2EQ_UnchLoop/libA CC2-Hybrid: not equiv ,0.8876   (Solve) ,,0.581  	CC2-Concurrent: unknown  ,0.0000   (Solve) ,,0.000  	KleeCLEVER: not equiv ,0.5962  
./mergedHard/EQ_is_prime2EQ_UnchLoop/libB CC2-Hybrid: timeout  ,300.0000 (Solve) ,,0.000  	CC2-Concurrent: unknown  ,0.0000   (Solve) ,,0.000  	KleeCLEVER: timeout  ,300.0000
./mergedHard/EQ_is_prime2EQ_divide/libA CC2-Hybrid: not equiv ,1.5781   (Solve) ,,1.188  	CC2-Concurrent: unknown  ,0.0000   (Solve) ,,0.000  	KleeCLEVER: not equiv ,1.1479  
./mergedHard/EQ_is_prime2EQ_divide/libB CC2-Hybrid: equiv    ,0.2823   (Solve) ,,0.070  	CC2-Concurrent: unknown  ,0.0000   (Solve) ,,0.000  	KleeCLEVER: equiv    ,0.1202  
./mergedHard/EQ_is_prime2EQ_getSign2/libA CC2-Hybrid: not equiv ,1.5626   (Solve) ,,1.206  	CC2-Concurrent: unknown  ,0.0000   (Solve) ,,0.000  	KleeCLEVER: not equiv ,1.1724  
./mergedHard/EQ_is_prime2EQ_getSign2/libB CC2-Hybrid: equiv    ,0.3127   (Solve) ,,0.120  	CC2-Concurrent: unknown  ,0.0000   (Solve) ,,0.000  	KleeCLEVER: equiv    ,0.1856  
./mergedHard/EQ_is_prime2EQ_is_prime1/libA CC2-Hybrid: not equiv ,1.1928   (Solve) ,,0.879  	CC2-Concurrent: unknown  ,0.0000   (Solve) ,,0.000  	KleeCLEVER: not equiv ,0.6758  
./mergedHard/EQ_is_prime2EQ_is_prime1/libB CC2-Hybrid: not equiv ,1.1814   (Solve) ,,0.871  	CC2-Concurrent: unknown  ,0.0000   (Solve) ,,0.000  	KleeCLEVER: not equiv ,0.6751  
./mergedHard/EQ_is_prime2EQ_is_prime2/libA CC2-Hybrid: not equiv ,1.8431   (Solve) ,,1.442  	CC2-Concurrent: unknown  ,0.0000   (Solve) ,,0.000  	KleeCLEVER: not equiv ,1.3064  
./mergedHard/EQ_is_prime2EQ_is_prime2/libB CC2-Hybrid: not equiv ,1.8793   (Solve) ,,1.461  	CC2-Concurrent: unknown  ,0.0000   (Solve) ,,0.000  	KleeCLEVER: not equiv ,1.3197  
./mergedHard/EQ_is_prime2EQ_is_prime3/libA CC2-Hybrid: not equiv ,4.4637   (Solve) ,,2.843  	CC2-Concurrent: unknown  ,0.0000   (Solve) ,,0.000  	KleeCLEVER: not equiv ,1.4428  
./mergedHard/EQ_is_prime2EQ_is_prime3/libB CC2-Hybrid: not equiv ,4.4076   (Solve) ,,2.808  	CC2-Concurrent: unknown  ,0.0000   (Solve) ,,0.000  	KleeCLEVER: not equiv ,1.4424  
./mergedHard/EQ_is_prime2EQ_ltfive/libA CC2-Hybrid: not equiv ,4.0352   (Solve) ,,3.563  	CC2-Concurrent: unknown  ,0.0000   (Solve) ,,0.000  	KleeCLEVER: not equiv ,3.2316  
./mergedHard/EQ_is_prime2EQ_ltfive/libB CC2-Hybrid: not equiv ,0.6703   (Solve) ,,0.304  	CC2-Concurrent: unknown  ,0.0000   (Solve) ,,0.000  	KleeCLEVER: not equiv ,0.2232  
./mergedHard/EQ_is_prime2EQ_ltfiveBound/libA CC2-Hybrid: not equiv ,1.7296   (Solve) ,,1.240  	CC2-Concurrent: unknown  ,0.0000   (Solve) ,,0.000  	KleeCLEVER: not equiv ,1.1776  
./mergedHard/EQ_is_prime2EQ_ltfiveBound/libB CC2-Hybrid: equiv    ,0.4381   (Solve) ,,0.152  	CC2-Concurrent: unknown  ,0.0000   (Solve) ,,0.000  	KleeCLEVER: not equiv ,0.1995  
Disagreement error: ./mergedHard/EQ_is_prime2EQ_ltfiveBound/libB
./mergedHard/EQ_is_prime2EQ_multiple/libA CC2-Hybrid: timeout  ,300.0000 (Solve) ,,0.000  	CC2-Concurrent: unknown  ,0.0000   (Solve) ,,0.000  	KleeCLEVER: not equiv ,0.6421  
./mergedHard/EQ_is_prime2EQ_multiple/libB CC2-Hybrid: not equiv ,0.7574   (Solve) ,,0.460  	CC2-Concurrent: unknown  ,0.0000   (Solve) ,,0.000  	KleeCLEVER: not equiv ,0.3016  
./mergedHard/EQ_is_prime2EQ_multipleBound/libA CC2-Hybrid: not equiv ,1.3315   (Solve) ,,0.946  	CC2-Concurrent: unknown  ,0.0000   (Solve) ,,0.000  	KleeCLEVER: not equiv ,0.8954  
./mergedHard/EQ_is_prime2EQ_multipleBound/libB CC2-Hybrid: not equiv ,0.7351   (Solve) ,,0.387  	CC2-Concurrent: unknown  ,0.0000   (Solve) ,,0.000  	KleeCLEVER: not equiv ,0.2944  
./mergedHard/EQ_is_prime2EQ_odd/libA CC2-Hybrid: not equiv ,1.5282   (Solve) ,,1.161  	CC2-Concurrent: unknown  ,0.0000   (Solve) ,,0.000  	KleeCLEVER: not equiv ,1.1475  
./mergedHard/EQ_is_prime2EQ_odd/libB CC2-Hybrid: not equiv ,0.6752   (Solve) ,,0.366  	CC2-Concurrent: unknown  ,0.0000   (Solve) ,,0.000  	KleeCLEVER: not equiv ,0.4081  
./mergedHard/EQ_is_prime2EQ_one/libA CC2-Hybrid: not equiv ,6.4737   (Solve) ,,6.062  	CC2-Concurrent: unknown  ,0.0000   (Solve) ,,0.000  	KleeCLEVER: not equiv ,6.0311  
./mergedHard/EQ_is_prime2EQ_one/libB CC2-Hybrid: not equiv ,0.5645   (Solve) ,,0.241  	CC2-Concurrent: unknown  ,0.0000   (Solve) ,,0.000  	KleeCLEVER: not equiv ,0.1945  
./mergedHard/EQ_is_prime2EQ_oneBound/libA CC2-Hybrid: not equiv ,2.5824   (Solve) ,,2.153  	CC2-Concurrent: unknown  ,0.0000   (Solve) ,,0.000  	KleeCLEVER: not equiv ,2.2510  
./mergedHard/EQ_is_prime2EQ_oneBound/libB CC2-Hybrid: equiv    ,0.4113   (Solve) ,,0.162  	CC2-Concurrent: unknown  ,0.0000   (Solve) ,,0.000  	KleeCLEVER: not equiv ,0.2134  
Disagreement error: ./mergedHard/EQ_is_prime2EQ_oneBound/libB
./mergedHard/EQ_is_prime2EQ_oneN2/libA CC2-Hybrid: not equiv ,6.3716   (Solve) ,,5.968  	CC2-Concurrent: unknown  ,0.0000   (Solve) ,,0.000  	KleeCLEVER: not equiv ,6.0563  
./mergedHard/EQ_is_prime2EQ_oneN2/libB CC2-Hybrid: not equiv ,0.5966   (Solve) ,,0.271  	CC2-Concurrent: unknown  ,0.0000   (Solve) ,,0.000  	KleeCLEVER: not equiv ,0.2153  
./mergedHard/EQ_is_prime2EQ_pos/libA CC2-Hybrid: not equiv ,9.2730   (Solve) ,,8.861  	CC2-Concurrent: unknown  ,0.0000   (Solve) ,,0.000  	KleeCLEVER: not equiv ,8.2378  
./mergedHard/EQ_is_prime2EQ_pos/libB CC2-Hybrid: not equiv ,0.6311   (Solve) ,,0.297  	CC2-Concurrent: unknown  ,0.0000   (Solve) ,,0.000  	KleeCLEVER: not equiv ,0.2690  
./mergedHard/EQ_is_prime2EQ_pos2/libA CC2-Hybrid: not equiv ,9.2988   (Solve) ,,8.893  	CC2-Concurrent: unknown  ,0.0000   (Solve) ,,0.000  	KleeCLEVER: not equiv ,8.1849  
./mergedHard/EQ_is_prime2EQ_pos2/libB CC2-Hybrid: equiv    ,16.7798  (Solve) ,,16.534 	CC2-Concurrent: unknown  ,0.0000   (Solve) ,,0.000  	KleeCLEVER: timeout  ,300.0000
./mergedHard/EQ_is_prime2EXTRA_ultra_prime_sum/libA CC2-Hybrid: not equiv ,18.9255  (Solve) ,,15.098 	CC2-Concurrent: unknown  ,0.0000   (Solve) ,,0.000  	KleeCLEVER: not equiv ,0.8051  
./mergedHard/EQ_is_prime2EXTRA_ultra_prime_sum/libB CC2-Hybrid: not equiv ,43.1727  (Solve) ,,42.095 	CC2-Concurrent: unknown  ,0.0000   (Solve) ,,0.000  	KleeCLEVER: timeout  ,300.0000
./mergedHard/EQ_is_prime2NEQ_LoopMult20/libA CC2-Hybrid: not equiv ,1.4701   (Solve) ,,1.113  	CC2-Concurrent: unknown  ,0.0000   (Solve) ,,0.000  	KleeCLEVER: not equiv ,0.9712  
./mergedHard/EQ_is_prime2NEQ_LoopMult20/libB CC2-Hybrid: not equiv ,0.6940   (Solve) ,,0.372  	CC2-Concurrent: unknown  ,0.0000   (Solve) ,,0.000  	KleeCLEVER: not equiv ,0.1570  
./mergedHard/EQ_is_prime2NEQ_LoopUnreach20/libA CC2-Hybrid: not equiv ,1.4579   (Solve) ,,1.116  	CC2-Concurrent: unknown  ,0.0000   (Solve) ,,0.000  	KleeCLEVER: not equiv ,0.9682  
./mergedHard/EQ_is_prime2NEQ_LoopUnreach20/libB CC2-Hybrid: not equiv ,0.5099   (Solve) ,,0.186  	CC2-Concurrent: unknown  ,0.0000   (Solve) ,,0.000  	KleeCLEVER: not equiv ,0.1554  
./mergedHard/EQ_is_prime2NEQ_getSign/libA CC2-Hybrid: not equiv ,1.5123   (Solve) ,,1.168  	CC2-Concurrent: unknown  ,0.0000   (Solve) ,,0.000  	KleeCLEVER: not equiv ,1.1311  
./mergedHard/EQ_is_prime2NEQ_getSign/libB CC2-Hybrid: not equiv ,0.5317   (Solve) ,,0.256  	CC2-Concurrent: unknown  ,0.0000   (Solve) ,,0.000  	KleeCLEVER: not equiv ,0.1722  
./mergedHard/EQ_is_prime3EQ_UnchLoop/libA CC2-Hybrid: not equiv ,2.3834   (Solve) ,,1.824  	CC2-Concurrent: unknown  ,0.0000   (Solve) ,,0.000  	KleeCLEVER: not equiv ,0.1930  
./mergedHard/EQ_is_prime3EQ_UnchLoop/libB CC2-Hybrid: timeout  ,300.0000 (Solve) ,,0.000  	CC2-Concurrent: unknown  ,0.0000   (Solve) ,,0.000  	KleeCLEVER: timeout  ,300.0000
./mergedHard/EQ_is_prime3EQ_is_prime2/libA CC2-Hybrid: not equiv ,8.1075   (Solve) ,,6.758  	CC2-Concurrent: unknown  ,0.0000   (Solve) ,,0.000  	KleeCLEVER: not equiv ,1.1306  
./mergedHard/EQ_is_prime3EQ_is_prime2/libB CC2-Hybrid: not equiv ,8.0778   (Solve) ,,6.774  	CC2-Concurrent: unknown  ,0.0000   (Solve) ,,0.000  	KleeCLEVER: not equiv ,1.1291  
./mergedHard/EQ_is_prime3EQ_odd/libA CC2-Hybrid: not equiv ,4.4095   (Solve) ,,3.687  	CC2-Concurrent: unknown  ,0.0000   (Solve) ,,0.000  	KleeCLEVER: not equiv ,0.7060  
./mergedHard/EQ_is_prime3EQ_odd/libB CC2-Hybrid: timeout  ,300.0000 (Solve) ,,0.000  	CC2-Concurrent: unknown  ,0.0000   (Solve) ,,0.000  	KleeCLEVER: timeout  ,300.0000
./mergedHard/EQ_is_prime3EQ_pos/libA CC2-Hybrid: equiv    ,17.5907  (Solve) ,,16.410 	CC2-Concurrent: unknown  ,0.0000   (Solve) ,,0.000  	KleeCLEVER: equiv    ,2.4538  
./mergedHard/EQ_is_prime3EQ_pos/libB CC2-Hybrid: not equiv ,1.7540   (Solve) ,,1.020  	CC2-Concurrent: unknown  ,0.0000   (Solve) ,,0.000  	KleeCLEVER: not equiv ,36.5603 
./mergedHard/EQ_is_prime3EQ_pos2/libA CC2-Hybrid: equiv    ,25.4218  (Solve) ,,24.203 	CC2-Concurrent: unknown  ,0.0000   (Solve) ,,0.000  	KleeCLEVER: equiv    ,2.4591  
./mergedHard/EQ_is_prime3EQ_pos2/libB CC2-Hybrid: equiv    ,49.3913  (Solve) ,,48.801 	CC2-Concurrent: unknown  ,0.0000   (Solve) ,,0.000  	KleeCLEVER: timeout  ,300.0000
./mergedHard/EQ_is_prime3EXTRA_ultra_prime_sum/libA CC2-Hybrid: not equiv ,36.8204  (Solve) ,,31.663 	CC2-Concurrent: unknown  ,0.0000   (Solve) ,,0.000  	KleeCLEVER: not equiv ,1.0036  
./mergedHard/EQ_is_prime3EXTRA_ultra_prime_sum/libB CC2-Hybrid: not equiv ,170.9082 (Solve) ,,165.633	CC2-Concurrent: unknown  ,0.0000   (Solve) ,,0.000  	KleeCLEVER: timeout  ,300.0000
./mergedHard/EQ_ltfiveBoundEQ_UnchLoop/libA CC2-Hybrid: equiv    ,0.4054   (Solve) ,,0.166  	CC2-Concurrent: unknown  ,0.0000   (Solve) ,,0.000  	KleeCLEVER: equiv    ,0.1847  
./mergedHard/EQ_ltfiveBoundEQ_UnchLoop/libB CC2-Hybrid: timeout  ,300.0000 (Solve) ,,0.000  	CC2-Concurrent: unknown  ,0.0000   (Solve) ,,0.000  	KleeCLEVER: equiv    ,24.5084 
./mergedHard/EQ_ltfiveBoundEQ_is_prime2/libA CC2-Hybrid: equiv    ,0.4311   (Solve) ,,0.150  	CC2-Concurrent: unknown  ,0.0000   (Solve) ,,0.000  	KleeCLEVER: not equiv ,0.2000  
Disagreement error: ./mergedHard/EQ_ltfiveBoundEQ_is_prime2/libA
./mergedHard/EQ_ltfiveBoundEQ_is_prime2/libB CC2-Hybrid: not equiv ,1.6179   (Solve) ,,1.153  	CC2-Concurrent: unknown  ,0.0000   (Solve) ,,0.000  	KleeCLEVER: not equiv ,1.0050  
./mergedHard/EQ_ltfiveBoundEQ_odd/libA CC2-Hybrid: not equiv ,0.6315   (Solve) ,,0.269  	CC2-Concurrent: unknown  ,0.0000   (Solve) ,,0.000  	KleeCLEVER: not equiv ,0.2085  
./mergedHard/EQ_ltfiveBoundEQ_odd/libB CC2-Hybrid: not equiv ,11.5837  (Solve) ,,11.206 	CC2-Concurrent: unknown  ,0.0000   (Solve) ,,0.000  	KleeCLEVER: timeout  ,300.0000
./mergedHard/EQ_ltfiveBoundEQ_pos/libA CC2-Hybrid: not equiv ,0.6879   (Solve) ,,0.287  	CC2-Concurrent: unknown  ,0.0000   (Solve) ,,0.000  	KleeCLEVER: not equiv ,0.2089  
./mergedHard/EQ_ltfiveBoundEQ_pos/libB CC2-Hybrid: not equiv ,1.0710   (Solve) ,,0.687  	CC2-Concurrent: unknown  ,0.0000   (Solve) ,,0.000  	KleeCLEVER: not equiv ,0.6242  
./mergedHard/EQ_ltfiveBoundEQ_pos2/libA CC2-Hybrid: not equiv ,0.6597   (Solve) ,,0.281  	CC2-Concurrent: unknown  ,0.0000   (Solve) ,,0.000  	KleeCLEVER: not equiv ,0.2098  
./mergedHard/EQ_ltfiveBoundEQ_pos2/libB CC2-Hybrid: equiv    ,25.9635  (Solve) ,,25.671 	CC2-Concurrent: unknown  ,0.0000   (Solve) ,,0.000  	KleeCLEVER: timeout  ,300.0000
./mergedHard/EQ_ltfiveBoundEXTRA_ultra_prime_sum/libA CC2-Hybrid: not equiv ,3.7123   (Solve) ,,1.707  	CC2-Concurrent: unknown  ,0.0000   (Solve) ,,0.000  	KleeCLEVER: not equiv ,0.1915  
./mergedHard/EQ_ltfiveBoundEXTRA_ultra_prime_sum/libB CC2-Hybrid: not equiv ,221.3921 (Solve) ,,216.088	CC2-Concurrent: unknown  ,0.0000   (Solve) ,,0.000  	KleeCLEVER: not equiv ,157.7256
./mergedHard/EQ_ltfiveEQ_UnchLoop/libA CC2-Hybrid: not equiv ,0.7248   (Solve) ,,0.423  	CC2-Concurrent: unknown  ,0.0000   (Solve) ,,0.000  	KleeCLEVER: not equiv ,0.1793  
./mergedHard/EQ_ltfiveEQ_UnchLoop/libB CC2-Hybrid: timeout  ,300.0000 (Solve) ,,0.000  	CC2-Concurrent: unknown  ,0.0000   (Solve) ,,0.000  	KleeCLEVER: timeout  ,300.0000
./mergedHard/EQ_ltfiveEQ_is_prime2/libA CC2-Hybrid: not equiv ,0.7836   (Solve) ,,0.367  	CC2-Concurrent: unknown  ,0.0000   (Solve) ,,0.000  	KleeCLEVER: not equiv ,0.2281  
./mergedHard/EQ_ltfiveEQ_is_prime2/libB CC2-Hybrid: not equiv ,3.0168   (Solve) ,,2.563  	CC2-Concurrent: unknown  ,0.0000   (Solve) ,,0.000  	KleeCLEVER: not equiv ,2.4982  
./mergedHard/EQ_ltfiveEQ_odd/libA   CC2-Hybrid: not equiv ,0.6421   (Solve) ,,0.306  	CC2-Concurrent: unknown  ,0.0000   (Solve) ,,0.000  	KleeCLEVER: not equiv ,0.2332  
./mergedHard/EQ_ltfiveEQ_odd/libB   CC2-Hybrid: not equiv ,12.1521  (Solve) ,,11.811 	CC2-Concurrent: unknown  ,0.0000   (Solve) ,,0.000  	KleeCLEVER: not equiv ,14.6013 
./mergedHard/EQ_ltfiveEQ_pos/libA   CC2-Hybrid: not equiv ,0.6785   (Solve) ,,0.314  	CC2-Concurrent: unknown  ,0.0000   (Solve) ,,0.000  	KleeCLEVER: not equiv ,0.2352  
./mergedHard/EQ_ltfiveEQ_pos/libB   CC2-Hybrid: not equiv ,1.0095   (Solve) ,,0.657  	CC2-Concurrent: unknown  ,0.0000   (Solve) ,,0.000  	KleeCLEVER: not equiv ,0.3971  
./mergedHard/EQ_ltfiveEQ_pos2/libA  CC2-Hybrid: not equiv ,0.6573   (Solve) ,,0.312  	CC2-Concurrent: unknown  ,0.0000   (Solve) ,,0.000  	KleeCLEVER: not equiv ,0.2316  
./mergedHard/EQ_ltfiveEQ_pos2/libB  CC2-Hybrid: equiv    ,25.9946  (Solve) ,,25.734 	CC2-Concurrent: unknown  ,0.0000   (Solve) ,,0.000  	KleeCLEVER: timeout  ,300.0000
./mergedHard/EQ_ltfiveEXTRA_ultra_prime_sum/libA CC2-Hybrid: not equiv ,1.1597   (Solve) ,,0.493  	CC2-Concurrent: unknown  ,0.0000   (Solve) ,,0.000  	KleeCLEVER: not equiv ,0.2255  
./mergedHard/EQ_ltfiveEXTRA_ultra_prime_sum/libB CC2-Hybrid: not equiv ,119.5981 (Solve) ,,116.765	CC2-Concurrent: unknown  ,0.0000   (Solve) ,,0.000  	KleeCLEVER: timeout  ,300.0000
./mergedHard/EQ_multipleBoundEQ_UnchLoop/libA CC2-Hybrid: not equiv ,0.6207   (Solve) ,,0.339  	CC2-Concurrent: unknown  ,0.0000   (Solve) ,,0.000  	KleeCLEVER: not equiv ,0.2254  
./mergedHard/EQ_multipleBoundEQ_UnchLoop/libB CC2-Hybrid: timeout  ,300.0000 (Solve) ,,0.000  	CC2-Concurrent: unknown  ,0.0000   (Solve) ,,0.000  	KleeCLEVER: timeout  ,300.0000
./mergedHard/EQ_multipleBoundEQ_is_prime2/libA CC2-Hybrid: not equiv ,0.7250   (Solve) ,,0.386  	CC2-Concurrent: unknown  ,0.0000   (Solve) ,,0.000  	KleeCLEVER: not equiv ,0.3755  
./mergedHard/EQ_multipleBoundEQ_is_prime2/libB CC2-Hybrid: not equiv ,1.3118   (Solve) ,,0.930  	CC2-Concurrent: unknown  ,0.0000   (Solve) ,,0.000  	KleeCLEVER: not equiv ,0.7551  
./mergedHard/EQ_multipleBoundEQ_odd/libA CC2-Hybrid: not equiv ,0.8968   (Solve) ,,0.606  	CC2-Concurrent: unknown  ,0.0000   (Solve) ,,0.000  	KleeCLEVER: not equiv ,0.3510  
./mergedHard/EQ_multipleBoundEQ_odd/libB CC2-Hybrid: equiv    ,12.7913  (Solve) ,,12.595 	CC2-Concurrent: unknown  ,0.0000   (Solve) ,,0.000  	KleeCLEVER: timeout  ,300.0000
./mergedHard/EQ_multipleBoundEQ_pos/libA CC2-Hybrid: not equiv ,0.8496   (Solve) ,,0.484  	CC2-Concurrent: unknown  ,0.0000   (Solve) ,,0.000  	KleeCLEVER: not equiv ,0.4690  
./mergedHard/EQ_multipleBoundEQ_pos/libB CC2-Hybrid: not equiv ,1.2656   (Solve) ,,0.936  	CC2-Concurrent: unknown  ,0.0000   (Solve) ,,0.000  	KleeCLEVER: not equiv ,1.0037  
./mergedHard/EQ_multipleBoundEQ_pos2/libA CC2-Hybrid: not equiv ,0.8153   (Solve) ,,0.475  	CC2-Concurrent: unknown  ,0.0000   (Solve) ,,0.000  	KleeCLEVER: not equiv ,0.4727  
./mergedHard/EQ_multipleBoundEQ_pos2/libB CC2-Hybrid: equiv    ,18.0053  (Solve) ,,17.768 	CC2-Concurrent: unknown  ,0.0000   (Solve) ,,0.000  	KleeCLEVER: timeout  ,300.0000
./mergedHard/EQ_multipleBoundEXTRA_ultra_prime_sum/libA CC2-Hybrid: timeout  ,300.0000 (Solve) ,,0.000  	CC2-Concurrent: unknown  ,0.0000   (Solve) ,,0.000  	KleeCLEVER: timeout  ,300.0000
./mergedHard/EQ_multipleBoundEXTRA_ultra_prime_sum/libB CC2-Hybrid: timeout  ,300.0000 (Solve) ,,0.000  	CC2-Concurrent: unknown  ,0.0000   (Solve) ,,0.000  	KleeCLEVER: timeout  ,300.0000
./mergedHard/EQ_multipleEQ_UnchLoop/libA CC2-Hybrid: not equiv ,0.6103   (Solve) ,,0.361  	CC2-Concurrent: unknown  ,0.0000   (Solve) ,,0.000  	KleeCLEVER: not equiv ,0.2236  
./mergedHard/EQ_multipleEQ_UnchLoop/libB CC2-Hybrid: timeout  ,300.0000 (Solve) ,,0.000  	CC2-Concurrent: unknown  ,0.0000   (Solve) ,,0.000  	KleeCLEVER: timeout  ,300.0000
./mergedHard/EQ_multipleEQ_is_prime2/libA CC2-Hybrid: not equiv ,0.7083   (Solve) ,,0.401  	CC2-Concurrent: unknown  ,0.0000   (Solve) ,,0.000  	KleeCLEVER: not equiv ,0.2676  
./mergedHard/EQ_multipleEQ_is_prime2/libB CC2-Hybrid: not equiv ,1.9521   (Solve) ,,1.580  	CC2-Concurrent: unknown  ,0.0000   (Solve) ,,0.000  	KleeCLEVER: not equiv ,0.6374  
./mergedHard/EQ_multipleEQ_odd/libA CC2-Hybrid: not equiv ,0.9148   (Solve) ,,0.653  	CC2-Concurrent: unknown  ,0.0000   (Solve) ,,0.000  	KleeCLEVER: not equiv ,0.3781  
./mergedHard/EQ_multipleEQ_odd/libB CC2-Hybrid: equiv    ,12.7303  (Solve) ,,12.561 	CC2-Concurrent: unknown  ,0.0000   (Solve) ,,0.000  	KleeCLEVER: timeout  ,300.0000
./mergedHard/EQ_multipleEQ_pos/libA CC2-Hybrid: not equiv ,0.7695   (Solve) ,,0.462  	CC2-Concurrent: unknown  ,0.0000   (Solve) ,,0.000  	KleeCLEVER: not equiv ,0.3069  
./mergedHard/EQ_multipleEQ_pos/libB CC2-Hybrid: not equiv ,0.6646   (Solve) ,,0.371  	CC2-Concurrent: unknown  ,0.0000   (Solve) ,,0.000  	KleeCLEVER: not equiv ,0.3437  
./mergedHard/EQ_multipleEQ_pos2/libA CC2-Hybrid: not equiv ,0.7636   (Solve) ,,0.475  	CC2-Concurrent: unknown  ,0.0000   (Solve) ,,0.000  	KleeCLEVER: not equiv ,0.3108  
./mergedHard/EQ_multipleEQ_pos2/libB CC2-Hybrid: equiv    ,17.7817  (Solve) ,,17.579 	CC2-Concurrent: unknown  ,0.0000   (Solve) ,,0.000  	KleeCLEVER: timeout  ,300.0000
./mergedHard/EQ_multipleEXTRA_ultra_prime_sum/libA CC2-Hybrid: not equiv ,1.2023   (Solve) ,,0.666  	CC2-Concurrent: unknown  ,0.0000   (Solve) ,,0.000  	KleeCLEVER: not equiv ,0.2753  
./mergedHard/EQ_multipleEXTRA_ultra_prime_sum/libB CC2-Hybrid: timeout  ,300.0000 (Solve) ,,0.000  	CC2-Concurrent: unknown  ,0.0000   (Solve) ,,0.000  	KleeCLEVER: timeout  ,300.0000
./mergedHard/EQ_oddEQ_Add/libA      CC2-Hybrid: equiv    ,11.5456  (Solve) ,,11.382 	CC2-Concurrent: unknown  ,0.0000   (Solve) ,,0.000  	KleeCLEVER: timeout  ,300.0000
./mergedHard/EQ_oddEQ_Add/libB      CC2-Hybrid: equiv    ,0.1984   (Solve) ,,0.055  	CC2-Concurrent: unknown  ,0.0000   (Solve) ,,0.000  	KleeCLEVER: equiv    ,0.1078  
./mergedHard/EQ_oddEQ_Const/libA    CC2-Hybrid: equiv    ,11.5289  (Solve) ,,11.392 	CC2-Concurrent: unknown  ,0.0000   (Solve) ,,0.000  	KleeCLEVER: timeout  ,300.0000
./mergedHard/EQ_oddEQ_Const/libB    CC2-Hybrid: equiv    ,0.2020   (Solve) ,,0.053  	CC2-Concurrent: unknown  ,0.0000   (Solve) ,,0.000  	KleeCLEVER: equiv    ,0.1079  
./mergedHard/EQ_oddEQ_LoopMult20/libA CC2-Hybrid: not equiv ,0.9750   (Solve) ,,0.716  	CC2-Concurrent: unknown  ,0.0000   (Solve) ,,0.000  	KleeCLEVER: not equiv ,0.5078  
./mergedHard/EQ_oddEQ_LoopMult20/libB CC2-Hybrid: timeout  ,300.0000 (Solve) ,,0.000  	CC2-Concurrent: unknown  ,0.0000   (Solve) ,,0.000  	KleeCLEVER: timeout  ,300.0000
./mergedHard/EQ_oddEQ_LoopUnreach20/libA CC2-Hybrid: not equiv ,0.9989   (Solve) ,,0.722  	CC2-Concurrent: unknown  ,0.0000   (Solve) ,,0.000  	KleeCLEVER: not equiv ,0.5100  
./mergedHard/EQ_oddEQ_LoopUnreach20/libB CC2-Hybrid: equiv    ,0.2497   (Solve) ,,0.090  	CC2-Concurrent: unknown  ,0.0000   (Solve) ,,0.000  	KleeCLEVER: equiv    ,0.1535  
./mergedHard/EQ_oddEQ_UnchLoop/libA CC2-Hybrid: equiv    ,11.5254  (Solve) ,,11.388 	CC2-Concurrent: unknown  ,0.0000   (Solve) ,,0.000  	KleeCLEVER: timeout  ,300.0000
./mergedHard/EQ_oddEQ_UnchLoop/libB CC2-Hybrid: timeout  ,300.0000 (Solve) ,,0.000  	CC2-Concurrent: unknown  ,0.0000   (Solve) ,,0.000  	KleeCLEVER: timeout  ,300.0000
./mergedHard/EQ_oddEQ_divide/libA   CC2-Hybrid: not equiv ,0.9160   (Solve) ,,0.627  	CC2-Concurrent: unknown  ,0.0000   (Solve) ,,0.000  	KleeCLEVER: not equiv ,0.7021  
./mergedHard/EQ_oddEQ_divide/libB   CC2-Hybrid: equiv    ,0.2504   (Solve) ,,0.094  	CC2-Concurrent: unknown  ,0.0000   (Solve) ,,0.000  	KleeCLEVER: equiv    ,0.1524  
./mergedHard/EQ_oddEQ_getSign2/libA CC2-Hybrid: not equiv ,1.1861   (Solve) ,,0.931  	CC2-Concurrent: unknown  ,0.0000   (Solve) ,,0.000  	KleeCLEVER: not equiv ,0.7625  
./mergedHard/EQ_oddEQ_getSign2/libB CC2-Hybrid: not equiv ,0.4713   (Solve) ,,0.218  	CC2-Concurrent: unknown  ,0.0000   (Solve) ,,0.000  	KleeCLEVER: not equiv ,0.1710  
./mergedHard/EQ_oddEQ_is_prime1/libA CC2-Hybrid: not equiv ,2.6508   (Solve) ,,1.990  	CC2-Concurrent: unknown  ,0.0000   (Solve) ,,0.000  	KleeCLEVER: not equiv ,0.6436  
./mergedHard/EQ_oddEQ_is_prime1/libB CC2-Hybrid: not equiv ,1.0130   (Solve) ,,0.729  	CC2-Concurrent: unknown  ,0.0000   (Solve) ,,0.000  	KleeCLEVER: not equiv ,0.6807  
./mergedHard/EQ_oddEQ_is_prime2/libA CC2-Hybrid: not equiv ,0.7997   (Solve) ,,0.515  	CC2-Concurrent: unknown  ,0.0000   (Solve) ,,0.000  	KleeCLEVER: not equiv ,0.4508  
./mergedHard/EQ_oddEQ_is_prime2/libB CC2-Hybrid: not equiv ,1.9305   (Solve) ,,1.574  	CC2-Concurrent: unknown  ,0.0000   (Solve) ,,0.000  	KleeCLEVER: not equiv ,1.2996  
./mergedHard/EQ_oddEQ_is_prime3/libA CC2-Hybrid: not equiv ,25.0774  (Solve) ,,23.581 	CC2-Concurrent: unknown  ,0.0000   (Solve) ,,0.000  	KleeCLEVER: not equiv ,16.8598 
./mergedHard/EQ_oddEQ_is_prime3/libB CC2-Hybrid: not equiv ,2.2167   (Solve) ,,1.599  	CC2-Concurrent: unknown  ,0.0000   (Solve) ,,0.000  	KleeCLEVER: not equiv ,0.7160  
./mergedHard/EQ_oddEQ_ltfive/libA   CC2-Hybrid: not equiv ,4.7098   (Solve) ,,4.358  	CC2-Concurrent: unknown  ,0.0000   (Solve) ,,0.000  	KleeCLEVER: not equiv ,3.1317  
./mergedHard/EQ_oddEQ_ltfive/libB   CC2-Hybrid: not equiv ,0.6592   (Solve) ,,0.324  	CC2-Concurrent: unknown  ,0.0000   (Solve) ,,0.000  	KleeCLEVER: not equiv ,0.2326  
./mergedHard/EQ_oddEQ_ltfiveBound/libA CC2-Hybrid: not equiv ,2.8647   (Solve) ,,2.487  	CC2-Concurrent: unknown  ,0.0000   (Solve) ,,0.000  	KleeCLEVER: not equiv ,2.2136  
./mergedHard/EQ_oddEQ_ltfiveBound/libB CC2-Hybrid: not equiv ,0.6310   (Solve) ,,0.274  	CC2-Concurrent: unknown  ,0.0000   (Solve) ,,0.000  	KleeCLEVER: not equiv ,0.2104  
./mergedHard/EQ_oddEQ_multiple/libA CC2-Hybrid: equiv    ,12.8071  (Solve) ,,12.632 	CC2-Concurrent: unknown  ,0.0000   (Solve) ,,0.000  	KleeCLEVER: timeout  ,300.0000
./mergedHard/EQ_oddEQ_multiple/libB CC2-Hybrid: not equiv ,0.9221   (Solve) ,,0.637  	CC2-Concurrent: unknown  ,0.0000   (Solve) ,,0.000  	KleeCLEVER: not equiv ,0.3643  
./mergedHard/EQ_oddEQ_multipleBound/libA CC2-Hybrid: equiv    ,13.3571  (Solve) ,,13.160 	CC2-Concurrent: unknown  ,0.0000   (Solve) ,,0.000  	KleeCLEVER: timeout  ,300.0000
./mergedHard/EQ_oddEQ_multipleBound/libB CC2-Hybrid: not equiv ,0.9192   (Solve) ,,0.612  	CC2-Concurrent: unknown  ,0.0000   (Solve) ,,0.000  	KleeCLEVER: not equiv ,0.3281  
./mergedHard/EQ_oddEQ_odd/libA      CC2-Hybrid: equiv    ,12.7352  (Solve) ,,12.572 	CC2-Concurrent: unknown  ,0.0000   (Solve) ,,0.000  	KleeCLEVER: timeout  ,300.0000
./mergedHard/EQ_oddEQ_odd/libB      CC2-Hybrid: equiv    ,12.7461  (Solve) ,,12.565 	CC2-Concurrent: unknown  ,0.0000   (Solve) ,,0.000  	KleeCLEVER: timeout  ,300.0000
./mergedHard/EQ_oddEQ_one/libA      CC2-Hybrid: not equiv ,2.0859   (Solve) ,,1.744  	CC2-Concurrent: unknown  ,0.0000   (Solve) ,,0.000  	KleeCLEVER: not equiv ,1.2201  
./mergedHard/EQ_oddEQ_one/libB      CC2-Hybrid: not equiv ,0.5507   (Solve) ,,0.252  	CC2-Concurrent: unknown  ,0.0000   (Solve) ,,0.000  	KleeCLEVER: not equiv ,0.1934  
./mergedHard/EQ_oddEQ_oneBound/libA CC2-Hybrid: not equiv ,1.6853   (Solve) ,,1.355  	CC2-Concurrent: unknown  ,0.0000   (Solve) ,,0.000  	KleeCLEVER: not equiv ,1.0763  
./mergedHard/EQ_oddEQ_oneBound/libB CC2-Hybrid: not equiv ,0.5998   (Solve) ,,0.279  	CC2-Concurrent: unknown  ,0.0000   (Solve) ,,0.000  	KleeCLEVER: not equiv ,0.2115  
./mergedHard/EQ_oddEQ_oneN2/libA    CC2-Hybrid: not equiv ,2.0232   (Solve) ,,1.709  	CC2-Concurrent: unknown  ,0.0000   (Solve) ,,0.000  	KleeCLEVER: not equiv ,1.2241  
./mergedHard/EQ_oddEQ_oneN2/libB    CC2-Hybrid: not equiv ,0.6004   (Solve) ,,0.300  	CC2-Concurrent: unknown  ,0.0000   (Solve) ,,0.000  	KleeCLEVER: not equiv ,0.2362  
./mergedHard/EQ_oddEQ_pos/libA      CC2-Hybrid: not equiv ,1.2384   (Solve) ,,0.949  	CC2-Concurrent: unknown  ,0.0000   (Solve) ,,0.000  	KleeCLEVER: not equiv ,0.8213  
./mergedHard/EQ_oddEQ_pos/libB      CC2-Hybrid: not equiv ,0.6902   (Solve) ,,0.378  	CC2-Concurrent: unknown  ,0.0000   (Solve) ,,0.000  	KleeCLEVER: not equiv ,0.3250  
./mergedHard/EQ_oddEQ_pos2/libA     CC2-Hybrid: not equiv ,1.2417   (Solve) ,,0.952  	CC2-Concurrent: unknown  ,0.0000   (Solve) ,,0.000  	KleeCLEVER: not equiv ,0.8217  
./mergedHard/EQ_oddEQ_pos2/libB     CC2-Hybrid: equiv    ,17.7679  (Solve) ,,17.551 	CC2-Concurrent: unknown  ,0.0000   (Solve) ,,0.000  	KleeCLEVER: timeout  ,300.0000
./mergedHard/EQ_oddEXTRA_ultra_prime_sum/libA CC2-Hybrid: timeout  ,300.0000 (Solve) ,,0.000  	CC2-Concurrent: unknown  ,0.0000   (Solve) ,,0.000  	KleeCLEVER: timeout  ,300.0000
./mergedHard/EQ_oddEXTRA_ultra_prime_sum/libB CC2-Hybrid: timeout  ,300.0000 (Solve) ,,0.000  	CC2-Concurrent: unknown  ,0.0000   (Solve) ,,0.000  	KleeCLEVER: timeout  ,300.0000
./mergedHard/EQ_oddNEQ_LoopMult20/libA CC2-Hybrid: not equiv ,1.0024   (Solve) ,,0.722  	CC2-Concurrent: unknown  ,0.0000   (Solve) ,,0.000  	KleeCLEVER: not equiv ,0.5079  
./mergedHard/EQ_oddNEQ_LoopMult20/libB CC2-Hybrid: not equiv ,1.0788   (Solve) ,,0.808  	CC2-Concurrent: unknown  ,0.0000   (Solve) ,,0.000  	KleeCLEVER: not equiv ,0.4950  
./mergedHard/EQ_oddNEQ_LoopUnreach20/libA CC2-Hybrid: not equiv ,0.9801   (Solve) ,,0.721  	CC2-Concurrent: unknown  ,0.0000   (Solve) ,,0.000  	KleeCLEVER: not equiv ,0.5102  
./mergedHard/EQ_oddNEQ_LoopUnreach20/libB CC2-Hybrid: not equiv ,0.4640   (Solve) ,,0.190  	CC2-Concurrent: unknown  ,0.0000   (Solve) ,,0.000  	KleeCLEVER: not equiv ,0.1548  
./mergedHard/EQ_oddNEQ_getSign/libA CC2-Hybrid: not equiv ,0.9003   (Solve) ,,0.662  	CC2-Concurrent: unknown  ,0.0000   (Solve) ,,0.000  	KleeCLEVER: not equiv ,0.6387  
./mergedHard/EQ_oddNEQ_getSign/libB CC2-Hybrid: not equiv ,0.4691   (Solve) ,,0.234  	CC2-Concurrent: unknown  ,0.0000   (Solve) ,,0.000  	KleeCLEVER: not equiv ,0.1611  
./mergedHard/EQ_oneBoundEQ_UnchLoop/libA CC2-Hybrid: not equiv ,0.4552   (Solve) ,,0.182  	CC2-Concurrent: unknown  ,0.0000   (Solve) ,,0.000  	KleeCLEVER: not equiv ,0.1519  
./mergedHard/EQ_oneBoundEQ_UnchLoop/libB CC2-Hybrid: equiv    ,3.6581   (Solve) ,,3.474  	CC2-Concurrent: unknown  ,0.0000   (Solve) ,,0.000  	KleeCLEVER: equiv    ,3.5362  
./mergedHard/EQ_oneBoundEQ_is_prime2/libA CC2-Hybrid: equiv    ,0.4034   (Solve) ,,0.162  	CC2-Concurrent: unknown  ,0.0000   (Solve) ,,0.000  	KleeCLEVER: not equiv ,0.2050  
Disagreement error: ./mergedHard/EQ_oneBoundEQ_is_prime2/libA
./mergedHard/EQ_oneBoundEQ_is_prime2/libB CC2-Hybrid: not equiv ,2.3826   (Solve) ,,1.956  	CC2-Concurrent: unknown  ,0.0000   (Solve) ,,0.000  	KleeCLEVER: not equiv ,1.7514  
./mergedHard/EQ_oneBoundEQ_odd/libA CC2-Hybrid: not equiv ,0.6236   (Solve) ,,0.294  	CC2-Concurrent: unknown  ,0.0000   (Solve) ,,0.000  	KleeCLEVER: not equiv ,0.2125  
./mergedHard/EQ_oneBoundEQ_odd/libB CC2-Hybrid: not equiv ,11.2818  (Solve) ,,10.936 	CC2-Concurrent: unknown  ,0.0000   (Solve) ,,0.000  	KleeCLEVER: not equiv ,11.9204 
./mergedHard/EQ_oneBoundEQ_pos/libA CC2-Hybrid: not equiv ,0.6368   (Solve) ,,0.271  	CC2-Concurrent: unknown  ,0.0000   (Solve) ,,0.000  	KleeCLEVER: not equiv ,0.2039  
./mergedHard/EQ_oneBoundEQ_pos/libB CC2-Hybrid: equiv    ,14.4580  (Solve) ,,14.206 	CC2-Concurrent: unknown  ,0.0000   (Solve) ,,0.000  	KleeCLEVER: timeout  ,300.0000
./mergedHard/EQ_oneBoundEQ_pos2/libA CC2-Hybrid: not equiv ,0.6327   (Solve) ,,0.272  	CC2-Concurrent: unknown  ,0.0000   (Solve) ,,0.000  	KleeCLEVER: not equiv ,0.2029  
./mergedHard/EQ_oneBoundEQ_pos2/libB CC2-Hybrid: equiv    ,26.0264  (Solve) ,,25.774 	CC2-Concurrent: unknown  ,0.0000   (Solve) ,,0.000  	KleeCLEVER: timeout  ,300.0000
./mergedHard/EQ_oneBoundEXTRA_ultra_prime_sum/libA CC2-Hybrid: not equiv ,4.7948   (Solve) ,,2.285  	CC2-Concurrent: unknown  ,0.0000   (Solve) ,,0.000  	KleeCLEVER: not equiv ,0.1857  
./mergedHard/EQ_oneBoundEXTRA_ultra_prime_sum/libB CC2-Hybrid: timeout  ,300.0000 (Solve) ,,0.000  	CC2-Concurrent: unknown  ,0.0000   (Solve) ,,0.000  	KleeCLEVER: timeout  ,300.0000
./mergedHard/EQ_oneEQ_UnchLoop/libA CC2-Hybrid: not equiv ,0.4846   (Solve) ,,0.219  	CC2-Concurrent: unknown  ,0.0000   (Solve) ,,0.000  	KleeCLEVER: not equiv ,0.1634  
./mergedHard/EQ_oneEQ_UnchLoop/libB CC2-Hybrid: timeout  ,300.0000 (Solve) ,,0.000  	CC2-Concurrent: unknown  ,0.0000   (Solve) ,,0.000  	KleeCLEVER: timeout  ,300.0000
./mergedHard/EQ_oneEQ_is_prime2/libA CC2-Hybrid: not equiv ,0.5904   (Solve) ,,0.266  	CC2-Concurrent: unknown  ,0.0000   (Solve) ,,0.000  	KleeCLEVER: not equiv ,0.1872  
./mergedHard/EQ_oneEQ_is_prime2/libB CC2-Hybrid: not equiv ,2.8948   (Solve) ,,2.488  	CC2-Concurrent: unknown  ,0.0000   (Solve) ,,0.000  	KleeCLEVER: not equiv ,1.9200  
./mergedHard/EQ_oneEQ_odd/libA      CC2-Hybrid: not equiv ,0.5647   (Solve) ,,0.262  	CC2-Concurrent: unknown  ,0.0000   (Solve) ,,0.000  	KleeCLEVER: not equiv ,0.1856  
./mergedHard/EQ_oneEQ_odd/libB      CC2-Hybrid: not equiv ,2.7103   (Solve) ,,2.357  	CC2-Concurrent: unknown  ,0.0000   (Solve) ,,0.000  	KleeCLEVER: not equiv ,1.9877  
./mergedHard/EQ_oneEQ_pos/libA      CC2-Hybrid: not equiv ,0.6060   (Solve) ,,0.276  	CC2-Concurrent: unknown  ,0.0000   (Solve) ,,0.000  	KleeCLEVER: not equiv ,0.1962  
./mergedHard/EQ_oneEQ_pos/libB      CC2-Hybrid: equiv    ,14.3579  (Solve) ,,14.139 	CC2-Concurrent: unknown  ,0.0000   (Solve) ,,0.000  	KleeCLEVER: timeout  ,300.0000
./mergedHard/EQ_oneEQ_pos2/libA     CC2-Hybrid: not equiv ,0.6108   (Solve) ,,0.279  	CC2-Concurrent: unknown  ,0.0000   (Solve) ,,0.000  	KleeCLEVER: not equiv ,0.1945  
./mergedHard/EQ_oneEQ_pos2/libB     CC2-Hybrid: equiv    ,25.9399  (Solve) ,,25.715 	CC2-Concurrent: unknown  ,0.0000   (Solve) ,,0.000  	KleeCLEVER: timeout  ,300.0000
./mergedHard/EQ_oneEXTRA_ultra_prime_sum/libA CC2-Hybrid: not equiv ,3.3988   (Solve) ,,1.798  	CC2-Concurrent: unknown  ,0.0000   (Solve) ,,0.000  	KleeCLEVER: not equiv ,0.2064  
./mergedHard/EQ_oneEXTRA_ultra_prime_sum/libB CC2-Hybrid: timeout  ,300.0000 (Solve) ,,0.000  	CC2-Concurrent: unknown  ,0.0000   (Solve) ,,0.000  	KleeCLEVER: timeout  ,300.0000
./mergedHard/EQ_oneN2EQ_UnchLoop/libA CC2-Hybrid: not equiv ,0.4759   (Solve) ,,0.207  	CC2-Concurrent: unknown  ,0.0000   (Solve) ,,0.000  	KleeCLEVER: not equiv ,0.1640  
./mergedHard/EQ_oneN2EQ_UnchLoop/libB CC2-Hybrid: timeout  ,300.0000 (Solve) ,,0.000  	CC2-Concurrent: unknown  ,0.0000   (Solve) ,,0.000  	KleeCLEVER: timeout  ,300.0000
./mergedHard/EQ_oneN2EQ_is_prime2/libA CC2-Hybrid: not equiv ,0.6216   (Solve) ,,0.287  	CC2-Concurrent: unknown  ,0.0000   (Solve) ,,0.000  	KleeCLEVER: not equiv ,0.2063  
./mergedHard/EQ_oneN2EQ_is_prime2/libB CC2-Hybrid: not equiv ,2.8881   (Solve) ,,2.489  	CC2-Concurrent: unknown  ,0.0000   (Solve) ,,0.000  	KleeCLEVER: not equiv ,1.9164  
./mergedHard/EQ_oneN2EQ_odd/libA    CC2-Hybrid: not equiv ,0.6570   (Solve) ,,0.341  	CC2-Concurrent: unknown  ,0.0000   (Solve) ,,0.000  	KleeCLEVER: not equiv ,0.2562  
./mergedHard/EQ_oneN2EQ_odd/libB    CC2-Hybrid: not equiv ,2.6890   (Solve) ,,2.365  	CC2-Concurrent: unknown  ,0.0000   (Solve) ,,0.000  	KleeCLEVER: not equiv ,1.8168  
./mergedHard/EQ_oneN2EQ_pos/libA    CC2-Hybrid: not equiv ,0.6578   (Solve) ,,0.321  	CC2-Concurrent: unknown  ,0.0000   (Solve) ,,0.000  	KleeCLEVER: not equiv ,0.2144  
./mergedHard/EQ_oneN2EQ_pos/libB    CC2-Hybrid: equiv    ,14.4125  (Solve) ,,14.195 	CC2-Concurrent: unknown  ,0.0000   (Solve) ,,0.000  	KleeCLEVER: timeout  ,300.0000
./mergedHard/EQ_oneN2EQ_pos2/libA   CC2-Hybrid: not equiv ,0.6669   (Solve) ,,0.329  	CC2-Concurrent: unknown  ,0.0000   (Solve) ,,0.000  	KleeCLEVER: not equiv ,0.2151  
./mergedHard/EQ_oneN2EQ_pos2/libB   CC2-Hybrid: equiv    ,25.9317  (Solve) ,,25.709 	CC2-Concurrent: unknown  ,0.0000   (Solve) ,,0.000  	KleeCLEVER: timeout  ,300.0000
./mergedHard/EQ_oneN2EXTRA_ultra_prime_sum/libA CC2-Hybrid: not equiv ,1.7972   (Solve) ,,0.776  	CC2-Concurrent: unknown  ,0.0000   (Solve) ,,0.000  	KleeCLEVER: not equiv ,0.1983  
./mergedHard/EQ_oneN2EXTRA_ultra_prime_sum/libB CC2-Hybrid: timeout  ,300.0000 (Solve) ,,0.000  	CC2-Concurrent: unknown  ,0.0000   (Solve) ,,0.000  	KleeCLEVER: timeout  ,300.0000
./mergedHard/EQ_pos2EQ_Add/libA     CC2-Hybrid: equiv    ,12.8986  (Solve) ,,12.715 	CC2-Concurrent: unknown  ,0.0000   (Solve) ,,0.000  	KleeCLEVER: timeout  ,300.0000
./mergedHard/EQ_pos2EQ_Add/libB     CC2-Hybrid: equiv    ,0.2335   (Solve) ,,0.055  	CC2-Concurrent: unknown  ,0.0000   (Solve) ,,0.000  	KleeCLEVER: equiv    ,0.1095  
./mergedHard/EQ_pos2EQ_Const/libA   CC2-Hybrid: equiv    ,12.9025  (Solve) ,,12.735 	CC2-Concurrent: unknown  ,0.0000   (Solve) ,,0.000  	KleeCLEVER: timeout  ,300.0000
./mergedHard/EQ_pos2EQ_Const/libB   CC2-Hybrid: equiv    ,0.2301   (Solve) ,,0.054  	CC2-Concurrent: unknown  ,0.0000   (Solve) ,,0.000  	KleeCLEVER: equiv    ,0.1110  
./mergedHard/EQ_pos2EQ_LoopMult20/libA CC2-Hybrid: equiv    ,17.7908  (Solve) ,,17.590 	CC2-Concurrent: unknown  ,0.0000   (Solve) ,,0.000  	KleeCLEVER: timeout  ,300.0000
./mergedHard/EQ_pos2EQ_LoopMult20/libB CC2-Hybrid: equiv    ,0.5761   (Solve) ,,0.358  	CC2-Concurrent: unknown  ,0.0000   (Solve) ,,0.000  	KleeCLEVER: equiv    ,0.4419  
./mergedHard/EQ_pos2EQ_LoopUnreach20/libA CC2-Hybrid: equiv    ,17.8557  (Solve) ,,17.655 	CC2-Concurrent: unknown  ,0.0000   (Solve) ,,0.000  	KleeCLEVER: timeout  ,300.0000
./mergedHard/EQ_pos2EQ_LoopUnreach20/libB CC2-Hybrid: equiv    ,0.3458   (Solve) ,,0.125  	CC2-Concurrent: unknown  ,0.0000   (Solve) ,,0.000  	KleeCLEVER: equiv    ,0.2059  
./mergedHard/EQ_pos2EQ_UnchLoop/libA CC2-Hybrid: equiv    ,12.9117  (Solve) ,,12.745 	CC2-Concurrent: unknown  ,0.0000   (Solve) ,,0.000  	KleeCLEVER: timeout  ,300.0000
./mergedHard/EQ_pos2EQ_UnchLoop/libB CC2-Hybrid: equiv    ,0.2494   (Solve) ,,0.065  	CC2-Concurrent: unknown  ,0.0000   (Solve) ,,0.000  	KleeCLEVER: equiv    ,0.1214  
./mergedHard/EQ_pos2EQ_divide/libA  CC2-Hybrid: equiv    ,18.0324  (Solve) ,,17.825 	CC2-Concurrent: unknown  ,0.0000   (Solve) ,,0.000  	KleeCLEVER: timeout  ,300.0000
./mergedHard/EQ_pos2EQ_divide/libB  CC2-Hybrid: equiv    ,0.3034   (Solve) ,,0.089  	CC2-Concurrent: unknown  ,0.0000   (Solve) ,,0.000  	KleeCLEVER: equiv    ,0.1437  
./mergedHard/EQ_pos2EQ_getSign2/libA CC2-Hybrid: equiv    ,17.8668  (Solve) ,,17.670 	CC2-Concurrent: unknown  ,0.0000   (Solve) ,,0.000  	KleeCLEVER: timeout  ,300.0000
./mergedHard/EQ_pos2EQ_getSign2/libB CC2-Hybrid: not equiv ,0.5743   (Solve) ,,0.266  	CC2-Concurrent: unknown  ,0.0000   (Solve) ,,0.000  	KleeCLEVER: not equiv ,0.2087  
./mergedHard/EQ_pos2EQ_is_prime1/libA CC2-Hybrid: equiv    ,18.5227  (Solve) ,,18.349 	CC2-Concurrent: unknown  ,0.0000   (Solve) ,,0.000  	KleeCLEVER: timeout  ,300.0000
./mergedHard/EQ_pos2EQ_is_prime1/libB CC2-Hybrid: equiv    ,1.4956   (Solve) ,,1.276  	CC2-Concurrent: unknown  ,0.0000   (Solve) ,,0.000  	KleeCLEVER: equiv    ,1.2938  
./mergedHard/EQ_pos2EQ_is_prime2/libA CC2-Hybrid: equiv    ,18.5024  (Solve) ,,18.252 	CC2-Concurrent: unknown  ,0.0000   (Solve) ,,0.000  	KleeCLEVER: timeout  ,300.0000
./mergedHard/EQ_pos2EQ_is_prime2/libB CC2-Hybrid: not equiv ,2.8128   (Solve) ,,2.383  	CC2-Concurrent: unknown  ,0.0000   (Solve) ,,0.000  	KleeCLEVER: not equiv ,2.0398  
./mergedHard/EQ_pos2EQ_is_prime3/libA CC2-Hybrid: equiv    ,33.3394  (Solve) ,,32.813 	CC2-Concurrent: unknown  ,0.0000   (Solve) ,,0.000  	KleeCLEVER: timeout  ,300.0000
./mergedHard/EQ_pos2EQ_is_prime3/libB CC2-Hybrid: equiv    ,6.4906   (Solve) ,,4.998  	CC2-Concurrent: unknown  ,0.0000   (Solve) ,,0.000  	KleeCLEVER: equiv    ,2.4775  
./mergedHard/EQ_pos2EQ_ltfive/libA  CC2-Hybrid: equiv    ,27.0431  (Solve) ,,26.755 	CC2-Concurrent: unknown  ,0.0000   (Solve) ,,0.000  	KleeCLEVER: timeout  ,300.0000
./mergedHard/EQ_pos2EQ_ltfive/libB  CC2-Hybrid: not equiv ,0.6841   (Solve) ,,0.319  	CC2-Concurrent: unknown  ,0.0000   (Solve) ,,0.000  	KleeCLEVER: not equiv ,0.2332  
./mergedHard/EQ_pos2EQ_ltfiveBound/libA CC2-Hybrid: equiv    ,25.7122  (Solve) ,,25.418 	CC2-Concurrent: unknown  ,0.0000   (Solve) ,,0.000  	KleeCLEVER: timeout  ,300.0000
./mergedHard/EQ_pos2EQ_ltfiveBound/libB CC2-Hybrid: not equiv ,0.6626   (Solve) ,,0.260  	CC2-Concurrent: unknown  ,0.0000   (Solve) ,,0.000  	KleeCLEVER: not equiv ,0.2131  
./mergedHard/EQ_pos2EQ_multiple/libA CC2-Hybrid: equiv    ,18.0037  (Solve) ,,17.789 	CC2-Concurrent: unknown  ,0.0000   (Solve) ,,0.000  	KleeCLEVER: timeout  ,300.0000
./mergedHard/EQ_pos2EQ_multiple/libB CC2-Hybrid: not equiv ,0.9265   (Solve) ,,0.602  	CC2-Concurrent: unknown  ,0.0000   (Solve) ,,0.000  	KleeCLEVER: not equiv ,0.3044  
./mergedHard/EQ_pos2EQ_multipleBound/libA CC2-Hybrid: equiv    ,18.0972  (Solve) ,,17.854 	CC2-Concurrent: unknown  ,0.0000   (Solve) ,,0.000  	KleeCLEVER: timeout  ,300.0000
./mergedHard/EQ_pos2EQ_multipleBound/libB CC2-Hybrid: not equiv ,0.7848   (Solve) ,,0.434  	CC2-Concurrent: unknown  ,0.0000   (Solve) ,,0.000  	KleeCLEVER: not equiv ,0.2853  
./mergedHard/EQ_pos2EQ_odd/libA     CC2-Hybrid: equiv    ,18.0021  (Solve) ,,17.801 	CC2-Concurrent: unknown  ,0.0000   (Solve) ,,0.000  	KleeCLEVER: timeout  ,300.0000
./mergedHard/EQ_pos2EQ_odd/libB     CC2-Hybrid: not equiv ,1.7218   (Solve) ,,1.386  	CC2-Concurrent: unknown  ,0.0000   (Solve) ,,0.000  	KleeCLEVER: not equiv ,1.4881  
./mergedHard/EQ_pos2EQ_one/libA     CC2-Hybrid: equiv    ,25.8166  (Solve) ,,25.573 	CC2-Concurrent: unknown  ,0.0000   (Solve) ,,0.000  	KleeCLEVER: timeout  ,300.0000
./mergedHard/EQ_pos2EQ_one/libB     CC2-Hybrid: not equiv ,0.6026   (Solve) ,,0.275  	CC2-Concurrent: unknown  ,0.0000   (Solve) ,,0.000  	KleeCLEVER: not equiv ,0.1968  
./mergedHard/EQ_pos2EQ_oneBound/libA CC2-Hybrid: equiv    ,26.2852  (Solve) ,,26.032 	CC2-Concurrent: unknown  ,0.0000   (Solve) ,,0.000  	KleeCLEVER: timeout  ,300.0000
./mergedHard/EQ_pos2EQ_oneBound/libB CC2-Hybrid: not equiv ,0.6311   (Solve) ,,0.270  	CC2-Concurrent: unknown  ,0.0000   (Solve) ,,0.000  	KleeCLEVER: not equiv ,0.2150  
./mergedHard/EQ_pos2EQ_oneN2/libA   CC2-Hybrid: equiv    ,25.9667  (Solve) ,,25.744 	CC2-Concurrent: unknown  ,0.0000   (Solve) ,,0.000  	KleeCLEVER: timeout  ,300.0000
./mergedHard/EQ_pos2EQ_oneN2/libB   CC2-Hybrid: not equiv ,0.6325   (Solve) ,,0.295  	CC2-Concurrent: unknown  ,0.0000   (Solve) ,,0.000  	KleeCLEVER: not equiv ,0.2055  
./mergedHard/EQ_pos2EQ_pos/libA     CC2-Hybrid: equiv    ,23.6025  (Solve) ,,23.372 	CC2-Concurrent: unknown  ,0.0000   (Solve) ,,0.000  	KleeCLEVER: timeout  ,300.0000
./mergedHard/EQ_pos2EQ_pos/libB     CC2-Hybrid: equiv    ,13.6628  (Solve) ,,13.420 	CC2-Concurrent: unknown  ,0.0000   (Solve) ,,0.000  	KleeCLEVER: timeout  ,300.0000
./mergedHard/EQ_pos2EQ_pos2/libA    CC2-Hybrid: equiv    ,23.5033  (Solve) ,,23.254 	CC2-Concurrent: unknown  ,0.0000   (Solve) ,,0.000  	KleeCLEVER: timeout  ,300.0000
./mergedHard/EQ_pos2EQ_pos2/libB    CC2-Hybrid: equiv    ,23.4881  (Solve) ,,23.235 	CC2-Concurrent: unknown  ,0.0000   (Solve) ,,0.000  	KleeCLEVER: timeout  ,300.0000
./mergedHard/EQ_pos2EXTRA_ultra_prime_sum/libA CC2-Hybrid: equiv    ,44.2406  (Solve) ,,43.657 	CC2-Concurrent: unknown  ,0.0000   (Solve) ,,0.000  	KleeCLEVER: timeout  ,300.0000
./mergedHard/EQ_pos2EXTRA_ultra_prime_sum/libB CC2-Hybrid: timeout  ,300.0000 (Solve) ,,0.000  	CC2-Concurrent: unknown  ,0.0000   (Solve) ,,0.000  	KleeCLEVER: timeout  ,300.0000
./mergedHard/EQ_pos2NEQ_LoopMult20/libA CC2-Hybrid: equiv    ,17.8357  (Solve) ,,17.618 	CC2-Concurrent: unknown  ,0.0000   (Solve) ,,0.000  	KleeCLEVER: timeout  ,300.0000
./mergedHard/EQ_pos2NEQ_LoopMult20/libB CC2-Hybrid: not equiv ,0.9453   (Solve) ,,0.619  	CC2-Concurrent: unknown  ,0.0000   (Solve) ,,0.000  	KleeCLEVER: not equiv ,0.3497  
./mergedHard/EQ_pos2NEQ_LoopUnreach20/libA CC2-Hybrid: equiv    ,17.8080  (Solve) ,,17.608 	CC2-Concurrent: unknown  ,0.0000   (Solve) ,,0.000  	KleeCLEVER: timeout  ,300.0000
./mergedHard/EQ_pos2NEQ_LoopUnreach20/libB CC2-Hybrid: not equiv ,0.5661   (Solve) ,,0.235  	CC2-Concurrent: unknown  ,0.0000   (Solve) ,,0.000  	KleeCLEVER: not equiv ,0.1896  
./mergedHard/EQ_pos2NEQ_getSign/libA CC2-Hybrid: equiv    ,18.5419  (Solve) ,,18.367 	CC2-Concurrent: unknown  ,0.0000   (Solve) ,,0.000  	KleeCLEVER: timeout  ,300.0000
./mergedHard/EQ_pos2NEQ_getSign/libB CC2-Hybrid: not equiv ,0.5656   (Solve) ,,0.287  	CC2-Concurrent: unknown  ,0.0000   (Solve) ,,0.000  	KleeCLEVER: not equiv ,0.1991  
./mergedHard/EQ_posEQ_Add/libA      CC2-Hybrid: not equiv ,0.5051   (Solve) ,,0.247  	CC2-Concurrent: unknown  ,0.0000   (Solve) ,,0.000  	KleeCLEVER: not equiv ,0.1934  
./mergedHard/EQ_posEQ_Add/libB      CC2-Hybrid: equiv    ,0.2059   (Solve) ,,0.050  	CC2-Concurrent: unknown  ,0.0000   (Solve) ,,0.000  	KleeCLEVER: equiv    ,0.1104  
./mergedHard/EQ_posEQ_Const/libA    CC2-Hybrid: not equiv ,0.5289   (Solve) ,,0.271  	CC2-Concurrent: unknown  ,0.0000   (Solve) ,,0.000  	KleeCLEVER: not equiv ,0.1957  
./mergedHard/EQ_posEQ_Const/libB    CC2-Hybrid: equiv    ,0.2109   (Solve) ,,0.050  	CC2-Concurrent: unknown  ,0.0000   (Solve) ,,0.000  	KleeCLEVER: equiv    ,0.1101  
./mergedHard/EQ_posEQ_LoopMult20/libA CC2-Hybrid: not equiv ,0.6360   (Solve) ,,0.343  	CC2-Concurrent: unknown  ,0.0000   (Solve) ,,0.000  	KleeCLEVER: not equiv ,0.3153  
./mergedHard/EQ_posEQ_LoopMult20/libB CC2-Hybrid: equiv    ,0.5407   (Solve) ,,0.346  	CC2-Concurrent: unknown  ,0.0000   (Solve) ,,0.000  	KleeCLEVER: equiv    ,0.4081  
./mergedHard/EQ_posEQ_LoopUnreach20/libA CC2-Hybrid: not equiv ,0.6324   (Solve) ,,0.342  	CC2-Concurrent: unknown  ,0.0000   (Solve) ,,0.000  	KleeCLEVER: not equiv ,0.3099  
./mergedHard/EQ_posEQ_LoopUnreach20/libB CC2-Hybrid: equiv    ,0.3208   (Solve) ,,0.123  	CC2-Concurrent: unknown  ,0.0000   (Solve) ,,0.000  	KleeCLEVER: equiv    ,0.1844  
./mergedHard/EQ_posEQ_UnchLoop/libA CC2-Hybrid: not equiv ,0.5082   (Solve) ,,0.249  	CC2-Concurrent: unknown  ,0.0000   (Solve) ,,0.000  	KleeCLEVER: not equiv ,0.1967  
./mergedHard/EQ_posEQ_UnchLoop/libB CC2-Hybrid: equiv    ,0.2271   (Solve) ,,0.060  	CC2-Concurrent: unknown  ,0.0000   (Solve) ,,0.000  	KleeCLEVER: equiv    ,0.1208  
./mergedHard/EQ_posEQ_divide/libA   CC2-Hybrid: not equiv ,0.7220   (Solve) ,,0.424  	CC2-Concurrent: unknown  ,0.0000   (Solve) ,,0.000  	KleeCLEVER: not equiv ,0.3404  
./mergedHard/EQ_posEQ_divide/libB   CC2-Hybrid: equiv    ,0.2743   (Solve) ,,0.083  	CC2-Concurrent: unknown  ,0.0000   (Solve) ,,0.000  	KleeCLEVER: equiv    ,0.1425  
./mergedHard/EQ_posEQ_getSign2/libA CC2-Hybrid: not equiv ,0.6090   (Solve) ,,0.323  	CC2-Concurrent: unknown  ,0.0000   (Solve) ,,0.000  	KleeCLEVER: not equiv ,0.2673  
./mergedHard/EQ_posEQ_getSign2/libB CC2-Hybrid: not equiv ,0.5492   (Solve) ,,0.264  	CC2-Concurrent: unknown  ,0.0000   (Solve) ,,0.000  	KleeCLEVER: not equiv ,0.2081  
./mergedHard/EQ_posEQ_is_prime1/libA CC2-Hybrid: not equiv ,0.5847   (Solve) ,,0.321  	CC2-Concurrent: unknown  ,0.0000   (Solve) ,,0.000  	KleeCLEVER: not equiv ,0.2772  
./mergedHard/EQ_posEQ_is_prime1/libB CC2-Hybrid: equiv    ,1.4707   (Solve) ,,1.270  	CC2-Concurrent: unknown  ,0.0000   (Solve) ,,0.000  	KleeCLEVER: equiv    ,1.2987  
./mergedHard/EQ_posEQ_is_prime2/libA CC2-Hybrid: not equiv ,0.6531   (Solve) ,,0.316  	CC2-Concurrent: unknown  ,0.0000   (Solve) ,,0.000  	KleeCLEVER: not equiv ,0.2848  
./mergedHard/EQ_posEQ_is_prime2/libB CC2-Hybrid: not equiv ,2.7933   (Solve) ,,2.385  	CC2-Concurrent: unknown  ,0.0000   (Solve) ,,0.000  	KleeCLEVER: not equiv ,2.0489  
./mergedHard/EQ_posEQ_is_prime3/libA CC2-Hybrid: not equiv ,23.7863  (Solve) ,,22.216 	CC2-Concurrent: unknown  ,0.0000   (Solve) ,,0.000  	KleeCLEVER: not equiv ,1.5392  
./mergedHard/EQ_posEQ_is_prime3/libB CC2-Hybrid: equiv    ,6.3254   (Solve) ,,4.828  	CC2-Concurrent: unknown  ,0.0000   (Solve) ,,0.000  	KleeCLEVER: equiv    ,2.4798  
./mergedHard/EQ_posEQ_ltfive/libA   CC2-Hybrid: not equiv ,0.8874   (Solve) ,,0.512  	CC2-Concurrent: unknown  ,0.0000   (Solve) ,,0.000  	KleeCLEVER: not equiv ,0.4333  
./mergedHard/EQ_posEQ_ltfive/libB   CC2-Hybrid: not equiv ,0.6696   (Solve) ,,0.321  	CC2-Concurrent: unknown  ,0.0000   (Solve) ,,0.000  	KleeCLEVER: not equiv ,0.2336  
./mergedHard/EQ_posEQ_ltfiveBound/libA CC2-Hybrid: not equiv ,0.8451   (Solve) ,,0.456  	CC2-Concurrent: unknown  ,0.0000   (Solve) ,,0.000  	KleeCLEVER: not equiv ,0.3772  
./mergedHard/EQ_posEQ_ltfiveBound/libB CC2-Hybrid: not equiv ,0.6395   (Solve) ,,0.256  	CC2-Concurrent: unknown  ,0.0000   (Solve) ,,0.000  	KleeCLEVER: not equiv ,0.2130  
./mergedHard/EQ_posEQ_multiple/libA CC2-Hybrid: not equiv ,0.7046   (Solve) ,,0.397  	CC2-Concurrent: unknown  ,0.0000   (Solve) ,,0.000  	KleeCLEVER: not equiv ,0.3224  
./mergedHard/EQ_posEQ_multiple/libB CC2-Hybrid: not equiv ,0.8976   (Solve) ,,0.562  	CC2-Concurrent: unknown  ,0.0000   (Solve) ,,0.000  	KleeCLEVER: not equiv ,0.3058  
./mergedHard/EQ_posEQ_multipleBound/libA CC2-Hybrid: not equiv ,0.8724   (Solve) ,,0.535  	CC2-Concurrent: unknown  ,0.0000   (Solve) ,,0.000  	KleeCLEVER: not equiv ,0.5385  
./mergedHard/EQ_posEQ_multipleBound/libB CC2-Hybrid: not equiv ,0.8096   (Solve) ,,0.479  	CC2-Concurrent: unknown  ,0.0000   (Solve) ,,0.000  	KleeCLEVER: not equiv ,0.3030  
./mergedHard/EQ_posEQ_odd/libA      CC2-Hybrid: not equiv ,0.6539   (Solve) ,,0.360  	CC2-Concurrent: unknown  ,0.0000   (Solve) ,,0.000  	KleeCLEVER: not equiv ,0.3105  
./mergedHard/EQ_posEQ_odd/libB      CC2-Hybrid: not equiv ,1.9079   (Solve) ,,1.591  	CC2-Concurrent: unknown  ,0.0000   (Solve) ,,0.000  	KleeCLEVER: not equiv ,1.4802  
./mergedHard/EQ_posEQ_one/libA      CC2-Hybrid: equiv    ,14.2284  (Solve) ,,13.987 	CC2-Concurrent: unknown  ,0.0000   (Solve) ,,0.000  	KleeCLEVER: timeout  ,300.0000
./mergedHard/EQ_posEQ_one/libB      CC2-Hybrid: not equiv ,0.6126   (Solve) ,,0.276  	CC2-Concurrent: unknown  ,0.0000   (Solve) ,,0.000  	KleeCLEVER: not equiv ,0.1966  
./mergedHard/EQ_posEQ_oneBound/libA CC2-Hybrid: equiv    ,14.2570  (Solve) ,,14.009 	CC2-Concurrent: unknown  ,0.0000   (Solve) ,,0.000  	KleeCLEVER: timeout  ,300.0000
./mergedHard/EQ_posEQ_oneBound/libB CC2-Hybrid: not equiv ,0.6313   (Solve) ,,0.271  	CC2-Concurrent: unknown  ,0.0000   (Solve) ,,0.000  	KleeCLEVER: not equiv ,0.2147  
./mergedHard/EQ_posEQ_oneN2/libA    CC2-Hybrid: equiv    ,14.2071  (Solve) ,,13.988 	CC2-Concurrent: unknown  ,0.0000   (Solve) ,,0.000  	KleeCLEVER: timeout  ,300.0000
./mergedHard/EQ_posEQ_oneN2/libB    CC2-Hybrid: not equiv ,0.6276   (Solve) ,,0.292  	CC2-Concurrent: unknown  ,0.0000   (Solve) ,,0.000  	KleeCLEVER: not equiv ,0.2058  
./mergedHard/EQ_posEQ_pos/libA      CC2-Hybrid: equiv    ,13.6484  (Solve) ,,13.422 	CC2-Concurrent: unknown  ,0.0000   (Solve) ,,0.000  	KleeCLEVER: timeout  ,300.0000
./mergedHard/EQ_posEQ_pos/libB      CC2-Hybrid: equiv    ,13.7062  (Solve) ,,13.463 	CC2-Concurrent: unknown  ,0.0000   (Solve) ,,0.000  	KleeCLEVER: timeout  ,300.0000
./mergedHard/EQ_posEQ_pos2/libA     CC2-Hybrid: equiv    ,13.6741  (Solve) ,,13.429 	CC2-Concurrent: unknown  ,0.0000   (Solve) ,,0.000  	KleeCLEVER: timeout  ,300.0000
./mergedHard/EQ_posEQ_pos2/libB     CC2-Hybrid: equiv    ,23.6623  (Solve) ,,23.411 	CC2-Concurrent: unknown  ,0.0000   (Solve) ,,0.000  	KleeCLEVER: timeout  ,300.0000
./mergedHard/EQ_posEXTRA_ultra_prime_sum/libA CC2-Hybrid: timeout  ,300.0000 (Solve) ,,0.000  	CC2-Concurrent: unknown  ,0.0000   (Solve) ,,0.000  	KleeCLEVER: timeout  ,300.0000
./mergedHard/EQ_posEXTRA_ultra_prime_sum/libB CC2-Hybrid: timeout  ,300.0000 (Solve) ,,0.000  	CC2-Concurrent: unknown  ,0.0000   (Solve) ,,0.000  	KleeCLEVER: timeout  ,300.0000
./mergedHard/EQ_posNEQ_LoopMult20/libA CC2-Hybrid: not equiv ,0.6597   (Solve) ,,0.350  	CC2-Concurrent: unknown  ,0.0000   (Solve) ,,0.000  	KleeCLEVER: not equiv ,0.3121  
./mergedHard/EQ_posNEQ_LoopMult20/libB CC2-Hybrid: not equiv ,0.9141   (Solve) ,,0.605  	CC2-Concurrent: unknown  ,0.0000   (Solve) ,,0.000  	KleeCLEVER: not equiv ,0.3497  
./mergedHard/EQ_posNEQ_LoopUnreach20/libA CC2-Hybrid: not equiv ,0.6342   (Solve) ,,0.345  	CC2-Concurrent: unknown  ,0.0000   (Solve) ,,0.000  	KleeCLEVER: not equiv ,0.3095  
./mergedHard/EQ_posNEQ_LoopUnreach20/libB CC2-Hybrid: not equiv ,0.5414   (Solve) ,,0.229  	CC2-Concurrent: unknown  ,0.0000   (Solve) ,,0.000  	KleeCLEVER: not equiv ,0.1869  
./mergedHard/EQ_posNEQ_getSign/libA CC2-Hybrid: not equiv ,0.5873   (Solve) ,,0.324  	CC2-Concurrent: unknown  ,0.0000   (Solve) ,,0.000  	KleeCLEVER: not equiv ,0.2776  
./mergedHard/EQ_posNEQ_getSign/libB CC2-Hybrid: not equiv ,0.5514   (Solve) ,,0.291  	CC2-Concurrent: unknown  ,0.0000   (Solve) ,,0.000  	KleeCLEVER: not equiv ,0.1994  
./mergedHard/EXTRA_ultra_prime_sumEQ_Add/libA CC2-Hybrid: not equiv ,50.7962  (Solve) ,,49.767 	CC2-Concurrent: unknown  ,0.0000   (Solve) ,,0.000  	KleeCLEVER: not equiv ,0.1473  
./mergedHard/EXTRA_ultra_prime_sumEQ_Add/libB CC2-Hybrid: equiv    ,0.4271   (Solve) ,,0.129  	CC2-Concurrent: unknown  ,0.0000   (Solve) ,,0.000  	KleeCLEVER: timeout  ,300.0000
./mergedHard/EXTRA_ultra_prime_sumEQ_Const/libA CC2-Hybrid: not equiv ,51.0492  (Solve) ,,50.012 	CC2-Concurrent: unknown  ,0.0000   (Solve) ,,0.000  	KleeCLEVER: not equiv ,0.1488  
./mergedHard/EXTRA_ultra_prime_sumEQ_Const/libB CC2-Hybrid: equiv    ,0.4324   (Solve) ,,0.129  	CC2-Concurrent: unknown  ,0.0000   (Solve) ,,0.000  	KleeCLEVER: timeout  ,300.0000
./mergedHard/EXTRA_ultra_prime_sumEQ_LoopMult20/libA CC2-Hybrid: not equiv ,294.0619 (Solve) ,,287.675	CC2-Concurrent: unknown  ,0.0000   (Solve) ,,0.000  	KleeCLEVER: not equiv ,3.5680  
./mergedHard/EXTRA_ultra_prime_sumEQ_LoopMult20/libB CC2-Hybrid: timeout  ,300.0000 (Solve) ,,0.000  	CC2-Concurrent: unknown  ,0.0000   (Solve) ,,0.000  	KleeCLEVER: timeout  ,300.0000
./mergedHard/EXTRA_ultra_prime_sumEQ_LoopUnreach20/libA CC2-Hybrid: not equiv ,290.5637 (Solve) ,,284.184	CC2-Concurrent: unknown  ,0.0000   (Solve) ,,0.000  	KleeCLEVER: not equiv ,3.5876  
./mergedHard/EXTRA_ultra_prime_sumEQ_LoopUnreach20/libB CC2-Hybrid: equiv    ,1.5200   (Solve) ,,0.668  	CC2-Concurrent: unknown  ,0.0000   (Solve) ,,0.000  	KleeCLEVER: timeout  ,300.0000
./mergedHard/EXTRA_ultra_prime_sumEQ_UnchLoop/libA CC2-Hybrid: not equiv ,50.8948  (Solve) ,,49.850 	CC2-Concurrent: unknown  ,0.0000   (Solve) ,,0.000  	KleeCLEVER: not equiv ,0.1491  
./mergedHard/EXTRA_ultra_prime_sumEQ_UnchLoop/libB CC2-Hybrid: equiv    ,120.8440 (Solve) ,,120.455	CC2-Concurrent: unknown  ,0.0000   (Solve) ,,0.000  	KleeCLEVER: timeout  ,300.0000
./mergedHard/EXTRA_ultra_prime_sumEQ_divide/libA CC2-Hybrid: not equiv ,199.3469 (Solve) ,,194.817	CC2-Concurrent: unknown  ,0.0000   (Solve) ,,0.000  	KleeCLEVER: not equiv ,192.2624
./mergedHard/EXTRA_ultra_prime_sumEQ_divide/libB CC2-Hybrid: equiv    ,0.6044   (Solve) ,,0.186  	CC2-Concurrent: unknown  ,0.0000   (Solve) ,,0.000  	KleeCLEVER: equiv    ,0.1266  
./mergedHard/EXTRA_ultra_prime_sumEQ_getSign2/libA CC2-Hybrid: not equiv ,214.3463 (Solve) ,,209.972	CC2-Concurrent: unknown  ,0.0000   (Solve) ,,0.000  	KleeCLEVER: not equiv ,185.2959
./mergedHard/EXTRA_ultra_prime_sumEQ_getSign2/libB CC2-Hybrid: not equiv ,2.1761   (Solve) ,,1.086  	CC2-Concurrent: unknown  ,0.0000   (Solve) ,,0.000  	KleeCLEVER: not equiv ,0.1669  
./mergedHard/EXTRA_ultra_prime_sumEQ_is_prime1/libA CC2-Hybrid: not equiv ,157.7078 (Solve) ,,154.354	CC2-Concurrent: unknown  ,0.0000   (Solve) ,,0.000  	KleeCLEVER: not equiv ,226.5844
./mergedHard/EXTRA_ultra_prime_sumEQ_is_prime1/libB CC2-Hybrid: equiv    ,18.3631  (Solve) ,,17.433 	CC2-Concurrent: unknown  ,0.0000   (Solve) ,,0.000  	KleeCLEVER: not equiv ,0.3866  
Disagreement error: ./mergedHard/EXTRA_ultra_prime_sumEQ_is_prime1/libB
./mergedHard/EXTRA_ultra_prime_sumEQ_is_prime2/libA CC2-Hybrid: not equiv ,105.5255 (Solve) ,,104.207	CC2-Concurrent: unknown  ,0.0000   (Solve) ,,0.000  	KleeCLEVER: timeout  ,300.0000
./mergedHard/EXTRA_ultra_prime_sumEQ_is_prime2/libB CC2-Hybrid: equiv    ,19.5403  (Solve) ,,18.363 	CC2-Concurrent: unknown  ,0.0000   (Solve) ,,0.000  	KleeCLEVER: not equiv ,0.7809  
Disagreement error: ./mergedHard/EXTRA_ultra_prime_sumEQ_is_prime2/libB
./mergedHard/EXTRA_ultra_prime_sumEQ_is_prime3/libA CC2-Hybrid: not equiv ,96.6485  (Solve) ,,94.858 	CC2-Concurrent: unknown  ,0.0000   (Solve) ,,0.000  	KleeCLEVER: timeout  ,300.0000
./mergedHard/EXTRA_ultra_prime_sumEQ_is_prime3/libB CC2-Hybrid: equiv    ,21.8083  (Solve) ,,20.078 	CC2-Concurrent: unknown  ,0.0000   (Solve) ,,0.000  	KleeCLEVER: not equiv ,1.5094  
Disagreement error: ./mergedHard/EXTRA_ultra_prime_sumEQ_is_prime3/libB
./mergedHard/EXTRA_ultra_prime_sumEQ_ltfive/libA CC2-Hybrid: not equiv ,165.4626 (Solve) ,,162.674	CC2-Concurrent: unknown  ,0.0000   (Solve) ,,0.000  	KleeCLEVER: timeout  ,300.0000
./mergedHard/EXTRA_ultra_prime_sumEQ_ltfive/libB CC2-Hybrid: not equiv ,3.7506   (Solve) ,,2.118  	CC2-Concurrent: unknown  ,0.0000   (Solve) ,,0.000  	KleeCLEVER: not equiv ,0.2294  
./mergedHard/EXTRA_ultra_prime_sumEQ_ltfiveBound/libA CC2-Hybrid: timeout  ,300.0000 (Solve) ,,0.000  	CC2-Concurrent: unknown  ,0.0000   (Solve) ,,0.000  	KleeCLEVER: not equiv ,115.9627
./mergedHard/EXTRA_ultra_prime_sumEQ_ltfiveBound/libB CC2-Hybrid: not equiv ,3.3165   (Solve) ,,1.592  	CC2-Concurrent: unknown  ,0.0000   (Solve) ,,0.000  	KleeCLEVER: not equiv ,0.1948  
./mergedHard/EXTRA_ultra_prime_sumEQ_multiple/libA CC2-Hybrid: timeout  ,300.0000 (Solve) ,,0.000  	CC2-Concurrent: unknown  ,0.0000   (Solve) ,,0.000  	KleeCLEVER: timeout  ,300.0000
./mergedHard/EXTRA_ultra_prime_sumEQ_multiple/libB CC2-Hybrid: timeout  ,300.0000 (Solve) ,,0.000  	CC2-Concurrent: unknown  ,0.0000   (Solve) ,,0.000  	KleeCLEVER: not equiv ,0.3124  
./mergedHard/EXTRA_ultra_prime_sumEQ_multipleBound/libA CC2-Hybrid: timeout  ,300.0000 (Solve) ,,0.000  	CC2-Concurrent: unknown  ,0.0000   (Solve) ,,0.000  	KleeCLEVER: timeout  ,300.0000
./mergedHard/EXTRA_ultra_prime_sumEQ_multipleBound/libB CC2-Hybrid: timeout  ,300.0000 (Solve) ,,0.000  	CC2-Concurrent: unknown  ,0.0000   (Solve) ,,0.000  	KleeCLEVER: timeout  ,300.0000
./mergedHard/EXTRA_ultra_prime_sumEQ_odd/libA CC2-Hybrid: timeout  ,300.0000 (Solve) ,,0.000  	CC2-Concurrent: unknown  ,0.0000   (Solve) ,,0.000  	KleeCLEVER: timeout  ,300.0000
./mergedHard/EXTRA_ultra_prime_sumEQ_odd/libB CC2-Hybrid: equiv    ,53.4462  (Solve) ,,52.531 	CC2-Concurrent: unknown  ,0.0000   (Solve) ,,0.000  	KleeCLEVER: timeout  ,300.0000
./mergedHard/EXTRA_ultra_prime_sumEQ_one/libA CC2-Hybrid: timeout  ,300.0000 (Solve) ,,0.000  	CC2-Concurrent: unknown  ,0.0000   (Solve) ,,0.000  	KleeCLEVER: timeout  ,300.0000
./mergedHard/EXTRA_ultra_prime_sumEQ_one/libB CC2-Hybrid: not equiv ,5.0712   (Solve) ,,2.867  	CC2-Concurrent: unknown  ,0.0000   (Solve) ,,0.000  	KleeCLEVER: not equiv ,0.2104  
./mergedHard/EXTRA_ultra_prime_sumEQ_oneBound/libA CC2-Hybrid: timeout  ,300.0000 (Solve) ,,0.000  	CC2-Concurrent: unknown  ,0.0000   (Solve) ,,0.000  	KleeCLEVER: timeout  ,300.0000
./mergedHard/EXTRA_ultra_prime_sumEQ_oneBound/libB CC2-Hybrid: not equiv ,2.1322   (Solve) ,,0.950  	CC2-Concurrent: unknown  ,0.0000   (Solve) ,,0.000  	KleeCLEVER: not equiv ,0.1903  
./mergedHard/EXTRA_ultra_prime_sumEQ_oneN2/libA CC2-Hybrid: timeout  ,300.0000 (Solve) ,,0.000  	CC2-Concurrent: unknown  ,0.0000   (Solve) ,,0.000  	KleeCLEVER: timeout  ,300.0000
./mergedHard/EXTRA_ultra_prime_sumEQ_oneN2/libB CC2-Hybrid: not equiv ,2.2040   (Solve) ,,1.090  	CC2-Concurrent: unknown  ,0.0000   (Solve) ,,0.000  	KleeCLEVER: not equiv ,0.2124  
./mergedHard/EXTRA_ultra_prime_sumEQ_pos/libA CC2-Hybrid: timeout  ,300.0000 (Solve) ,,0.000  	CC2-Concurrent: unknown  ,0.0000   (Solve) ,,0.000  	KleeCLEVER: timeout  ,300.0000
./mergedHard/EXTRA_ultra_prime_sumEQ_pos/libB CC2-Hybrid: timeout  ,300.0000 (Solve) ,,0.000  	CC2-Concurrent: unknown  ,0.0000   (Solve) ,,0.000  	KleeCLEVER: timeout  ,300.0000
./mergedHard/EXTRA_ultra_prime_sumEQ_pos2/libA CC2-Hybrid: timeout  ,300.0000 (Solve) ,,0.000  	CC2-Concurrent: unknown  ,0.0000   (Solve) ,,0.000  	KleeCLEVER: timeout  ,300.0000
./mergedHard/EXTRA_ultra_prime_sumEQ_pos2/libB CC2-Hybrid: equiv    ,61.4125  (Solve) ,,60.694 	CC2-Concurrent: unknown  ,0.0000   (Solve) ,,0.000  	KleeCLEVER: timeout  ,300.0000
./mergedHard/EXTRA_ultra_prime_sumEXTRA_ultra_prime_sum/libA CC2-Hybrid: timeout  ,300.0000 (Solve) ,,0.000  	CC2-Concurrent: unknown  ,0.0000   (Solve) ,,0.000  	KleeCLEVER: timeout  ,300.0000
./mergedHard/EXTRA_ultra_prime_sumEXTRA_ultra_prime_sum/libB CC2-Hybrid: timeout  ,300.0000 (Solve) ,,0.000  	CC2-Concurrent: unknown  ,0.0000   (Solve) ,,0.000  	KleeCLEVER: timeout  ,300.0000
./mergedHard/EXTRA_ultra_prime_sumNEQ_LoopMult20/libA CC2-Hybrid: timeout  ,300.0000 (Solve) ,,0.000  	CC2-Concurrent: unknown  ,0.0000   (Solve) ,,0.000  	KleeCLEVER: not equiv ,3.6017  
./mergedHard/EXTRA_ultra_prime_sumNEQ_LoopMult20/libB CC2-Hybrid: timeout  ,300.0000 (Solve) ,,0.000  	CC2-Concurrent: unknown  ,0.0000   (Solve) ,,0.000  	KleeCLEVER: not equiv ,0.3866  
./mergedHard/EXTRA_ultra_prime_sumNEQ_LoopUnreach20/libA CC2-Hybrid: timeout  ,300.0000 (Solve) ,,0.000  	CC2-Concurrent: unknown  ,0.0000   (Solve) ,,0.000  	KleeCLEVER: not equiv ,3.6119  
./mergedHard/EXTRA_ultra_prime_sumNEQ_LoopUnreach20/libB CC2-Hybrid: not equiv ,1.1097   (Solve) ,,0.485  	CC2-Concurrent: unknown  ,0.0000   (Solve) ,,0.000  	KleeCLEVER: not equiv ,0.1747  
./mergedHard/EXTRA_ultra_prime_sumNEQ_getSign/libA CC2-Hybrid: not equiv ,157.8418 (Solve) ,,154.494	CC2-Concurrent: unknown  ,0.0000   (Solve) ,,0.000  	KleeCLEVER: not equiv ,244.0052
./mergedHard/EXTRA_ultra_prime_sumNEQ_getSign/libB CC2-Hybrid: not equiv ,1.9487   (Solve) ,,0.998  	CC2-Concurrent: unknown  ,0.0000   (Solve) ,,0.000  	KleeCLEVER: not equiv ,0.1773  
./mergedHard/NEQ_LoopMult20EQ_UnchLoop/libA CC2-Hybrid: not equiv ,0.6459   (Solve) ,,0.403  	CC2-Concurrent: unknown  ,0.0000   (Solve) ,,0.000  	KleeCLEVER: not equiv ,0.1427  
./mergedHard/NEQ_LoopMult20EQ_UnchLoop/libB CC2-Hybrid: equiv    ,0.4225   (Solve) ,,0.288  	CC2-Concurrent: unknown  ,0.0000   (Solve) ,,0.000  	KleeCLEVER: equiv    ,0.3458  
./mergedHard/NEQ_LoopMult20EQ_is_prime2/libA CC2-Hybrid: not equiv ,0.7137   (Solve) ,,0.414  	CC2-Concurrent: unknown  ,0.0000   (Solve) ,,0.000  	KleeCLEVER: not equiv ,0.1628  
./mergedHard/NEQ_LoopMult20EQ_is_prime2/libB CC2-Hybrid: not equiv ,1.6704   (Solve) ,,1.313  	CC2-Concurrent: unknown  ,0.0000   (Solve) ,,0.000  	KleeCLEVER: not equiv ,0.9260  
./mergedHard/NEQ_LoopMult20EQ_odd/libA CC2-Hybrid: not equiv ,1.2882   (Solve) ,,0.996  	CC2-Concurrent: unknown  ,0.0000   (Solve) ,,0.000  	KleeCLEVER: not equiv ,0.7634  
./mergedHard/NEQ_LoopMult20EQ_odd/libB CC2-Hybrid: not equiv ,3.8068   (Solve) ,,3.516  	CC2-Concurrent: unknown  ,0.0000   (Solve) ,,0.000  	KleeCLEVER: not equiv ,2.5621  
./mergedHard/NEQ_LoopMult20EQ_pos/libA CC2-Hybrid: not equiv ,0.9605   (Solve) ,,0.634  	CC2-Concurrent: unknown  ,0.0000   (Solve) ,,0.000  	KleeCLEVER: not equiv ,0.3649  
./mergedHard/NEQ_LoopMult20EQ_pos/libB CC2-Hybrid: not equiv ,0.7573   (Solve) ,,0.472  	CC2-Concurrent: unknown  ,0.0000   (Solve) ,,0.000  	KleeCLEVER: not equiv ,0.3555  
./mergedHard/NEQ_LoopMult20EQ_pos2/libA CC2-Hybrid: not equiv ,0.9345   (Solve) ,,0.632  	CC2-Concurrent: unknown  ,0.0000   (Solve) ,,0.000  	KleeCLEVER: not equiv ,0.3628  
./mergedHard/NEQ_LoopMult20EQ_pos2/libB CC2-Hybrid: equiv    ,17.6980  (Solve) ,,17.505 	CC2-Concurrent: unknown  ,0.0000   (Solve) ,,0.000  	KleeCLEVER: timeout  ,300.0000
./mergedHard/NEQ_LoopMult20EXTRA_ultra_prime_sum/libA CC2-Hybrid: not equiv ,3.1513   (Solve) ,,2.177  	CC2-Concurrent: unknown  ,0.0000   (Solve) ,,0.000  	KleeCLEVER: not equiv ,0.4218  
./mergedHard/NEQ_LoopMult20EXTRA_ultra_prime_sum/libB CC2-Hybrid: not equiv ,17.1765  (Solve) ,,16.186 	CC2-Concurrent: unknown  ,0.0000   (Solve) ,,0.000  	KleeCLEVER: not equiv ,3.6300  
./mergedHard/NEQ_LoopUnreach20EQ_UnchLoop/libA CC2-Hybrid: not equiv ,0.4358   (Solve) ,,0.171  	CC2-Concurrent: unknown  ,0.0000   (Solve) ,,0.000  	KleeCLEVER: not equiv ,0.1393  
./mergedHard/NEQ_LoopUnreach20EQ_UnchLoop/libB CC2-Hybrid: equiv    ,0.4222   (Solve) ,,0.288  	CC2-Concurrent: unknown  ,0.0000   (Solve) ,,0.000  	KleeCLEVER: equiv    ,0.3461  
./mergedHard/NEQ_LoopUnreach20EQ_is_prime2/libA CC2-Hybrid: not equiv ,0.5096   (Solve) ,,0.203  	CC2-Concurrent: unknown  ,0.0000   (Solve) ,,0.000  	KleeCLEVER: not equiv ,0.1623  
./mergedHard/NEQ_LoopUnreach20EQ_is_prime2/libB CC2-Hybrid: not equiv ,1.6771   (Solve) ,,1.313  	CC2-Concurrent: unknown  ,0.0000   (Solve) ,,0.000  	KleeCLEVER: not equiv ,0.9186  
./mergedHard/NEQ_LoopUnreach20EQ_odd/libA CC2-Hybrid: not equiv ,0.4995   (Solve) ,,0.200  	CC2-Concurrent: unknown  ,0.0000   (Solve) ,,0.000  	KleeCLEVER: not equiv ,0.1640  
./mergedHard/NEQ_LoopUnreach20EQ_odd/libB CC2-Hybrid: not equiv ,4.2227   (Solve) ,,3.936  	CC2-Concurrent: unknown  ,0.0000   (Solve) ,,0.000  	KleeCLEVER: not equiv ,2.5781  
./mergedHard/NEQ_LoopUnreach20EQ_pos/libA CC2-Hybrid: not equiv ,0.5698   (Solve) ,,0.240  	CC2-Concurrent: unknown  ,0.0000   (Solve) ,,0.000  	KleeCLEVER: not equiv ,0.1925  
./mergedHard/NEQ_LoopUnreach20EQ_pos/libB CC2-Hybrid: not equiv ,0.7445   (Solve) ,,0.457  	CC2-Concurrent: unknown  ,0.0000   (Solve) ,,0.000  	KleeCLEVER: not equiv ,0.3567  
./mergedHard/NEQ_LoopUnreach20EQ_pos2/libA CC2-Hybrid: not equiv ,0.5415   (Solve) ,,0.235  	CC2-Concurrent: unknown  ,0.0000   (Solve) ,,0.000  	KleeCLEVER: not equiv ,0.1907  
./mergedHard/NEQ_LoopUnreach20EQ_pos2/libB CC2-Hybrid: equiv    ,17.7690  (Solve) ,,17.576 	CC2-Concurrent: unknown  ,0.0000   (Solve) ,,0.000  	KleeCLEVER: timeout  ,300.0000
./mergedHard/NEQ_LoopUnreach20EXTRA_ultra_prime_sum/libA CC2-Hybrid: not equiv ,0.9912   (Solve) ,,0.383  	CC2-Concurrent: unknown  ,0.0000   (Solve) ,,0.000  	KleeCLEVER: not equiv ,0.1638  
./mergedHard/NEQ_LoopUnreach20EXTRA_ultra_prime_sum/libB CC2-Hybrid: not equiv ,17.1723  (Solve) ,,16.176 	CC2-Concurrent: unknown  ,0.0000   (Solve) ,,0.000  	KleeCLEVER: not equiv ,3.6360  
./mergedHard/NEQ_getSignEQ_UnchLoop/libA CC2-Hybrid: not equiv ,0.3823   (Solve) ,,0.166  	CC2-Concurrent: unknown  ,0.0000   (Solve) ,,0.000  	KleeCLEVER: not equiv ,0.1355  
./mergedHard/NEQ_getSignEQ_UnchLoop/libB CC2-Hybrid: equiv    ,40.2574  (Solve) ,,40.143 	CC2-Concurrent: unknown  ,0.0000   (Solve) ,,0.000  	KleeCLEVER: timeout  ,300.0000
./mergedHard/NEQ_getSignEQ_is_prime2/libA CC2-Hybrid: not equiv ,0.5147   (Solve) ,,0.233  	CC2-Concurrent: unknown  ,0.0000   (Solve) ,,0.000  	KleeCLEVER: not equiv ,0.1938  
./mergedHard/NEQ_getSignEQ_is_prime2/libB CC2-Hybrid: not equiv ,1.5766   (Solve) ,,1.227  	CC2-Concurrent: unknown  ,0.0000   (Solve) ,,0.000  	KleeCLEVER: not equiv ,1.1508  
./mergedHard/NEQ_getSignEQ_odd/libA CC2-Hybrid: not equiv ,0.5072   (Solve) ,,0.248  	CC2-Concurrent: unknown  ,0.0000   (Solve) ,,0.000  	KleeCLEVER: not equiv ,0.1717  
./mergedHard/NEQ_getSignEQ_odd/libB CC2-Hybrid: not equiv ,0.9869   (Solve) ,,0.749  	CC2-Concurrent: unknown  ,0.0000   (Solve) ,,0.000  	KleeCLEVER: not equiv ,0.6489  
./mergedHard/NEQ_getSignEQ_pos/libA CC2-Hybrid: not equiv ,0.5635   (Solve) ,,0.300  	CC2-Concurrent: unknown  ,0.0000   (Solve) ,,0.000  	KleeCLEVER: not equiv ,0.2054  
./mergedHard/NEQ_getSignEQ_pos/libB CC2-Hybrid: not equiv ,0.6044   (Solve) ,,0.339  	CC2-Concurrent: unknown  ,0.0000   (Solve) ,,0.000  	KleeCLEVER: not equiv ,0.2811  
./mergedHard/NEQ_getSignEQ_pos2/libA CC2-Hybrid: not equiv ,0.5604   (Solve) ,,0.297  	CC2-Concurrent: unknown  ,0.0000   (Solve) ,,0.000  	KleeCLEVER: not equiv ,0.2052  
./mergedHard/NEQ_getSignEQ_pos2/libB CC2-Hybrid: equiv    ,18.5799  (Solve) ,,18.406 	CC2-Concurrent: unknown  ,0.0000   (Solve) ,,0.000  	KleeCLEVER: timeout  ,300.0000
./mergedHard/NEQ_getSignEXTRA_ultra_prime_sum/libA CC2-Hybrid: not equiv ,2.0052   (Solve) ,,1.000  	CC2-Concurrent: unknown  ,0.0000   (Solve) ,,0.000  	KleeCLEVER: not equiv ,0.1894  
./mergedHard/NEQ_getSignEXTRA_ultra_prime_sum/libB CC2-Hybrid: not equiv ,151.9997 (Solve) ,,148.662	CC2-Concurrent: unknown  ,0.0000   (Solve) ,,0.000  	KleeCLEVER: not equiv ,133.5180
