./nestedMerge/EQ_AddEQ_LoopMult20/libA CC2-Hybrid: equiv    ,1.2100   (Solve) ,,0.290  	CC2-Concurrent: unknown  ,0.0000   (Solve) ,,0.000  	KleeCLEVER: equiv    ,0.2400  	llReve: equiv    ,0.0500  
./nestedMerge/EQ_AddEQ_UnchLoop/libA CC2-Hybrid: equiv    ,40.4100  (Solve) ,,40.132 	CC2-Concurrent: unknown  ,0.0000   (Solve) ,,0.000  	KleeCLEVER: equiv    ,0.2300  	llReve: equiv    ,0.1600  
./nestedMerge/EQ_AddEQ_odd/libA     CC2-Hybrid: equiv    ,0.9600   (Solve) ,,0.275  	CC2-Concurrent: unknown  ,0.0000   (Solve) ,,0.000  	KleeCLEVER: equiv    ,0.2100  	llReve: unknown  ,0.0400  
./nestedMerge/EQ_AddEQ_pos/libA     CC2-Hybrid: equiv    ,11.2800  (Solve) ,,10.952 	CC2-Concurrent: unknown  ,0.0000   (Solve) ,,0.000  	KleeCLEVER: equiv    ,0.2300  	llReve: unknown  ,0.0300  
./nestedMerge/EQ_AddEQ_pos2/libA    CC2-Hybrid: equiv    ,0.3700   (Solve) ,,0.112  	CC2-Concurrent: unknown  ,0.0000   (Solve) ,,0.000  	KleeCLEVER: equiv    ,0.2100  	llReve: not equiv ,0.0400  
./nestedMerge/EQ_AddEXTRA_ultra_prime_sum/libA CC2-Hybrid: equiv    ,84.0800  (Solve) ,,82.675 	CC2-Concurrent: unknown  ,0.0000   (Solve) ,,0.000  	KleeCLEVER: equiv    ,0.2600  	llReve: timeout  ,300.0000
./nestedMerge/EQ_ConstEQ_LoopMult20/libA CC2-Hybrid: equiv    ,1.2000   (Solve) ,,0.310  	CC2-Concurrent: unknown  ,0.0000   (Solve) ,,0.000  	KleeCLEVER: equiv    ,0.2300  	llReve: equiv    ,0.0300  
./nestedMerge/EQ_ConstEQ_UnchLoop/libA CC2-Hybrid: equiv    ,40.4200  (Solve) ,,40.151 	CC2-Concurrent: unknown  ,0.0000   (Solve) ,,0.000  	KleeCLEVER: equiv    ,0.2200  	llReve: equiv    ,0.1500  
./nestedMerge/EQ_ConstEQ_odd/libA   CC2-Hybrid: equiv    ,0.9600   (Solve) ,,0.274  	CC2-Concurrent: unknown  ,0.0000   (Solve) ,,0.000  	KleeCLEVER: equiv    ,0.2100  	llReve: unknown  ,0.0300  
./nestedMerge/EQ_ConstEQ_pos/libA   CC2-Hybrid: equiv    ,11.2600  (Solve) ,,10.942 	CC2-Concurrent: unknown  ,0.0000   (Solve) ,,0.000  	KleeCLEVER: equiv    ,0.2300  	llReve: unknown  ,0.0300  
./nestedMerge/EQ_ConstEQ_pos2/libA  CC2-Hybrid: equiv    ,0.3700   (Solve) ,,0.110  	CC2-Concurrent: unknown  ,0.0000   (Solve) ,,0.000  	KleeCLEVER: equiv    ,0.2100  	llReve: not equiv ,0.0500  
./nestedMerge/EQ_ConstEXTRA_ultra_prime_sum/libA CC2-Hybrid: equiv    ,83.6000  (Solve) ,,82.151 	CC2-Concurrent: unknown  ,0.0000   (Solve) ,,0.000  	KleeCLEVER: equiv    ,0.2400  	llReve: timeout  ,300.0000
./nestedMerge/EQ_LoopMult20EQ_Add/libA CC2-Hybrid: equiv    ,0.3300   (Solve) ,,0.034  	CC2-Concurrent: unknown  ,0.0000   (Solve) ,,0.000  	KleeCLEVER: equiv    ,0.2600  	llReve: equiv    ,0.0400  
./nestedMerge/EQ_LoopMult20EQ_Const/libA CC2-Hybrid: equiv    ,0.3000   (Solve) ,,0.037  	CC2-Concurrent: unknown  ,0.0000   (Solve) ,,0.000  	KleeCLEVER: equiv    ,0.2600  	llReve: equiv    ,0.0200  
./nestedMerge/EQ_LoopMult20EQ_LoopMult20/libA CC2-Hybrid: equiv    ,1.9600   (Solve) ,,1.036  	CC2-Concurrent: unknown  ,0.0000   (Solve) ,,0.000  	KleeCLEVER: equiv    ,0.5200  	llReve: equiv    ,6.5400  
./nestedMerge/EQ_LoopMult20EQ_LoopUnreach20/libA CC2-Hybrid: equiv    ,1.3700   (Solve) ,,0.445  	CC2-Concurrent: unknown  ,0.0000   (Solve) ,,0.000  	KleeCLEVER: equiv    ,0.2900  	llReve: equiv    ,0.0200  
./nestedMerge/EQ_LoopMult20EQ_UnchLoop/libA CC2-Hybrid: equiv    ,40.4300  (Solve) ,,40.154 	CC2-Concurrent: unknown  ,0.0000   (Solve) ,,0.000  	KleeCLEVER: equiv    ,0.2600  	llReve: equiv    ,0.1500  
./nestedMerge/EQ_LoopMult20EQ_divide/libA CC2-Hybrid: equiv    ,0.3200   (Solve) ,,0.046  	CC2-Concurrent: unknown  ,0.0000   (Solve) ,,0.000  	KleeCLEVER: equiv    ,0.2500  	llReve: equiv    ,0.0200  
./nestedMerge/EQ_LoopMult20EQ_getSign2/libA CC2-Hybrid: equiv    ,1.1100   (Solve) ,,0.387  	CC2-Concurrent: unknown  ,0.0000   (Solve) ,,0.000  	KleeCLEVER: equiv    ,0.2900  	llReve: equiv    ,0.0400  
./nestedMerge/EQ_LoopMult20EQ_is_prime1/libA CC2-Hybrid: equiv    ,1.3000   (Solve) ,,0.523  	CC2-Concurrent: unknown  ,0.0000   (Solve) ,,0.000  	KleeCLEVER: equiv    ,0.2600  	llReve: unknown  ,0.0200  
./nestedMerge/EQ_LoopMult20EQ_is_prime2/libA CC2-Hybrid: not equiv ,1.3600   (Solve) ,,0.831  	CC2-Concurrent: unknown  ,0.0000   (Solve) ,,0.000  	KleeCLEVER: not equiv ,0.5400  	llReve: unknown  ,0.0300  
./nestedMerge/EQ_LoopMult20EQ_is_prime3/libA CC2-Hybrid: equiv    ,1.8600   (Solve) ,,0.835  	CC2-Concurrent: unknown  ,0.0000   (Solve) ,,0.000  	KleeCLEVER: equiv    ,0.3800  	llReve: unknown  ,0.0200  
./nestedMerge/EQ_LoopMult20EQ_ltfive/libA CC2-Hybrid: equiv    ,0.5700   (Solve) ,,0.198  	CC2-Concurrent: unknown  ,0.0000   (Solve) ,,0.000  	KleeCLEVER: equiv    ,0.2900  	llReve: equiv    ,0.0300  
./nestedMerge/EQ_LoopMult20EQ_ltfiveBound/libA CC2-Hybrid: equiv    ,0.6100   (Solve) ,,0.213  	CC2-Concurrent: unknown  ,0.0000   (Solve) ,,0.000  	KleeCLEVER: equiv    ,0.3100  	llReve: equiv    ,0.0300  
./nestedMerge/EQ_LoopMult20EQ_multiple/libA CC2-Hybrid: equiv    ,1.0600   (Solve) ,,0.341  	CC2-Concurrent: unknown  ,0.0000   (Solve) ,,0.000  	KleeCLEVER: equiv    ,0.3000  	llReve: equiv    ,0.0200  
./nestedMerge/EQ_LoopMult20EQ_multipleBound/libA CC2-Hybrid: equiv    ,1.1200   (Solve) ,,0.388  	CC2-Concurrent: unknown  ,0.0000   (Solve) ,,0.000  	KleeCLEVER: equiv    ,0.3300  	llReve: equiv    ,0.0300  
./nestedMerge/EQ_LoopMult20EQ_odd/libA CC2-Hybrid: equiv    ,1.2500   (Solve) ,,0.535  	CC2-Concurrent: unknown  ,0.0000   (Solve) ,,0.000  	KleeCLEVER: equiv    ,0.3700  	llReve: unknown  ,0.0400  
./nestedMerge/EQ_LoopMult20EQ_one/libA CC2-Hybrid: equiv    ,0.5300   (Solve) ,,0.191  	CC2-Concurrent: unknown  ,0.0000   (Solve) ,,0.000  	KleeCLEVER: equiv    ,0.2800  	llReve: equiv    ,0.0300  
./nestedMerge/EQ_LoopMult20EQ_oneBound/libA CC2-Hybrid: equiv    ,0.5800   (Solve) ,,0.201  	CC2-Concurrent: unknown  ,0.0000   (Solve) ,,0.000  	KleeCLEVER: equiv    ,0.2900  	llReve: equiv    ,0.0400  
./nestedMerge/EQ_LoopMult20EQ_oneN2/libA CC2-Hybrid: equiv    ,0.5300   (Solve) ,,0.189  	CC2-Concurrent: unknown  ,0.0000   (Solve) ,,0.000  	KleeCLEVER: equiv    ,0.2700  	llReve: equiv    ,0.0400  
./nestedMerge/EQ_LoopMult20EQ_pos/libA CC2-Hybrid: equiv    ,0.8100   (Solve) ,,0.470  	CC2-Concurrent: unknown  ,0.0000   (Solve) ,,0.000  	KleeCLEVER: equiv    ,0.5500  	llReve: unknown  ,0.0400  
./nestedMerge/EQ_LoopMult20EQ_pos2/libA CC2-Hybrid: equiv    ,0.4200   (Solve) ,,0.114  	CC2-Concurrent: unknown  ,0.0000   (Solve) ,,0.000  	KleeCLEVER: equiv    ,0.5700  	llReve: not equiv ,0.0600  
./nestedMerge/EQ_LoopMult20EQ_pos3/libA CC2-Hybrid: equiv    ,1.0500   (Solve) ,,0.325  	CC2-Concurrent: unknown  ,0.0000   (Solve) ,,0.000  	KleeCLEVER: equiv    ,0.2600  	llReve: equiv    ,0.0300  
./nestedMerge/EQ_LoopMult20EXTRA_ultra_prime_sum/libA CC2-Hybrid: equiv    ,78.3200  (Solve) ,,76.902 	CC2-Concurrent: unknown  ,0.0000   (Solve) ,,0.000  	KleeCLEVER: equiv    ,0.5200  	llReve: timeout  ,300.0000
./nestedMerge/EQ_LoopMult20NEQ_LoopMult20/libA CC2-Hybrid: not equiv ,2.5000   (Solve) ,,1.588  	CC2-Concurrent: unknown  ,0.0000   (Solve) ,,0.000  	KleeCLEVER: not equiv ,0.4700  	llReve: not equiv ,0.1900  
./nestedMerge/EQ_LoopMult20NEQ_LoopUnreach20/libA CC2-Hybrid: not equiv ,0.5500   (Solve) ,,0.137  	CC2-Concurrent: unknown  ,0.0000   (Solve) ,,0.000  	KleeCLEVER: not equiv ,0.2900  	llReve: not equiv ,0.0200  
./nestedMerge/EQ_LoopMult20NEQ_getSign/libA CC2-Hybrid: equiv    ,1.0900   (Solve) ,,0.369  	CC2-Concurrent: unknown  ,0.0000   (Solve) ,,0.000  	KleeCLEVER: equiv    ,0.2800  	llReve: equiv    ,0.0300  
./nestedMerge/EQ_LoopUnreach20EQ_LoopMult20/libA CC2-Hybrid: equiv    ,1.8100   (Solve) ,,1.048  	CC2-Concurrent: unknown  ,0.0000   (Solve) ,,0.000  	KleeCLEVER: equiv    ,0.5300  	llReve: equiv    ,9.0000  
./nestedMerge/EQ_LoopUnreach20EQ_UnchLoop/libA CC2-Hybrid: equiv    ,40.4700  (Solve) ,,40.151 	CC2-Concurrent: unknown  ,0.0000   (Solve) ,,0.000  	KleeCLEVER: equiv    ,0.3700  	llReve: equiv    ,0.1600  
./nestedMerge/EQ_LoopUnreach20EQ_odd/libA CC2-Hybrid: equiv    ,1.5300   (Solve) ,,0.622  	CC2-Concurrent: unknown  ,0.0000   (Solve) ,,0.000  	KleeCLEVER: equiv    ,0.4200  	llReve: unknown  ,0.0300  
./nestedMerge/EQ_LoopUnreach20EQ_pos/libA CC2-Hybrid: equiv    ,1.0300   (Solve) ,,0.599  	CC2-Concurrent: unknown  ,0.0000   (Solve) ,,0.000  	KleeCLEVER: equiv    ,0.6200  	llReve: unknown  ,0.0300  
./nestedMerge/EQ_LoopUnreach20EQ_pos2/libA CC2-Hybrid: equiv    ,0.5000   (Solve) ,,0.147  	CC2-Concurrent: unknown  ,0.0000   (Solve) ,,0.000  	KleeCLEVER: equiv    ,0.6400  	llReve: not equiv ,0.0400  
./nestedMerge/EQ_LoopUnreach20EXTRA_ultra_prime_sum/libA CC2-Hybrid: equiv    ,86.0400  (Solve) ,,84.301 	CC2-Concurrent: unknown  ,0.0000   (Solve) ,,0.000  	KleeCLEVER: equiv    ,0.5900  	llReve: timeout  ,300.0000
./nestedMerge/EQ_UnchLoopEQ_Add/libA CC2-Hybrid: equiv    ,0.3000   (Solve) ,,0.035  	CC2-Concurrent: unknown  ,0.0000   (Solve) ,,0.000  	KleeCLEVER: equiv    ,0.2300  	llReve: equiv    ,0.0200  
./nestedMerge/EQ_UnchLoopEQ_Const/libA CC2-Hybrid: equiv    ,0.2800   (Solve) ,,0.030  	CC2-Concurrent: unknown  ,0.0000   (Solve) ,,0.000  	KleeCLEVER: equiv    ,0.2300  	llReve: equiv    ,0.0200  
./nestedMerge/EQ_UnchLoopEQ_LoopMult20/libA CC2-Hybrid: equiv    ,1.1700   (Solve) ,,0.286  	CC2-Concurrent: unknown  ,0.0000   (Solve) ,,0.000  	KleeCLEVER: equiv    ,0.2300  	llReve: equiv    ,0.0300  
./nestedMerge/EQ_UnchLoopEQ_LoopUnreach20/libA CC2-Hybrid: equiv    ,1.1500   (Solve) ,,0.288  	CC2-Concurrent: unknown  ,0.0000   (Solve) ,,0.000  	KleeCLEVER: equiv    ,0.2400  	llReve: equiv    ,0.0200  
./nestedMerge/EQ_UnchLoopEQ_UnchLoop/libA CC2-Hybrid: equiv    ,40.4300  (Solve) ,,40.157 	CC2-Concurrent: unknown  ,0.0000   (Solve) ,,0.000  	KleeCLEVER: equiv    ,0.2300  	llReve: equiv    ,0.1400  
./nestedMerge/EQ_UnchLoopEQ_divide/libA CC2-Hybrid: equiv    ,0.3000   (Solve) ,,0.042  	CC2-Concurrent: unknown  ,0.0000   (Solve) ,,0.000  	KleeCLEVER: equiv    ,0.2100  	llReve: equiv    ,0.0200  
./nestedMerge/EQ_UnchLoopEQ_getSign2/libA CC2-Hybrid: equiv    ,0.9100   (Solve) ,,0.217  	CC2-Concurrent: unknown  ,0.0000   (Solve) ,,0.000  	KleeCLEVER: equiv    ,0.2100  	llReve: equiv    ,0.0200  
./nestedMerge/EQ_UnchLoopEQ_is_prime1/libA CC2-Hybrid: equiv    ,1.1200   (Solve) ,,0.382  	CC2-Concurrent: unknown  ,0.0000   (Solve) ,,0.000  	KleeCLEVER: equiv    ,0.2200  	llReve: unknown  ,0.0100  
./nestedMerge/EQ_UnchLoopEQ_is_prime2/libA CC2-Hybrid: equiv    ,2.1800   (Solve) ,,1.349  	CC2-Concurrent: unknown  ,0.0000   (Solve) ,,0.000  	KleeCLEVER: equiv    ,0.2200  	llReve: unknown  ,0.0200  
./nestedMerge/EQ_UnchLoopEQ_is_prime3/libA CC2-Hybrid: equiv    ,1.4000   (Solve) ,,0.433  	CC2-Concurrent: unknown  ,0.0000   (Solve) ,,0.000  	KleeCLEVER: equiv    ,0.2300  	llReve: unknown  ,0.0200  
./nestedMerge/EQ_UnchLoopEQ_ltfive/libA CC2-Hybrid: equiv    ,1.2200   (Solve) ,,0.452  	CC2-Concurrent: unknown  ,0.0000   (Solve) ,,0.000  	KleeCLEVER: equiv    ,0.2100  	llReve: equiv    ,0.0200  
./nestedMerge/EQ_UnchLoopEQ_ltfiveBound/libA CC2-Hybrid: equiv    ,0.5700   (Solve) ,,0.216  	CC2-Concurrent: unknown  ,0.0000   (Solve) ,,0.000  	KleeCLEVER: equiv    ,0.2100  	llReve: equiv    ,0.0300  
./nestedMerge/EQ_UnchLoopEQ_multiple/libA CC2-Hybrid: equiv    ,0.9200   (Solve) ,,0.238  	CC2-Concurrent: unknown  ,0.0000   (Solve) ,,0.000  	KleeCLEVER: equiv    ,0.2100  	llReve: equiv    ,0.0200  
./nestedMerge/EQ_UnchLoopEQ_multipleBound/libA CC2-Hybrid: equiv    ,0.9400   (Solve) ,,0.239  	CC2-Concurrent: unknown  ,0.0000   (Solve) ,,0.000  	KleeCLEVER: equiv    ,0.2100  	llReve: equiv    ,0.0200  
./nestedMerge/EQ_UnchLoopEQ_odd/libA CC2-Hybrid: equiv    ,0.9500   (Solve) ,,0.260  	CC2-Concurrent: unknown  ,0.0000   (Solve) ,,0.000  	KleeCLEVER: equiv    ,0.2100  	llReve: unknown  ,0.0100  
./nestedMerge/EQ_UnchLoopEQ_one/libA CC2-Hybrid: not equiv ,0.7400   (Solve) ,,0.319  	CC2-Concurrent: unknown  ,0.0000   (Solve) ,,0.000  	KleeCLEVER: not equiv ,0.2100  	llReve: not equiv ,0.0200  
./nestedMerge/EQ_UnchLoopEQ_oneBound/libA CC2-Hybrid: equiv    ,0.5500   (Solve) ,,0.232  	CC2-Concurrent: unknown  ,0.0000   (Solve) ,,0.000  	KleeCLEVER: equiv    ,0.2100  	llReve: equiv    ,0.0200  
./nestedMerge/EQ_UnchLoopEQ_oneN2/libA CC2-Hybrid: equiv    ,1.1900   (Solve) ,,0.464  	CC2-Concurrent: unknown  ,0.0000   (Solve) ,,0.000  	KleeCLEVER: equiv    ,0.2200  	llReve: equiv    ,0.0300  
./nestedMerge/EQ_UnchLoopEQ_pos/libA CC2-Hybrid: equiv    ,11.2900  (Solve) ,,10.977 	CC2-Concurrent: unknown  ,0.0000   (Solve) ,,0.000  	KleeCLEVER: equiv    ,0.2400  	llReve: unknown  ,0.0100  
./nestedMerge/EQ_UnchLoopEQ_pos2/libA CC2-Hybrid: equiv    ,0.4100   (Solve) ,,0.125  	CC2-Concurrent: unknown  ,0.0000   (Solve) ,,0.000  	KleeCLEVER: equiv    ,0.2300  	llReve: not equiv ,0.0300  
./nestedMerge/EQ_UnchLoopEQ_pos3/libA CC2-Hybrid: equiv    ,0.9700   (Solve) ,,0.221  	CC2-Concurrent: unknown  ,0.0000   (Solve) ,,0.000  	KleeCLEVER: equiv    ,0.2300  	llReve: equiv    ,0.0200  
./nestedMerge/EQ_UnchLoopEXTRA_ultra_prime_sum/libA CC2-Hybrid: equiv    ,78.2500  (Solve) ,,76.794 	CC2-Concurrent: unknown  ,0.0000   (Solve) ,,0.000  	KleeCLEVER: equiv    ,0.2400  	llReve: timeout  ,300.0000
./nestedMerge/EQ_UnchLoopNEQ_LoopMult20/libA CC2-Hybrid: equiv    ,1.1800   (Solve) ,,0.289  	CC2-Concurrent: unknown  ,0.0000   (Solve) ,,0.000  	KleeCLEVER: equiv    ,0.2300  	llReve: equiv    ,0.0300  
./nestedMerge/EQ_UnchLoopNEQ_LoopUnreach20/libA CC2-Hybrid: equiv    ,1.0700   (Solve) ,,0.196  	CC2-Concurrent: unknown  ,0.0000   (Solve) ,,0.000  	KleeCLEVER: equiv    ,0.2300  	llReve: equiv    ,0.0200  
./nestedMerge/EQ_UnchLoopNEQ_getSign/libA CC2-Hybrid: equiv    ,1.0700   (Solve) ,,0.232  	CC2-Concurrent: unknown  ,0.0000   (Solve) ,,0.000  	KleeCLEVER: equiv    ,0.2400  	llReve: equiv    ,0.0200  
./nestedMerge/EQ_divideEQ_LoopMult20/libA CC2-Hybrid: equiv    ,1.9500   (Solve) ,,1.054  	CC2-Concurrent: unknown  ,0.0000   (Solve) ,,0.000  	KleeCLEVER: equiv    ,0.5200  	llReve: equiv    ,7.3700  
./nestedMerge/EQ_divideEQ_UnchLoop/libA CC2-Hybrid: equiv    ,40.4600  (Solve) ,,40.154 	CC2-Concurrent: unknown  ,0.0000   (Solve) ,,0.000  	KleeCLEVER: equiv    ,0.2500  	llReve: equiv    ,0.1400  
./nestedMerge/EQ_divideEQ_odd/libA  CC2-Hybrid: equiv    ,12.6300  (Solve) ,,11.894 	CC2-Concurrent: unknown  ,0.0000   (Solve) ,,0.000  	KleeCLEVER: timeout  ,300.0000	llReve: unknown  ,0.0300  
./nestedMerge/EQ_divideEQ_pos/libA  CC2-Hybrid: equiv    ,22.4800  (Solve) ,,21.450 	CC2-Concurrent: unknown  ,0.0000   (Solve) ,,0.000  	KleeCLEVER: timeout  ,300.0000	llReve: unknown  ,0.0100  
./nestedMerge/EQ_divideEQ_pos2/libA CC2-Hybrid: equiv    ,0.4700   (Solve) ,,0.141  	CC2-Concurrent: unknown  ,0.0000   (Solve) ,,0.000  	KleeCLEVER: timeout  ,300.0000	llReve: not equiv ,0.0500  
./nestedMerge/EQ_divideEXTRA_ultra_prime_sum/libA CC2-Hybrid: equiv    ,75.9700  (Solve) ,,74.170 	CC2-Concurrent: unknown  ,0.0000   (Solve) ,,0.000  	KleeCLEVER: timeout  ,300.0000	llReve: unknown  ,0.2700  
./nestedMerge/EQ_getSign2EQ_LoopMult20/libA CC2-Hybrid: equiv    ,1.9900   (Solve) ,,1.060  	CC2-Concurrent: unknown  ,0.0000   (Solve) ,,0.000  	KleeCLEVER: equiv    ,0.5300  	llReve: equiv    ,24.5400 
./nestedMerge/EQ_getSign2EQ_UnchLoop/libA CC2-Hybrid: equiv    ,40.4400  (Solve) ,,40.129 	CC2-Concurrent: unknown  ,0.0000   (Solve) ,,0.000  	KleeCLEVER: equiv    ,0.2500  	llReve: equiv    ,0.1400  
./nestedMerge/EQ_getSign2EQ_odd/libA CC2-Hybrid: equiv    ,11.2500  (Solve) ,,10.538 	CC2-Concurrent: unknown  ,0.0000   (Solve) ,,0.000  	KleeCLEVER: equiv    ,15.0200 	llReve: unknown  ,0.0100  
./nestedMerge/EQ_getSign2EQ_pos/libA CC2-Hybrid: equiv    ,22.0700  (Solve) ,,21.216 	CC2-Concurrent: unknown  ,0.0000   (Solve) ,,0.000  	KleeCLEVER: timeout  ,300.0000	llReve: unknown  ,0.0100  
./nestedMerge/EQ_getSign2EQ_pos2/libA CC2-Hybrid: equiv    ,0.4200   (Solve) ,,0.114  	CC2-Concurrent: unknown  ,0.0000   (Solve) ,,0.000  	KleeCLEVER: timeout  ,300.0000	llReve: not equiv ,0.0400  
./nestedMerge/EQ_getSign2EXTRA_ultra_prime_sum/libA CC2-Hybrid: equiv    ,82.1300  (Solve) ,,80.330 	CC2-Concurrent: unknown  ,0.0000   (Solve) ,,0.000  	KleeCLEVER: timeout  ,300.0000	llReve: unknown  ,1.5900  
./nestedMerge/EQ_is_prime1EQ_LoopMult20/libA CC2-Hybrid: equiv    ,1.9100   (Solve) ,,1.014  	CC2-Concurrent: unknown  ,0.0000   (Solve) ,,0.000  	KleeCLEVER: equiv    ,0.5200  	llReve: equiv    ,6.5900  
./nestedMerge/EQ_is_prime1EQ_UnchLoop/libA CC2-Hybrid: equiv    ,40.4500  (Solve) ,,40.150 	CC2-Concurrent: unknown  ,0.0000   (Solve) ,,0.000  	KleeCLEVER: equiv    ,0.2300  	llReve: equiv    ,0.1300  
./nestedMerge/EQ_is_prime1EQ_odd/libA CC2-Hybrid: equiv    ,12.5700  (Solve) ,,11.859 	CC2-Concurrent: unknown  ,0.0000   (Solve) ,,0.000  	KleeCLEVER: timeout  ,300.0000	llReve: unknown  ,0.0100  
./nestedMerge/EQ_is_prime1EQ_pos/libA CC2-Hybrid: equiv    ,11.4300  (Solve) ,,11.058 	CC2-Concurrent: unknown  ,0.0000   (Solve) ,,0.000  	KleeCLEVER: timeout  ,300.0000	llReve: unknown  ,0.0100  
./nestedMerge/EQ_is_prime1EQ_pos2/libA CC2-Hybrid: equiv    ,0.4100   (Solve) ,,0.141  	CC2-Concurrent: unknown  ,0.0000   (Solve) ,,0.000  	KleeCLEVER: timeout  ,300.0000	llReve: not equiv ,0.0300  
./nestedMerge/EQ_is_prime1EXTRA_ultra_prime_sum/libA CC2-Hybrid: equiv    ,81.9000  (Solve) ,,80.198 	CC2-Concurrent: unknown  ,0.0000   (Solve) ,,0.000  	KleeCLEVER: timeout  ,300.0000	llReve: unknown  ,0.1700  
./nestedMerge/EQ_is_prime2EQ_LoopMult20/libA CC2-Hybrid: equiv    ,0.9200   (Solve) ,,0.466  	CC2-Concurrent: unknown  ,0.0000   (Solve) ,,0.000  	KleeCLEVER: equiv    ,0.5200  	llReve: equiv    ,10.1800 
./nestedMerge/EQ_is_prime2EQ_UnchLoop/libA CC2-Hybrid: equiv    ,0.4300   (Solve) ,,0.139  	CC2-Concurrent: unknown  ,0.0000   (Solve) ,,0.000  	KleeCLEVER: equiv    ,0.2800  	llReve: equiv    ,0.2400  
./nestedMerge/EQ_is_prime2EQ_odd/libA CC2-Hybrid: equiv    ,23.3300  (Solve) ,,22.194 	CC2-Concurrent: unknown  ,0.0000   (Solve) ,,0.000  	KleeCLEVER: equiv    ,14.2100 	llReve: unknown  ,0.0200  
./nestedMerge/EQ_is_prime2EQ_pos/libA CC2-Hybrid: equiv    ,23.1900  (Solve) ,,21.923 	CC2-Concurrent: unknown  ,0.0000   (Solve) ,,0.000  	KleeCLEVER: timeout  ,300.0000	llReve: unknown  ,0.0200  
./nestedMerge/EQ_is_prime2EQ_pos2/libA CC2-Hybrid: equiv    ,0.6200   (Solve) ,,0.137  	CC2-Concurrent: unknown  ,0.0000   (Solve) ,,0.000  	KleeCLEVER: timeout  ,300.0000	llReve: not equiv ,0.0500  
./nestedMerge/EQ_is_prime2EXTRA_ultra_prime_sum/libA CC2-Hybrid: equiv    ,140.6700 (Solve) ,,137.218	CC2-Concurrent: unknown  ,0.0000   (Solve) ,,0.000  	KleeCLEVER: timeout  ,300.0000	llReve: timeout  ,300.0000
./nestedMerge/EQ_is_prime3EQ_LoopMult20/libA CC2-Hybrid: equiv    ,2.1200   (Solve) ,,0.933  	CC2-Concurrent: unknown  ,0.0000   (Solve) ,,0.000  	KleeCLEVER: equiv    ,0.6100  	llReve: unknown  ,0.0200  
./nestedMerge/EQ_is_prime3EQ_UnchLoop/libA CC2-Hybrid: equiv    ,40.4800  (Solve) ,,40.123 	CC2-Concurrent: unknown  ,0.0000   (Solve) ,,0.000  	KleeCLEVER: equiv    ,0.3300  	llReve: unknown  ,0.0400  
./nestedMerge/EQ_is_prime3EQ_odd/libA CC2-Hybrid: timeout  ,300.0000 (Solve) ,,0.000  	CC2-Concurrent: unknown  ,0.0000   (Solve) ,,0.000  	KleeCLEVER: timeout  ,300.0000	llReve: unknown  ,0.0200  
./nestedMerge/EQ_is_prime3EQ_pos/libA CC2-Hybrid: equiv    ,21.9700  (Solve) ,,21.242 	CC2-Concurrent: unknown  ,0.0000   (Solve) ,,0.000  	KleeCLEVER: timeout  ,300.0000	llReve: unknown  ,0.0200  
./nestedMerge/EQ_is_prime3EQ_pos2/libA CC2-Hybrid: equiv    ,0.8000   (Solve) ,,0.275  	CC2-Concurrent: unknown  ,0.0000   (Solve) ,,0.000  	KleeCLEVER: timeout  ,300.0000	llReve: unknown  ,0.0200  
./nestedMerge/EQ_is_prime3EXTRA_ultra_prime_sum/libA CC2-Hybrid: equiv    ,76.1200  (Solve) ,,74.081 	CC2-Concurrent: unknown  ,0.0000   (Solve) ,,0.000  	KleeCLEVER: timeout  ,300.0000	llReve: unknown  ,0.0200  
./nestedMerge/EQ_ltfiveBoundEQ_LoopMult20/libA CC2-Hybrid: equiv    ,1.2700   (Solve) ,,0.755  	CC2-Concurrent: unknown  ,0.0000   (Solve) ,,0.000  	KleeCLEVER: equiv    ,0.8200  	llReve: timeout  ,300.0000
./nestedMerge/EQ_ltfiveBoundEQ_UnchLoop/libA CC2-Hybrid: equiv    ,0.4600   (Solve) ,,0.137  	CC2-Concurrent: unknown  ,0.0000   (Solve) ,,0.000  	KleeCLEVER: equiv    ,0.3000  	llReve: equiv    ,0.8500  
./nestedMerge/EQ_ltfiveBoundEQ_odd/libA CC2-Hybrid: equiv    ,2.0900   (Solve) ,,1.586  	CC2-Concurrent: unknown  ,0.0000   (Solve) ,,0.000  	KleeCLEVER: equiv    ,1.6600  	llReve: unknown  ,0.0200  
./nestedMerge/EQ_ltfiveBoundEQ_pos/libA CC2-Hybrid: equiv    ,26.7000  (Solve) ,,25.370 	CC2-Concurrent: unknown  ,0.0000   (Solve) ,,0.000  	KleeCLEVER: equiv    ,31.3200 	llReve: unknown  ,0.0200  
./nestedMerge/EQ_ltfiveBoundEQ_pos2/libA CC2-Hybrid: equiv    ,0.6900   (Solve) ,,0.143  	CC2-Concurrent: unknown  ,0.0000   (Solve) ,,0.000  	KleeCLEVER: equiv    ,31.3700 	llReve: not equiv ,0.0700  
./nestedMerge/EQ_ltfiveBoundEXTRA_ultra_prime_sum/libA CC2-Hybrid: equiv    ,140.7800 (Solve) ,,137.219	CC2-Concurrent: unknown  ,0.0000   (Solve) ,,0.000  	KleeCLEVER: equiv    ,160.8700	llReve: timeout  ,300.0000
./nestedMerge/EQ_ltfiveEQ_LoopMult20/libA CC2-Hybrid: equiv    ,1.3100   (Solve) ,,0.820  	CC2-Concurrent: unknown  ,0.0000   (Solve) ,,0.000  	KleeCLEVER: equiv    ,0.8800  	llReve: equiv    ,123.9900
./nestedMerge/EQ_ltfiveEQ_UnchLoop/libA CC2-Hybrid: equiv    ,0.4400   (Solve) ,,0.133  	CC2-Concurrent: unknown  ,0.0000   (Solve) ,,0.000  	KleeCLEVER: equiv    ,0.2800  	llReve: equiv    ,0.8300  
./nestedMerge/EQ_ltfiveEQ_odd/libA  CC2-Hybrid: equiv    ,23.3300  (Solve) ,,22.201 	CC2-Concurrent: unknown  ,0.0000   (Solve) ,,0.000  	KleeCLEVER: equiv    ,39.2800 	llReve: unknown  ,0.0100  
./nestedMerge/EQ_ltfiveEQ_pos/libA  CC2-Hybrid: equiv    ,28.3500  (Solve) ,,27.069 	CC2-Concurrent: unknown  ,0.0000   (Solve) ,,0.000  	KleeCLEVER: timeout  ,300.0000	llReve: unknown  ,0.0200  
./nestedMerge/EQ_ltfiveEQ_pos2/libA CC2-Hybrid: equiv    ,0.6500   (Solve) ,,0.148  	CC2-Concurrent: unknown  ,0.0000   (Solve) ,,0.000  	KleeCLEVER: timeout  ,300.0000	llReve: not equiv ,0.0600  
./nestedMerge/EQ_ltfiveEXTRA_ultra_prime_sum/libA CC2-Hybrid: equiv    ,140.7700 (Solve) ,,137.287	CC2-Concurrent: unknown  ,0.0000   (Solve) ,,0.000  	KleeCLEVER: timeout  ,300.0000	llReve: timeout  ,300.0000
./nestedMerge/EQ_multipleBoundEQ_LoopMult20/libA CC2-Hybrid: equiv    ,1.3900   (Solve) ,,0.416  	CC2-Concurrent: unknown  ,0.0000   (Solve) ,,0.000  	KleeCLEVER: equiv    ,0.3000  	llReve: equiv    ,0.0300  
./nestedMerge/EQ_multipleBoundEQ_UnchLoop/libA CC2-Hybrid: equiv    ,40.4500  (Solve) ,,40.146 	CC2-Concurrent: unknown  ,0.0000   (Solve) ,,0.000  	KleeCLEVER: equiv    ,0.2600  	llReve: equiv    ,0.1100  
./nestedMerge/EQ_multipleBoundEQ_odd/libA CC2-Hybrid: equiv    ,12.2600  (Solve) ,,11.492 	CC2-Concurrent: unknown  ,0.0000   (Solve) ,,0.000  	KleeCLEVER: timeout  ,300.0000	llReve: unknown  ,0.0100  
./nestedMerge/EQ_multipleBoundEQ_pos/libA CC2-Hybrid: equiv    ,22.6100  (Solve) ,,21.527 	CC2-Concurrent: unknown  ,0.0000   (Solve) ,,0.000  	KleeCLEVER: equiv    ,143.5000	llReve: unknown  ,0.0100  
./nestedMerge/EQ_multipleBoundEQ_pos2/libA CC2-Hybrid: equiv    ,0.5000   (Solve) ,,0.145  	CC2-Concurrent: unknown  ,0.0000   (Solve) ,,0.000  	KleeCLEVER: timeout  ,300.0000	llReve: not equiv ,0.0400  
./nestedMerge/EQ_multipleBoundEXTRA_ultra_prime_sum/libA CC2-Hybrid: equiv    ,74.8400  (Solve) ,,72.999 	CC2-Concurrent: unknown  ,0.0000   (Solve) ,,0.000  	KleeCLEVER: timeout  ,300.0000	llReve: unknown  ,0.2400  
./nestedMerge/EQ_multipleEQ_LoopMult20/libA CC2-Hybrid: equiv    ,1.9800   (Solve) ,,1.035  	CC2-Concurrent: unknown  ,0.0000   (Solve) ,,0.000  	KleeCLEVER: equiv    ,0.5000  	llReve: equiv    ,0.0400  
./nestedMerge/EQ_multipleEQ_UnchLoop/libA CC2-Hybrid: equiv    ,40.4100  (Solve) ,,40.124 	CC2-Concurrent: unknown  ,0.0000   (Solve) ,,0.000  	KleeCLEVER: equiv    ,0.2200  	llReve: equiv    ,0.0900  
./nestedMerge/EQ_multipleEQ_odd/libA CC2-Hybrid: equiv    ,12.6300  (Solve) ,,11.892 	CC2-Concurrent: unknown  ,0.0000   (Solve) ,,0.000  	KleeCLEVER: timeout  ,300.0000	llReve: unknown  ,0.0100  
./nestedMerge/EQ_multipleEQ_pos/libA CC2-Hybrid: equiv    ,11.4200  (Solve) ,,11.038 	CC2-Concurrent: unknown  ,0.0000   (Solve) ,,0.000  	KleeCLEVER: timeout  ,300.0000	llReve: unknown  ,0.0100  
./nestedMerge/EQ_multipleEQ_pos2/libA CC2-Hybrid: equiv    ,0.4500   (Solve) ,,0.144  	CC2-Concurrent: unknown  ,0.0000   (Solve) ,,0.000  	KleeCLEVER: timeout  ,300.0000	llReve: not equiv ,0.0300  
./nestedMerge/EQ_multipleEXTRA_ultra_prime_sum/libA CC2-Hybrid: equiv    ,75.7300  (Solve) ,,73.955 	CC2-Concurrent: unknown  ,0.0000   (Solve) ,,0.000  	KleeCLEVER: timeout  ,300.0000	llReve: unknown  ,0.3000  
./nestedMerge/EQ_oddEQ_Add/libA     CC2-Hybrid: equiv    ,0.3200   (Solve) ,,0.034  	CC2-Concurrent: unknown  ,0.0000   (Solve) ,,0.000  	KleeCLEVER: equiv    ,0.2200  	llReve: equiv    ,0.0200  
./nestedMerge/EQ_oddEQ_Const/libA   CC2-Hybrid: equiv    ,0.2900   (Solve) ,,0.031  	CC2-Concurrent: unknown  ,0.0000   (Solve) ,,0.000  	KleeCLEVER: equiv    ,0.2300  	llReve: equiv    ,0.0200  
./nestedMerge/EQ_oddEQ_LoopMult20/libA CC2-Hybrid: equiv    ,1.9600   (Solve) ,,1.043  	CC2-Concurrent: unknown  ,0.0000   (Solve) ,,0.000  	KleeCLEVER: equiv    ,0.5000  	llReve: timeout  ,300.0000
./nestedMerge/EQ_oddEQ_LoopUnreach20/libA CC2-Hybrid: equiv    ,1.3800   (Solve) ,,0.454  	CC2-Concurrent: unknown  ,0.0000   (Solve) ,,0.000  	KleeCLEVER: equiv    ,0.2800  	llReve: equiv    ,0.0200  
./nestedMerge/EQ_oddEQ_UnchLoop/libA CC2-Hybrid: equiv    ,40.4300  (Solve) ,,40.153 	CC2-Concurrent: unknown  ,0.0000   (Solve) ,,0.000  	KleeCLEVER: equiv    ,0.2200  	llReve: equiv    ,0.0900  
./nestedMerge/EQ_oddEQ_divide/libA  CC2-Hybrid: equiv    ,0.3100   (Solve) ,,0.044  	CC2-Concurrent: unknown  ,0.0000   (Solve) ,,0.000  	KleeCLEVER: equiv    ,0.2600  	llReve: equiv    ,0.0200  
./nestedMerge/EQ_oddEQ_getSign2/libA CC2-Hybrid: equiv    ,1.0800   (Solve) ,,0.367  	CC2-Concurrent: unknown  ,0.0000   (Solve) ,,0.000  	KleeCLEVER: equiv    ,0.2700  	llReve: equiv    ,0.0200  
./nestedMerge/EQ_oddEQ_is_prime1/libA CC2-Hybrid: equiv    ,1.1500   (Solve) ,,0.398  	CC2-Concurrent: unknown  ,0.0000   (Solve) ,,0.000  	KleeCLEVER: equiv    ,0.2200  	llReve: unknown  ,0.0100  
./nestedMerge/EQ_oddEQ_is_prime2/libA CC2-Hybrid: not equiv ,1.6700   (Solve) ,,1.179  	CC2-Concurrent: unknown  ,0.0000   (Solve) ,,0.000  	KleeCLEVER: not equiv ,0.8800  	llReve: unknown  ,0.0200  
./nestedMerge/EQ_oddEQ_is_prime3/libA CC2-Hybrid: equiv    ,28.1600  (Solve) ,,24.361 	CC2-Concurrent: unknown  ,0.0000   (Solve) ,,0.000  	KleeCLEVER: equiv    ,0.9000  	llReve: unknown  ,0.0200  
./nestedMerge/EQ_oddEQ_ltfive/libA  CC2-Hybrid: not equiv ,0.8000   (Solve) ,,0.319  	CC2-Concurrent: unknown  ,0.0000   (Solve) ,,0.000  	KleeCLEVER: not equiv ,0.4500  	llReve: equiv    ,0.0300  
./nestedMerge/EQ_oddEQ_ltfiveBound/libA CC2-Hybrid: equiv    ,0.5800   (Solve) ,,0.217  	CC2-Concurrent: unknown  ,0.0000   (Solve) ,,0.000  	KleeCLEVER: equiv    ,0.4100  	llReve: equiv    ,0.0300  
./nestedMerge/EQ_oddEQ_multiple/libA CC2-Hybrid: not equiv ,0.6000   (Solve) ,,0.228  	CC2-Concurrent: unknown  ,0.0000   (Solve) ,,0.000  	KleeCLEVER: not equiv ,0.3500  	llReve: equiv    ,0.0200  
./nestedMerge/EQ_oddEQ_multipleBound/libA CC2-Hybrid: equiv    ,1.2300   (Solve) ,,0.469  	CC2-Concurrent: unknown  ,0.0000   (Solve) ,,0.000  	KleeCLEVER: equiv    ,0.4500  	llReve: equiv    ,0.0300  
./nestedMerge/EQ_oddEQ_odd/libA     CC2-Hybrid: equiv    ,12.6300  (Solve) ,,11.901 	CC2-Concurrent: unknown  ,0.0000   (Solve) ,,0.000  	KleeCLEVER: timeout  ,300.0000	llReve: unknown  ,0.0100  
./nestedMerge/EQ_oddEQ_one/libA     CC2-Hybrid: not equiv ,0.7900   (Solve) ,,0.333  	CC2-Concurrent: unknown  ,0.0000   (Solve) ,,0.000  	KleeCLEVER: not equiv ,0.3500  	llReve: not equiv ,0.0200  
./nestedMerge/EQ_oddEQ_oneBound/libA CC2-Hybrid: equiv    ,0.5900   (Solve) ,,0.239  	CC2-Concurrent: unknown  ,0.0000   (Solve) ,,0.000  	KleeCLEVER: equiv    ,0.3700  	llReve: equiv    ,0.0300  
./nestedMerge/EQ_oddEQ_oneN2/libA   CC2-Hybrid: equiv    ,1.5300   (Solve) ,,0.603  	CC2-Concurrent: unknown  ,0.0000   (Solve) ,,0.000  	KleeCLEVER: equiv    ,0.3500  	llReve: equiv    ,0.0300  
./nestedMerge/EQ_oddEQ_pos/libA     CC2-Hybrid: equiv    ,11.4300  (Solve) ,,11.070 	CC2-Concurrent: unknown  ,0.0000   (Solve) ,,0.000  	KleeCLEVER: timeout  ,300.0000	llReve: unknown  ,0.0100  
./nestedMerge/EQ_oddEQ_pos2/libA    CC2-Hybrid: equiv    ,0.4000   (Solve) ,,0.120  	CC2-Concurrent: unknown  ,0.0000   (Solve) ,,0.000  	KleeCLEVER: timeout  ,300.0000	llReve: not equiv ,0.0400  
./nestedMerge/EQ_oddEQ_pos3/libA    CC2-Hybrid: equiv    ,1.2900   (Solve) ,,0.389  	CC2-Concurrent: unknown  ,0.0000   (Solve) ,,0.000  	KleeCLEVER: equiv    ,0.2700  	llReve: equiv    ,0.0300  
./nestedMerge/EQ_oddEXTRA_ultra_prime_sum/libA CC2-Hybrid: equiv    ,75.6000  (Solve) ,,73.844 	CC2-Concurrent: unknown  ,0.0000   (Solve) ,,0.000  	KleeCLEVER: timeout  ,300.0000	llReve: unknown  ,0.1700  
./nestedMerge/EQ_oddNEQ_LoopMult20/libA CC2-Hybrid: equiv    ,1.9700   (Solve) ,,1.048  	CC2-Concurrent: unknown  ,0.0000   (Solve) ,,0.000  	KleeCLEVER: equiv    ,0.4900  	llReve: equiv    ,13.8200 
./nestedMerge/EQ_oddNEQ_LoopUnreach20/libA CC2-Hybrid: not equiv ,0.6300   (Solve) ,,0.158  	CC2-Concurrent: unknown  ,0.0000   (Solve) ,,0.000  	KleeCLEVER: not equiv ,0.2700  	llReve: not equiv ,0.0300  
./nestedMerge/EQ_oddNEQ_getSign/libA CC2-Hybrid: not equiv ,0.5800   (Solve) ,,0.167  	CC2-Concurrent: unknown  ,0.0000   (Solve) ,,0.000  	KleeCLEVER: not equiv ,0.2800  	llReve: not equiv ,0.0400  
./nestedMerge/EQ_oneBoundEQ_LoopMult20/libA CC2-Hybrid: equiv    ,1.0600   (Solve) ,,0.591  	CC2-Concurrent: unknown  ,0.0000   (Solve) ,,0.000  	KleeCLEVER: equiv    ,0.6300  	llReve: equiv    ,15.4500 
./nestedMerge/EQ_oneBoundEQ_UnchLoop/libA CC2-Hybrid: equiv    ,0.4500   (Solve) ,,0.134  	CC2-Concurrent: unknown  ,0.0000   (Solve) ,,0.000  	KleeCLEVER: equiv    ,0.3100  	llReve: equiv    ,0.2600  
./nestedMerge/EQ_oneBoundEQ_odd/libA CC2-Hybrid: equiv    ,24.1600  (Solve) ,,23.036 	CC2-Concurrent: unknown  ,0.0000   (Solve) ,,0.000  	KleeCLEVER: timeout  ,300.0000	llReve: unknown  ,0.0200  
./nestedMerge/EQ_oneBoundEQ_pos/libA CC2-Hybrid: equiv    ,25.6100  (Solve) ,,24.357 	CC2-Concurrent: unknown  ,0.0000   (Solve) ,,0.000  	KleeCLEVER: equiv    ,15.4200 	llReve: unknown  ,0.0200  
./nestedMerge/EQ_oneBoundEQ_pos2/libA CC2-Hybrid: equiv    ,0.6300   (Solve) ,,0.142  	CC2-Concurrent: unknown  ,0.0000   (Solve) ,,0.000  	KleeCLEVER: timeout  ,300.0000	llReve: not equiv ,0.0900  
./nestedMerge/EQ_oneBoundEXTRA_ultra_prime_sum/libA CC2-Hybrid: equiv    ,153.1700 (Solve) ,,149.378	CC2-Concurrent: unknown  ,0.0000   (Solve) ,,0.000  	KleeCLEVER: equiv    ,6.9300  	llReve: unknown  ,0.7000  
./nestedMerge/EQ_oneEQ_LoopMult20/libA CC2-Hybrid: equiv    ,2.7900   (Solve) ,,2.346  	CC2-Concurrent: unknown  ,0.0000   (Solve) ,,0.000  	KleeCLEVER: equiv    ,0.6200  	llReve: equiv    ,15.0800 
./nestedMerge/EQ_oneEQ_UnchLoop/libA CC2-Hybrid: equiv    ,0.4300   (Solve) ,,0.138  	CC2-Concurrent: unknown  ,0.0000   (Solve) ,,0.000  	KleeCLEVER: equiv    ,0.2600  	llReve: equiv    ,0.3700  
./nestedMerge/EQ_oneEQ_odd/libA     CC2-Hybrid: equiv    ,13.9200  (Solve) ,,13.482 	CC2-Concurrent: unknown  ,0.0000   (Solve) ,,0.000  	KleeCLEVER: timeout  ,300.0000	llReve: unknown  ,0.0200  
./nestedMerge/EQ_oneEQ_pos/libA     CC2-Hybrid: equiv    ,14.8400  (Solve) ,,14.287 	CC2-Concurrent: unknown  ,0.0000   (Solve) ,,0.000  	KleeCLEVER: timeout  ,300.0000	llReve: unknown  ,0.0200  
./nestedMerge/EQ_oneEQ_pos2/libA    CC2-Hybrid: equiv    ,0.5900   (Solve) ,,0.135  	CC2-Concurrent: unknown  ,0.0000   (Solve) ,,0.000  	KleeCLEVER: timeout  ,300.0000	llReve: not equiv ,0.0700  
./nestedMerge/EQ_oneEXTRA_ultra_prime_sum/libA CC2-Hybrid: equiv    ,153.0000 (Solve) ,,149.263	CC2-Concurrent: unknown  ,0.0000   (Solve) ,,0.000  	KleeCLEVER: timeout  ,300.0000	llReve: unknown  ,0.7000  
./nestedMerge/EQ_oneN2EQ_LoopMult20/libA CC2-Hybrid: equiv    ,2.8000   (Solve) ,,2.357  	CC2-Concurrent: unknown  ,0.0000   (Solve) ,,0.000  	KleeCLEVER: equiv    ,0.6200  	llReve: equiv    ,15.1500 
./nestedMerge/EQ_oneN2EQ_UnchLoop/libA CC2-Hybrid: equiv    ,0.4100   (Solve) ,,0.125  	CC2-Concurrent: unknown  ,0.0000   (Solve) ,,0.000  	KleeCLEVER: equiv    ,0.2700  	llReve: equiv    ,0.3600  
./nestedMerge/EQ_oneN2EQ_odd/libA   CC2-Hybrid: equiv    ,13.9400  (Solve) ,,13.511 	CC2-Concurrent: unknown  ,0.0000   (Solve) ,,0.000  	KleeCLEVER: timeout  ,300.0000	llReve: unknown  ,0.0100  
./nestedMerge/EQ_oneN2EQ_pos/libA   CC2-Hybrid: equiv    ,14.9100  (Solve) ,,14.347 	CC2-Concurrent: unknown  ,0.0000   (Solve) ,,0.000  	KleeCLEVER: timeout  ,300.0000	llReve: unknown  ,0.0200  
./nestedMerge/EQ_oneN2EQ_pos2/libA  CC2-Hybrid: equiv    ,0.5900   (Solve) ,,0.140  	CC2-Concurrent: unknown  ,0.0000   (Solve) ,,0.000  	KleeCLEVER: timeout  ,300.0000	llReve: not equiv ,0.0900  
./nestedMerge/EQ_oneN2EXTRA_ultra_prime_sum/libA CC2-Hybrid: equiv    ,140.9700 (Solve) ,,137.250	CC2-Concurrent: unknown  ,0.0000   (Solve) ,,0.000  	KleeCLEVER: timeout  ,300.0000	llReve: unknown  ,0.7000  
./nestedMerge/EQ_pos2EQ_Add/libA    CC2-Hybrid: equiv    ,0.3900   (Solve) ,,0.110  	CC2-Concurrent: unknown  ,0.0000   (Solve) ,,0.000  	KleeCLEVER: equiv    ,0.2700  	llReve: equiv    ,0.0200  
./nestedMerge/EQ_pos2EQ_Const/libA  CC2-Hybrid: equiv    ,0.4000   (Solve) ,,0.114  	CC2-Concurrent: unknown  ,0.0000   (Solve) ,,0.000  	KleeCLEVER: equiv    ,0.2500  	llReve: equiv    ,0.0200  
./nestedMerge/EQ_pos2EQ_LoopMult20/libA CC2-Hybrid: equiv    ,0.6600   (Solve) ,,0.223  	CC2-Concurrent: unknown  ,0.0000   (Solve) ,,0.000  	KleeCLEVER: equiv    ,0.2800  	llReve: equiv    ,0.0600  
./nestedMerge/EQ_pos2EQ_LoopUnreach20/libA CC2-Hybrid: equiv    ,0.6700   (Solve) ,,0.220  	CC2-Concurrent: unknown  ,0.0000   (Solve) ,,0.000  	KleeCLEVER: equiv    ,0.2800  	llReve: equiv    ,0.0200  
./nestedMerge/EQ_pos2EQ_UnchLoop/libA CC2-Hybrid: equiv    ,0.4200   (Solve) ,,0.133  	CC2-Concurrent: unknown  ,0.0000   (Solve) ,,0.000  	KleeCLEVER: equiv    ,0.2600  	llReve: equiv    ,0.2400  
./nestedMerge/EQ_pos2EQ_divide/libA CC2-Hybrid: equiv    ,0.5000   (Solve) ,,0.110  	CC2-Concurrent: unknown  ,0.0000   (Solve) ,,0.000  	KleeCLEVER: equiv    ,0.2800  	llReve: equiv    ,0.0300  
./nestedMerge/EQ_pos2EQ_getSign2/libA CC2-Hybrid: equiv    ,0.6000   (Solve) ,,0.185  	CC2-Concurrent: unknown  ,0.0000   (Solve) ,,0.000  	KleeCLEVER: equiv    ,0.2600  	llReve: equiv    ,0.0300  
./nestedMerge/EQ_pos2EQ_is_prime1/libA CC2-Hybrid: equiv    ,0.6300   (Solve) ,,0.221  	CC2-Concurrent: unknown  ,0.0000   (Solve) ,,0.000  	KleeCLEVER: equiv    ,0.2700  	llReve: unknown  ,0.0200  
./nestedMerge/EQ_pos2EQ_is_prime2/libA CC2-Hybrid: equiv    ,0.8400   (Solve) ,,0.233  	CC2-Concurrent: unknown  ,0.0000   (Solve) ,,0.000  	KleeCLEVER: equiv    ,0.2900  	llReve: unknown  ,0.0200  
./nestedMerge/EQ_pos2EQ_is_prime3/libA CC2-Hybrid: equiv    ,3.3700   (Solve) ,,2.434  	CC2-Concurrent: unknown  ,0.0000   (Solve) ,,0.000  	KleeCLEVER: equiv    ,1.6100  	llReve: unknown  ,0.0200  
./nestedMerge/EQ_pos2EQ_ltfive/libA CC2-Hybrid: not equiv ,1.2400   (Solve) ,,0.413  	CC2-Concurrent: unknown  ,0.0000   (Solve) ,,0.000  	KleeCLEVER: not equiv ,0.3700  	llReve: equiv    ,0.0600  
./nestedMerge/EQ_pos2EQ_ltfiveBound/libA CC2-Hybrid: equiv    ,1.0300   (Solve) ,,0.304  	CC2-Concurrent: unknown  ,0.0000   (Solve) ,,0.000  	KleeCLEVER: equiv    ,0.3900  	llReve: equiv    ,0.0700  
./nestedMerge/EQ_pos2EQ_multiple/libA CC2-Hybrid: not equiv ,1.3000   (Solve) ,,0.686  	CC2-Concurrent: unknown  ,0.0000   (Solve) ,,0.000  	KleeCLEVER: not equiv ,0.4800  	llReve: equiv    ,0.0300  
./nestedMerge/EQ_pos2EQ_multipleBound/libA CC2-Hybrid: equiv    ,0.9500   (Solve) ,,0.467  	CC2-Concurrent: unknown  ,0.0000   (Solve) ,,0.000  	KleeCLEVER: equiv    ,0.5900  	llReve: equiv    ,0.0400  
./nestedMerge/EQ_pos2EQ_odd/libA    CC2-Hybrid: equiv    ,29.7900  (Solve) ,,28.522 	CC2-Concurrent: unknown  ,0.0000   (Solve) ,,0.000  	KleeCLEVER: timeout  ,300.0000	llReve: unknown  ,0.0100  
./nestedMerge/EQ_pos2EQ_one/libA    CC2-Hybrid: not equiv ,1.0300   (Solve) ,,0.355  	CC2-Concurrent: unknown  ,0.0000   (Solve) ,,0.000  	KleeCLEVER: not equiv ,0.3300  	llReve: not equiv ,0.0300  
./nestedMerge/EQ_pos2EQ_oneBound/libA CC2-Hybrid: equiv    ,0.8900   (Solve) ,,0.289  	CC2-Concurrent: unknown  ,0.0000   (Solve) ,,0.000  	KleeCLEVER: equiv    ,0.3900  	llReve: equiv    ,0.0500  
./nestedMerge/EQ_pos2EQ_oneN2/libA  CC2-Hybrid: not equiv ,1.0500   (Solve) ,,0.392  	CC2-Concurrent: unknown  ,0.0000   (Solve) ,,0.000  	KleeCLEVER: not equiv ,0.3500  	llReve: equiv    ,0.0300  
./nestedMerge/EQ_pos2EQ_pos/libA    CC2-Hybrid: equiv    ,23.4200  (Solve) ,,22.210 	CC2-Concurrent: unknown  ,0.0000   (Solve) ,,0.000  	KleeCLEVER: timeout  ,300.0000	llReve: unknown  ,0.0200  
./nestedMerge/EQ_pos2EQ_pos2/libA   CC2-Hybrid: equiv    ,0.6100   (Solve) ,,0.141  	CC2-Concurrent: unknown  ,0.0000   (Solve) ,,0.000  	KleeCLEVER: timeout  ,300.0000	llReve: not equiv ,0.0400  
./nestedMerge/EQ_pos2EQ_pos3/libA   CC2-Hybrid: equiv    ,0.5200   (Solve) ,,0.136  	CC2-Concurrent: unknown  ,0.0000   (Solve) ,,0.000  	KleeCLEVER: equiv    ,0.3000  	llReve: equiv    ,0.0300  
./nestedMerge/EQ_pos2EXTRA_ultra_prime_sum/libA CC2-Hybrid: equiv    ,140.2000 (Solve) ,,136.739	CC2-Concurrent: unknown  ,0.0000   (Solve) ,,0.000  	KleeCLEVER: equiv    ,0.3000  	llReve: unknown  ,0.2100  
./nestedMerge/EQ_pos2NEQ_LoopMult20/libA CC2-Hybrid: equiv    ,0.6400   (Solve) ,,0.210  	CC2-Concurrent: unknown  ,0.0000   (Solve) ,,0.000  	KleeCLEVER: equiv    ,0.2700  	llReve: equiv    ,0.0400  
./nestedMerge/EQ_pos2NEQ_LoopUnreach20/libA CC2-Hybrid: equiv    ,0.6900   (Solve) ,,0.206  	CC2-Concurrent: unknown  ,0.0000   (Solve) ,,0.000  	KleeCLEVER: equiv    ,0.2900  	llReve: equiv    ,0.0300  
./nestedMerge/EQ_pos2NEQ_getSign/libA CC2-Hybrid: not equiv ,0.8900   (Solve) ,,0.348  	CC2-Concurrent: unknown  ,0.0000   (Solve) ,,0.000  	KleeCLEVER: not equiv ,0.3200  	llReve: not equiv ,0.0300  
./nestedMerge/EQ_pos3EQ_LoopMult20/libA CC2-Hybrid: equiv    ,1.2800   (Solve) ,,0.372  	CC2-Concurrent: unknown  ,0.0000   (Solve) ,,0.000  	KleeCLEVER: equiv    ,0.2600  	llReve: equiv    ,0.0200  
./nestedMerge/EQ_pos3EQ_UnchLoop/libA CC2-Hybrid: equiv    ,40.4100  (Solve) ,,40.126 	CC2-Concurrent: unknown  ,0.0000   (Solve) ,,0.000  	KleeCLEVER: equiv    ,0.2400  	llReve: equiv    ,0.1300  
./nestedMerge/EQ_pos3EQ_odd/libA    CC2-Hybrid: equiv    ,11.4900  (Solve) ,,10.788 	CC2-Concurrent: unknown  ,0.0000   (Solve) ,,0.000  	KleeCLEVER: equiv    ,25.1200 	llReve: unknown  ,0.0100  
./nestedMerge/EQ_pos3EQ_pos/libA    CC2-Hybrid: equiv    ,22.1000  (Solve) ,,21.247 	CC2-Concurrent: unknown  ,0.0000   (Solve) ,,0.000  	KleeCLEVER: timeout  ,300.0000	llReve: unknown  ,0.0100  
./nestedMerge/EQ_pos3EQ_pos2/libA   CC2-Hybrid: equiv    ,0.4500   (Solve) ,,0.142  	CC2-Concurrent: unknown  ,0.0000   (Solve) ,,0.000  	KleeCLEVER: timeout  ,300.0000	llReve: unknown  ,0.0100  
./nestedMerge/EQ_pos3EXTRA_ultra_prime_sum/libA CC2-Hybrid: equiv    ,75.8300  (Solve) ,,74.072 	CC2-Concurrent: unknown  ,0.0000   (Solve) ,,0.000  	KleeCLEVER: equiv    ,0.3000  	llReve: equiv    ,0.0900  
./nestedMerge/EQ_posEQ_Add/libA     CC2-Hybrid: equiv    ,0.3900   (Solve) ,,0.110  	CC2-Concurrent: unknown  ,0.0000   (Solve) ,,0.000  	KleeCLEVER: equiv    ,0.2500  	llReve: equiv    ,0.0300  
./nestedMerge/EQ_posEQ_Const/libA   CC2-Hybrid: equiv    ,0.4000   (Solve) ,,0.117  	CC2-Concurrent: unknown  ,0.0000   (Solve) ,,0.000  	KleeCLEVER: equiv    ,0.2600  	llReve: equiv    ,0.0200  
./nestedMerge/EQ_posEQ_LoopMult20/libA CC2-Hybrid: equiv    ,0.6500   (Solve) ,,0.212  	CC2-Concurrent: unknown  ,0.0000   (Solve) ,,0.000  	KleeCLEVER: equiv    ,0.2800  	llReve: equiv    ,0.0400  
./nestedMerge/EQ_posEQ_LoopUnreach20/libA CC2-Hybrid: equiv    ,0.6700   (Solve) ,,0.221  	CC2-Concurrent: unknown  ,0.0000   (Solve) ,,0.000  	KleeCLEVER: equiv    ,0.2800  	llReve: equiv    ,0.0400  
./nestedMerge/EQ_posEQ_UnchLoop/libA CC2-Hybrid: equiv    ,0.4200   (Solve) ,,0.129  	CC2-Concurrent: unknown  ,0.0000   (Solve) ,,0.000  	KleeCLEVER: equiv    ,0.2600  	llReve: equiv    ,0.2400  
./nestedMerge/EQ_posEQ_divide/libA  CC2-Hybrid: equiv    ,0.4900   (Solve) ,,0.116  	CC2-Concurrent: unknown  ,0.0000   (Solve) ,,0.000  	KleeCLEVER: equiv    ,0.2800  	llReve: equiv    ,0.0300  
./nestedMerge/EQ_posEQ_getSign2/libA CC2-Hybrid: equiv    ,0.5900   (Solve) ,,0.180  	CC2-Concurrent: unknown  ,0.0000   (Solve) ,,0.000  	KleeCLEVER: equiv    ,0.2700  	llReve: equiv    ,0.0400  
./nestedMerge/EQ_posEQ_is_prime1/libA CC2-Hybrid: equiv    ,0.6300   (Solve) ,,0.224  	CC2-Concurrent: unknown  ,0.0000   (Solve) ,,0.000  	KleeCLEVER: equiv    ,0.2600  	llReve: unknown  ,0.0200  
./nestedMerge/EQ_posEQ_is_prime2/libA CC2-Hybrid: equiv    ,0.8300   (Solve) ,,0.232  	CC2-Concurrent: unknown  ,0.0000   (Solve) ,,0.000  	KleeCLEVER: equiv    ,0.2800  	llReve: unknown  ,0.0200  
./nestedMerge/EQ_posEQ_is_prime3/libA CC2-Hybrid: equiv    ,3.3500   (Solve) ,,2.441  	CC2-Concurrent: unknown  ,0.0000   (Solve) ,,0.000  	KleeCLEVER: equiv    ,1.6200  	llReve: unknown  ,0.0400  
./nestedMerge/EQ_posEQ_ltfive/libA  CC2-Hybrid: not equiv ,1.2300   (Solve) ,,0.427  	CC2-Concurrent: unknown  ,0.0000   (Solve) ,,0.000  	KleeCLEVER: not equiv ,0.3800  	llReve: equiv    ,0.0400  
./nestedMerge/EQ_posEQ_ltfiveBound/libA CC2-Hybrid: equiv    ,1.0000   (Solve) ,,0.307  	CC2-Concurrent: unknown  ,0.0000   (Solve) ,,0.000  	KleeCLEVER: equiv    ,0.3900  	llReve: equiv    ,0.0600  
./nestedMerge/EQ_posEQ_multiple/libA CC2-Hybrid: not equiv ,1.3100   (Solve) ,,0.700  	CC2-Concurrent: unknown  ,0.0000   (Solve) ,,0.000  	KleeCLEVER: not equiv ,0.4800  	llReve: equiv    ,0.0300  
./nestedMerge/EQ_posEQ_multipleBound/libA CC2-Hybrid: equiv    ,0.9700   (Solve) ,,0.479  	CC2-Concurrent: unknown  ,0.0000   (Solve) ,,0.000  	KleeCLEVER: equiv    ,0.5900  	llReve: equiv    ,0.0400  
./nestedMerge/EQ_posEQ_odd/libA     CC2-Hybrid: equiv    ,29.7700  (Solve) ,,28.487 	CC2-Concurrent: unknown  ,0.0000   (Solve) ,,0.000  	KleeCLEVER: timeout  ,300.0000	llReve: unknown  ,0.0200  
./nestedMerge/EQ_posEQ_one/libA     CC2-Hybrid: not equiv ,1.0000   (Solve) ,,0.341  	CC2-Concurrent: unknown  ,0.0000   (Solve) ,,0.000  	KleeCLEVER: not equiv ,0.3200  	llReve: not equiv ,0.0300  
./nestedMerge/EQ_posEQ_oneBound/libA CC2-Hybrid: equiv    ,0.9000   (Solve) ,,0.283  	CC2-Concurrent: unknown  ,0.0000   (Solve) ,,0.000  	KleeCLEVER: equiv    ,0.3900  	llReve: equiv    ,0.0600  
./nestedMerge/EQ_posEQ_oneN2/libA   CC2-Hybrid: not equiv ,1.0600   (Solve) ,,0.380  	CC2-Concurrent: unknown  ,0.0000   (Solve) ,,0.000  	KleeCLEVER: not equiv ,0.3500  	llReve: equiv    ,0.0500  
./nestedMerge/EQ_posEQ_pos/libA     CC2-Hybrid: equiv    ,23.4700  (Solve) ,,22.260 	CC2-Concurrent: unknown  ,0.0000   (Solve) ,,0.000  	KleeCLEVER: timeout  ,300.0000	llReve: unknown  ,0.0200  
./nestedMerge/EQ_posEQ_pos2/libA    CC2-Hybrid: equiv    ,0.6000   (Solve) ,,0.137  	CC2-Concurrent: unknown  ,0.0000   (Solve) ,,0.000  	KleeCLEVER: timeout  ,300.0000	llReve: not equiv ,0.0500  
./nestedMerge/EQ_posEQ_pos3/libA    CC2-Hybrid: equiv    ,0.4900   (Solve) ,,0.141  	CC2-Concurrent: unknown  ,0.0000   (Solve) ,,0.000  	KleeCLEVER: equiv    ,0.3000  	llReve: equiv    ,0.0300  
./nestedMerge/EQ_posEXTRA_ultra_prime_sum/libA CC2-Hybrid: equiv    ,146.6200 (Solve) ,,143.112	CC2-Concurrent: unknown  ,0.0000   (Solve) ,,0.000  	KleeCLEVER: equiv    ,0.3200  	llReve: unknown  ,0.2100  
./nestedMerge/EQ_posNEQ_LoopMult20/libA CC2-Hybrid: equiv    ,0.6600   (Solve) ,,0.212  	CC2-Concurrent: unknown  ,0.0000   (Solve) ,,0.000  	KleeCLEVER: equiv    ,0.2800  	llReve: equiv    ,0.0400  
./nestedMerge/EQ_posNEQ_LoopUnreach20/libA CC2-Hybrid: equiv    ,0.6500   (Solve) ,,0.204  	CC2-Concurrent: unknown  ,0.0000   (Solve) ,,0.000  	KleeCLEVER: equiv    ,0.2800  	llReve: equiv    ,0.0300  
./nestedMerge/EQ_posNEQ_getSign/libA CC2-Hybrid: not equiv ,0.8900   (Solve) ,,0.344  	CC2-Concurrent: unknown  ,0.0000   (Solve) ,,0.000  	KleeCLEVER: not equiv ,0.3100  	llReve: not equiv ,0.0300  
./nestedMerge/EXTRA_ultra_prime_sumEQ_Add/libA CC2-Hybrid: equiv    ,0.5000   (Solve) ,,0.067  	CC2-Concurrent: unknown  ,0.0000   (Solve) ,,0.000  	KleeCLEVER: timeout  ,300.0000	llReve: equiv    ,0.0300  
./nestedMerge/EXTRA_ultra_prime_sumEQ_Const/libA CC2-Hybrid: equiv    ,0.5200   (Solve) ,,0.063  	CC2-Concurrent: unknown  ,0.0000   (Solve) ,,0.000  	KleeCLEVER: timeout  ,300.0000	llReve: equiv    ,0.0300  
./nestedMerge/EXTRA_ultra_prime_sumEQ_LoopMult20/libA CC2-Hybrid: equiv    ,4.0000   (Solve) ,,2.150  	CC2-Concurrent: unknown  ,0.0000   (Solve) ,,0.000  	KleeCLEVER: timeout  ,300.0000	llReve: timeout  ,300.0000
./nestedMerge/EXTRA_ultra_prime_sumEQ_LoopUnreach20/libA CC2-Hybrid: equiv    ,2.7700   (Solve) ,,0.912  	CC2-Concurrent: unknown  ,0.0000   (Solve) ,,0.000  	KleeCLEVER: timeout  ,300.0000	llReve: equiv    ,0.0200  
./nestedMerge/EXTRA_ultra_prime_sumEQ_UnchLoop/libA CC2-Hybrid: equiv    ,80.7800  (Solve) ,,80.286 	CC2-Concurrent: unknown  ,0.0000   (Solve) ,,0.000  	KleeCLEVER: timeout  ,300.0000	llReve: equiv    ,0.1900  
./nestedMerge/EXTRA_ultra_prime_sumEQ_divide/libA CC2-Hybrid: equiv    ,0.6900   (Solve) ,,0.090  	CC2-Concurrent: unknown  ,0.0000   (Solve) ,,0.000  	KleeCLEVER: timeout  ,300.0000	llReve: equiv    ,0.0600  
./nestedMerge/EXTRA_ultra_prime_sumEQ_getSign2/libA CC2-Hybrid: equiv    ,2.5300   (Solve) ,,0.773  	CC2-Concurrent: unknown  ,0.0000   (Solve) ,,0.000  	KleeCLEVER: timeout  ,300.0000	llReve: equiv    ,0.0400  
./nestedMerge/EXTRA_ultra_prime_sumEQ_is_prime1/libA CC2-Hybrid: equiv    ,2.6600   (Solve) ,,0.828  	CC2-Concurrent: unknown  ,0.0000   (Solve) ,,0.000  	KleeCLEVER: timeout  ,300.0000	llReve: unknown  ,0.0300  
./nestedMerge/EXTRA_ultra_prime_sumEQ_is_prime2/libA CC2-Hybrid: not equiv ,23.8900  (Solve) ,,20.370 	CC2-Concurrent: unknown  ,0.0000   (Solve) ,,0.000  	KleeCLEVER: not equiv ,0.8200  	llReve: unknown  ,0.0300  
./nestedMerge/EXTRA_ultra_prime_sumEQ_is_prime3/libA CC2-Hybrid: equiv    ,5.3700   (Solve) ,,2.862  	CC2-Concurrent: unknown  ,0.0000   (Solve) ,,0.000  	KleeCLEVER: timeout  ,300.0000	llReve: unknown  ,0.0300  
./nestedMerge/EXTRA_ultra_prime_sumEQ_ltfive/libA CC2-Hybrid: equiv    ,52.5900  (Solve) ,,50.237 	CC2-Concurrent: unknown  ,0.0000   (Solve) ,,0.000  	KleeCLEVER: timeout  ,300.0000	llReve: equiv    ,0.0500  
./nestedMerge/EXTRA_ultra_prime_sumEQ_ltfiveBound/libA CC2-Hybrid: equiv    ,1.8600   (Solve) ,,0.708  	CC2-Concurrent: unknown  ,0.0000   (Solve) ,,0.000  	KleeCLEVER: timeout  ,300.0000	llReve: equiv    ,0.0900  
./nestedMerge/EXTRA_ultra_prime_sumEQ_multiple/libA CC2-Hybrid: equiv    ,57.7800  (Solve) ,,56.319 	CC2-Concurrent: unknown  ,0.0000   (Solve) ,,0.000  	KleeCLEVER: timeout  ,300.0000	llReve: equiv    ,0.0200  
./nestedMerge/EXTRA_ultra_prime_sumEQ_multipleBound/libA CC2-Hybrid: equiv    ,2.5900   (Solve) ,,0.806  	CC2-Concurrent: unknown  ,0.0000   (Solve) ,,0.000  	KleeCLEVER: timeout  ,300.0000	llReve: equiv    ,0.0500  
./nestedMerge/EXTRA_ultra_prime_sumEQ_odd/libA CC2-Hybrid: equiv    ,25.1500  (Solve) ,,23.280 	CC2-Concurrent: unknown  ,0.0000   (Solve) ,,0.000  	KleeCLEVER: timeout  ,300.0000	llReve: unknown  ,0.0200  
./nestedMerge/EXTRA_ultra_prime_sumEQ_one/libA CC2-Hybrid: not equiv ,2.8700   (Solve) ,,1.161  	CC2-Concurrent: unknown  ,0.0000   (Solve) ,,0.000  	KleeCLEVER: not equiv ,0.2700  	llReve: not equiv ,0.0400  
./nestedMerge/EXTRA_ultra_prime_sumEQ_oneBound/libA CC2-Hybrid: equiv    ,1.7700   (Solve) ,,0.770  	CC2-Concurrent: unknown  ,0.0000   (Solve) ,,0.000  	KleeCLEVER: timeout  ,300.0000	llReve: equiv    ,0.0800  
./nestedMerge/EXTRA_ultra_prime_sumEQ_oneN2/libA CC2-Hybrid: equiv    ,30.6400  (Solve) ,,28.413 	CC2-Concurrent: unknown  ,0.0000   (Solve) ,,0.000  	KleeCLEVER: timeout  ,300.0000	llReve: equiv    ,0.0400  
./nestedMerge/EXTRA_ultra_prime_sumEQ_pos/libA CC2-Hybrid: equiv    ,33.8500  (Solve) ,,32.859 	CC2-Concurrent: unknown  ,0.0000   (Solve) ,,0.000  	KleeCLEVER: timeout  ,300.0000	llReve: unknown  ,0.0200  
./nestedMerge/EXTRA_ultra_prime_sumEQ_pos2/libA CC2-Hybrid: equiv    ,1.1200   (Solve) ,,0.416  	CC2-Concurrent: unknown  ,0.0000   (Solve) ,,0.000  	KleeCLEVER: timeout  ,300.0000	llReve: equiv    ,0.1200  
./nestedMerge/EXTRA_ultra_prime_sumEQ_pos3/libA CC2-Hybrid: equiv    ,2.5800   (Solve) ,,0.782  	CC2-Concurrent: unknown  ,0.0000   (Solve) ,,0.000  	KleeCLEVER: timeout  ,300.0000	llReve: equiv    ,0.0400  
./nestedMerge/EXTRA_ultra_prime_sumEXTRA_ultra_prime_sum/libA CC2-Hybrid: equiv    ,141.3900 (Solve) ,,137.333	CC2-Concurrent: unknown  ,0.0000   (Solve) ,,0.000  	KleeCLEVER: timeout  ,300.0000	llReve: unknown  ,0.0200  
./nestedMerge/EXTRA_ultra_prime_sumNEQ_LoopMult20/libA CC2-Hybrid: equiv    ,60.1200  (Solve) ,,58.047 	CC2-Concurrent: unknown  ,0.0000   (Solve) ,,0.000  	KleeCLEVER: timeout  ,300.0000	llReve: timeout  ,300.0000
./nestedMerge/EXTRA_ultra_prime_sumNEQ_LoopUnreach20/libA CC2-Hybrid: not equiv ,19.2600  (Solve) ,,16.838 	CC2-Concurrent: unknown  ,0.0000   (Solve) ,,0.000  	KleeCLEVER: not equiv ,0.4000  	llReve: not equiv ,0.2200  
./nestedMerge/EXTRA_ultra_prime_sumNEQ_getSign/libA CC2-Hybrid: not equiv ,1.2600   (Solve) ,,0.466  	CC2-Concurrent: unknown  ,0.0000   (Solve) ,,0.000  	KleeCLEVER: not equiv ,0.2600  	llReve: not equiv ,0.0300  
./nestedMerge/NEQ_LoopMult20EQ_LoopMult20/libA CC2-Hybrid: equiv    ,1.9200   (Solve) ,,1.020  	CC2-Concurrent: unknown  ,0.0000   (Solve) ,,0.000  	KleeCLEVER: equiv    ,0.5200  	llReve: equiv    ,6.5400  
./nestedMerge/NEQ_LoopMult20EQ_UnchLoop/libA CC2-Hybrid: equiv    ,40.4300  (Solve) ,,40.123 	CC2-Concurrent: unknown  ,0.0000   (Solve) ,,0.000  	KleeCLEVER: equiv    ,0.2600  	llReve: equiv    ,0.1400  
./nestedMerge/NEQ_LoopMult20EQ_odd/libA CC2-Hybrid: equiv    ,1.2500   (Solve) ,,0.526  	CC2-Concurrent: unknown  ,0.0000   (Solve) ,,0.000  	KleeCLEVER: equiv    ,0.3700  	llReve: unknown  ,0.0100  
./nestedMerge/NEQ_LoopMult20EQ_pos/libA CC2-Hybrid: equiv    ,0.8000   (Solve) ,,0.459  	CC2-Concurrent: unknown  ,0.0000   (Solve) ,,0.000  	KleeCLEVER: equiv    ,0.5400  	llReve: unknown  ,0.0100  
./nestedMerge/NEQ_LoopMult20EQ_pos2/libA CC2-Hybrid: equiv    ,0.4100   (Solve) ,,0.111  	CC2-Concurrent: unknown  ,0.0000   (Solve) ,,0.000  	KleeCLEVER: equiv    ,0.5400  	llReve: not equiv ,0.0300  
./nestedMerge/NEQ_LoopMult20EXTRA_ultra_prime_sum/libA CC2-Hybrid: equiv    ,77.3000  (Solve) ,,75.902 	CC2-Concurrent: unknown  ,0.0000   (Solve) ,,0.000  	KleeCLEVER: equiv    ,0.5200  	llReve: timeout  ,300.0000
./nestedMerge/NEQ_LoopUnreach20EQ_LoopMult20/libA CC2-Hybrid: equiv    ,1.9400   (Solve) ,,1.035  	CC2-Concurrent: unknown  ,0.0000   (Solve) ,,0.000  	KleeCLEVER: equiv    ,0.5200  	llReve: equiv    ,6.5100  
./nestedMerge/NEQ_LoopUnreach20EQ_UnchLoop/libA CC2-Hybrid: equiv    ,40.4500  (Solve) ,,40.149 	CC2-Concurrent: unknown  ,0.0000   (Solve) ,,0.000  	KleeCLEVER: equiv    ,0.2600  	llReve: equiv    ,0.1400  
./nestedMerge/NEQ_LoopUnreach20EQ_odd/libA CC2-Hybrid: equiv    ,1.2300   (Solve) ,,0.524  	CC2-Concurrent: unknown  ,0.0000   (Solve) ,,0.000  	KleeCLEVER: equiv    ,0.3700  	llReve: unknown  ,0.0100  
./nestedMerge/NEQ_LoopUnreach20EQ_pos/libA CC2-Hybrid: equiv    ,0.8000   (Solve) ,,0.459  	CC2-Concurrent: unknown  ,0.0000   (Solve) ,,0.000  	KleeCLEVER: equiv    ,0.5500  	llReve: unknown  ,0.0100  
./nestedMerge/NEQ_LoopUnreach20EQ_pos2/libA CC2-Hybrid: equiv    ,0.4100   (Solve) ,,0.111  	CC2-Concurrent: unknown  ,0.0000   (Solve) ,,0.000  	KleeCLEVER: equiv    ,0.5400  	llReve: not equiv ,0.0300  
./nestedMerge/NEQ_LoopUnreach20EXTRA_ultra_prime_sum/libA CC2-Hybrid: equiv    ,77.4700  (Solve) ,,76.063 	CC2-Concurrent: unknown  ,0.0000   (Solve) ,,0.000  	KleeCLEVER: equiv    ,0.5200  	llReve: timeout  ,300.0000
./nestedMerge/NEQ_getSignEQ_LoopMult20/libA CC2-Hybrid: equiv    ,1.9300   (Solve) ,,1.030  	CC2-Concurrent: unknown  ,0.0000   (Solve) ,,0.000  	KleeCLEVER: equiv    ,0.5200  	llReve: equiv    ,6.6100  
./nestedMerge/NEQ_getSignEQ_UnchLoop/libA CC2-Hybrid: equiv    ,40.4400  (Solve) ,,40.146 	CC2-Concurrent: unknown  ,0.0000   (Solve) ,,0.000  	KleeCLEVER: equiv    ,0.2300  	llReve: equiv    ,0.1500  
./nestedMerge/NEQ_getSignEQ_odd/libA CC2-Hybrid: equiv    ,12.5700  (Solve) ,,11.864 	CC2-Concurrent: unknown  ,0.0000   (Solve) ,,0.000  	KleeCLEVER: timeout  ,300.0000	llReve: unknown  ,0.0100  
./nestedMerge/NEQ_getSignEQ_pos/libA CC2-Hybrid: equiv    ,11.3600  (Solve) ,,11.021 	CC2-Concurrent: unknown  ,0.0000   (Solve) ,,0.000  	KleeCLEVER: timeout  ,300.0000	llReve: unknown  ,0.0200  
./nestedMerge/NEQ_getSignEQ_pos2/libA CC2-Hybrid: equiv    ,0.4200   (Solve) ,,0.149  	CC2-Concurrent: unknown  ,0.0000   (Solve) ,,0.000  	KleeCLEVER: timeout  ,300.0000	llReve: not equiv ,0.0400  
./nestedMerge/NEQ_getSignEXTRA_ultra_prime_sum/libA CC2-Hybrid: equiv    ,81.7700  (Solve) ,,80.001 	CC2-Concurrent: unknown  ,0.0000   (Solve) ,,0.000  	KleeCLEVER: timeout  ,300.0000	llReve: unknown  ,0.1600  
